
                                                                              < M A T L A B (R) >
                                                                    Copyright 1984-2020 The MathWorks, Inc.
                                                                    R2020b (9.9.0.1467703) 64-bit (glnxa64)
                                                                                August 26, 2020

 
To get started, type doc.
For product information, visit www.mathworks.com.
 
Resolution: 256x256
Number of packets: 50
Initial wavenumber radius: 6.000000
Time step: 0.006054
Simulation time: 1000.000000
Spin-up time: 333.333333
Steps per save: 50
Steps per packet save: 5
Coriolis parameter: 3.000000
Group velocity: 2.000000
Background velocity (parameter,computed): (0.200000,0.202701)
Froude Number: 0.101351
Deformation wavenumber: 1.500000
Simulation progress:  0.00%  0.03%
  0.06%
  0.09%
  0.12%
  0.15%
  0.19%
  0.22%
  0.25%
  0.28%
  0.31%
  0.34%
  0.37%
  0.40%
  0.43%
  0.46%
  0.49%
  0.52%
  0.56%
  0.59%
  0.62%
  0.65%
  0.68%
  0.71%
  0.74%
  0.77%
  0.80%
  0.83%
  0.86%
  0.90%
  0.93%
  0.96%
  0.99%
  1.02%
  1.05%
  1.08%
  1.11%
  1.14%
  1.17%
  1.20%
  1.24%
  1.27%
  1.30%
  1.33%
  1.36%
  1.39%
  1.42%
  1.45%
  1.48%
  1.51%
  1.54%
  1.57%
  1.61%
  1.64%
  1.67%
  1.70%
  1.73%
  1.76%
  1.79%
  1.82%
  1.85%
  1.88%
  1.91%
  1.95%
  1.98%
  2.01%
  2.04%
  2.07%
  2.10%
  2.13%
  2.16%
  2.19%
  2.22%
  2.25%
  2.28%
  2.32%
  2.35%
  2.38%
  2.41%
  2.44%
  2.47%
  2.50%
  2.53%
  2.56%
  2.59%
  2.62%
  2.66%
  2.69%
  2.72%
  2.75%
  2.78%
  2.81%
  2.84%
  2.87%
  2.90%
  2.93%
  2.96%
  2.99%
  3.03%
  3.06%
  3.09%
  3.12%
  3.15%
  3.18%
  3.21%
  3.24%
  3.27%
  3.30%
  3.33%
  3.37%
  3.40%
  3.43%
  3.46%
  3.49%
  3.52%
  3.55%
  3.58%
  3.61%
  3.64%
  3.67%
  3.71%
  3.74%
  3.77%
  3.80%
  3.83%
  3.86%
  3.89%
  3.92%
  3.95%
  3.98%
  4.01%
  4.04%
  4.08%
  4.11%
  4.14%
  4.17%
  4.20%
  4.23%
  4.26%
  4.29%
  4.32%
  4.35%
  4.38%
  4.42%
  4.45%
  4.48%
  4.51%
  4.54%
  4.57%
  4.60%
  4.63%
  4.66%
  4.69%
  4.72%
  4.75%
  4.79%
  4.82%
  4.85%
  4.88%
  4.91%
  4.94%
  4.97%
  5.00%
  5.03%
  5.06%
  5.09%
  5.13%
  5.16%
  5.19%
  5.22%
  5.25%
  5.28%
  5.31%
  5.34%
  5.37%
  5.40%
  5.43%
  5.47%
  5.50%
  5.53%
  5.56%
  5.59%
  5.62%
  5.65%
  5.68%
  5.71%
  5.74%
  5.77%
  5.80%
  5.84%
  5.87%
  5.90%
  5.93%
  5.96%
  5.99%
  6.02%
  6.05%
  6.08%
  6.11%
  6.14%
  6.18%
  6.21%
  6.24%
  6.27%
  6.30%
  6.33%
  6.36%
  6.39%
  6.42%
  6.45%
  6.48%
  6.51%
  6.55%
  6.58%
  6.61%
  6.64%
  6.67%
  6.70%
  6.73%
  6.76%
  6.79%
  6.82%
  6.85%
  6.89%
  6.92%
  6.95%
  6.98%
  7.01%
  7.04%
  7.07%
  7.10%
  7.13%
  7.16%
  7.19%
  7.23%
  7.26%
  7.29%
  7.32%
  7.35%
  7.38%
  7.41%
  7.44%
  7.47%
  7.50%
  7.53%
  7.56%
  7.60%
  7.63%
  7.66%
  7.69%
  7.72%
  7.75%
  7.78%
  7.81%
  7.84%
  7.87%
  7.90%
  7.94%
  7.97%
  8.00%
  8.03%
  8.06%
  8.09%
  8.12%
  8.15%
  8.18%
  8.21%
  8.24%
  8.27%
  8.31%
  8.34%
  8.37%
  8.40%
  8.43%
  8.46%
  8.49%
  8.52%
  8.55%
  8.58%
  8.61%
  8.65%
  8.68%
  8.71%
  8.74%
  8.77%
  8.80%
  8.83%
  8.86%
  8.89%
  8.92%
  8.95%
  8.98%
  9.02%
  9.05%
  9.08%
  9.11%
  9.14%
  9.17%
  9.20%
  9.23%
  9.26%
  9.29%
  9.32%
  9.36%
  9.39%
  9.42%
  9.45%
  9.48%
  9.51%
  9.54%
  9.57%
  9.60%
  9.63%
  9.66%
  9.70%
  9.73%
  9.76%
  9.79%
  9.82%
  9.85%
  9.88%
  9.91%
  9.94%
  9.97%
 10.00%
 10.03%
 10.07%
 10.10%
 10.13%
 10.16%
 10.19%
 10.22%
 10.25%
 10.28%
 10.31%
 10.34%
 10.37%
 10.41%
 10.44%
 10.47%
 10.50%
 10.53%
 10.56%
 10.59%
 10.62%
 10.65%
 10.68%
 10.71%
 10.74%
 10.78%
 10.81%
 10.84%
 10.87%
 10.90%
 10.93%
 10.96%
 10.99%
 11.02%
 11.05%
 11.08%
 11.12%
 11.15%
 11.18%
 11.21%
 11.24%
 11.27%
 11.30%
 11.33%
 11.36%
 11.39%
 11.42%
 11.46%
 11.49%
 11.52%
 11.55%
 11.58%
 11.61%
 11.64%
 11.67%
 11.70%
 11.73%
 11.76%
 11.79%
 11.83%
 11.86%
 11.89%
 11.92%
 11.95%
 11.98%
 12.01%
 12.04%
 12.07%
 12.10%
 12.13%
 12.17%
 12.20%
 12.23%
 12.26%
 12.29%
 12.32%
 12.35%
 12.38%
 12.41%
 12.44%
 12.47%
 12.50%
 12.54%
 12.57%
 12.60%
 12.63%
 12.66%
 12.69%
 12.72%
 12.75%
 12.78%
 12.81%
 12.84%
 12.88%
 12.91%
 12.94%
 12.97%
 13.00%
 13.03%
 13.06%
 13.09%
 13.12%
 13.15%
 13.18%
 13.21%
 13.25%
 13.28%
 13.31%
 13.34%
 13.37%
 13.40%
 13.43%
 13.46%
 13.49%
 13.52%
 13.55%
 13.59%
 13.62%
 13.65%
 13.68%
 13.71%
 13.74%
 13.77%
 13.80%
 13.83%
 13.86%
 13.89%
 13.93%
 13.96%
 13.99%
 14.02%
 14.05%
 14.08%
 14.11%
 14.14%
 14.17%
 14.20%
 14.23%
 14.26%
 14.30%
 14.33%
 14.36%
 14.39%
 14.42%
 14.45%
 14.48%
 14.51%
 14.54%
 14.57%
 14.60%
 14.64%
 14.67%
 14.70%
 14.73%
 14.76%
 14.79%
 14.82%
 14.85%
 14.88%
 14.91%
 14.94%
 14.97%
 15.01%
 15.04%
 15.07%
 15.10%
 15.13%
 15.16%
 15.19%
 15.22%
 15.25%
 15.28%
 15.31%
 15.35%
 15.38%
 15.41%
 15.44%
 15.47%
 15.50%
 15.53%
 15.56%
 15.59%
 15.62%
 15.65%
 15.69%
 15.72%
 15.75%
 15.78%
 15.81%
 15.84%
 15.87%
 15.90%
 15.93%
 15.96%
 15.99%
 16.02%
 16.06%
 16.09%
 16.12%
 16.15%
 16.18%
 16.21%
 16.24%
 16.27%
 16.30%
 16.33%
 16.36%
 16.40%
 16.43%
 16.46%
 16.49%
 16.52%
 16.55%
 16.58%
 16.61%
 16.64%
 16.67%
 16.70%
 16.73%
 16.77%
 16.80%
 16.83%
 16.86%
 16.89%
 16.92%
 16.95%
 16.98%
 17.01%
 17.04%
 17.07%
 17.11%
 17.14%
 17.17%
 17.20%
 17.23%
 17.26%
 17.29%
 17.32%
 17.35%
 17.38%
 17.41%
 17.45%
 17.48%
 17.51%
 17.54%
 17.57%
 17.60%
 17.63%
 17.66%
 17.69%
 17.72%
 17.75%
 17.78%
 17.82%
 17.85%
 17.88%
 17.91%
 17.94%
 17.97%
 18.00%
 18.03%
 18.06%
 18.09%
 18.12%
 18.16%
 18.19%
 18.22%
 18.25%
 18.28%
 18.31%
 18.34%
 18.37%
 18.40%
 18.43%
 18.46%
 18.49%
 18.53%
 18.56%
 18.59%
 18.62%
 18.65%
 18.68%
 18.71%
 18.74%
 18.77%
 18.80%
 18.83%
 18.87%
 18.90%
 18.93%
 18.96%
 18.99%
 19.02%
 19.05%
 19.08%
 19.11%
 19.14%
 19.17%
 19.20%
 19.24%
 19.27%
 19.30%
 19.33%
 19.36%
 19.39%
 19.42%
 19.45%
 19.48%
 19.51%
 19.54%
 19.58%
 19.61%
 19.64%
 19.67%
 19.70%
 19.73%
 19.76%
 19.79%
 19.82%
 19.85%
 19.88%
 19.92%
 19.95%
 19.98%
 20.01%
 20.04%
 20.07%
 20.10%
 20.13%
 20.16%
 20.19%
 20.22%
 20.25%
 20.29%
 20.32%
 20.35%
 20.38%
 20.41%
 20.44%
 20.47%
 20.50%
 20.53%
 20.56%
 20.59%
 20.63%
 20.66%
 20.69%
 20.72%
 20.75%
 20.78%
 20.81%
 20.84%
 20.87%
 20.90%
 20.93%
 20.96%
 21.00%
 21.03%
 21.06%
 21.09%
 21.12%
 21.15%
 21.18%
 21.21%
 21.24%
 21.27%
 21.30%
 21.34%
 21.37%
 21.40%
 21.43%
 21.46%
 21.49%
 21.52%
 21.55%
 21.58%
 21.61%
 21.64%
 21.68%
 21.71%
 21.74%
 21.77%
 21.80%
 21.83%
 21.86%
 21.89%
 21.92%
 21.95%
 21.98%
 22.01%
 22.05%
 22.08%
 22.11%
 22.14%
 22.17%
 22.20%
 22.23%
 22.26%
 22.29%
 22.32%
 22.35%
 22.39%
 22.42%
 22.45%
 22.48%
 22.51%
 22.54%
 22.57%
 22.60%
 22.63%
 22.66%
 22.69%
 22.72%
 22.76%
 22.79%
 22.82%
 22.85%
 22.88%
 22.91%
 22.94%
 22.97%
 23.00%
 23.03%
 23.06%
 23.10%
 23.13%
 23.16%
 23.19%
 23.22%
 23.25%
 23.28%
 23.31%
 23.34%
 23.37%
 23.40%
 23.44%
 23.47%
 23.50%
 23.53%
 23.56%
 23.59%
 23.62%
 23.65%
 23.68%
 23.71%
 23.74%
 23.77%
 23.81%
 23.84%
 23.87%
 23.90%
 23.93%
 23.96%
 23.99%
 24.02%
 24.05%
 24.08%
 24.11%
 24.15%
 24.18%
 24.21%
 24.24%
 24.27%
 24.30%
 24.33%
 24.36%
 24.39%
 24.42%
 24.45%
 24.48%
 24.52%
 24.55%
 24.58%
 24.61%
 24.64%
 24.67%
 24.70%
 24.73%
 24.76%
 24.79%
 24.82%
 24.86%
 24.89%
 24.92%
 24.95%
 24.98%
 25.01%
 25.04%
 25.07%
 25.10%
 25.13%
 25.16%
 25.19%
 25.23%
 25.26%
 25.29%
 25.32%
 25.35%
 25.38%
 25.41%
 25.44%
 25.47%
 25.50%
 25.53%
 25.57%
 25.60%
 25.63%
 25.66%
 25.69%
 25.72%
 25.75%
 25.78%
 25.81%
 25.84%
 25.87%
 25.91%
 25.94%
 25.97%
 26.00%
 26.03%
 26.06%
 26.09%
 26.12%
 26.15%
 26.18%
 26.21%
 26.24%
 26.28%
 26.31%
 26.34%
 26.37%
 26.40%
 26.43%
 26.46%
 26.49%
 26.52%
 26.55%
 26.58%
 26.62%
 26.65%
 26.68%
 26.71%
 26.74%
 26.77%
 26.80%
 26.83%
 26.86%
 26.89%
 26.92%
 26.95%
 26.99%
 27.02%
 27.05%
 27.08%
 27.11%
 27.14%
 27.17%
 27.20%
 27.23%
 27.26%
 27.29%
 27.33%
 27.36%
 27.39%
 27.42%
 27.45%
 27.48%
 27.51%
 27.54%
 27.57%
 27.60%
 27.63%
 27.67%
 27.70%
 27.73%
 27.76%
 27.79%
 27.82%
 27.85%
 27.88%
 27.91%
 27.94%
 27.97%
 28.00%
 28.04%
 28.07%
 28.10%
 28.13%
 28.16%
 28.19%
 28.22%
 28.25%
 28.28%
 28.31%
 28.34%
 28.38%
 28.41%
 28.44%
 28.47%
 28.50%
 28.53%
 28.56%
 28.59%
 28.62%
 28.65%
 28.68%
 28.71%
 28.75%
 28.78%
 28.81%
 28.84%
 28.87%
 28.90%
 28.93%
 28.96%
 28.99%
 29.02%
 29.05%
 29.09%
 29.12%
 29.15%
 29.18%
 29.21%
 29.24%
 29.27%
 29.30%
 29.33%
 29.36%
 29.39%
 29.42%
 29.46%
 29.49%
 29.52%
 29.55%
 29.58%
 29.61%
 29.64%
 29.67%
 29.70%
 29.73%
 29.76%
 29.80%
 29.83%
 29.86%
 29.89%
 29.92%
 29.95%
 29.98%
 30.01%
 30.04%
 30.07%
 30.10%
 30.14%
 30.17%
 30.20%
 30.23%
 30.26%
 30.29%
 30.32%
 30.35%
 30.38%
 30.41%
 30.44%
 30.47%
 30.51%
 30.54%
 30.57%
 30.60%
 30.63%
 30.66%
 30.69%
 30.72%
 30.75%
 30.78%
 30.81%
 30.85%
 30.88%
 30.91%
 30.94%
 30.97%
 31.00%
 31.03%
 31.06%
 31.09%
 31.12%
 31.15%
 31.18%
 31.22%
 31.25%
 31.28%
 31.31%
 31.34%
 31.37%
 31.40%
 31.43%
 31.46%
 31.49%
 31.52%
 31.56%
 31.59%
 31.62%
 31.65%
 31.68%
 31.71%
 31.74%
 31.77%
 31.80%
 31.83%
 31.86%
 31.90%
 31.93%
 31.96%
 31.99%
 32.02%
 32.05%
 32.08%
 32.11%
 32.14%
 32.17%
 32.20%
 32.23%
 32.27%
 32.30%
 32.33%
 32.36%
 32.39%
 32.42%
 32.45%
 32.48%
 32.51%
 32.54%
 32.57%
 32.61%
 32.64%
 32.67%
 32.70%
 32.73%
 32.76%
 32.79%
 32.82%
 32.85%
 32.88%
 32.91%
 32.94%
 32.98%
 33.01%
 33.04%
 33.07%
 33.10%
 33.13%
 33.16%
 33.19%
 33.22%
 33.25%
 33.28%
 33.32%
 33.35%
 33.38%
 33.41%
 33.44%
 33.47%
 33.50%
 33.53%
 33.56%
 33.59%
 33.62%
 33.66%
 33.69%
 33.72%
 33.75%
 33.78%
 33.81%
 33.84%
 33.87%
 33.90%
 33.93%
 33.96%
 33.99%
 34.03%
 34.06%
 34.09%
 34.12%
 34.15%
 34.18%
 34.21%
 34.24%
 34.27%
 34.30%
 34.33%
 34.37%
 34.40%
 34.43%
 34.46%
 34.49%
 34.52%
 34.55%
 34.58%
 34.61%
 34.64%
 34.67%
 34.70%
 34.74%
 34.77%
 34.80%
 34.83%
 34.86%
 34.89%
 34.92%
 34.95%
 34.98%
 35.01%
 35.04%
 35.08%
 35.11%
 35.14%
 35.17%
 35.20%
 35.23%
 35.26%
 35.29%
 35.32%
 35.35%
 35.38%
 35.41%
 35.45%
 35.48%
 35.51%
 35.54%
 35.57%
 35.60%
 35.63%
 35.66%
 35.69%
 35.72%
 35.75%
 35.79%
 35.82%
 35.85%
 35.88%
 35.91%
 35.94%
 35.97%
 36.00%
 36.03%
 36.06%
 36.09%
 36.13%
 36.16%
 36.19%
 36.22%
 36.25%
 36.28%
 36.31%
 36.34%
 36.37%
 36.40%
 36.43%
 36.46%
 36.50%
 36.53%
 36.56%
 36.59%
 36.62%
 36.65%
 36.68%
 36.71%
 36.74%
 36.77%
 36.80%
 36.84%
 36.87%
 36.90%
 36.93%
 36.96%
 36.99%
 37.02%
 37.05%
 37.08%
 37.11%
 37.14%
 37.17%
 37.21%
 37.24%
 37.27%
 37.30%
 37.33%
 37.36%
 37.39%
 37.42%
 37.45%
 37.48%
 37.51%
 37.55%
 37.58%
 37.61%
 37.64%
 37.67%
 37.70%
 37.73%
 37.76%
 37.79%
 37.82%
 37.85%
 37.89%
 37.92%
 37.95%
 37.98%
 38.01%
 38.04%
 38.07%
 38.10%
 38.13%
 38.16%
 38.19%
 38.22%
 38.26%
 38.29%
 38.32%
 38.35%
 38.38%
 38.41%
 38.44%
 38.47%
 38.50%
 38.53%
 38.56%
 38.60%
 38.63%
 38.66%
 38.69%
 38.72%
 38.75%
 38.78%
 38.81%
 38.84%
 38.87%
 38.90%
 38.93%
 38.97%
 39.00%
 39.03%
 39.06%
 39.09%
 39.12%
 39.15%
 39.18%
 39.21%
 39.24%
 39.27%
 39.31%
 39.34%
 39.37%
 39.40%
 39.43%
 39.46%
 39.49%
 39.52%
 39.55%
 39.58%
 39.61%
 39.64%
 39.68%
 39.71%
 39.74%
 39.77%
 39.80%
 39.83%
 39.86%
 39.89%
 39.92%
 39.95%
 39.98%
 40.02%
 40.05%
 40.08%
 40.11%
 40.14%
 40.17%
 40.20%
 40.23%
 40.26%
 40.29%
 40.32%
 40.36%
 40.39%
 40.42%
 40.45%
 40.48%
 40.51%
 40.54%
 40.57%
 40.60%
 40.63%
 40.66%
 40.69%
 40.73%
 40.76%
 40.79%
 40.82%
 40.85%
 40.88%
 40.91%
 40.94%
 40.97%
 41.00%
 41.03%
 41.07%
 41.10%
 41.13%
 41.16%
 41.19%
 41.22%
 41.25%
 41.28%
 41.31%
 41.34%
 41.37%
 41.40%
 41.44%
 41.47%
 41.50%
 41.53%
 41.56%
 41.59%
 41.62%
 41.65%
 41.68%
 41.71%
 41.74%
 41.78%
 41.81%
 41.84%
 41.87%
 41.90%
 41.93%
 41.96%
 41.99%
 42.02%
 42.05%
 42.08%
 42.12%
 42.15%
 42.18%
 42.21%
 42.24%
 42.27%
 42.30%
 42.33%
 42.36%
 42.39%
 42.42%
 42.45%
 42.49%
 42.52%
 42.55%
 42.58%
 42.61%
 42.64%
 42.67%
 42.70%
 42.73%
 42.76%
 42.79%
 42.83%
 42.86%
 42.89%
 42.92%
 42.95%
 42.98%
 43.01%
 43.04%
 43.07%
 43.10%
 43.13%
 43.16%
 43.20%
 43.23%
 43.26%
 43.29%
 43.32%
 43.35%
 43.38%
 43.41%
 43.44%
 43.47%
 43.50%
 43.54%
 43.57%
 43.60%
 43.63%
 43.66%
 43.69%
 43.72%
 43.75%
 43.78%
 43.81%
 43.84%
 43.88%
 43.91%
 43.94%
 43.97%
 44.00%
 44.03%
 44.06%
 44.09%
 44.12%
 44.15%
 44.18%
 44.21%
 44.25%
 44.28%
 44.31%
 44.34%
 44.37%
 44.40%
 44.43%
 44.46%
 44.49%
 44.52%
 44.55%
 44.59%
 44.62%
 44.65%
 44.68%
 44.71%
 44.74%
 44.77%
 44.80%
 44.83%
 44.86%
 44.89%
 44.92%
 44.96%
 44.99%
 45.02%
 45.05%
 45.08%
 45.11%
 45.14%
 45.17%
 45.20%
 45.23%
 45.26%
 45.30%
 45.33%
 45.36%
 45.39%
 45.42%
 45.45%
 45.48%
 45.51%
 45.54%
 45.57%
 45.60%
 45.63%
 45.67%
 45.70%
 45.73%
 45.76%
 45.79%
 45.82%
 45.85%
 45.88%
 45.91%
 45.94%
 45.97%
 46.01%
 46.04%
 46.07%
 46.10%
 46.13%
 46.16%
 46.19%
 46.22%
 46.25%
 46.28%
 46.31%
 46.35%
 46.38%
 46.41%
 46.44%
 46.47%
 46.50%
 46.53%
 46.56%
 46.59%
 46.62%
 46.65%
 46.68%
 46.72%
 46.75%
 46.78%
 46.81%
 46.84%
 46.87%
 46.90%
 46.93%
 46.96%
 46.99%
 47.02%
 47.06%
 47.09%
 47.12%
 47.15%
 47.18%
 47.21%
 47.24%
 47.27%
 47.30%
 47.33%
 47.36%
 47.39%
 47.43%
 47.46%
 47.49%
 47.52%
 47.55%
 47.58%
 47.61%
 47.64%
 47.67%
 47.70%
 47.73%
 47.77%
 47.80%
 47.83%
 47.86%
 47.89%
 47.92%
 47.95%
 47.98%
 48.01%
 48.04%
 48.07%
 48.11%
 48.14%
 48.17%
 48.20%
 48.23%
 48.26%
 48.29%
 48.32%
 48.35%
 48.38%
 48.41%
 48.44%
 48.48%
 48.51%
 48.54%
 48.57%
 48.60%
 48.63%
 48.66%
 48.69%
 48.72%
 48.75%
 48.78%
 48.82%
 48.85%
 48.88%
 48.91%
 48.94%
 48.97%
 49.00%
 49.03%
 49.06%
 49.09%
 49.12%
 49.15%
 49.19%
 49.22%
 49.25%
 49.28%
 49.31%
 49.34%
 49.37%
 49.40%
 49.43%
 49.46%
 49.49%
 49.53%
 49.56%
 49.59%
 49.62%
 49.65%
 49.68%
 49.71%
 49.74%
 49.77%
 49.80%
 49.83%
 49.86%
 49.90%
 49.93%
 49.96%
 49.99%
 50.02%
 50.05%
 50.08%
 50.11%
 50.14%
 50.17%
 50.20%
 50.24%
 50.27%
 50.30%
 50.33%
 50.36%
 50.39%
 50.42%
 50.45%
 50.48%
 50.51%
 50.54%
 50.58%
 50.61%
 50.64%
 50.67%
 50.70%
 50.73%
 50.76%
 50.79%
 50.82%
 50.85%
 50.88%
 50.91%
 50.95%
 50.98%
 51.01%
 51.04%
 51.07%
 51.10%
 51.13%
 51.16%
 51.19%
 51.22%
 51.25%
 51.29%
 51.32%
 51.35%
 51.38%
 51.41%
 51.44%
 51.47%
 51.50%
 51.53%
 51.56%
 51.59%
 51.62%
 51.66%
 51.69%
 51.72%
 51.75%
 51.78%
 51.81%
 51.84%
 51.87%
 51.90%
 51.93%
 51.96%
 52.00%
 52.03%
 52.06%
 52.09%
 52.12%
 52.15%
 52.18%
 52.21%
 52.24%
 52.27%
 52.30%
 52.34%
 52.37%
 52.40%
 52.43%
 52.46%
 52.49%
 52.52%
 52.55%
 52.58%
 52.61%
 52.64%
 52.67%
 52.71%
 52.74%
 52.77%
 52.80%
 52.83%
 52.86%
 52.89%
 52.92%
 52.95%
 52.98%
 53.01%
 53.05%
 53.08%
 53.11%
 53.14%
 53.17%
 53.20%
 53.23%
 53.26%
 53.29%
 53.32%
 53.35%
 53.38%
 53.42%
 53.45%
 53.48%
 53.51%
 53.54%
 53.57%
 53.60%
 53.63%
 53.66%
 53.69%
 53.72%
 53.76%
 53.79%
 53.82%
 53.85%
 53.88%
 53.91%
 53.94%
 53.97%
 54.00%
 54.03%
 54.06%
 54.10%
 54.13%
 54.16%
 54.19%
 54.22%
 54.25%
 54.28%
 54.31%
 54.34%
 54.37%
 54.40%
 54.43%
 54.47%
 54.50%
 54.53%
 54.56%
 54.59%
 54.62%
 54.65%
 54.68%
 54.71%
 54.74%
 54.77%
 54.81%
 54.84%
 54.87%
 54.90%
 54.93%
 54.96%
 54.99%
 55.02%
 55.05%
 55.08%
 55.11%
 55.14%
 55.18%
 55.21%
 55.24%
 55.27%
 55.30%
 55.33%
 55.36%
 55.39%
 55.42%
 55.45%
 55.48%
 55.52%
 55.55%
 55.58%
 55.61%
 55.64%
 55.67%
 55.70%
 55.73%
 55.76%
 55.79%
 55.82%
 55.85%
 55.89%
 55.92%
 55.95%
 55.98%
 56.01%
 56.04%
 56.07%
 56.10%
 56.13%
 56.16%
 56.19%
 56.23%
 56.26%
 56.29%
 56.32%
 56.35%
 56.38%
 56.41%
 56.44%
 56.47%
 56.50%
 56.53%
 56.57%
 56.60%
 56.63%
 56.66%
 56.69%
 56.72%
 56.75%
 56.78%
 56.81%
 56.84%
 56.87%
 56.90%
 56.94%
 56.97%
 57.00%
 57.03%
 57.06%
 57.09%
 57.12%
 57.15%
 57.18%
 57.21%
 57.24%
 57.28%
 57.31%
 57.34%
 57.37%
 57.40%
 57.43%
 57.46%
 57.49%
 57.52%
 57.55%
 57.58%
 57.61%
 57.65%
 57.68%
 57.71%
 57.74%
 57.77%
 57.80%
 57.83%
 57.86%
 57.89%
 57.92%
 57.95%
 57.99%
 58.02%
 58.05%
 58.08%
 58.11%
 58.14%
 58.17%
 58.20%
 58.23%
 58.26%
 58.29%
 58.33%
 58.36%
 58.39%
 58.42%
 58.45%
 58.48%
 58.51%
 58.54%
 58.57%
 58.60%
 58.63%
 58.66%
 58.70%
 58.73%
 58.76%
 58.79%
 58.82%
 58.85%
 58.88%
 58.91%
 58.94%
 58.97%
 59.00%
 59.04%
 59.07%
 59.10%
 59.13%
 59.16%
 59.19%
 59.22%
 59.25%
 59.28%
 59.31%
 59.34%
 59.37%
 59.41%
 59.44%
 59.47%
 59.50%
 59.53%
 59.56%
 59.59%
 59.62%
 59.65%
 59.68%
 59.71%
 59.75%
 59.78%
 59.81%
 59.84%
 59.87%
 59.90%
 59.93%
 59.96%
 59.99%
 60.02%
 60.05%
 60.09%
 60.12%
 60.15%
 60.18%
 60.21%
 60.24%
 60.27%
 60.30%
 60.33%
 60.36%
 60.39%
 60.42%
 60.46%
 60.49%
 60.52%
 60.55%
 60.58%
 60.61%
 60.64%
 60.67%
 60.70%
 60.73%
 60.76%
 60.80%
 60.83%
 60.86%
 60.89%
 60.92%
 60.95%
 60.98%
 61.01%
 61.04%
 61.07%
 61.10%
 61.13%
 61.17%
 61.20%
 61.23%
 61.26%
 61.29%
 61.32%
 61.35%
 61.38%
 61.41%
 61.44%
 61.47%
 61.51%
 61.54%
 61.57%
 61.60%
 61.63%
 61.66%
 61.69%
 61.72%
 61.75%
 61.78%
 61.81%
 61.84%
 61.88%
 61.91%
 61.94%
 61.97%
 62.00%
 62.03%
 62.06%
 62.09%
 62.12%
 62.15%
 62.18%
 62.22%
 62.25%
 62.28%
 62.31%
 62.34%
 62.37%
 62.40%
 62.43%
 62.46%
 62.49%
 62.52%
 62.56%
 62.59%
 62.62%
 62.65%
 62.68%
 62.71%
 62.74%
 62.77%
 62.80%
 62.83%
 62.86%
 62.89%
 62.93%
 62.96%
 62.99%
 63.02%
 63.05%
 63.08%
 63.11%
 63.14%
 63.17%
 63.20%
 63.23%
 63.27%
 63.30%
 63.33%
 63.36%
 63.39%
 63.42%
 63.45%
 63.48%
 63.51%
 63.54%
 63.57%
 63.60%
 63.64%
 63.67%
 63.70%
 63.73%
 63.76%
 63.79%
 63.82%
 63.85%
 63.88%
 63.91%
 63.94%
 63.98%
 64.01%
 64.04%
 64.07%
 64.10%
 64.13%
 64.16%
 64.19%
 64.22%
 64.25%
 64.28%
 64.32%
 64.35%
 64.38%
 64.41%
 64.44%
 64.47%
 64.50%
 64.53%
 64.56%
 64.59%
 64.62%
 64.65%
 64.69%
 64.72%
 64.75%
 64.78%
 64.81%
 64.84%
 64.87%
 64.90%
 64.93%
 64.96%
 64.99%
 65.03%
 65.06%
 65.09%
 65.12%
 65.15%
 65.18%
 65.21%
 65.24%
 65.27%
 65.30%
 65.33%
 65.36%
 65.40%
 65.43%
 65.46%
 65.49%
 65.52%
 65.55%
 65.58%
 65.61%
 65.64%
 65.67%
 65.70%
 65.74%
 65.77%
 65.80%
 65.83%
 65.86%
 65.89%
 65.92%
 65.95%
 65.98%
 66.01%
 66.04%
 66.07%
 66.11%
 66.14%
 66.17%
 66.20%
 66.23%
 66.26%
 66.29%
 66.32%
 66.35%
 66.38%
 66.41%
 66.45%
 66.48%
 66.51%
 66.54%
 66.57%
 66.60%
 66.63%
 66.66%
 66.69%
 66.72%
 66.75%
 66.79%
 66.82%
 66.85%
 66.88%
 66.91%
 66.94%
 66.97%
 67.00%
 67.03%
 67.06%
 67.09%
 67.12%
 67.16%
 67.19%
 67.22%
 67.25%
 67.28%
 67.31%
 67.34%
 67.37%
 67.40%
 67.43%
 67.46%
 67.50%
 67.53%
 67.56%
 67.59%
 67.62%
 67.65%
 67.68%
 67.71%
 67.74%
 67.77%
 67.80%
 67.83%
 67.87%
 67.90%
 67.93%
 67.96%
 67.99%
 68.02%
 68.05%
 68.08%
 68.11%
 68.14%
 68.17%
 68.21%
 68.24%
 68.27%
 68.30%
 68.33%
 68.36%
 68.39%
 68.42%
 68.45%
 68.48%
 68.51%
 68.55%
 68.58%
 68.61%
 68.64%
 68.67%
 68.70%
 68.73%
 68.76%
 68.79%
 68.82%
 68.85%
 68.88%
 68.92%
 68.95%
 68.98%
 69.01%
 69.04%
 69.07%
 69.10%
 69.13%
 69.16%
 69.19%
 69.22%
 69.26%
 69.29%
 69.32%
 69.35%
 69.38%
 69.41%
 69.44%
 69.47%
 69.50%
 69.53%
 69.56%
 69.59%
 69.63%
 69.66%
 69.69%
 69.72%
 69.75%
 69.78%
 69.81%
 69.84%
 69.87%
 69.90%
 69.93%
 69.97%
 70.00%
 70.03%
 70.06%
 70.09%
 70.12%
 70.15%
 70.18%
 70.21%
 70.24%
 70.27%
 70.31%
 70.34%
 70.37%
 70.40%
 70.43%
 70.46%
 70.49%
 70.52%
 70.55%
 70.58%
 70.61%
 70.64%
 70.68%
 70.71%
 70.74%
 70.77%
 70.80%
 70.83%
 70.86%
 70.89%
 70.92%
 70.95%
 70.98%
 71.02%
 71.05%
 71.08%
 71.11%
 71.14%
 71.17%
 71.20%
 71.23%
 71.26%
 71.29%
 71.32%
 71.35%
 71.39%
 71.42%
 71.45%
 71.48%
 71.51%
 71.54%
 71.57%
 71.60%
 71.63%
 71.66%
 71.69%
 71.73%
 71.76%
 71.79%
 71.82%
 71.85%
 71.88%
 71.91%
 71.94%
 71.97%
 72.00%
 72.03%
 72.06%
 72.10%
 72.13%
 72.16%
 72.19%
 72.22%
 72.25%
 72.28%
 72.31%
 72.34%
 72.37%
 72.40%
 72.44%
 72.47%
 72.50%
 72.53%
 72.56%
 72.59%
 72.62%
 72.65%
 72.68%
 72.71%
 72.74%
 72.78%
 72.81%
 72.84%
 72.87%
 72.90%
 72.93%
 72.96%
 72.99%
 73.02%
 73.05%
 73.08%
 73.11%
 73.15%
 73.18%
 73.21%
 73.24%
 73.27%
 73.30%
 73.33%
 73.36%
 73.39%
 73.42%
 73.45%
 73.49%
 73.52%
 73.55%
 73.58%
 73.61%
 73.64%
 73.67%
 73.70%
 73.73%
 73.76%
 73.79%
 73.82%
 73.86%
 73.89%
 73.92%
 73.95%
 73.98%
 74.01%
 74.04%
 74.07%
 74.10%
 74.13%
 74.16%
 74.20%
 74.23%
 74.26%
 74.29%
 74.32%
 74.35%
 74.38%
 74.41%
 74.44%
 74.47%
 74.50%
 74.54%
 74.57%
 74.60%
 74.63%
 74.66%
 74.69%
 74.72%
 74.75%
 74.78%
 74.81%
 74.84%
 74.87%
 74.91%
 74.94%
 74.97%
 75.00%
 75.03%
 75.06%
 75.09%
 75.12%
 75.15%
 75.18%
 75.21%
 75.25%
 75.28%
 75.31%
 75.34%
 75.37%
 75.40%
 75.43%
 75.46%
 75.49%
 75.52%
 75.55%
 75.58%
 75.62%
 75.65%
 75.68%
 75.71%
 75.74%
 75.77%
 75.80%
 75.83%
 75.86%
 75.89%
 75.92%
 75.96%
 75.99%
 76.02%
 76.05%
 76.08%
 76.11%
 76.14%
 76.17%
 76.20%
 76.23%
 76.26%
 76.29%
 76.33%
 76.36%
 76.39%
 76.42%
 76.45%
 76.48%
 76.51%
 76.54%
 76.57%
 76.60%
 76.63%
 76.67%
 76.70%
 76.73%
 76.76%
 76.79%
 76.82%
 76.85%
 76.88%
 76.91%
 76.94%
 76.97%
 77.01%
 77.04%
 77.07%
 77.10%
 77.13%
 77.16%
 77.19%
 77.22%
 77.25%
 77.28%
 77.31%
 77.34%
 77.38%
 77.41%
 77.44%
 77.47%
 77.50%
 77.53%
 77.56%
 77.59%
 77.62%
 77.65%
 77.68%
 77.72%
 77.75%
 77.78%
 77.81%
 77.84%
 77.87%
 77.90%
 77.93%
 77.96%
 77.99%
 78.02%
 78.05%
 78.09%
 78.12%
 78.15%
 78.18%
 78.21%
 78.24%
 78.27%
 78.30%
 78.33%
 78.36%
 78.39%
 78.43%
 78.46%
 78.49%
 78.52%
 78.55%
 78.58%
 78.61%
 78.64%
 78.67%
 78.70%
 78.73%
 78.77%
 78.80%
 78.83%
 78.86%
 78.89%
 78.92%
 78.95%
 78.98%
 79.01%
 79.04%
 79.07%
 79.10%
 79.14%
 79.17%
 79.20%
 79.23%
 79.26%
 79.29%
 79.32%
 79.35%
 79.38%
 79.41%
 79.44%
 79.48%
 79.51%
 79.54%
 79.57%
 79.60%
 79.63%
 79.66%
 79.69%
 79.72%
 79.75%
 79.78%
 79.81%
 79.85%
 79.88%
 79.91%
 79.94%
 79.97%
 80.00%
 80.03%
 80.06%
 80.09%
 80.12%
 80.15%
 80.19%
 80.22%
 80.25%
 80.28%
 80.31%
 80.34%
 80.37%
 80.40%
 80.43%
 80.46%
 80.49%
 80.53%
 80.56%
 80.59%
 80.62%
 80.65%
 80.68%
 80.71%
 80.74%
 80.77%
 80.80%
 80.83%
 80.86%
 80.90%
 80.93%
 80.96%
 80.99%
 81.02%
 81.05%
 81.08%
 81.11%
 81.14%
 81.17%
 81.20%
 81.24%
 81.27%
 81.30%
 81.33%
 81.36%
 81.39%
 81.42%
 81.45%
 81.48%
 81.51%
 81.54%
 81.57%
 81.61%
 81.64%
 81.67%
 81.70%
 81.73%
 81.76%
 81.79%
 81.82%
 81.85%
 81.88%
 81.91%
 81.95%
 81.98%
 82.01%
 82.04%
 82.07%
 82.10%
 82.13%
 82.16%
 82.19%
 82.22%
 82.25%
 82.28%
 82.32%
 82.35%
 82.38%
 82.41%
 82.44%
 82.47%
 82.50%
 82.53%
 82.56%
 82.59%
 82.62%
 82.66%
 82.69%
 82.72%
 82.75%
 82.78%
 82.81%
 82.84%
 82.87%
 82.90%
 82.93%
 82.96%
 83.00%
 83.03%
 83.06%
 83.09%
 83.12%
 83.15%
 83.18%
 83.21%
 83.24%
 83.27%
 83.30%
 83.33%
 83.37%
 83.40%
 83.43%
 83.46%
 83.49%
 83.52%
 83.55%
 83.58%
 83.61%
 83.64%
 83.67%
 83.71%
 83.74%
 83.77%
 83.80%
 83.83%
 83.86%
 83.89%
 83.92%
 83.95%
 83.98%
 84.01%
 84.04%
 84.08%
 84.11%
 84.14%
 84.17%
 84.20%
 84.23%
 84.26%
 84.29%
 84.32%
 84.35%
 84.38%
 84.42%
 84.45%
 84.48%
 84.51%
 84.54%
 84.57%
 84.60%
 84.63%
 84.66%
 84.69%
 84.72%
 84.76%
 84.79%
 84.82%
 84.85%
 84.88%
 84.91%
 84.94%
 84.97%
 85.00%
 85.03%
 85.06%
 85.09%
 85.13%
 85.16%
 85.19%
 85.22%
 85.25%
 85.28%
 85.31%
 85.34%
 85.37%
 85.40%
 85.43%
 85.47%
 85.50%
 85.53%
 85.56%
 85.59%
 85.62%
 85.65%
 85.68%
 85.71%
 85.74%
 85.77%
 85.80%
 85.84%
 85.87%
 85.90%
 85.93%
 85.96%
 85.99%
 86.02%
 86.05%
 86.08%
 86.11%
 86.14%
 86.18%
 86.21%
 86.24%
 86.27%
 86.30%
 86.33%
 86.36%
 86.39%
 86.42%
 86.45%
 86.48%
 86.51%
 86.55%
 86.58%
 86.61%
 86.64%
 86.67%
 86.70%
 86.73%
 86.76%
 86.79%
 86.82%
 86.85%
 86.89%
 86.92%
 86.95%
 86.98%
 87.01%
 87.04%
 87.07%
 87.10%
 87.13%
 87.16%
 87.19%
 87.23%
 87.26%
 87.29%
 87.32%
 87.35%
 87.38%
 87.41%
 87.44%
 87.47%
 87.50%
 87.53%
 87.56%
 87.60%
 87.63%
 87.66%
 87.69%
 87.72%
 87.75%
 87.78%
 87.81%
 87.84%
 87.87%
 87.90%
 87.94%
 87.97%
 88.00%
 88.03%
 88.06%
 88.09%
 88.12%
 88.15%
 88.18%
 88.21%
 88.24%
 88.27%
 88.31%
 88.34%
 88.37%
 88.40%
 88.43%
 88.46%
 88.49%
 88.52%
 88.55%
 88.58%
 88.61%
 88.65%
 88.68%
 88.71%
 88.74%
 88.77%
 88.80%
 88.83%
 88.86%
 88.89%
 88.92%
 88.95%
 88.99%
 89.02%
 89.05%
 89.08%
 89.11%
 89.14%
 89.17%
 89.20%
 89.23%
 89.26%
 89.29%
 89.32%
 89.36%
 89.39%
 89.42%
 89.45%
 89.48%
 89.51%
 89.54%
 89.57%
 89.60%
 89.63%
 89.66%
 89.70%
 89.73%
 89.76%
 89.79%
 89.82%
 89.85%
 89.88%
 89.91%
 89.94%
 89.97%
 90.00%
 90.03%
 90.07%
 90.10%
 90.13%
 90.16%
 90.19%
 90.22%
 90.25%
 90.28%
 90.31%
 90.34%
 90.37%
 90.41%
 90.44%
 90.47%
 90.50%
 90.53%
 90.56%
 90.59%
 90.62%
 90.65%
 90.68%
 90.71%
 90.75%
 90.78%
 90.81%
 90.84%
 90.87%
 90.90%
 90.93%
 90.96%
 90.99%
 91.02%
 91.05%
 91.08%
 91.12%
 91.15%
 91.18%
 91.21%
 91.24%
 91.27%
 91.30%
 91.33%
 91.36%
 91.39%
 91.42%
 91.46%
 91.49%
 91.52%
 91.55%
 91.58%
 91.61%
 91.64%
 91.67%
 91.70%
 91.73%
 91.76%
 91.79%
 91.83%
 91.86%
 91.89%
 91.92%
 91.95%
 91.98%
 92.01%
 92.04%
 92.07%
 92.10%
 92.13%
 92.17%
 92.20%
 92.23%
 92.26%
 92.29%
 92.32%
 92.35%
 92.38%
 92.41%
 92.44%
 92.47%
 92.50%
 92.54%
 92.57%
 92.60%
 92.63%
 92.66%
 92.69%
 92.72%
 92.75%
 92.78%
 92.81%
 92.84%
 92.88%
 92.91%
 92.94%
 92.97%
 93.00%
 93.03%
 93.06%
 93.09%
 93.12%
 93.15%
 93.18%
 93.22%
 93.25%
 93.28%
 93.31%
 93.34%
 93.37%
 93.40%
 93.43%
 93.46%
 93.49%
 93.52%
 93.55%
 93.59%
 93.62%
 93.65%
 93.68%
 93.71%
 93.74%
 93.77%
 93.80%
 93.83%
 93.86%
 93.89%
 93.93%
 93.96%
 93.99%
 94.02%
 94.05%
 94.08%
 94.11%
 94.14%
 94.17%
 94.20%
 94.23%
 94.26%
 94.30%
 94.33%
 94.36%
 94.39%
 94.42%
 94.45%
 94.48%
 94.51%
 94.54%
 94.57%
 94.60%
 94.64%
 94.67%
 94.70%
 94.73%
 94.76%
 94.79%
 94.82%
 94.85%
 94.88%
 94.91%
 94.94%
 94.98%
 95.01%
 95.04%
 95.07%
 95.10%
 95.13%
 95.16%
 95.19%
 95.22%
 95.25%
 95.28%
 95.31%
 95.35%
 95.38%
 95.41%
 95.44%
 95.47%
 95.50%
 95.53%
 95.56%
 95.59%
 95.62%
 95.65%
 95.69%
 95.72%
 95.75%
 95.78%
 95.81%
 95.84%
 95.87%
 95.90%
 95.93%
 95.96%
 95.99%
 96.02%
 96.06%
 96.09%
 96.12%
 96.15%
 96.18%
 96.21%
 96.24%
 96.27%
 96.30%
 96.33%
 96.36%
 96.40%
 96.43%
 96.46%
 96.49%
 96.52%
 96.55%
 96.58%
 96.61%
 96.64%
 96.67%
 96.70%
 96.73%
 96.77%
 96.80%
 96.83%
 96.86%
 96.89%
 96.92%
 96.95%
 96.98%
 97.01%
 97.04%
 97.07%
 97.11%
 97.14%
 97.17%
 97.20%
 97.23%
 97.26%
 97.29%
 97.32%
 97.35%
 97.38%
 97.41%
 97.45%
 97.48%
 97.51%
 97.54%
 97.57%
 97.60%
 97.63%
 97.66%
 97.69%
 97.72%
 97.75%
 97.78%
 97.82%
 97.85%
 97.88%
 97.91%
 97.94%
 97.97%
 98.00%
 98.03%
 98.06%
 98.09%
 98.12%
 98.16%
 98.19%
 98.22%
 98.25%
 98.28%
 98.31%
 98.34%
 98.37%
 98.40%
 98.43%
 98.46%
 98.49%
 98.53%
 98.56%
 98.59%
 98.62%
 98.65%
 98.68%
 98.71%
 98.74%
 98.77%
 98.80%
 98.83%
 98.87%
 98.90%
 98.93%
 98.96%
 98.99%
 99.02%
 99.05%
 99.08%
 99.11%
 99.14%
 99.17%
 99.21%
 99.24%
 99.27%
 99.30%
 99.33%
 99.36%
 99.39%
 99.42%
 99.45%
 99.48%
 99.51%
 99.54%
 99.58%
 99.61%
 99.64%
 99.67%
 99.70%
 99.73%
 99.76%
 99.79%
 99.82%
 99.85%
 99.88%
 99.92%
 99.95%
 99.98%
100.00%
Real time elapsed: 6789.040 seconds
