
                                                                              < M A T L A B (R) >
                                                                    Copyright 1984-2020 The MathWorks, Inc.
                                                                    R2020b (9.9.0.1467703) 64-bit (glnxa64)
                                                                                August 26, 2020

 
To get started, type doc.
For product information, visit www.mathworks.com.
 
Resolution: 256x256
Number of packets: 50
Initial wavenumber radius: 12.000000
Time step: 0.006062
Simulation time: 1000.000000
Spin-up time: 333.333333
Steps per save: 50
Steps per packet save: 5
Coriolis parameter: 3.000000
Group velocity: 0.500000
Background velocity (parameter,computed): (0.200000,0.202439)
Froude Number: 0.404877
Deformation wavenumber: 6.000000
Simulation progress:  0.00%  0.03%
  0.06%
  0.09%
  0.12%
  0.15%
  0.19%
  0.22%
  0.25%
  0.28%
  0.31%
  0.34%
  0.37%
  0.40%
  0.43%
  0.46%
  0.49%
  0.53%
  0.56%
  0.59%
  0.62%
  0.65%
  0.68%
  0.71%
  0.74%
  0.77%
  0.80%
  0.83%
  0.87%
  0.90%
  0.93%
  0.96%
  0.99%
  1.02%
  1.05%
  1.08%
  1.11%
  1.14%
  1.17%
  1.21%
  1.24%
  1.27%
  1.30%
  1.33%
  1.36%
  1.39%
  1.42%
  1.45%
  1.48%
  1.51%
  1.55%
  1.58%
  1.61%
  1.64%
  1.67%
  1.70%
  1.73%
  1.76%
  1.79%
  1.82%
  1.85%
  1.89%
  1.92%
  1.95%
  1.98%
  2.01%
  2.04%
  2.07%
  2.10%
  2.13%
  2.16%
  2.20%
  2.23%
  2.26%
  2.29%
  2.32%
  2.35%
  2.38%
  2.41%
  2.44%
  2.47%
  2.50%
  2.54%
  2.57%
  2.60%
  2.63%
  2.66%
  2.69%
  2.72%
  2.75%
  2.78%
  2.81%
  2.84%
  2.88%
  2.91%
  2.94%
  2.97%
  3.00%
  3.03%
  3.06%
  3.09%
  3.12%
  3.15%
  3.18%
  3.22%
  3.25%
  3.28%
  3.31%
  3.34%
  3.37%
  3.40%
  3.43%
  3.46%
  3.49%
  3.52%
  3.56%
  3.59%
  3.62%
  3.65%
  3.68%
  3.71%
  3.74%
  3.77%
  3.80%
  3.83%
  3.86%
  3.90%
  3.93%
  3.96%
  3.99%
  4.02%
  4.05%
  4.08%
  4.11%
  4.14%
  4.17%
  4.20%
  4.24%
  4.27%
  4.30%
  4.33%
  4.36%
  4.39%
  4.42%
  4.45%
  4.48%
  4.51%
  4.54%
  4.58%
  4.61%
  4.64%
  4.67%
  4.70%
  4.73%
  4.76%
  4.79%
  4.82%
  4.85%
  4.88%
  4.92%
  4.95%
  4.98%
  5.01%
  5.04%
  5.07%
  5.10%
  5.13%
  5.16%
  5.19%
  5.22%
  5.26%
  5.29%
  5.32%
  5.35%
  5.38%
  5.41%
  5.44%
  5.47%
  5.50%
  5.53%
  5.56%
  5.60%
  5.63%
  5.66%
  5.69%
  5.72%
  5.75%
  5.78%
  5.81%
  5.84%
  5.87%
  5.90%
  5.94%
  5.97%
  6.00%
  6.03%
  6.06%
  6.09%
  6.12%
  6.15%
  6.18%
  6.21%
  6.25%
  6.28%
  6.31%
  6.34%
  6.37%
  6.40%
  6.43%
  6.46%
  6.49%
  6.52%
  6.55%
  6.59%
  6.62%
  6.65%
  6.68%
  6.71%
  6.74%
  6.77%
  6.80%
  6.83%
  6.86%
  6.89%
  6.93%
  6.96%
  6.99%
  7.02%
  7.05%
  7.08%
  7.11%
  7.14%
  7.17%
  7.20%
  7.23%
  7.27%
  7.30%
  7.33%
  7.36%
  7.39%
  7.42%
  7.45%
  7.48%
  7.51%
  7.54%
  7.57%
  7.61%
  7.64%
  7.67%
  7.70%
  7.73%
  7.76%
  7.79%
  7.82%
  7.85%
  7.88%
  7.91%
  7.95%
  7.98%
  8.01%
  8.04%
  8.07%
  8.10%
  8.13%
  8.16%
  8.19%
  8.22%
  8.25%
  8.29%
  8.32%
  8.35%
  8.38%
  8.41%
  8.44%
  8.47%
  8.50%
  8.53%
  8.56%
  8.59%
  8.63%
  8.66%
  8.69%
  8.72%
  8.75%
  8.78%
  8.81%
  8.84%
  8.87%
  8.90%
  8.93%
  8.97%
  9.00%
  9.03%
  9.06%
  9.09%
  9.12%
  9.15%
  9.18%
  9.21%
  9.24%
  9.27%
  9.31%
  9.34%
  9.37%
  9.40%
  9.43%
  9.46%
  9.49%
  9.52%
  9.55%
  9.58%
  9.61%
  9.65%
  9.68%
  9.71%
  9.74%
  9.77%
  9.80%
  9.83%
  9.86%
  9.89%
  9.92%
  9.96%
  9.99%
 10.02%
 10.05%
 10.08%
 10.11%
 10.14%
 10.17%
 10.20%
 10.23%
 10.26%
 10.30%
 10.33%
 10.36%
 10.39%
 10.42%
 10.45%
 10.48%
 10.51%
 10.54%
 10.57%
 10.60%
 10.64%
 10.67%
 10.70%
 10.73%
 10.76%
 10.79%
 10.82%
 10.85%
 10.88%
 10.91%
 10.94%
 10.98%
 11.01%
 11.04%
 11.07%
 11.10%
 11.13%
 11.16%
 11.19%
 11.22%
 11.25%
 11.28%
 11.32%
 11.35%
 11.38%
 11.41%
 11.44%
 11.47%
 11.50%
 11.53%
 11.56%
 11.59%
 11.62%
 11.66%
 11.69%
 11.72%
 11.75%
 11.78%
 11.81%
 11.84%
 11.87%
 11.90%
 11.93%
 11.96%
 12.00%
 12.03%
 12.06%
 12.09%
 12.12%
 12.15%
 12.18%
 12.21%
 12.24%
 12.27%
 12.30%
 12.34%
 12.37%
 12.40%
 12.43%
 12.46%
 12.49%
 12.52%
 12.55%
 12.58%
 12.61%
 12.64%
 12.68%
 12.71%
 12.74%
 12.77%
 12.80%
 12.83%
 12.86%
 12.89%
 12.92%
 12.95%
 12.98%
 13.02%
 13.05%
 13.08%
 13.11%
 13.14%
 13.17%
 13.20%
 13.23%
 13.26%
 13.29%
 13.32%
 13.36%
 13.39%
 13.42%
 13.45%
 13.48%
 13.51%
 13.54%
 13.57%
 13.60%
 13.63%
 13.66%
 13.70%
 13.73%
 13.76%
 13.79%
 13.82%
 13.85%
 13.88%
 13.91%
 13.94%
 13.97%
 14.01%
 14.04%
 14.07%
 14.10%
 14.13%
 14.16%
 14.19%
 14.22%
 14.25%
 14.28%
 14.31%
 14.35%
 14.38%
 14.41%
 14.44%
 14.47%
 14.50%
 14.53%
 14.56%
 14.59%
 14.62%
 14.65%
 14.69%
 14.72%
 14.75%
 14.78%
 14.81%
 14.84%
 14.87%
 14.90%
 14.93%
 14.96%
 14.99%
 15.03%
 15.06%
 15.09%
 15.12%
 15.15%
 15.18%
 15.21%
 15.24%
 15.27%
 15.30%
 15.33%
 15.37%
 15.40%
 15.43%
 15.46%
 15.49%
 15.52%
 15.55%
 15.58%
 15.61%
 15.64%
 15.67%
 15.71%
 15.74%
 15.77%
 15.80%
 15.83%
 15.86%
 15.89%
 15.92%
 15.95%
 15.98%
 16.01%
 16.05%
 16.08%
 16.11%
 16.14%
 16.17%
 16.20%
 16.23%
 16.26%
 16.29%
 16.32%
 16.35%
 16.39%
 16.42%
 16.45%
 16.48%
 16.51%
 16.54%
 16.57%
 16.60%
 16.63%
 16.66%
 16.69%
 16.73%
 16.76%
 16.79%
 16.82%
 16.85%
 16.88%
 16.91%
 16.94%
 16.97%
 17.00%
 17.03%
 17.07%
 17.10%
 17.13%
 17.16%
 17.19%
 17.22%
 17.25%
 17.28%
 17.31%
 17.34%
 17.37%
 17.41%
 17.44%
 17.47%
 17.50%
 17.53%
 17.56%
 17.59%
 17.62%
 17.65%
 17.68%
 17.71%
 17.75%
 17.78%
 17.81%
 17.84%
 17.87%
 17.90%
 17.93%
 17.96%
 17.99%
 18.02%
 18.06%
 18.09%
 18.12%
 18.15%
 18.18%
 18.21%
 18.24%
 18.27%
 18.30%
 18.33%
 18.36%
 18.40%
 18.43%
 18.46%
 18.49%
 18.52%
 18.55%
 18.58%
 18.61%
 18.64%
 18.67%
 18.70%
 18.74%
 18.77%
 18.80%
 18.83%
 18.86%
 18.89%
 18.92%
 18.95%
 18.98%
 19.01%
 19.04%
 19.08%
 19.11%
 19.14%
 19.17%
 19.20%
 19.23%
 19.26%
 19.29%
 19.32%
 19.35%
 19.38%
 19.42%
 19.45%
 19.48%
 19.51%
 19.54%
 19.57%
 19.60%
 19.63%
 19.66%
 19.69%
 19.72%
 19.76%
 19.79%
 19.82%
 19.85%
 19.88%
 19.91%
 19.94%
 19.97%
 20.00%
 20.03%
 20.06%
 20.10%
 20.13%
 20.16%
 20.19%
 20.22%
 20.25%
 20.28%
 20.31%
 20.34%
 20.37%
 20.40%
 20.44%
 20.47%
 20.50%
 20.53%
 20.56%
 20.59%
 20.62%
 20.65%
 20.68%
 20.71%
 20.74%
 20.78%
 20.81%
 20.84%
 20.87%
 20.90%
 20.93%
 20.96%
 20.99%
 21.02%
 21.05%
 21.08%
 21.12%
 21.15%
 21.18%
 21.21%
 21.24%
 21.27%
 21.30%
 21.33%
 21.36%
 21.39%
 21.42%
 21.46%
 21.49%
 21.52%
 21.55%
 21.58%
 21.61%
 21.64%
 21.67%
 21.70%
 21.73%
 21.77%
 21.80%
 21.83%
 21.86%
 21.89%
 21.92%
 21.95%
 21.98%
 22.01%
 22.04%
 22.07%
 22.11%
 22.14%
 22.17%
 22.20%
 22.23%
 22.26%
 22.29%
 22.32%
 22.35%
 22.38%
 22.41%
 22.45%
 22.48%
 22.51%
 22.54%
 22.57%
 22.60%
 22.63%
 22.66%
 22.69%
 22.72%
 22.75%
 22.79%
 22.82%
 22.85%
 22.88%
 22.91%
 22.94%
 22.97%
 23.00%
 23.03%
 23.06%
 23.09%
 23.13%
 23.16%
 23.19%
 23.22%
 23.25%
 23.28%
 23.31%
 23.34%
 23.37%
 23.40%
 23.43%
 23.47%
 23.50%
 23.53%
 23.56%
 23.59%
 23.62%
 23.65%
 23.68%
 23.71%
 23.74%
 23.77%
 23.81%
 23.84%
 23.87%
 23.90%
 23.93%
 23.96%
 23.99%
 24.02%
 24.05%
 24.08%
 24.11%
 24.15%
 24.18%
 24.21%
 24.24%
 24.27%
 24.30%
 24.33%
 24.36%
 24.39%
 24.42%
 24.45%
 24.49%
 24.52%
 24.55%
 24.58%
 24.61%
 24.64%
 24.67%
 24.70%
 24.73%
 24.76%
 24.79%
 24.83%
 24.86%
 24.89%
 24.92%
 24.95%
 24.98%
 25.01%
 25.04%
 25.07%
 25.10%
 25.13%
 25.17%
 25.20%
 25.23%
 25.26%
 25.29%
 25.32%
 25.35%
 25.38%
 25.41%
 25.44%
 25.47%
 25.51%
 25.54%
 25.57%
 25.60%
 25.63%
 25.66%
 25.69%
 25.72%
 25.75%
 25.78%
 25.82%
 25.85%
 25.88%
 25.91%
 25.94%
 25.97%
 26.00%
 26.03%
 26.06%
 26.09%
 26.12%
 26.16%
 26.19%
 26.22%
 26.25%
 26.28%
 26.31%
 26.34%
 26.37%
 26.40%
 26.43%
 26.46%
 26.50%
 26.53%
 26.56%
 26.59%
 26.62%
 26.65%
 26.68%
 26.71%
 26.74%
 26.77%
 26.80%
 26.84%
 26.87%
 26.90%
 26.93%
 26.96%
 26.99%
 27.02%
 27.05%
 27.08%
 27.11%
 27.14%
 27.18%
 27.21%
 27.24%
 27.27%
 27.30%
 27.33%
 27.36%
 27.39%
 27.42%
 27.45%
 27.48%
 27.52%
 27.55%
 27.58%
 27.61%
 27.64%
 27.67%
 27.70%
 27.73%
 27.76%
 27.79%
 27.82%
 27.86%
 27.89%
 27.92%
 27.95%
 27.98%
 28.01%
 28.04%
 28.07%
 28.10%
 28.13%
 28.16%
 28.20%
 28.23%
 28.26%
 28.29%
 28.32%
 28.35%
 28.38%
 28.41%
 28.44%
 28.47%
 28.50%
 28.54%
 28.57%
 28.60%
 28.63%
 28.66%
 28.69%
 28.72%
 28.75%
 28.78%
 28.81%
 28.84%
 28.88%
 28.91%
 28.94%
 28.97%
 29.00%
 29.03%
 29.06%
 29.09%
 29.12%
 29.15%
 29.18%
 29.22%
 29.25%
 29.28%
 29.31%
 29.34%
 29.37%
 29.40%
 29.43%
 29.46%
 29.49%
 29.52%
 29.56%
 29.59%
 29.62%
 29.65%
 29.68%
 29.71%
 29.74%
 29.77%
 29.80%
 29.83%
 29.87%
 29.90%
 29.93%
 29.96%
 29.99%
 30.02%
 30.05%
 30.08%
 30.11%
 30.14%
 30.17%
 30.21%
 30.24%
 30.27%
 30.30%
 30.33%
 30.36%
 30.39%
 30.42%
 30.45%
 30.48%
 30.51%
 30.55%
 30.58%
 30.61%
 30.64%
 30.67%
 30.70%
 30.73%
 30.76%
 30.79%
 30.82%
 30.85%
 30.89%
 30.92%
 30.95%
 30.98%
 31.01%
 31.04%
 31.07%
 31.10%
 31.13%
 31.16%
 31.19%
 31.23%
 31.26%
 31.29%
 31.32%
 31.35%
 31.38%
 31.41%
 31.44%
 31.47%
 31.50%
 31.53%
 31.57%
 31.60%
 31.63%
 31.66%
 31.69%
 31.72%
 31.75%
 31.78%
 31.81%
 31.84%
 31.87%
 31.91%
 31.94%
 31.97%
 32.00%
 32.03%
 32.06%
 32.09%
 32.12%
 32.15%
 32.18%
 32.21%
 32.25%
 32.28%
 32.31%
 32.34%
 32.37%
 32.40%
 32.43%
 32.46%
 32.49%
 32.52%
 32.55%
 32.59%
 32.62%
 32.65%
 32.68%
 32.71%
 32.74%
 32.77%
 32.80%
 32.83%
 32.86%
 32.89%
 32.93%
 32.96%
 32.99%
 33.02%
 33.05%
 33.08%
 33.11%
 33.14%
 33.17%
 33.20%
 33.23%
 33.27%
 33.30%
 33.33%
 33.36%
 33.39%
 33.42%
 33.45%
 33.48%
 33.51%
 33.54%
 33.58%
 33.61%
 33.64%
 33.67%
 33.70%
 33.73%
 33.76%
 33.79%
 33.82%
 33.85%
 33.88%
 33.92%
 33.95%
 33.98%
 34.01%
 34.04%
 34.07%
 34.10%
 34.13%
 34.16%
 34.19%
 34.22%
 34.26%
 34.29%
 34.32%
 34.35%
 34.38%
 34.41%
 34.44%
 34.47%
 34.50%
 34.53%
 34.56%
 34.60%
 34.63%
 34.66%
 34.69%
 34.72%
 34.75%
 34.78%
 34.81%
 34.84%
 34.87%
 34.90%
 34.94%
 34.97%
 35.00%
 35.03%
 35.06%
 35.09%
 35.12%
 35.15%
 35.18%
 35.21%
 35.24%
 35.28%
 35.31%
 35.34%
 35.37%
 35.40%
 35.43%
 35.46%
 35.49%
 35.52%
 35.55%
 35.58%
 35.62%
 35.65%
 35.68%
 35.71%
 35.74%
 35.77%
 35.80%
 35.83%
 35.86%
 35.89%
 35.92%
 35.96%
 35.99%
 36.02%
 36.05%
 36.08%
 36.11%
 36.14%
 36.17%
 36.20%
 36.23%
 36.26%
 36.30%
 36.33%
 36.36%
 36.39%
 36.42%
 36.45%
 36.48%
 36.51%
 36.54%
 36.57%
 36.60%
 36.64%
 36.67%
 36.70%
 36.73%
 36.76%
 36.79%
 36.82%
 36.85%
 36.88%
 36.91%
 36.94%
 36.98%
 37.01%
 37.04%
 37.07%
 37.10%
 37.13%
 37.16%
 37.19%
 37.22%
 37.25%
 37.28%
 37.32%
 37.35%
 37.38%
 37.41%
 37.44%
 37.47%
 37.50%
 37.53%
 37.56%
 37.59%
 37.63%
 37.66%
 37.69%
 37.72%
 37.75%
 37.78%
 37.81%
 37.84%
 37.87%
 37.90%
 37.93%
 37.97%
 38.00%
 38.03%
 38.06%
 38.09%
 38.12%
 38.15%
 38.18%
 38.21%
 38.24%
 38.27%
 38.31%
 38.34%
 38.37%
 38.40%
 38.43%
 38.46%
 38.49%
 38.52%
 38.55%
 38.58%
 38.61%
 38.65%
 38.68%
 38.71%
 38.74%
 38.77%
 38.80%
 38.83%
 38.86%
 38.89%
 38.92%
 38.95%
 38.99%
 39.02%
 39.05%
 39.08%
 39.11%
 39.14%
 39.17%
 39.20%
 39.23%
 39.26%
 39.29%
 39.33%
 39.36%
 39.39%
 39.42%
 39.45%
 39.48%
 39.51%
 39.54%
 39.57%
 39.60%
 39.63%
 39.67%
 39.70%
 39.73%
 39.76%
 39.79%
 39.82%
 39.85%
 39.88%
 39.91%
 39.94%
 39.97%
 40.01%
 40.04%
 40.07%
 40.10%
 40.13%
 40.16%
 40.19%
 40.22%
 40.25%
 40.28%
 40.31%
 40.35%
 40.38%
 40.41%
 40.44%
 40.47%
 40.50%
 40.53%
 40.56%
 40.59%
 40.62%
 40.65%
 40.69%
 40.72%
 40.75%
 40.78%
 40.81%
 40.84%
 40.87%
 40.90%
 40.93%
 40.96%
 40.99%
 41.03%
 41.06%
 41.09%
 41.12%
 41.15%
 41.18%
 41.21%
 41.24%
 41.27%
 41.30%
 41.33%
 41.37%
 41.40%
 41.43%
 41.46%
 41.49%
 41.52%
 41.55%
 41.58%
 41.61%
 41.64%
 41.68%
 41.71%
 41.74%
 41.77%
 41.80%
 41.83%
 41.86%
 41.89%
 41.92%
 41.95%
 41.98%
 42.02%
 42.05%
 42.08%
 42.11%
 42.14%
 42.17%
 42.20%
 42.23%
 42.26%
 42.29%
 42.32%
 42.36%
 42.39%
 42.42%
 42.45%
 42.48%
 42.51%
 42.54%
 42.57%
 42.60%
 42.63%
 42.66%
 42.70%
 42.73%
 42.76%
 42.79%
 42.82%
 42.85%
 42.88%
 42.91%
 42.94%
 42.97%
 43.00%
 43.04%
 43.07%
 43.10%
 43.13%
 43.16%
 43.19%
 43.22%
 43.25%
 43.28%
 43.31%
 43.34%
 43.38%
 43.41%
 43.44%
 43.47%
 43.50%
 43.53%
 43.56%
 43.59%
 43.62%
 43.65%
 43.68%
 43.72%
 43.75%
 43.78%
 43.81%
 43.84%
 43.87%
 43.90%
 43.93%
 43.96%
 43.99%
 44.02%
 44.06%
 44.09%
 44.12%
 44.15%
 44.18%
 44.21%
 44.24%
 44.27%
 44.30%
 44.33%
 44.36%
 44.40%
 44.43%
 44.46%
 44.49%
 44.52%
 44.55%
 44.58%
 44.61%
 44.64%
 44.67%
 44.70%
 44.74%
 44.77%
 44.80%
 44.83%
 44.86%
 44.89%
 44.92%
 44.95%
 44.98%
 45.01%
 45.04%
 45.08%
 45.11%
 45.14%
 45.17%
 45.20%
 45.23%
 45.26%
 45.29%
 45.32%
 45.35%
 45.38%
 45.42%
 45.45%
 45.48%
 45.51%
 45.54%
 45.57%
 45.60%
 45.63%
 45.66%
 45.69%
 45.73%
 45.76%
 45.79%
 45.82%
 45.85%
 45.88%
 45.91%
 45.94%
 45.97%
 46.00%
 46.03%
 46.07%
 46.10%
 46.13%
 46.16%
 46.19%
 46.22%
 46.25%
 46.28%
 46.31%
 46.34%
 46.37%
 46.41%
 46.44%
 46.47%
 46.50%
 46.53%
 46.56%
 46.59%
 46.62%
 46.65%
 46.68%
 46.71%
 46.75%
 46.78%
 46.81%
 46.84%
 46.87%
 46.90%
 46.93%
 46.96%
 46.99%
 47.02%
 47.05%
 47.09%
 47.12%
 47.15%
 47.18%
 47.21%
 47.24%
 47.27%
 47.30%
 47.33%
 47.36%
 47.39%
 47.43%
 47.46%
 47.49%
 47.52%
 47.55%
 47.58%
 47.61%
 47.64%
 47.67%
 47.70%
 47.73%
 47.77%
 47.80%
 47.83%
 47.86%
 47.89%
 47.92%
 47.95%
 47.98%
 48.01%
 48.04%
 48.07%
 48.11%
 48.14%
 48.17%
 48.20%
 48.23%
 48.26%
 48.29%
 48.32%
 48.35%
 48.38%
 48.41%
 48.45%
 48.48%
 48.51%
 48.54%
 48.57%
 48.60%
 48.63%
 48.66%
 48.69%
 48.72%
 48.75%
 48.79%
 48.82%
 48.85%
 48.88%
 48.91%
 48.94%
 48.97%
 49.00%
 49.03%
 49.06%
 49.09%
 49.13%
 49.16%
 49.19%
 49.22%
 49.25%
 49.28%
 49.31%
 49.34%
 49.37%
 49.40%
 49.44%
 49.47%
 49.50%
 49.53%
 49.56%
 49.59%
 49.62%
 49.65%
 49.68%
 49.71%
 49.74%
 49.78%
 49.81%
 49.84%
 49.87%
 49.90%
 49.93%
 49.96%
 49.99%
 50.02%
 50.05%
 50.08%
 50.12%
 50.15%
 50.18%
 50.21%
 50.24%
 50.27%
 50.30%
 50.33%
 50.36%
 50.39%
 50.42%
 50.46%
 50.49%
 50.52%
 50.55%
 50.58%
 50.61%
 50.64%
 50.67%
 50.70%
 50.73%
 50.76%
 50.80%
 50.83%
 50.86%
 50.89%
 50.92%
 50.95%
 50.98%
 51.01%
 51.04%
 51.07%
 51.10%
 51.14%
 51.17%
 51.20%
 51.23%
 51.26%
 51.29%
 51.32%
 51.35%
 51.38%
 51.41%
 51.44%
 51.48%
 51.51%
 51.54%
 51.57%
 51.60%
 51.63%
 51.66%
 51.69%
 51.72%
 51.75%
 51.78%
 51.82%
 51.85%
 51.88%
 51.91%
 51.94%
 51.97%
 52.00%
 52.03%
 52.06%
 52.09%
 52.12%
 52.16%
 52.19%
 52.22%
 52.25%
 52.28%
 52.31%
 52.34%
 52.37%
 52.40%
 52.43%
 52.46%
 52.50%
 52.53%
 52.56%
 52.59%
 52.62%
 52.65%
 52.68%
 52.71%
 52.74%
 52.77%
 52.80%
 52.84%
 52.87%
 52.90%
 52.93%
 52.96%
 52.99%
 53.02%
 53.05%
 53.08%
 53.11%
 53.14%
 53.18%
 53.21%
 53.24%
 53.27%
 53.30%
 53.33%
 53.36%
 53.39%
 53.42%
 53.45%
 53.49%
 53.52%
 53.55%
 53.58%
 53.61%
 53.64%
 53.67%
 53.70%
 53.73%
 53.76%
 53.79%
 53.83%
 53.86%
 53.89%
 53.92%
 53.95%
 53.98%
 54.01%
 54.04%
 54.07%
 54.10%
 54.13%
 54.17%
 54.20%
 54.23%
 54.26%
 54.29%
 54.32%
 54.35%
 54.38%
 54.41%
 54.44%
 54.47%
 54.51%
 54.54%
 54.57%
 54.60%
 54.63%
 54.66%
 54.69%
 54.72%
 54.75%
 54.78%
 54.81%
 54.85%
 54.88%
 54.91%
 54.94%
 54.97%
 55.00%
 55.03%
 55.06%
 55.09%
 55.12%
 55.15%
 55.19%
 55.22%
 55.25%
 55.28%
 55.31%
 55.34%
 55.37%
 55.40%
 55.43%
 55.46%
 55.49%
 55.53%
 55.56%
 55.59%
 55.62%
 55.65%
 55.68%
 55.71%
 55.74%
 55.77%
 55.80%
 55.83%
 55.87%
 55.90%
 55.93%
 55.96%
 55.99%
 56.02%
 56.05%
 56.08%
 56.11%
 56.14%
 56.17%
 56.21%
 56.24%
 56.27%
 56.30%
 56.33%
 56.36%
 56.39%
 56.42%
 56.45%
 56.48%
 56.51%
 56.55%
 56.58%
 56.61%
 56.64%
 56.67%
 56.70%
 56.73%
 56.76%
 56.79%
 56.82%
 56.85%
 56.89%
 56.92%
 56.95%
 56.98%
 57.01%
 57.04%
 57.07%
 57.10%
 57.13%
 57.16%
 57.19%
 57.23%
 57.26%
 57.29%
 57.32%
 57.35%
 57.38%
 57.41%
 57.44%
 57.47%
 57.50%
 57.54%
 57.57%
 57.60%
 57.63%
 57.66%
 57.69%
 57.72%
 57.75%
 57.78%
 57.81%
 57.84%
 57.88%
 57.91%
 57.94%
 57.97%
 58.00%
 58.03%
 58.06%
 58.09%
 58.12%
 58.15%
 58.18%
 58.22%
 58.25%
 58.28%
 58.31%
 58.34%
 58.37%
 58.40%
 58.43%
 58.46%
 58.49%
 58.52%
 58.56%
 58.59%
 58.62%
 58.65%
 58.68%
 58.71%
 58.74%
 58.77%
 58.80%
 58.83%
 58.86%
 58.90%
 58.93%
 58.96%
 58.99%
 59.02%
 59.05%
 59.08%
 59.11%
 59.14%
 59.17%
 59.20%
 59.24%
 59.27%
 59.30%
 59.33%
 59.36%
 59.39%
 59.42%
 59.45%
 59.48%
 59.51%
 59.54%
 59.58%
 59.61%
 59.64%
 59.67%
 59.70%
 59.73%
 59.76%
 59.79%
 59.82%
 59.85%
 59.88%
 59.92%
 59.95%
 59.98%
 60.01%
 60.04%
 60.07%
 60.10%
 60.13%
 60.16%
 60.19%
 60.22%
 60.26%
 60.29%
 60.32%
 60.35%
 60.38%
 60.41%
 60.44%
 60.47%
 60.50%
 60.53%
 60.56%
 60.60%
 60.63%
 60.66%
 60.69%
 60.72%
 60.75%
 60.78%
 60.81%
 60.84%
 60.87%
 60.90%
 60.94%
 60.97%
 61.00%
 61.03%
 61.06%
 61.09%
 61.12%
 61.15%
 61.18%
 61.21%
 61.25%
 61.28%
 61.31%
 61.34%
 61.37%
 61.40%
 61.43%
 61.46%
 61.49%
 61.52%
 61.55%
 61.59%
 61.62%
 61.65%
 61.68%
 61.71%
 61.74%
 61.77%
 61.80%
 61.83%
 61.86%
 61.89%
 61.93%
 61.96%
 61.99%
 62.02%
 62.05%
 62.08%
 62.11%
 62.14%
 62.17%
 62.20%
 62.23%
 62.27%
 62.30%
 62.33%
 62.36%
 62.39%
 62.42%
 62.45%
 62.48%
 62.51%
 62.54%
 62.57%
 62.61%
 62.64%
 62.67%
 62.70%
 62.73%
 62.76%
 62.79%
 62.82%
 62.85%
 62.88%
 62.91%
 62.95%
 62.98%
 63.01%
 63.04%
 63.07%
 63.10%
 63.13%
 63.16%
 63.19%
 63.22%
 63.25%
 63.29%
 63.32%
 63.35%
 63.38%
 63.41%
 63.44%
 63.47%
 63.50%
 63.53%
 63.56%
 63.59%
 63.63%
 63.66%
 63.69%
 63.72%
 63.75%
 63.78%
 63.81%
 63.84%
 63.87%
 63.90%
 63.93%
 63.97%
 64.00%
 64.03%
 64.06%
 64.09%
 64.12%
 64.15%
 64.18%
 64.21%
 64.24%
 64.27%
 64.31%
 64.34%
 64.37%
 64.40%
 64.43%
 64.46%
 64.49%
 64.52%
 64.55%
 64.58%
 64.61%
 64.65%
 64.68%
 64.71%
 64.74%
 64.77%
 64.80%
 64.83%
 64.86%
 64.89%
 64.92%
 64.95%
 64.99%
 65.02%
 65.05%
 65.08%
 65.11%
 65.14%
 65.17%
 65.20%
 65.23%
 65.26%
 65.30%
 65.33%
 65.36%
 65.39%
 65.42%
 65.45%
 65.48%
 65.51%
 65.54%
 65.57%
 65.60%
 65.64%
 65.67%
 65.70%
 65.73%
 65.76%
 65.79%
 65.82%
 65.85%
 65.88%
 65.91%
 65.94%
 65.98%
 66.01%
 66.04%
 66.07%
 66.10%
 66.13%
 66.16%
 66.19%
 66.22%
 66.25%
 66.28%
 66.32%
 66.35%
 66.38%
 66.41%
 66.44%
 66.47%
 66.50%
 66.53%
 66.56%
 66.59%
 66.62%
 66.66%
 66.69%
 66.72%
 66.75%
 66.78%
 66.81%
 66.84%
 66.87%
 66.90%
 66.93%
 66.96%
 67.00%
 67.03%
 67.06%
 67.09%
 67.12%
 67.15%
 67.18%
 67.21%
 67.24%
 67.27%
 67.30%
 67.34%
 67.37%
 67.40%
 67.43%
 67.46%
 67.49%
 67.52%
 67.55%
 67.58%
 67.61%
 67.64%
 67.68%
 67.71%
 67.74%
 67.77%
 67.80%
 67.83%
 67.86%
 67.89%
 67.92%
 67.95%
 67.98%
 68.02%
 68.05%
 68.08%
 68.11%
 68.14%
 68.17%
 68.20%
 68.23%
 68.26%
 68.29%
 68.32%
 68.36%
 68.39%
 68.42%
 68.45%
 68.48%
 68.51%
 68.54%
 68.57%
 68.60%
 68.63%
 68.66%
 68.70%
 68.73%
 68.76%
 68.79%
 68.82%
 68.85%
 68.88%
 68.91%
 68.94%
 68.97%
 69.00%
 69.04%
 69.07%
 69.10%
 69.13%
 69.16%
 69.19%
 69.22%
 69.25%
 69.28%
 69.31%
 69.35%
 69.38%
 69.41%
 69.44%
 69.47%
 69.50%
 69.53%
 69.56%
 69.59%
 69.62%
 69.65%
 69.69%
 69.72%
 69.75%
 69.78%
 69.81%
 69.84%
 69.87%
 69.90%
 69.93%
 69.96%
 69.99%
 70.03%
 70.06%
 70.09%
 70.12%
 70.15%
 70.18%
 70.21%
 70.24%
 70.27%
 70.30%
 70.33%
 70.37%
 70.40%
 70.43%
 70.46%
 70.49%
 70.52%
 70.55%
 70.58%
 70.61%
 70.64%
 70.67%
 70.71%
 70.74%
 70.77%
 70.80%
 70.83%
 70.86%
 70.89%
 70.92%
 70.95%
 70.98%
 71.01%
 71.05%
 71.08%
 71.11%
 71.14%
 71.17%
 71.20%
 71.23%
 71.26%
 71.29%
 71.32%
 71.35%
 71.39%
 71.42%
 71.45%
 71.48%
 71.51%
 71.54%
 71.57%
 71.60%
 71.63%
 71.66%
 71.69%
 71.73%
 71.76%
 71.79%
 71.82%
 71.85%
 71.88%
 71.91%
 71.94%
 71.97%
 72.00%
 72.03%
 72.07%
 72.10%
 72.13%
 72.16%
 72.19%
 72.22%
 72.25%
 72.28%
 72.31%
 72.34%
 72.37%
 72.41%
 72.44%
 72.47%
 72.50%
 72.53%
 72.56%
 72.59%
 72.62%
 72.65%
 72.68%
 72.71%
 72.75%
 72.78%
 72.81%
 72.84%
 72.87%
 72.90%
 72.93%
 72.96%
 72.99%
 73.02%
 73.06%
 73.09%
 73.12%
 73.15%
 73.18%
 73.21%
 73.24%
 73.27%
 73.30%
 73.33%
 73.36%
 73.40%
 73.43%
 73.46%
 73.49%
 73.52%
 73.55%
 73.58%
 73.61%
 73.64%
 73.67%
 73.70%
 73.74%
 73.77%
 73.80%
 73.83%
 73.86%
 73.89%
 73.92%
 73.95%
 73.98%
 74.01%
 74.04%
 74.08%
 74.11%
 74.14%
 74.17%
 74.20%
 74.23%
 74.26%
 74.29%
 74.32%
 74.35%
 74.38%
 74.42%
 74.45%
 74.48%
 74.51%
 74.54%
 74.57%
 74.60%
 74.63%
 74.66%
 74.69%
 74.72%
 74.76%
 74.79%
 74.82%
 74.85%
 74.88%
 74.91%
 74.94%
 74.97%
 75.00%
 75.03%
 75.06%
 75.10%
 75.13%
 75.16%
 75.19%
 75.22%
 75.25%
 75.28%
 75.31%
 75.34%
 75.37%
 75.40%
 75.44%
 75.47%
 75.50%
 75.53%
 75.56%
 75.59%
 75.62%
 75.65%
 75.68%
 75.71%
 75.74%
 75.78%
 75.81%
 75.84%
 75.87%
 75.90%
 75.93%
 75.96%
 75.99%
 76.02%
 76.05%
 76.08%
 76.12%
 76.15%
 76.18%
 76.21%
 76.24%
 76.27%
 76.30%
 76.33%
 76.36%
 76.39%
 76.42%
 76.46%
 76.49%
 76.52%
 76.55%
 76.58%
 76.61%
 76.64%
 76.67%
 76.70%
 76.73%
 76.76%
 76.80%
 76.83%
 76.86%
 76.89%
 76.92%
 76.95%
 76.98%
 77.01%
 77.04%
 77.07%
 77.11%
 77.14%
 77.17%
 77.20%
 77.23%
 77.26%
 77.29%
 77.32%
 77.35%
 77.38%
 77.41%
 77.45%
 77.48%
 77.51%
 77.54%
 77.57%
 77.60%
 77.63%
 77.66%
 77.69%
 77.72%
 77.75%
 77.79%
 77.82%
 77.85%
 77.88%
 77.91%
 77.94%
 77.97%
 78.00%
 78.03%
 78.06%
 78.09%
 78.13%
 78.16%
 78.19%
 78.22%
 78.25%
 78.28%
 78.31%
 78.34%
 78.37%
 78.40%
 78.43%
 78.47%
 78.50%
 78.53%
 78.56%
 78.59%
 78.62%
 78.65%
 78.68%
 78.71%
 78.74%
 78.77%
 78.81%
 78.84%
 78.87%
 78.90%
 78.93%
 78.96%
 78.99%
 79.02%
 79.05%
 79.08%
 79.11%
 79.15%
 79.18%
 79.21%
 79.24%
 79.27%
 79.30%
 79.33%
 79.36%
 79.39%
 79.42%
 79.45%
 79.49%
 79.52%
 79.55%
 79.58%
 79.61%
 79.64%
 79.67%
 79.70%
 79.73%
 79.76%
 79.79%
 79.83%
 79.86%
 79.89%
 79.92%
 79.95%
 79.98%
 80.01%
 80.04%
 80.07%
 80.10%
 80.13%
 80.17%
 80.20%
 80.23%
 80.26%
 80.29%
 80.32%
 80.35%
 80.38%
 80.41%
 80.44%
 80.47%
 80.51%
 80.54%
 80.57%
 80.60%
 80.63%
 80.66%
 80.69%
 80.72%
 80.75%
 80.78%
 80.81%
 80.85%
 80.88%
 80.91%
 80.94%
 80.97%
 81.00%
 81.03%
 81.06%
 81.09%
 81.12%
 81.16%
 81.19%
 81.22%
 81.25%
 81.28%
 81.31%
 81.34%
 81.37%
 81.40%
 81.43%
 81.46%
 81.50%
 81.53%
 81.56%
 81.59%
 81.62%
 81.65%
 81.68%
 81.71%
 81.74%
 81.77%
 81.80%
 81.84%
 81.87%
 81.90%
 81.93%
 81.96%
 81.99%
 82.02%
 82.05%
 82.08%
 82.11%
 82.14%
 82.18%
 82.21%
 82.24%
 82.27%
 82.30%
 82.33%
 82.36%
 82.39%
 82.42%
 82.45%
 82.48%
 82.52%
 82.55%
 82.58%
 82.61%
 82.64%
 82.67%
 82.70%
 82.73%
 82.76%
 82.79%
 82.82%
 82.86%
 82.89%
 82.92%
 82.95%
 82.98%
 83.01%
 83.04%
 83.07%
 83.10%
 83.13%
 83.16%
 83.20%
 83.23%
 83.26%
 83.29%
 83.32%
 83.35%
 83.38%
 83.41%
 83.44%
 83.47%
 83.50%
 83.54%
 83.57%
 83.60%
 83.63%
 83.66%
 83.69%
 83.72%
 83.75%
 83.78%
 83.81%
 83.84%
 83.88%
 83.91%
 83.94%
 83.97%
 84.00%
 84.03%
 84.06%
 84.09%
 84.12%
 84.15%
 84.18%
 84.22%
 84.25%
 84.28%
 84.31%
 84.34%
 84.37%
 84.40%
 84.43%
 84.46%
 84.49%
 84.52%
 84.56%
 84.59%
 84.62%
 84.65%
 84.68%
 84.71%
 84.74%
 84.77%
 84.80%
 84.83%
 84.86%
 84.90%
 84.93%
 84.96%
 84.99%
 85.02%
 85.05%
 85.08%
 85.11%
 85.14%
 85.17%
 85.21%
 85.24%
 85.27%
 85.30%
 85.33%
 85.36%
 85.39%
 85.42%
 85.45%
 85.48%
 85.51%
 85.55%
 85.58%
 85.61%
 85.64%
 85.67%
 85.70%
 85.73%
 85.76%
 85.79%
 85.82%
 85.85%
 85.89%
 85.92%
 85.95%
 85.98%
 86.01%
 86.04%
 86.07%
 86.10%
 86.13%
 86.16%
 86.19%
 86.23%
 86.26%
 86.29%
 86.32%
 86.35%
 86.38%
 86.41%
 86.44%
 86.47%
 86.50%
 86.53%
 86.57%
 86.60%
 86.63%
 86.66%
 86.69%
 86.72%
 86.75%
 86.78%
 86.81%
 86.84%
 86.87%
 86.91%
 86.94%
 86.97%
 87.00%
 87.03%
 87.06%
 87.09%
 87.12%
 87.15%
 87.18%
 87.21%
 87.25%
 87.28%
 87.31%
 87.34%
 87.37%
 87.40%
 87.43%
 87.46%
 87.49%
 87.52%
 87.55%
 87.59%
 87.62%
 87.65%
 87.68%
 87.71%
 87.74%
 87.77%
 87.80%
 87.83%
 87.86%
 87.89%
 87.93%
 87.96%
 87.99%
 88.02%
 88.05%
 88.08%
 88.11%
 88.14%
 88.17%
 88.20%
 88.23%
 88.27%
 88.30%
 88.33%
 88.36%
 88.39%
 88.42%
 88.45%
 88.48%
 88.51%
 88.54%
 88.57%
 88.61%
 88.64%
 88.67%
 88.70%
 88.73%
 88.76%
 88.79%
 88.82%
 88.85%
 88.88%
 88.92%
 88.95%
 88.98%
 89.01%
 89.04%
 89.07%
 89.10%
 89.13%
 89.16%
 89.19%
 89.22%
 89.26%
 89.29%
 89.32%
 89.35%
 89.38%
 89.41%
 89.44%
 89.47%
 89.50%
 89.53%
 89.56%
 89.60%
 89.63%
 89.66%
 89.69%
 89.72%
 89.75%
 89.78%
 89.81%
 89.84%
 89.87%
 89.90%
 89.94%
 89.97%
 90.00%
 90.03%
 90.06%
 90.09%
 90.12%
 90.15%
 90.18%
 90.21%
 90.24%
 90.28%
 90.31%
 90.34%
 90.37%
 90.40%
 90.43%
 90.46%
 90.49%
 90.52%
 90.55%
 90.58%
 90.62%
 90.65%
 90.68%
 90.71%
 90.74%
 90.77%
 90.80%
 90.83%
 90.86%
 90.89%
 90.92%
 90.96%
 90.99%
 91.02%
 91.05%
 91.08%
 91.11%
 91.14%
 91.17%
 91.20%
 91.23%
 91.26%
 91.30%
 91.33%
 91.36%
 91.39%
 91.42%
 91.45%
 91.48%
 91.51%
 91.54%
 91.57%
 91.60%
 91.64%
 91.67%
 91.70%
 91.73%
 91.76%
 91.79%
 91.82%
 91.85%
 91.88%
 91.91%
 91.94%
 91.98%
 92.01%
 92.04%
 92.07%
 92.10%
 92.13%
 92.16%
 92.19%
 92.22%
 92.25%
 92.28%
 92.32%
 92.35%
 92.38%
 92.41%
 92.44%
 92.47%
 92.50%
 92.53%
 92.56%
 92.59%
 92.62%
 92.66%
 92.69%
 92.72%
 92.75%
 92.78%
 92.81%
 92.84%
 92.87%
 92.90%
 92.93%
 92.97%
 93.00%
 93.03%
 93.06%
 93.09%
 93.12%
 93.15%
 93.18%
 93.21%
 93.24%
 93.27%
 93.31%
 93.34%
 93.37%
 93.40%
 93.43%
 93.46%
 93.49%
 93.52%
 93.55%
 93.58%
 93.61%
 93.65%
 93.68%
 93.71%
 93.74%
 93.77%
 93.80%
 93.83%
 93.86%
 93.89%
 93.92%
 93.95%
 93.99%
 94.02%
 94.05%
 94.08%
 94.11%
 94.14%
 94.17%
 94.20%
 94.23%
 94.26%
 94.29%
 94.33%
 94.36%
 94.39%
 94.42%
 94.45%
 94.48%
 94.51%
 94.54%
 94.57%
 94.60%
 94.63%
 94.67%
 94.70%
 94.73%
 94.76%
 94.79%
 94.82%
 94.85%
 94.88%
 94.91%
 94.94%
 94.97%
 95.01%
 95.04%
 95.07%
 95.10%
 95.13%
 95.16%
 95.19%
 95.22%
 95.25%
 95.28%
 95.31%
 95.35%
 95.38%
 95.41%
 95.44%
 95.47%
 95.50%
 95.53%
 95.56%
 95.59%
 95.62%
 95.65%
 95.69%
 95.72%
 95.75%
 95.78%
 95.81%
 95.84%
 95.87%
 95.90%
 95.93%
 95.96%
 95.99%
 96.03%
 96.06%
 96.09%
 96.12%
 96.15%
 96.18%
 96.21%
 96.24%
 96.27%
 96.30%
 96.33%
 96.37%
 96.40%
 96.43%
 96.46%
 96.49%
 96.52%
 96.55%
 96.58%
 96.61%
 96.64%
 96.67%
 96.71%
 96.74%
 96.77%
 96.80%
 96.83%
 96.86%
 96.89%
 96.92%
 96.95%
 96.98%
 97.02%
 97.05%
 97.08%
 97.11%
 97.14%
 97.17%
 97.20%
 97.23%
 97.26%
 97.29%
 97.32%
 97.36%
 97.39%
 97.42%
 97.45%
 97.48%
 97.51%
 97.54%
 97.57%
 97.60%
 97.63%
 97.66%
 97.70%
 97.73%
 97.76%
 97.79%
 97.82%
 97.85%
 97.88%
 97.91%
 97.94%
 97.97%
 98.00%
 98.04%
 98.07%
 98.10%
 98.13%
 98.16%
 98.19%
 98.22%
 98.25%
 98.28%
 98.31%
 98.34%
 98.38%
 98.41%
 98.44%
 98.47%
 98.50%
 98.53%
 98.56%
 98.59%
 98.62%
 98.65%
 98.68%
 98.72%
 98.75%
 98.78%
 98.81%
 98.84%
 98.87%
 98.90%
 98.93%
 98.96%
 98.99%
 99.02%
 99.06%
 99.09%
 99.12%
 99.15%
 99.18%
 99.21%
 99.24%
 99.27%
 99.30%
 99.33%
 99.36%
 99.40%
 99.43%
 99.46%
 99.49%
 99.52%
 99.55%
 99.58%
 99.61%
 99.64%
 99.67%
 99.70%
 99.74%
 99.77%
 99.80%
 99.83%
 99.86%
 99.89%
 99.92%
 99.95%
 99.98%
100.00%
Real time elapsed: 6172.893 seconds
