
                                                                              < M A T L A B (R) >
                                                                    Copyright 1984-2020 The MathWorks, Inc.
                                                                    R2020b (9.9.0.1467703) 64-bit (glnxa64)
                                                                                August 26, 2020

 
To get started, type doc.
For product information, visit www.mathworks.com.
 
Resolution: 256x256
Number of packets: 50
Initial wavenumber radius: 6.000000
Time step: 0.012113
Simulation time: 666.666667
Spin-up time: 400.000000
Steps per save: 50
Steps per packet save: 5
Coriolis parameter: 3.000000
Group velocity: 1.000000
Background velocity (parameter,computed): (0.200000,0.202628)
Froude Number: 0.202628
Deformation wavenumber: 3.000000
Simulation progress:  0.00%  0.09%
  0.19%
  0.28%
  0.37%
  0.46%
  0.56%
  0.65%
  0.74%
  0.83%
  0.93%
  1.02%
  1.11%
  1.20%
  1.30%
  1.39%
  1.48%
  1.58%
  1.67%
  1.76%
  1.85%
  1.95%
  2.04%
  2.13%
  2.22%
  2.32%
  2.41%
  2.50%
  2.59%
  2.69%
  2.78%
  2.87%
  2.97%
  3.06%
  3.15%
  3.24%
  3.34%
  3.43%
  3.52%
  3.61%
  3.71%
  3.80%
  3.89%
  3.98%
  4.08%
  4.17%
  4.26%
  4.36%
  4.45%
  4.54%
  4.63%
  4.73%
  4.82%
  4.91%
  5.00%
  5.10%
  5.19%
  5.28%
  5.37%
  5.47%
  5.56%
  5.65%
  5.75%
  5.84%
  5.93%
  6.02%
  6.12%
  6.21%
  6.30%
  6.39%
  6.49%
  6.58%
  6.67%
  6.76%
  6.86%
  6.95%
  7.04%
  7.13%
  7.23%
  7.32%
  7.41%
  7.51%
  7.60%
  7.69%
  7.78%
  7.88%
  7.97%
  8.06%
  8.15%
  8.25%
  8.34%
  8.43%
  8.52%
  8.62%
  8.71%
  8.80%
  8.90%
  8.99%
  9.08%
  9.17%
  9.27%
  9.36%
  9.45%
  9.54%
  9.64%
  9.73%
  9.82%
  9.91%
 10.01%
 10.10%
 10.19%
 10.29%
 10.38%
 10.47%
 10.56%
 10.66%
 10.75%
 10.84%
 10.93%
 11.03%
 11.12%
 11.21%
 11.30%
 11.40%
 11.49%
 11.58%
 11.68%
 11.77%
 11.86%
 11.95%
 12.05%
 12.14%
 12.23%
 12.32%
 12.42%
 12.51%
 12.60%
 12.69%
 12.79%
 12.88%
 12.97%
 13.07%
 13.16%
 13.25%
 13.34%
 13.44%
 13.53%
 13.62%
 13.71%
 13.81%
 13.90%
 13.99%
 14.08%
 14.18%
 14.27%
 14.36%
 14.46%
 14.55%
 14.64%
 14.73%
 14.83%
 14.92%
 15.01%
 15.10%
 15.20%
 15.29%
 15.38%
 15.47%
 15.57%
 15.66%
 15.75%
 15.85%
 15.94%
 16.03%
 16.12%
 16.22%
 16.31%
 16.40%
 16.49%
 16.59%
 16.68%
 16.77%
 16.86%
 16.96%
 17.05%
 17.14%
 17.24%
 17.33%
 17.42%
 17.51%
 17.61%
 17.70%
 17.79%
 17.88%
 17.98%
 18.07%
 18.16%
 18.25%
 18.35%
 18.44%
 18.53%
 18.62%
 18.72%
 18.81%
 18.90%
 19.00%
 19.09%
 19.18%
 19.27%
 19.37%
 19.46%
 19.55%
 19.64%
 19.74%
 19.83%
 19.92%
 20.01%
 20.11%
 20.20%
 20.29%
 20.39%
 20.48%
 20.57%
 20.66%
 20.76%
 20.85%
 20.94%
 21.03%
 21.13%
 21.22%
 21.31%
 21.40%
 21.50%
 21.59%
 21.68%
 21.78%
 21.87%
 21.96%
 22.05%
 22.15%
 22.24%
 22.33%
 22.42%
 22.52%
 22.61%
 22.70%
 22.79%
 22.89%
 22.98%
 23.07%
 23.17%
 23.26%
 23.35%
 23.44%
 23.54%
 23.63%
 23.72%
 23.81%
 23.91%
 24.00%
 24.09%
 24.18%
 24.28%
 24.37%
 24.46%
 24.56%
 24.65%
 24.74%
 24.83%
 24.93%
 25.02%
 25.11%
 25.20%
 25.30%
 25.39%
 25.48%
 25.57%
 25.67%
 25.76%
 25.85%
 25.95%
 26.04%
 26.13%
 26.22%
 26.32%
 26.41%
 26.50%
 26.59%
 26.69%
 26.78%
 26.87%
 26.96%
 27.06%
 27.15%
 27.24%
 27.34%
 27.43%
 27.52%
 27.61%
 27.71%
 27.80%
 27.89%
 27.98%
 28.08%
 28.17%
 28.26%
 28.35%
 28.45%
 28.54%
 28.63%
 28.73%
 28.82%
 28.91%
 29.00%
 29.10%
 29.19%
 29.28%
 29.37%
 29.47%
 29.56%
 29.65%
 29.74%
 29.84%
 29.93%
 30.02%
 30.12%
 30.21%
 30.30%
 30.39%
 30.49%
 30.58%
 30.67%
 30.76%
 30.86%
 30.95%
 31.04%
 31.13%
 31.23%
 31.32%
 31.41%
 31.50%
 31.60%
 31.69%
 31.78%
 31.88%
 31.97%
 32.06%
 32.15%
 32.25%
 32.34%
 32.43%
 32.52%
 32.62%
 32.71%
 32.80%
 32.89%
 32.99%
 33.08%
 33.17%
 33.27%
 33.36%
 33.45%
 33.54%
 33.64%
 33.73%
 33.82%
 33.91%
 34.01%
 34.10%
 34.19%
 34.28%
 34.38%
 34.47%
 34.56%
 34.66%
 34.75%
 34.84%
 34.93%
 35.03%
 35.12%
 35.21%
 35.30%
 35.40%
 35.49%
 35.58%
 35.67%
 35.77%
 35.86%
 35.95%
 36.05%
 36.14%
 36.23%
 36.32%
 36.42%
 36.51%
 36.60%
 36.69%
 36.79%
 36.88%
 36.97%
 37.06%
 37.16%
 37.25%
 37.34%
 37.44%
 37.53%
 37.62%
 37.71%
 37.81%
 37.90%
 37.99%
 38.08%
 38.18%
 38.27%
 38.36%
 38.45%
 38.55%
 38.64%
 38.73%
 38.83%
 38.92%
 39.01%
 39.10%
 39.20%
 39.29%
 39.38%
 39.47%
 39.57%
 39.66%
 39.75%
 39.84%
 39.94%
 40.03%
 40.12%
 40.22%
 40.31%
 40.40%
 40.49%
 40.59%
 40.68%
 40.77%
 40.86%
 40.96%
 41.05%
 41.14%
 41.23%
 41.33%
 41.42%
 41.51%
 41.61%
 41.70%
 41.79%
 41.88%
 41.98%
 42.07%
 42.16%
 42.25%
 42.35%
 42.44%
 42.53%
 42.62%
 42.72%
 42.81%
 42.90%
 42.99%
 43.09%
 43.18%
 43.27%
 43.37%
 43.46%
 43.55%
 43.64%
 43.74%
 43.83%
 43.92%
 44.01%
 44.11%
 44.20%
 44.29%
 44.38%
 44.48%
 44.57%
 44.66%
 44.76%
 44.85%
 44.94%
 45.03%
 45.13%
 45.22%
 45.31%
 45.40%
 45.50%
 45.59%
 45.68%
 45.77%
 45.87%
 45.96%
 46.05%
 46.15%
 46.24%
 46.33%
 46.42%
 46.52%
 46.61%
 46.70%
 46.79%
 46.89%
 46.98%
 47.07%
 47.16%
 47.26%
 47.35%
 47.44%
 47.54%
 47.63%
 47.72%
 47.81%
 47.91%
 48.00%
 48.09%
 48.18%
 48.28%
 48.37%
 48.46%
 48.55%
 48.65%
 48.74%
 48.83%
 48.93%
 49.02%
 49.11%
 49.20%
 49.30%
 49.39%
 49.48%
 49.57%
 49.67%
 49.76%
 49.85%
 49.94%
 50.04%
 50.13%
 50.22%
 50.32%
 50.41%
 50.50%
 50.59%
 50.69%
 50.78%
 50.87%
 50.96%
 51.06%
 51.15%
 51.24%
 51.33%
 51.43%
 51.52%
 51.61%
 51.71%
 51.80%
 51.89%
 51.98%
 52.08%
 52.17%
 52.26%
 52.35%
 52.45%
 52.54%
 52.63%
 52.72%
 52.82%
 52.91%
 53.00%
 53.10%
 53.19%
 53.28%
 53.37%
 53.47%
 53.56%
 53.65%
 53.74%
 53.84%
 53.93%
 54.02%
 54.11%
 54.21%
 54.30%
 54.39%
 54.49%
 54.58%
 54.67%
 54.76%
 54.86%
 54.95%
 55.04%
 55.13%
 55.23%
 55.32%
 55.41%
 55.50%
 55.60%
 55.69%
 55.78%
 55.87%
 55.97%
 56.06%
 56.15%
 56.25%
 56.34%
 56.43%
 56.52%
 56.62%
 56.71%
 56.80%
 56.89%
 56.99%
 57.08%
 57.17%
 57.26%
 57.36%
 57.45%
 57.54%
 57.64%
 57.73%
 57.82%
 57.91%
 58.01%
 58.10%
 58.19%
 58.28%
 58.38%
 58.47%
 58.56%
 58.65%
 58.75%
 58.84%
 58.93%
 59.03%
 59.12%
 59.21%
 59.30%
 59.40%
 59.49%
 59.58%
 59.67%
 59.77%
 59.86%
 59.95%
 60.04%
 60.14%
 60.23%
 60.32%
 60.42%
 60.51%
 60.60%
 60.69%
 60.79%
 60.88%
 60.97%
 61.06%
 61.16%
 61.25%
 61.34%
 61.43%
 61.53%
 61.62%
 61.71%
 61.81%
 61.90%
 61.99%
 62.08%
 62.18%
 62.27%
 62.36%
 62.45%
 62.55%
 62.64%
 62.73%
 62.82%
 62.92%
 63.01%
 63.10%
 63.20%
 63.29%
 63.38%
 63.47%
 63.57%
 63.66%
 63.75%
 63.84%
 63.94%
 64.03%
 64.12%
 64.21%
 64.31%
 64.40%
 64.49%
 64.59%
 64.68%
 64.77%
 64.86%
 64.96%
 65.05%
 65.14%
 65.23%
 65.33%
 65.42%
 65.51%
 65.60%
 65.70%
 65.79%
 65.88%
 65.98%
 66.07%
 66.16%
 66.25%
 66.35%
 66.44%
 66.53%
 66.62%
 66.72%
 66.81%
 66.90%
 66.99%
 67.09%
 67.18%
 67.27%
 67.36%
 67.46%
 67.55%
 67.64%
 67.74%
 67.83%
 67.92%
 68.01%
 68.11%
 68.20%
 68.29%
 68.38%
 68.48%
 68.57%
 68.66%
 68.75%
 68.85%
 68.94%
 69.03%
 69.13%
 69.22%
 69.31%
 69.40%
 69.50%
 69.59%
 69.68%
 69.77%
 69.87%
 69.96%
 70.05%
 70.14%
 70.24%
 70.33%
 70.42%
 70.52%
 70.61%
 70.70%
 70.79%
 70.89%
 70.98%
 71.07%
 71.16%
 71.26%
 71.35%
 71.44%
 71.53%
 71.63%
 71.72%
 71.81%
 71.91%
 72.00%
 72.09%
 72.18%
 72.28%
 72.37%
 72.46%
 72.55%
 72.65%
 72.74%
 72.83%
 72.92%
 73.02%
 73.11%
 73.20%
 73.30%
 73.39%
 73.48%
 73.57%
 73.67%
 73.76%
 73.85%
 73.94%
 74.04%
 74.13%
 74.22%
 74.31%
 74.41%
 74.50%
 74.59%
 74.69%
 74.78%
 74.87%
 74.96%
 75.06%
 75.15%
 75.24%
 75.33%
 75.43%
 75.52%
 75.61%
 75.70%
 75.80%
 75.89%
 75.98%
 76.08%
 76.17%
 76.26%
 76.35%
 76.45%
 76.54%
 76.63%
 76.72%
 76.82%
 76.91%
 77.00%
 77.09%
 77.19%
 77.28%
 77.37%
 77.47%
 77.56%
 77.65%
 77.74%
 77.84%
 77.93%
 78.02%
 78.11%
 78.21%
 78.30%
 78.39%
 78.48%
 78.58%
 78.67%
 78.76%
 78.85%
 78.95%
 79.04%
 79.13%
 79.23%
 79.32%
 79.41%
 79.50%
 79.60%
 79.69%
 79.78%
 79.87%
 79.97%
 80.06%
 80.15%
 80.24%
 80.34%
 80.43%
 80.52%
 80.62%
 80.71%
 80.80%
 80.89%
 80.99%
 81.08%
 81.17%
 81.26%
 81.36%
 81.45%
 81.54%
 81.63%
 81.73%
 81.82%
 81.91%
 82.01%
 82.10%
 82.19%
 82.28%
 82.38%
 82.47%
 82.56%
 82.65%
 82.75%
 82.84%
 82.93%
 83.02%
 83.12%
 83.21%
 83.30%
 83.40%
 83.49%
 83.58%
 83.67%
 83.77%
 83.86%
 83.95%
 84.04%
 84.14%
 84.23%
 84.32%
 84.41%
 84.51%
 84.60%
 84.69%
 84.79%
 84.88%
 84.97%
 85.06%
 85.16%
 85.25%
 85.34%
 85.43%
 85.53%
 85.62%
 85.71%
 85.80%
 85.90%
 85.99%
 86.08%
 86.18%
 86.27%
 86.36%
 86.45%
 86.55%
 86.64%
 86.73%
 86.82%
 86.92%
 87.01%
 87.10%
 87.19%
 87.29%
 87.38%
 87.47%
 87.57%
 87.66%
 87.75%
 87.84%
 87.94%
 88.03%
 88.12%
 88.21%
 88.31%
 88.40%
 88.49%
 88.58%
 88.68%
 88.77%
 88.86%
 88.96%
 89.05%
 89.14%
 89.23%
 89.33%
 89.42%
 89.51%
 89.60%
 89.70%
 89.79%
 89.88%
 89.97%
 90.07%
 90.16%
 90.25%
 90.35%
 90.44%
 90.53%
 90.62%
 90.72%
 90.81%
 90.90%
 90.99%
 91.09%
 91.18%
 91.27%
 91.36%
 91.46%
 91.55%
 91.64%
 91.73%
 91.83%
 91.92%
 92.01%
 92.11%
 92.20%
 92.29%
 92.38%
 92.48%
 92.57%
 92.66%
 92.75%
 92.85%
 92.94%
 93.03%
 93.12%
 93.22%
 93.31%
 93.40%
 93.50%
 93.59%
 93.68%
 93.77%
 93.87%
 93.96%
 94.05%
 94.14%
 94.24%
 94.33%
 94.42%
 94.51%
 94.61%
 94.70%
 94.79%
 94.89%
 94.98%
 95.07%
 95.16%
 95.26%
 95.35%
 95.44%
 95.53%
 95.63%
 95.72%
 95.81%
 95.90%
 96.00%
 96.09%
 96.18%
 96.28%
 96.37%
 96.46%
 96.55%
 96.65%
 96.74%
 96.83%
 96.92%
 97.02%
 97.11%
 97.20%
 97.29%
 97.39%
 97.48%
 97.57%
 97.67%
 97.76%
 97.85%
 97.94%
 98.04%
 98.13%
 98.22%
 98.31%
 98.41%
 98.50%
 98.59%
 98.68%
 98.78%
 98.87%
 98.96%
 99.06%
 99.15%
 99.24%
 99.33%
 99.43%
 99.52%
 99.61%
 99.70%
 99.80%
 99.89%
 99.98%
100.00%
Real time elapsed: 1799.058 seconds
