
                                                                              < M A T L A B (R) >
                                                                    Copyright 1984-2020 The MathWorks, Inc.
                                                                    R2020b (9.9.0.1467703) 64-bit (glnxa64)
                                                                                August 26, 2020

 
To get started, type doc.
For product information, visit www.mathworks.com.
 
Resolution: 256x256
Number of packets: 50
Initial wavenumber radius: 6.000000
Time step: 0.024225
Simulation time: 666.666667
Spin-up time: 400.000000
Steps per save: 50
Steps per packet save: 5
Coriolis parameter: 3.000000
Group velocity: 1.000000
Background velocity (parameter,computed): (0.100000,0.101314)
Froude Number: 0.101314
Deformation wavenumber: 3.000000
Simulation progress:  0.00%  0.19%
  0.37%
  0.56%
  0.74%
  0.93%
  1.11%
  1.30%
  1.48%
  1.67%
  1.85%
  2.04%
  2.22%
  2.41%
  2.59%
  2.78%
  2.97%
  3.15%
  3.34%
  3.52%
  3.71%
  3.89%
  4.08%
  4.26%
  4.45%
  4.63%
  4.82%
  5.00%
  5.19%
  5.37%
  5.56%
  5.74%
  5.93%
  6.12%
  6.30%
  6.49%
  6.67%
  6.86%
  7.04%
  7.23%
  7.41%
  7.60%
  7.78%
  7.97%
  8.15%
  8.34%
  8.52%
  8.71%
  8.90%
  9.08%
  9.27%
  9.45%
  9.64%
  9.82%
 10.01%
 10.19%
 10.38%
 10.56%
 10.75%
 10.93%
 11.12%
 11.30%
 11.49%
 11.68%
 11.86%
 12.05%
 12.23%
 12.42%
 12.60%
 12.79%
 12.97%
 13.16%
 13.34%
 13.53%
 13.71%
 13.90%
 14.08%
 14.27%
 14.45%
 14.64%
 14.83%
 15.01%
 15.20%
 15.38%
 15.57%
 15.75%
 15.94%
 16.12%
 16.31%
 16.49%
 16.68%
 16.86%
 17.05%
 17.23%
 17.42%
 17.61%
 17.79%
 17.98%
 18.16%
 18.35%
 18.53%
 18.72%
 18.90%
 19.09%
 19.27%
 19.46%
 19.64%
 19.83%
 20.01%
 20.20%
 20.39%
 20.57%
 20.76%
 20.94%
 21.13%
 21.31%
 21.50%
 21.68%
 21.87%
 22.05%
 22.24%
 22.42%
 22.61%
 22.79%
 22.98%
 23.16%
 23.35%
 23.54%
 23.72%
 23.91%
 24.09%
 24.28%
 24.46%
 24.65%
 24.83%
 25.02%
 25.20%
 25.39%
 25.57%
 25.76%
 25.94%
 26.13%
 26.32%
 26.50%
 26.69%
 26.87%
 27.06%
 27.24%
 27.43%
 27.61%
 27.80%
 27.98%
 28.17%
 28.35%
 28.54%
 28.72%
 28.91%
 29.10%
 29.28%
 29.47%
 29.65%
 29.84%
 30.02%
 30.21%
 30.39%
 30.58%
 30.76%
 30.95%
 31.13%
 31.32%
 31.50%
 31.69%
 31.87%
 32.06%
 32.25%
 32.43%
 32.62%
 32.80%
 32.99%
 33.17%
 33.36%
 33.54%
 33.73%
 33.91%
 34.10%
 34.28%
 34.47%
 34.65%
 34.84%
 35.03%
 35.21%
 35.40%
 35.58%
 35.77%
 35.95%
 36.14%
 36.32%
 36.51%
 36.69%
 36.88%
 37.06%
 37.25%
 37.43%
 37.62%
 37.81%
 37.99%
 38.18%
 38.36%
 38.55%
 38.73%
 38.92%
 39.10%
 39.29%
 39.47%
 39.66%
 39.84%
 40.03%
 40.21%
 40.40%
 40.59%
 40.77%
 40.96%
 41.14%
 41.33%
 41.51%
 41.70%
 41.88%
 42.07%
 42.25%
 42.44%
 42.62%
 42.81%
 42.99%
 43.18%
 43.36%
 43.55%
 43.74%
 43.92%
 44.11%
 44.29%
 44.48%
 44.66%
 44.85%
 45.03%
 45.22%
 45.40%
 45.59%
 45.77%
 45.96%
 46.14%
 46.33%
 46.52%
 46.70%
 46.89%
 47.07%
 47.26%
 47.44%
 47.63%
 47.81%
 48.00%
 48.18%
 48.37%
 48.55%
 48.74%
 48.92%
 49.11%
 49.30%
 49.48%
 49.67%
 49.85%
 50.04%
 50.22%
 50.41%
 50.59%
 50.78%
 50.96%
 51.15%
 51.33%
 51.52%
 51.70%
 51.89%
 52.07%
 52.26%
 52.45%
 52.63%
 52.82%
 53.00%
 53.19%
 53.37%
 53.56%
 53.74%
 53.93%
 54.11%
 54.30%
 54.48%
 54.67%
 54.85%
 55.04%
 55.23%
 55.41%
 55.60%
 55.78%
 55.97%
 56.15%
 56.34%
 56.52%
 56.71%
 56.89%
 57.08%
 57.26%
 57.45%
 57.63%
 57.82%
 58.01%
 58.19%
 58.38%
 58.56%
 58.75%
 58.93%
 59.12%
 59.30%
 59.49%
 59.67%
 59.86%
 60.04%
 60.23%
 60.41%
 60.60%
 60.78%
 60.97%
 61.16%
 61.34%
 61.53%
 61.71%
 61.90%
 62.08%
 62.27%
 62.45%
 62.64%
 62.82%
 63.01%
 63.19%
 63.38%
 63.56%
 63.75%
 63.94%
 64.12%
 64.31%
 64.49%
 64.68%
 64.86%
 65.05%
 65.23%
 65.42%
 65.60%
 65.79%
 65.97%
 66.16%
 66.34%
 66.53%
 66.72%
 66.90%
 67.09%
 67.27%
 67.46%
 67.64%
 67.83%
 68.01%
 68.20%
 68.38%
 68.57%
 68.75%
 68.94%
 69.12%
 69.31%
 69.49%
 69.68%
 69.87%
 70.05%
 70.24%
 70.42%
 70.61%
 70.79%
 70.98%
 71.16%
 71.35%
 71.53%
 71.72%
 71.90%
 72.09%
 72.27%
 72.46%
 72.65%
 72.83%
 73.02%
 73.20%
 73.39%
 73.57%
 73.76%
 73.94%
 74.13%
 74.31%
 74.50%
 74.68%
 74.87%
 75.05%
 75.24%
 75.43%
 75.61%
 75.80%
 75.98%
 76.17%
 76.35%
 76.54%
 76.72%
 76.91%
 77.09%
 77.28%
 77.46%
 77.65%
 77.83%
 78.02%
 78.20%
 78.39%
 78.58%
 78.76%
 78.95%
 79.13%
 79.32%
 79.50%
 79.69%
 79.87%
 80.06%
 80.24%
 80.43%
 80.61%
 80.80%
 80.98%
 81.17%
 81.36%
 81.54%
 81.73%
 81.91%
 82.10%
 82.28%
 82.47%
 82.65%
 82.84%
 83.02%
 83.21%
 83.39%
 83.58%
 83.76%
 83.95%
 84.14%
 84.32%
 84.51%
 84.69%
 84.88%
 85.06%
 85.25%
 85.43%
 85.62%
 85.80%
 85.99%
 86.17%
 86.36%
 86.54%
 86.73%
 86.91%
 87.10%
 87.29%
 87.47%
 87.66%
 87.84%
 88.03%
 88.21%
 88.40%
 88.58%
 88.77%
 88.95%
 89.14%
 89.32%
 89.51%
 89.69%
 89.88%
 90.07%
 90.25%
 90.44%
 90.62%
 90.81%
 90.99%
 91.18%
 91.36%
 91.55%
 91.73%
 91.92%
 92.10%
 92.29%
 92.47%
 92.66%
 92.85%
 93.03%
 93.22%
 93.40%
 93.59%
 93.77%
 93.96%
 94.14%
 94.33%
 94.51%
 94.70%
 94.88%
 95.07%
 95.25%
 95.44%
 95.62%
 95.81%
 96.00%
 96.18%
 96.37%
 96.55%
 96.74%
 96.92%
 97.11%
 97.29%
 97.48%
 97.66%
 97.85%
 98.03%
 98.22%
 98.40%
 98.59%
 98.78%
 98.96%
 99.15%
 99.33%
 99.52%
 99.70%
 99.89%
100.00%
Real time elapsed: 689.596 seconds
