
                                                                              < M A T L A B (R) >
                                                                    Copyright 1984-2020 The MathWorks, Inc.
                                                                    R2020b (9.9.0.1467703) 64-bit (glnxa64)
                                                                                August 26, 2020

 
To get started, type doc.
For product information, visit www.mathworks.com.
 
Resolution: 256x256
Number of packets: 50
Initial wavenumber radius: 6.000000
Time step: 0.006056
Simulation time: 666.666667
Spin-up time: 400.000000
Steps per save: 50
Steps per packet save: 5
Coriolis parameter: 3.000000
Group velocity: 1.000000
Background velocity (parameter,computed): (0.400000,0.405256)
Froude Number: 0.405256
Deformation wavenumber: 3.000000
Simulation progress:  0.00%  0.05%
  0.09%
  0.14%
  0.19%
  0.23%
  0.28%
  0.32%
  0.37%
  0.42%
  0.46%
  0.51%
  0.56%
  0.60%
  0.65%
  0.69%
  0.74%
  0.79%
  0.83%
  0.88%
  0.93%
  0.97%
  1.02%
  1.07%
  1.11%
  1.16%
  1.20%
  1.25%
  1.30%
  1.34%
  1.39%
  1.44%
  1.48%
  1.53%
  1.58%
  1.62%
  1.67%
  1.71%
  1.76%
  1.81%
  1.85%
  1.90%
  1.95%
  1.99%
  2.04%
  2.08%
  2.13%
  2.18%
  2.22%
  2.27%
  2.32%
  2.36%
  2.41%
  2.46%
  2.50%
  2.55%
  2.59%
  2.64%
  2.69%
  2.73%
  2.78%
  2.83%
  2.87%
  2.92%
  2.97%
  3.01%
  3.06%
  3.10%
  3.15%
  3.20%
  3.24%
  3.29%
  3.34%
  3.38%
  3.43%
  3.47%
  3.52%
  3.57%
  3.61%
  3.66%
  3.71%
  3.75%
  3.80%
  3.85%
  3.89%
  3.94%
  3.98%
  4.03%
  4.08%
  4.12%
  4.17%
  4.22%
  4.26%
  4.31%
  4.36%
  4.40%
  4.45%
  4.49%
  4.54%
  4.59%
  4.63%
  4.68%
  4.73%
  4.77%
  4.82%
  4.86%
  4.91%
  4.96%
  5.00%
  5.05%
  5.10%
  5.14%
  5.19%
  5.24%
  5.28%
  5.33%
  5.37%
  5.42%
  5.47%
  5.51%
  5.56%
  5.61%
  5.65%
  5.70%
  5.75%
  5.79%
  5.84%
  5.88%
  5.93%
  5.98%
  6.02%
  6.07%
  6.12%
  6.16%
  6.21%
  6.25%
  6.30%
  6.35%
  6.39%
  6.44%
  6.49%
  6.53%
  6.58%
  6.63%
  6.67%
  6.72%
  6.76%
  6.81%
  6.86%
  6.90%
  6.95%
  7.00%
  7.04%
  7.09%
  7.13%
  7.18%
  7.23%
  7.27%
  7.32%
  7.37%
  7.41%
  7.46%
  7.51%
  7.55%
  7.60%
  7.64%
  7.69%
  7.74%
  7.78%
  7.83%
  7.88%
  7.92%
  7.97%
  8.02%
  8.06%
  8.11%
  8.15%
  8.20%
  8.25%
  8.29%
  8.34%
  8.39%
  8.43%
  8.48%
  8.52%
  8.57%
  8.62%
  8.66%
  8.71%
  8.76%
  8.80%
  8.85%
  8.90%
  8.94%
  8.99%
  9.03%
  9.08%
  9.13%
  9.17%
  9.22%
  9.27%
  9.31%
  9.36%
  9.41%
  9.45%
  9.50%
  9.54%
  9.59%
  9.64%
  9.68%
  9.73%
  9.78%
  9.82%
  9.87%
  9.91%
  9.96%
 10.01%
 10.05%
 10.10%
 10.15%
 10.19%
 10.24%
 10.29%
 10.33%
 10.38%
 10.42%
 10.47%
 10.52%
 10.56%
 10.61%
 10.66%
 10.70%
 10.75%
 10.80%
 10.84%
 10.89%
 10.93%
 10.98%
 11.03%
 11.07%
 11.12%
 11.17%
 11.21%
 11.26%
 11.30%
 11.35%
 11.40%
 11.44%
 11.49%
 11.54%
 11.58%
 11.63%
 11.68%
 11.72%
 11.77%
 11.81%
 11.86%
 11.91%
 11.95%
 12.00%
 12.05%
 12.09%
 12.14%
 12.18%
 12.23%
 12.28%
 12.32%
 12.37%
 12.42%
 12.46%
 12.51%
 12.56%
 12.60%
 12.65%
 12.69%
 12.74%
 12.79%
 12.83%
 12.88%
 12.93%
 12.97%
 13.02%
 13.07%
 13.11%
 13.16%
 13.20%
 13.25%
 13.30%
 13.34%
 13.39%
 13.44%
 13.48%
 13.53%
 13.57%
 13.62%
 13.67%
 13.71%
 13.76%
 13.81%
 13.85%
 13.90%
 13.95%
 13.99%
 14.04%
 14.08%
 14.13%
 14.18%
 14.22%
 14.27%
 14.32%
 14.36%
 14.41%
 14.46%
 14.50%
 14.55%
 14.59%
 14.64%
 14.69%
 14.73%
 14.78%
 14.83%
 14.87%
 14.92%
 14.96%
 15.01%
 15.06%
 15.10%
 15.15%
 15.20%
 15.24%
 15.29%
 15.34%
 15.38%
 15.43%
 15.47%
 15.52%
 15.57%
 15.61%
 15.66%
 15.71%
 15.75%
 15.80%
 15.85%
 15.89%
 15.94%
 15.98%
 16.03%
 16.08%
 16.12%
 16.17%
 16.22%
 16.26%
 16.31%
 16.35%
 16.40%
 16.45%
 16.49%
 16.54%
 16.59%
 16.63%
 16.68%
 16.73%
 16.77%
 16.82%
 16.86%
 16.91%
 16.96%
 17.00%
 17.05%
 17.10%
 17.14%
 17.19%
 17.24%
 17.28%
 17.33%
 17.37%
 17.42%
 17.47%
 17.51%
 17.56%
 17.61%
 17.65%
 17.70%
 17.74%
 17.79%
 17.84%
 17.88%
 17.93%
 17.98%
 18.02%
 18.07%
 18.12%
 18.16%
 18.21%
 18.25%
 18.30%
 18.35%
 18.39%
 18.44%
 18.49%
 18.53%
 18.58%
 18.62%
 18.67%
 18.72%
 18.76%
 18.81%
 18.86%
 18.90%
 18.95%
 19.00%
 19.04%
 19.09%
 19.13%
 19.18%
 19.23%
 19.27%
 19.32%
 19.37%
 19.41%
 19.46%
 19.51%
 19.55%
 19.60%
 19.64%
 19.69%
 19.74%
 19.78%
 19.83%
 19.88%
 19.92%
 19.97%
 20.01%
 20.06%
 20.11%
 20.15%
 20.20%
 20.25%
 20.29%
 20.34%
 20.39%
 20.43%
 20.48%
 20.52%
 20.57%
 20.62%
 20.66%
 20.71%
 20.76%
 20.80%
 20.85%
 20.90%
 20.94%
 20.99%
 21.03%
 21.08%
 21.13%
 21.17%
 21.22%
 21.27%
 21.31%
 21.36%
 21.40%
 21.45%
 21.50%
 21.54%
 21.59%
 21.64%
 21.68%
 21.73%
 21.78%
 21.82%
 21.87%
 21.91%
 21.96%
 22.01%
 22.05%
 22.10%
 22.15%
 22.19%
 22.24%
 22.29%
 22.33%
 22.38%
 22.42%
 22.47%
 22.52%
 22.56%
 22.61%
 22.66%
 22.70%
 22.75%
 22.79%
 22.84%
 22.89%
 22.93%
 22.98%
 23.03%
 23.07%
 23.12%
 23.17%
 23.21%
 23.26%
 23.30%
 23.35%
 23.40%
 23.44%
 23.49%
 23.54%
 23.58%
 23.63%
 23.68%
 23.72%
 23.77%
 23.81%
 23.86%
 23.91%
 23.95%
 24.00%
 24.05%
 24.09%
 24.14%
 24.18%
 24.23%
 24.28%
 24.32%
 24.37%
 24.42%
 24.46%
 24.51%
 24.56%
 24.60%
 24.65%
 24.69%
 24.74%
 24.79%
 24.83%
 24.88%
 24.93%
 24.97%
 25.02%
 25.06%
 25.11%
 25.16%
 25.20%
 25.25%
 25.30%
 25.34%
 25.39%
 25.44%
 25.48%
 25.53%
 25.57%
 25.62%
 25.67%
 25.71%
 25.76%
 25.81%
 25.85%
 25.90%
 25.95%
 25.99%
 26.04%
 26.08%
 26.13%
 26.18%
 26.22%
 26.27%
 26.32%
 26.36%
 26.41%
 26.45%
 26.50%
 26.55%
 26.59%
 26.64%
 26.69%
 26.73%
 26.78%
 26.83%
 26.87%
 26.92%
 26.96%
 27.01%
 27.06%
 27.10%
 27.15%
 27.20%
 27.24%
 27.29%
 27.34%
 27.38%
 27.43%
 27.47%
 27.52%
 27.57%
 27.61%
 27.66%
 27.71%
 27.75%
 27.80%
 27.84%
 27.89%
 27.94%
 27.98%
 28.03%
 28.08%
 28.12%
 28.17%
 28.22%
 28.26%
 28.31%
 28.35%
 28.40%
 28.45%
 28.49%
 28.54%
 28.59%
 28.63%
 28.68%
 28.73%
 28.77%
 28.82%
 28.86%
 28.91%
 28.96%
 29.00%
 29.05%
 29.10%
 29.14%
 29.19%
 29.23%
 29.28%
 29.33%
 29.37%
 29.42%
 29.47%
 29.51%
 29.56%
 29.61%
 29.65%
 29.70%
 29.74%
 29.79%
 29.84%
 29.88%
 29.93%
 29.98%
 30.02%
 30.07%
 30.12%
 30.16%
 30.21%
 30.25%
 30.30%
 30.35%
 30.39%
 30.44%
 30.49%
 30.53%
 30.58%
 30.62%
 30.67%
 30.72%
 30.76%
 30.81%
 30.86%
 30.90%
 30.95%
 31.00%
 31.04%
 31.09%
 31.13%
 31.18%
 31.23%
 31.27%
 31.32%
 31.37%
 31.41%
 31.46%
 31.50%
 31.55%
 31.60%
 31.64%
 31.69%
 31.74%
 31.78%
 31.83%
 31.88%
 31.92%
 31.97%
 32.01%
 32.06%
 32.11%
 32.15%
 32.20%
 32.25%
 32.29%
 32.34%
 32.39%
 32.43%
 32.48%
 32.52%
 32.57%
 32.62%
 32.66%
 32.71%
 32.76%
 32.80%
 32.85%
 32.89%
 32.94%
 32.99%
 33.03%
 33.08%
 33.13%
 33.17%
 33.22%
 33.27%
 33.31%
 33.36%
 33.40%
 33.45%
 33.50%
 33.54%
 33.59%
 33.64%
 33.68%
 33.73%
 33.78%
 33.82%
 33.87%
 33.91%
 33.96%
 34.01%
 34.05%
 34.10%
 34.15%
 34.19%
 34.24%
 34.28%
 34.33%
 34.38%
 34.42%
 34.47%
 34.52%
 34.56%
 34.61%
 34.66%
 34.70%
 34.75%
 34.79%
 34.84%
 34.89%
 34.93%
 34.98%
 35.03%
 35.07%
 35.12%
 35.17%
 35.21%
 35.26%
 35.30%
 35.35%
 35.40%
 35.44%
 35.49%
 35.54%
 35.58%
 35.63%
 35.67%
 35.72%
 35.77%
 35.81%
 35.86%
 35.91%
 35.95%
 36.00%
 36.05%
 36.09%
 36.14%
 36.18%
 36.23%
 36.28%
 36.32%
 36.37%
 36.42%
 36.46%
 36.51%
 36.55%
 36.60%
 36.65%
 36.69%
 36.74%
 36.79%
 36.83%
 36.88%
 36.93%
 36.97%
 37.02%
 37.06%
 37.11%
 37.16%
 37.20%
 37.25%
 37.30%
 37.34%
 37.39%
 37.44%
 37.48%
 37.53%
 37.57%
 37.62%
 37.67%
 37.71%
 37.76%
 37.81%
 37.85%
 37.90%
 37.94%
 37.99%
 38.04%
 38.08%
 38.13%
 38.18%
 38.22%
 38.27%
 38.32%
 38.36%
 38.41%
 38.45%
 38.50%
 38.55%
 38.59%
 38.64%
 38.69%
 38.73%
 38.78%
 38.83%
 38.87%
 38.92%
 38.96%
 39.01%
 39.06%
 39.10%
 39.15%
 39.20%
 39.24%
 39.29%
 39.33%
 39.38%
 39.43%
 39.47%
 39.52%
 39.57%
 39.61%
 39.66%
 39.71%
 39.75%
 39.80%
 39.84%
 39.89%
 39.94%
 39.98%
 40.03%
 40.08%
 40.12%
 40.17%
 40.22%
 40.26%
 40.31%
 40.35%
 40.40%
 40.45%
 40.49%
 40.54%
 40.59%
 40.63%
 40.68%
 40.72%
 40.77%
 40.82%
 40.86%
 40.91%
 40.96%
 41.00%
 41.05%
 41.10%
 41.14%
 41.19%
 41.23%
 41.28%
 41.33%
 41.37%
 41.42%
 41.47%
 41.51%
 41.56%
 41.61%
 41.65%
 41.70%
 41.74%
 41.79%
 41.84%
 41.88%
 41.93%
 41.98%
 42.02%
 42.07%
 42.11%
 42.16%
 42.21%
 42.25%
 42.30%
 42.35%
 42.39%
 42.44%
 42.49%
 42.53%
 42.58%
 42.62%
 42.67%
 42.72%
 42.76%
 42.81%
 42.86%
 42.90%
 42.95%
 42.99%
 43.04%
 43.09%
 43.13%
 43.18%
 43.23%
 43.27%
 43.32%
 43.37%
 43.41%
 43.46%
 43.50%
 43.55%
 43.60%
 43.64%
 43.69%
 43.74%
 43.78%
 43.83%
 43.88%
 43.92%
 43.97%
 44.01%
 44.06%
 44.11%
 44.15%
 44.20%
 44.25%
 44.29%
 44.34%
 44.38%
 44.43%
 44.48%
 44.52%
 44.57%
 44.62%
 44.66%
 44.71%
 44.76%
 44.80%
 44.85%
 44.89%
 44.94%
 44.99%
 45.03%
 45.08%
 45.13%
 45.17%
 45.22%
 45.27%
 45.31%
 45.36%
 45.40%
 45.45%
 45.50%
 45.54%
 45.59%
 45.64%
 45.68%
 45.73%
 45.77%
 45.82%
 45.87%
 45.91%
 45.96%
 46.01%
 46.05%
 46.10%
 46.15%
 46.19%
 46.24%
 46.28%
 46.33%
 46.38%
 46.42%
 46.47%
 46.52%
 46.56%
 46.61%
 46.66%
 46.70%
 46.75%
 46.79%
 46.84%
 46.89%
 46.93%
 46.98%
 47.03%
 47.07%
 47.12%
 47.16%
 47.21%
 47.26%
 47.30%
 47.35%
 47.40%
 47.44%
 47.49%
 47.54%
 47.58%
 47.63%
 47.67%
 47.72%
 47.77%
 47.81%
 47.86%
 47.91%
 47.95%
 48.00%
 48.05%
 48.09%
 48.14%
 48.18%
 48.23%
 48.28%
 48.32%
 48.37%
 48.42%
 48.46%
 48.51%
 48.55%
 48.60%
 48.65%
 48.69%
 48.74%
 48.79%
 48.83%
 48.88%
 48.93%
 48.97%
 49.02%
 49.06%
 49.11%
 49.16%
 49.20%
 49.25%
 49.30%
 49.34%
 49.39%
 49.43%
 49.48%
 49.53%
 49.57%
 49.62%
 49.67%
 49.71%
 49.76%
 49.81%
 49.85%
 49.90%
 49.94%
 49.99%
 50.04%
 50.08%
 50.13%
 50.18%
 50.22%
 50.27%
 50.32%
 50.36%
 50.41%
 50.45%
 50.50%
 50.55%
 50.59%
 50.64%
 50.69%
 50.73%
 50.78%
 50.82%
 50.87%
 50.92%
 50.96%
 51.01%
 51.06%
 51.10%
 51.15%
 51.20%
 51.24%
 51.29%
 51.33%
 51.38%
 51.43%
 51.47%
 51.52%
 51.57%
 51.61%
 51.66%
 51.71%
 51.75%
 51.80%
 51.84%
 51.89%
 51.94%
 51.98%
 52.03%
 52.08%
 52.12%
 52.17%
 52.21%
 52.26%
 52.31%
 52.35%
 52.40%
 52.45%
 52.49%
 52.54%
 52.59%
 52.63%
 52.68%
 52.72%
 52.77%
 52.82%
 52.86%
 52.91%
 52.96%
 53.00%
 53.05%
 53.10%
 53.14%
 53.19%
 53.23%
 53.28%
 53.33%
 53.37%
 53.42%
 53.47%
 53.51%
 53.56%
 53.60%
 53.65%
 53.70%
 53.74%
 53.79%
 53.84%
 53.88%
 53.93%
 53.98%
 54.02%
 54.07%
 54.11%
 54.16%
 54.21%
 54.25%
 54.30%
 54.35%
 54.39%
 54.44%
 54.49%
 54.53%
 54.58%
 54.62%
 54.67%
 54.72%
 54.76%
 54.81%
 54.86%
 54.90%
 54.95%
 54.99%
 55.04%
 55.09%
 55.13%
 55.18%
 55.23%
 55.27%
 55.32%
 55.37%
 55.41%
 55.46%
 55.50%
 55.55%
 55.60%
 55.64%
 55.69%
 55.74%
 55.78%
 55.83%
 55.87%
 55.92%
 55.97%
 56.01%
 56.06%
 56.11%
 56.15%
 56.20%
 56.25%
 56.29%
 56.34%
 56.38%
 56.43%
 56.48%
 56.52%
 56.57%
 56.62%
 56.66%
 56.71%
 56.76%
 56.80%
 56.85%
 56.89%
 56.94%
 56.99%
 57.03%
 57.08%
 57.13%
 57.17%
 57.22%
 57.26%
 57.31%
 57.36%
 57.40%
 57.45%
 57.50%
 57.54%
 57.59%
 57.64%
 57.68%
 57.73%
 57.77%
 57.82%
 57.87%
 57.91%
 57.96%
 58.01%
 58.05%
 58.10%
 58.15%
 58.19%
 58.24%
 58.28%
 58.33%
 58.38%
 58.42%
 58.47%
 58.52%
 58.56%
 58.61%
 58.65%
 58.70%
 58.75%
 58.79%
 58.84%
 58.89%
 58.93%
 58.98%
 59.03%
 59.07%
 59.12%
 59.16%
 59.21%
 59.26%
 59.30%
 59.35%
 59.40%
 59.44%
 59.49%
 59.54%
 59.58%
 59.63%
 59.67%
 59.72%
 59.77%
 59.81%
 59.86%
 59.91%
 59.95%
 60.00%
 60.04%
 60.09%
 60.14%
 60.18%
 60.23%
 60.28%
 60.32%
 60.37%
 60.42%
 60.46%
 60.51%
 60.55%
 60.60%
 60.65%
 60.69%
 60.74%
 60.79%
 60.83%
 60.88%
 60.92%
 60.97%
 61.02%
 61.06%
 61.11%
 61.16%
 61.20%
 61.25%
 61.30%
 61.34%
 61.39%
 61.43%
 61.48%
 61.53%
 61.57%
 61.62%
 61.67%
 61.71%
 61.76%
 61.81%
 61.85%
 61.90%
 61.94%
 61.99%
 62.04%
 62.08%
 62.13%
 62.18%
 62.22%
 62.27%
 62.31%
 62.36%
 62.41%
 62.45%
 62.50%
 62.55%
 62.59%
 62.64%
 62.69%
 62.73%
 62.78%
 62.82%
 62.87%
 62.92%
 62.96%
 63.01%
 63.06%
 63.10%
 63.15%
 63.20%
 63.24%
 63.29%
 63.33%
 63.38%
 63.43%
 63.47%
 63.52%
 63.57%
 63.61%
 63.66%
 63.70%
 63.75%
 63.80%
 63.84%
 63.89%
 63.94%
 63.98%
 64.03%
 64.08%
 64.12%
 64.17%
 64.21%
 64.26%
 64.31%
 64.35%
 64.40%
 64.45%
 64.49%
 64.54%
 64.59%
 64.63%
 64.68%
 64.72%
 64.77%
 64.82%
 64.86%
 64.91%
 64.96%
 65.00%
 65.05%
 65.09%
 65.14%
 65.19%
 65.23%
 65.28%
 65.33%
 65.37%
 65.42%
 65.47%
 65.51%
 65.56%
 65.60%
 65.65%
 65.70%
 65.74%
 65.79%
 65.84%
 65.88%
 65.93%
 65.98%
 66.02%
 66.07%
 66.11%
 66.16%
 66.21%
 66.25%
 66.30%
 66.35%
 66.39%
 66.44%
 66.48%
 66.53%
 66.58%
 66.62%
 66.67%
 66.72%
 66.76%
 66.81%
 66.86%
 66.90%
 66.95%
 66.99%
 67.04%
 67.09%
 67.13%
 67.18%
 67.23%
 67.27%
 67.32%
 67.36%
 67.41%
 67.46%
 67.50%
 67.55%
 67.60%
 67.64%
 67.69%
 67.74%
 67.78%
 67.83%
 67.87%
 67.92%
 67.97%
 68.01%
 68.06%
 68.11%
 68.15%
 68.20%
 68.25%
 68.29%
 68.34%
 68.38%
 68.43%
 68.48%
 68.52%
 68.57%
 68.62%
 68.66%
 68.71%
 68.75%
 68.80%
 68.85%
 68.89%
 68.94%
 68.99%
 69.03%
 69.08%
 69.13%
 69.17%
 69.22%
 69.26%
 69.31%
 69.36%
 69.40%
 69.45%
 69.50%
 69.54%
 69.59%
 69.64%
 69.68%
 69.73%
 69.77%
 69.82%
 69.87%
 69.91%
 69.96%
 70.01%
 70.05%
 70.10%
 70.14%
 70.19%
 70.24%
 70.28%
 70.33%
 70.38%
 70.42%
 70.47%
 70.52%
 70.56%
 70.61%
 70.65%
 70.70%
 70.75%
 70.79%
 70.84%
 70.89%
 70.93%
 70.98%
 71.03%
 71.07%
 71.12%
 71.16%
 71.21%
 71.26%
 71.30%
 71.35%
 71.40%
 71.44%
 71.49%
 71.53%
 71.58%
 71.63%
 71.67%
 71.72%
 71.77%
 71.81%
 71.86%
 71.91%
 71.95%
 72.00%
 72.04%
 72.09%
 72.14%
 72.18%
 72.23%
 72.28%
 72.32%
 72.37%
 72.42%
 72.46%
 72.51%
 72.55%
 72.60%
 72.65%
 72.69%
 72.74%
 72.79%
 72.83%
 72.88%
 72.92%
 72.97%
 73.02%
 73.06%
 73.11%
 73.16%
 73.20%
 73.25%
 73.30%
 73.34%
 73.39%
 73.43%
 73.48%
 73.53%
 73.57%
 73.62%
 73.67%
 73.71%
 73.76%
 73.80%
 73.85%
 73.90%
 73.94%
 73.99%
 74.04%
 74.08%
 74.13%
 74.18%
 74.22%
 74.27%
 74.31%
 74.36%
 74.41%
 74.45%
 74.50%
 74.55%
 74.59%
 74.64%
 74.69%
 74.73%
 74.78%
 74.82%
 74.87%
 74.92%
 74.96%
 75.01%
 75.06%
 75.10%
 75.15%
 75.19%
 75.24%
 75.29%
 75.33%
 75.38%
 75.43%
 75.47%
 75.52%
 75.57%
 75.61%
 75.66%
 75.70%
 75.75%
 75.80%
 75.84%
 75.89%
 75.94%
 75.98%
 76.03%
 76.08%
 76.12%
 76.17%
 76.21%
 76.26%
 76.31%
 76.35%
 76.40%
 76.45%
 76.49%
 76.54%
 76.58%
 76.63%
 76.68%
 76.72%
 76.77%
 76.82%
 76.86%
 76.91%
 76.96%
 77.00%
 77.05%
 77.09%
 77.14%
 77.19%
 77.23%
 77.28%
 77.33%
 77.37%
 77.42%
 77.47%
 77.51%
 77.56%
 77.60%
 77.65%
 77.70%
 77.74%
 77.79%
 77.84%
 77.88%
 77.93%
 77.97%
 78.02%
 78.07%
 78.11%
 78.16%
 78.21%
 78.25%
 78.30%
 78.35%
 78.39%
 78.44%
 78.48%
 78.53%
 78.58%
 78.62%
 78.67%
 78.72%
 78.76%
 78.81%
 78.85%
 78.90%
 78.95%
 78.99%
 79.04%
 79.09%
 79.13%
 79.18%
 79.23%
 79.27%
 79.32%
 79.36%
 79.41%
 79.46%
 79.50%
 79.55%
 79.60%
 79.64%
 79.69%
 79.74%
 79.78%
 79.83%
 79.87%
 79.92%
 79.97%
 80.01%
 80.06%
 80.11%
 80.15%
 80.20%
 80.24%
 80.29%
 80.34%
 80.38%
 80.43%
 80.48%
 80.52%
 80.57%
 80.62%
 80.66%
 80.71%
 80.75%
 80.80%
 80.85%
 80.89%
 80.94%
 80.99%
 81.03%
 81.08%
 81.13%
 81.17%
 81.22%
 81.26%
 81.31%
 81.36%
 81.40%
 81.45%
 81.50%
 81.54%
 81.59%
 81.63%
 81.68%
 81.73%
 81.77%
 81.82%
 81.87%
 81.91%
 81.96%
 82.01%
 82.05%
 82.10%
 82.14%
 82.19%
 82.24%
 82.28%
 82.33%
 82.38%
 82.42%
 82.47%
 82.52%
 82.56%
 82.61%
 82.65%
 82.70%
 82.75%
 82.79%
 82.84%
 82.89%
 82.93%
 82.98%
 83.02%
 83.07%
 83.12%
 83.16%
 83.21%
 83.26%
 83.30%
 83.35%
 83.40%
 83.44%
 83.49%
 83.53%
 83.58%
 83.63%
 83.67%
 83.72%
 83.77%
 83.81%
 83.86%
 83.91%
 83.95%
 84.00%
 84.04%
 84.09%
 84.14%
 84.18%
 84.23%
 84.28%
 84.32%
 84.37%
 84.41%
 84.46%
 84.51%
 84.55%
 84.60%
 84.65%
 84.69%
 84.74%
 84.79%
 84.83%
 84.88%
 84.92%
 84.97%
 85.02%
 85.06%
 85.11%
 85.16%
 85.20%
 85.25%
 85.29%
 85.34%
 85.39%
 85.43%
 85.48%
 85.53%
 85.57%
 85.62%
 85.67%
 85.71%
 85.76%
 85.80%
 85.85%
 85.90%
 85.94%
 85.99%
 86.04%
 86.08%
 86.13%
 86.18%
 86.22%
 86.27%
 86.31%
 86.36%
 86.41%
 86.45%
 86.50%
 86.55%
 86.59%
 86.64%
 86.68%
 86.73%
 86.78%
 86.82%
 86.87%
 86.92%
 86.96%
 87.01%
 87.06%
 87.10%
 87.15%
 87.19%
 87.24%
 87.29%
 87.33%
 87.38%
 87.43%
 87.47%
 87.52%
 87.57%
 87.61%
 87.66%
 87.70%
 87.75%
 87.80%
 87.84%
 87.89%
 87.94%
 87.98%
 88.03%
 88.07%
 88.12%
 88.17%
 88.21%
 88.26%
 88.31%
 88.35%
 88.40%
 88.45%
 88.49%
 88.54%
 88.58%
 88.63%
 88.68%
 88.72%
 88.77%
 88.82%
 88.86%
 88.91%
 88.96%
 89.00%
 89.05%
 89.09%
 89.14%
 89.19%
 89.23%
 89.28%
 89.33%
 89.37%
 89.42%
 89.46%
 89.51%
 89.56%
 89.60%
 89.65%
 89.70%
 89.74%
 89.79%
 89.84%
 89.88%
 89.93%
 89.97%
 90.02%
 90.07%
 90.11%
 90.16%
 90.21%
 90.25%
 90.30%
 90.35%
 90.39%
 90.44%
 90.48%
 90.53%
 90.58%
 90.62%
 90.67%
 90.72%
 90.76%
 90.81%
 90.85%
 90.90%
 90.95%
 90.99%
 91.04%
 91.09%
 91.13%
 91.18%
 91.23%
 91.27%
 91.32%
 91.36%
 91.41%
 91.46%
 91.50%
 91.55%
 91.60%
 91.64%
 91.69%
 91.73%
 91.78%
 91.83%
 91.87%
 91.92%
 91.97%
 92.01%
 92.06%
 92.11%
 92.15%
 92.20%
 92.24%
 92.29%
 92.34%
 92.38%
 92.43%
 92.48%
 92.52%
 92.57%
 92.62%
 92.66%
 92.71%
 92.75%
 92.80%
 92.85%
 92.89%
 92.94%
 92.99%
 93.03%
 93.08%
 93.12%
 93.17%
 93.22%
 93.26%
 93.31%
 93.36%
 93.40%
 93.45%
 93.50%
 93.54%
 93.59%
 93.63%
 93.68%
 93.73%
 93.77%
 93.82%
 93.87%
 93.91%
 93.96%
 94.01%
 94.05%
 94.10%
 94.14%
 94.19%
 94.24%
 94.28%
 94.33%
 94.38%
 94.42%
 94.47%
 94.51%
 94.56%
 94.61%
 94.65%
 94.70%
 94.75%
 94.79%
 94.84%
 94.89%
 94.93%
 94.98%
 95.02%
 95.07%
 95.12%
 95.16%
 95.21%
 95.26%
 95.30%
 95.35%
 95.40%
 95.44%
 95.49%
 95.53%
 95.58%
 95.63%
 95.67%
 95.72%
 95.77%
 95.81%
 95.86%
 95.90%
 95.95%
 96.00%
 96.04%
 96.09%
 96.14%
 96.18%
 96.23%
 96.28%
 96.32%
 96.37%
 96.41%
 96.46%
 96.51%
 96.55%
 96.60%
 96.65%
 96.69%
 96.74%
 96.79%
 96.83%
 96.88%
 96.92%
 96.97%
 97.02%
 97.06%
 97.11%
 97.16%
 97.20%
 97.25%
 97.29%
 97.34%
 97.39%
 97.43%
 97.48%
 97.53%
 97.57%
 97.62%
 97.67%
 97.71%
 97.76%
 97.80%
 97.85%
 97.90%
 97.94%
 97.99%
 98.04%
 98.08%
 98.13%
 98.17%
 98.22%
 98.27%
 98.31%
 98.36%
 98.41%
 98.45%
 98.50%
 98.55%
 98.59%
 98.64%
 98.68%
 98.73%
 98.78%
 98.82%
 98.87%
 98.92%
 98.96%
 99.01%
 99.06%
 99.10%
 99.15%
 99.19%
 99.24%
 99.29%
 99.33%
 99.38%
 99.43%
 99.47%
 99.52%
 99.56%
 99.61%
 99.66%
 99.70%
 99.75%
 99.80%
 99.84%
 99.89%
 99.94%
 99.98%
100.00%
Real time elapsed: 3028.958 seconds
