
                                                                              < M A T L A B (R) >
                                                                    Copyright 1984-2020 The MathWorks, Inc.
                                                                    R2020b (9.9.0.1467703) 64-bit (glnxa64)
                                                                                August 26, 2020

 
To get started, type doc.
For product information, visit www.mathworks.com.
 
Resolution: 256x256
Number of packets: 50
Initial wavenumber radius: 6.000000
Time step: 0.002692
Simulation time: 666.666667
Spin-up time: 400.000000
Steps per save: 50
Steps per packet save: 5
Coriolis parameter: 3.000000
Group velocity: 1.000000
Background velocity (parameter,computed): (0.900000,0.911826)
Froude Number: 0.911826
Deformation wavenumber: 3.000000
Simulation progress:  0.00%  0.02%
  0.04%
  0.06%
  0.08%
  0.10%
  0.12%
  0.14%
  0.16%
  0.19%
  0.21%
  0.23%
  0.25%
  0.27%
  0.29%
  0.31%
  0.33%
  0.35%
  0.37%
  0.39%
  0.41%
  0.43%
  0.45%
  0.47%
  0.49%
  0.51%
  0.54%
  0.56%
  0.58%
  0.60%
  0.62%
  0.64%
  0.66%
  0.68%
  0.70%
  0.72%
  0.74%
  0.76%
  0.78%
  0.80%
  0.82%
  0.84%
  0.86%
  0.89%
  0.91%
  0.93%
  0.95%
  0.97%
  0.99%
  1.01%
  1.03%
  1.05%
  1.07%
  1.09%
  1.11%
  1.13%
  1.15%
  1.17%
  1.19%
  1.21%
  1.24%
  1.26%
  1.28%
  1.30%
  1.32%
  1.34%
  1.36%
  1.38%
  1.40%
  1.42%
  1.44%
  1.46%
  1.48%
  1.50%
  1.52%
  1.54%
  1.56%
  1.59%
  1.61%
  1.63%
  1.65%
  1.67%
  1.69%
  1.71%
  1.73%
  1.75%
  1.77%
  1.79%
  1.81%
  1.83%
  1.85%
  1.87%
  1.89%
  1.92%
  1.94%
  1.96%
  1.98%
  2.00%
  2.02%
  2.04%
  2.06%
  2.08%
  2.10%
  2.12%
  2.14%
  2.16%
  2.18%
  2.20%
  2.22%
  2.24%
  2.27%
  2.29%
  2.31%
  2.33%
  2.35%
  2.37%
  2.39%
  2.41%
  2.43%
  2.45%
  2.47%
  2.49%
  2.51%
  2.53%
  2.55%
  2.57%
  2.59%
  2.62%
  2.64%
  2.66%
  2.68%
  2.70%
  2.72%
  2.74%
  2.76%
  2.78%
  2.80%
  2.82%
  2.84%
  2.86%
  2.88%
  2.90%
  2.92%
  2.94%
  2.97%
  2.99%
  3.01%
  3.03%
  3.05%
  3.07%
  3.09%
  3.11%
  3.13%
  3.15%
  3.17%
  3.19%
  3.21%
  3.23%
  3.25%
  3.27%
  3.29%
  3.32%
  3.34%
  3.36%
  3.38%
  3.40%
  3.42%
  3.44%
  3.46%
  3.48%
  3.50%
  3.52%
  3.54%
  3.56%
  3.58%
  3.60%
  3.62%
  3.64%
  3.67%
  3.69%
  3.71%
  3.73%
  3.75%
  3.77%
  3.79%
  3.81%
  3.83%
  3.85%
  3.87%
  3.89%
  3.91%
  3.93%
  3.95%
  3.97%
  3.99%
  4.02%
  4.04%
  4.06%
  4.08%
  4.10%
  4.12%
  4.14%
  4.16%
  4.18%
  4.20%
  4.22%
  4.24%
  4.26%
  4.28%
  4.30%
  4.32%
  4.34%
  4.37%
  4.39%
  4.41%
  4.43%
  4.45%
  4.47%
  4.49%
  4.51%
  4.53%
  4.55%
  4.57%
  4.59%
  4.61%
  4.63%
  4.65%
  4.67%
  4.69%
  4.72%
  4.74%
  4.76%
  4.78%
  4.80%
  4.82%
  4.84%
  4.86%
  4.88%
  4.90%
  4.92%
  4.94%
  4.96%
  4.98%
  5.00%
  5.02%
  5.04%
  5.07%
  5.09%
  5.11%
  5.13%
  5.15%
  5.17%
  5.19%
  5.21%
  5.23%
  5.25%
  5.27%
  5.29%
  5.31%
  5.33%
  5.35%
  5.37%
  5.39%
  5.42%
  5.44%
  5.46%
  5.48%
  5.50%
  5.52%
  5.54%
  5.56%
  5.58%
  5.60%
  5.62%
  5.64%
  5.66%
  5.68%
  5.70%
  5.72%
  5.75%
  5.77%
  5.79%
  5.81%
  5.83%
  5.85%
  5.87%
  5.89%
  5.91%
  5.93%
  5.95%
  5.97%
  5.99%
  6.01%
  6.03%
  6.05%
  6.07%
  6.10%
  6.12%
  6.14%
  6.16%
  6.18%
  6.20%
  6.22%
  6.24%
  6.26%
  6.28%
  6.30%
  6.32%
  6.34%
  6.36%
  6.38%
  6.40%
  6.42%
  6.45%
  6.47%
  6.49%
  6.51%
  6.53%
  6.55%
  6.57%
  6.59%
  6.61%
  6.63%
  6.65%
  6.67%
  6.69%
  6.71%
  6.73%
  6.75%
  6.77%
  6.80%
  6.82%
  6.84%
  6.86%
  6.88%
  6.90%
  6.92%
  6.94%
  6.96%
  6.98%
  7.00%
  7.02%
  7.04%
  7.06%
  7.08%
  7.10%
  7.12%
  7.15%
  7.17%
  7.19%
  7.21%
  7.23%
  7.25%
  7.27%
  7.29%
  7.31%
  7.33%
  7.35%
  7.37%
  7.39%
  7.41%
  7.43%
  7.45%
  7.47%
  7.50%
  7.52%
  7.54%
  7.56%
  7.58%
  7.60%
  7.62%
  7.64%
  7.66%
  7.68%
  7.70%
  7.72%
  7.74%
  7.76%
  7.78%
  7.80%
  7.82%
  7.85%
  7.87%
  7.89%
  7.91%
  7.93%
  7.95%
  7.97%
  7.99%
  8.01%
  8.03%
  8.05%
  8.07%
  8.09%
  8.11%
  8.13%
  8.15%
  8.17%
  8.20%
  8.22%
  8.24%
  8.26%
  8.28%
  8.30%
  8.32%
  8.34%
  8.36%
  8.38%
  8.40%
  8.42%
  8.44%
  8.46%
  8.48%
  8.50%
  8.52%
  8.55%
  8.57%
  8.59%
  8.61%
  8.63%
  8.65%
  8.67%
  8.69%
  8.71%
  8.73%
  8.75%
  8.77%
  8.79%
  8.81%
  8.83%
  8.85%
  8.87%
  8.90%
  8.92%
  8.94%
  8.96%
  8.98%
  9.00%
  9.02%
  9.04%
  9.06%
  9.08%
  9.10%
  9.12%
  9.14%
  9.16%
  9.18%
  9.20%
  9.22%
  9.25%
  9.27%
  9.29%
  9.31%
  9.33%
  9.35%
  9.37%
  9.39%
  9.41%
  9.43%
  9.45%
  9.47%
  9.49%
  9.51%
  9.53%
  9.55%
  9.58%
  9.60%
  9.62%
  9.64%
  9.66%
  9.68%
  9.70%
  9.72%
  9.74%
  9.76%
  9.78%
  9.80%
  9.82%
  9.84%
  9.86%
  9.88%
  9.90%
  9.93%
  9.95%
  9.97%
  9.99%
 10.01%
 10.03%
 10.05%
 10.07%
 10.09%
 10.11%
 10.13%
 10.15%
 10.17%
 10.19%
 10.21%
 10.23%
 10.25%
 10.28%
 10.30%
 10.32%
 10.34%
 10.36%
 10.38%
 10.40%
 10.42%
 10.44%
 10.46%
 10.48%
 10.50%
 10.52%
 10.54%
 10.56%
 10.58%
 10.60%
 10.63%
 10.65%
 10.67%
 10.69%
 10.71%
 10.73%
 10.75%
 10.77%
 10.79%
 10.81%
 10.83%
 10.85%
 10.87%
 10.89%
 10.91%
 10.93%
 10.95%
 10.98%
 11.00%
 11.02%
 11.04%
 11.06%
 11.08%
 11.10%
 11.12%
 11.14%
 11.16%
 11.18%
 11.20%
 11.22%
 11.24%
 11.26%
 11.28%
 11.30%
 11.33%
 11.35%
 11.37%
 11.39%
 11.41%
 11.43%
 11.45%
 11.47%
 11.49%
 11.51%
 11.53%
 11.55%
 11.57%
 11.59%
 11.61%
 11.63%
 11.65%
 11.68%
 11.70%
 11.72%
 11.74%
 11.76%
 11.78%
 11.80%
 11.82%
 11.84%
 11.86%
 11.88%
 11.90%
 11.92%
 11.94%
 11.96%
 11.98%
 12.00%
 12.03%
 12.05%
 12.07%
 12.09%
 12.11%
 12.13%
 12.15%
 12.17%
 12.19%
 12.21%
 12.23%
 12.25%
 12.27%
 12.29%
 12.31%
 12.33%
 12.35%
 12.38%
 12.40%
 12.42%
 12.44%
 12.46%
 12.48%
 12.50%
 12.52%
 12.54%
 12.56%
 12.58%
 12.60%
 12.62%
 12.64%
 12.66%
 12.68%
 12.70%
 12.73%
 12.75%
 12.77%
 12.79%
 12.81%
 12.83%
 12.85%
 12.87%
 12.89%
 12.91%
 12.93%
 12.95%
 12.97%
 12.99%
 13.01%
 13.03%
 13.06%
 13.08%
 13.10%
 13.12%
 13.14%
 13.16%
 13.18%
 13.20%
 13.22%
 13.24%
 13.26%
 13.28%
 13.30%
 13.32%
 13.34%
 13.36%
 13.38%
 13.41%
 13.43%
 13.45%
 13.47%
 13.49%
 13.51%
 13.53%
 13.55%
 13.57%
 13.59%
 13.61%
 13.63%
 13.65%
 13.67%
 13.69%
 13.71%
 13.73%
 13.76%
 13.78%
 13.80%
 13.82%
 13.84%
 13.86%
 13.88%
 13.90%
 13.92%
 13.94%
 13.96%
 13.98%
 14.00%
 14.02%
 14.04%
 14.06%
 14.08%
 14.11%
 14.13%
 14.15%
 14.17%
 14.19%
 14.21%
 14.23%
 14.25%
 14.27%
 14.29%
 14.31%
 14.33%
 14.35%
 14.37%
 14.39%
 14.41%
 14.43%
 14.46%
 14.48%
 14.50%
 14.52%
 14.54%
 14.56%
 14.58%
 14.60%
 14.62%
 14.64%
 14.66%
 14.68%
 14.70%
 14.72%
 14.74%
 14.76%
 14.78%
 14.81%
 14.83%
 14.85%
 14.87%
 14.89%
 14.91%
 14.93%
 14.95%
 14.97%
 14.99%
 15.01%
 15.03%
 15.05%
 15.07%
 15.09%
 15.11%
 15.13%
 15.16%
 15.18%
 15.20%
 15.22%
 15.24%
 15.26%
 15.28%
 15.30%
 15.32%
 15.34%
 15.36%
 15.38%
 15.40%
 15.42%
 15.44%
 15.46%
 15.48%
 15.51%
 15.53%
 15.55%
 15.57%
 15.59%
 15.61%
 15.63%
 15.65%
 15.67%
 15.69%
 15.71%
 15.73%
 15.75%
 15.77%
 15.79%
 15.81%
 15.83%
 15.86%
 15.88%
 15.90%
 15.92%
 15.94%
 15.96%
 15.98%
 16.00%
 16.02%
 16.04%
 16.06%
 16.08%
 16.10%
 16.12%
 16.14%
 16.16%
 16.18%
 16.21%
 16.23%
 16.25%
 16.27%
 16.29%
 16.31%
 16.33%
 16.35%
 16.37%
 16.39%
 16.41%
 16.43%
 16.45%
 16.47%
 16.49%
 16.51%
 16.53%
 16.56%
 16.58%
 16.60%
 16.62%
 16.64%
 16.66%
 16.68%
 16.70%
 16.72%
 16.74%
 16.76%
 16.78%
 16.80%
 16.82%
 16.84%
 16.86%
 16.89%
 16.91%
 16.93%
 16.95%
 16.97%
 16.99%
 17.01%
 17.03%
 17.05%
 17.07%
 17.09%
 17.11%
 17.13%
 17.15%
 17.17%
 17.19%
 17.21%
 17.24%
 17.26%
 17.28%
 17.30%
 17.32%
 17.34%
 17.36%
 17.38%
 17.40%
 17.42%
 17.44%
 17.46%
 17.48%
 17.50%
 17.52%
 17.54%
 17.56%
 17.59%
 17.61%
 17.63%
 17.65%
 17.67%
 17.69%
 17.71%
 17.73%
 17.75%
 17.77%
 17.79%
 17.81%
 17.83%
 17.85%
 17.87%
 17.89%
 17.91%
 17.94%
 17.96%
 17.98%
 18.00%
 18.02%
 18.04%
 18.06%
 18.08%
 18.10%
 18.12%
 18.14%
 18.16%
 18.18%
 18.20%
 18.22%
 18.24%
 18.26%
 18.29%
 18.31%
 18.33%
 18.35%
 18.37%
 18.39%
 18.41%
 18.43%
 18.45%
 18.47%
 18.49%
 18.51%
 18.53%
 18.55%
 18.57%
 18.59%
 18.61%
 18.64%
 18.66%
 18.68%
 18.70%
 18.72%
 18.74%
 18.76%
 18.78%
 18.80%
 18.82%
 18.84%
 18.86%
 18.88%
 18.90%
 18.92%
 18.94%
 18.96%
 18.99%
 19.01%
 19.03%
 19.05%
 19.07%
 19.09%
 19.11%
 19.13%
 19.15%
 19.17%
 19.19%
 19.21%
 19.23%
 19.25%
 19.27%
 19.29%
 19.31%
 19.34%
 19.36%
 19.38%
 19.40%
 19.42%
 19.44%
 19.46%
 19.48%
 19.50%
 19.52%
 19.54%
 19.56%
 19.58%
 19.60%
 19.62%
 19.64%
 19.66%
 19.69%
 19.71%
 19.73%
 19.75%
 19.77%
 19.79%
 19.81%
 19.83%
 19.85%
 19.87%
 19.89%
 19.91%
 19.93%
 19.95%
 19.97%
 19.99%
 20.01%
 20.04%
 20.06%
 20.08%
 20.10%
 20.12%
 20.14%
 20.16%
 20.18%
 20.20%
 20.22%
 20.24%
 20.26%
 20.28%
 20.30%
 20.32%
 20.34%
 20.36%
 20.39%
 20.41%
 20.43%
 20.45%
 20.47%
 20.49%
 20.51%
 20.53%
 20.55%
 20.57%
 20.59%
 20.61%
 20.63%
 20.65%
 20.67%
 20.69%
 20.72%
 20.74%
 20.76%
 20.78%
 20.80%
 20.82%
 20.84%
 20.86%
 20.88%
 20.90%
 20.92%
 20.94%
 20.96%
 20.98%
 21.00%
 21.02%
 21.04%
 21.07%
 21.09%
 21.11%
 21.13%
 21.15%
 21.17%
 21.19%
 21.21%
 21.23%
 21.25%
 21.27%
 21.29%
 21.31%
 21.33%
 21.35%
 21.37%
 21.39%
 21.42%
 21.44%
 21.46%
 21.48%
 21.50%
 21.52%
 21.54%
 21.56%
 21.58%
 21.60%
 21.62%
 21.64%
 21.66%
 21.68%
 21.70%
 21.72%
 21.74%
 21.77%
 21.79%
 21.81%
 21.83%
 21.85%
 21.87%
 21.89%
 21.91%
 21.93%
 21.95%
 21.97%
 21.99%
 22.01%
 22.03%
 22.05%
 22.07%
 22.09%
 22.12%
 22.14%
 22.16%
 22.18%
 22.20%
 22.22%
 22.24%
 22.26%
 22.28%
 22.30%
 22.32%
 22.34%
 22.36%
 22.38%
 22.40%
 22.42%
 22.44%
 22.47%
 22.49%
 22.51%
 22.53%
 22.55%
 22.57%
 22.59%
 22.61%
 22.63%
 22.65%
 22.67%
 22.69%
 22.71%
 22.73%
 22.75%
 22.77%
 22.79%
 22.82%
 22.84%
 22.86%
 22.88%
 22.90%
 22.92%
 22.94%
 22.96%
 22.98%
 23.00%
 23.02%
 23.04%
 23.06%
 23.08%
 23.10%
 23.12%
 23.14%
 23.17%
 23.19%
 23.21%
 23.23%
 23.25%
 23.27%
 23.29%
 23.31%
 23.33%
 23.35%
 23.37%
 23.39%
 23.41%
 23.43%
 23.45%
 23.47%
 23.49%
 23.52%
 23.54%
 23.56%
 23.58%
 23.60%
 23.62%
 23.64%
 23.66%
 23.68%
 23.70%
 23.72%
 23.74%
 23.76%
 23.78%
 23.80%
 23.82%
 23.84%
 23.87%
 23.89%
 23.91%
 23.93%
 23.95%
 23.97%
 23.99%
 24.01%
 24.03%
 24.05%
 24.07%
 24.09%
 24.11%
 24.13%
 24.15%
 24.17%
 24.20%
 24.22%
 24.24%
 24.26%
 24.28%
 24.30%
 24.32%
 24.34%
 24.36%
 24.38%
 24.40%
 24.42%
 24.44%
 24.46%
 24.48%
 24.50%
 24.52%
 24.55%
 24.57%
 24.59%
 24.61%
 24.63%
 24.65%
 24.67%
 24.69%
 24.71%
 24.73%
 24.75%
 24.77%
 24.79%
 24.81%
 24.83%
 24.85%
 24.87%
 24.90%
 24.92%
 24.94%
 24.96%
 24.98%
 25.00%
 25.02%
 25.04%
 25.06%
 25.08%
 25.10%
 25.12%
 25.14%
 25.16%
 25.18%
 25.20%
 25.22%
 25.25%
 25.27%
 25.29%
 25.31%
 25.33%
 25.35%
 25.37%
 25.39%
 25.41%
 25.43%
 25.45%
 25.47%
 25.49%
 25.51%
 25.53%
 25.55%
 25.57%
 25.60%
 25.62%
 25.64%
 25.66%
 25.68%
 25.70%
 25.72%
 25.74%
 25.76%
 25.78%
 25.80%
 25.82%
 25.84%
 25.86%
 25.88%
 25.90%
 25.92%
 25.95%
 25.97%
 25.99%
 26.01%
 26.03%
 26.05%
 26.07%
 26.09%
 26.11%
 26.13%
 26.15%
 26.17%
 26.19%
 26.21%
 26.23%
 26.25%
 26.27%
 26.30%
 26.32%
 26.34%
 26.36%
 26.38%
 26.40%
 26.42%
 26.44%
 26.46%
 26.48%
 26.50%
 26.52%
 26.54%
 26.56%
 26.58%
 26.60%
 26.62%
 26.65%
 26.67%
 26.69%
 26.71%
 26.73%
 26.75%
 26.77%
 26.79%
 26.81%
 26.83%
 26.85%
 26.87%
 26.89%
 26.91%
 26.93%
 26.95%
 26.97%
 27.00%
 27.02%
 27.04%
 27.06%
 27.08%
 27.10%
 27.12%
 27.14%
 27.16%
 27.18%
 27.20%
 27.22%
 27.24%
 27.26%
 27.28%
 27.30%
 27.32%
 27.35%
 27.37%
 27.39%
 27.41%
 27.43%
 27.45%
 27.47%
 27.49%
 27.51%
 27.53%
 27.55%
 27.57%
 27.59%
 27.61%
 27.63%
 27.65%
 27.67%
 27.70%
 27.72%
 27.74%
 27.76%
 27.78%
 27.80%
 27.82%
 27.84%
 27.86%
 27.88%
 27.90%
 27.92%
 27.94%
 27.96%
 27.98%
 28.00%
 28.03%
 28.05%
 28.07%
 28.09%
 28.11%
 28.13%
 28.15%
 28.17%
 28.19%
 28.21%
 28.23%
 28.25%
 28.27%
 28.29%
 28.31%
 28.33%
 28.35%
 28.38%
 28.40%
 28.42%
 28.44%
 28.46%
 28.48%
 28.50%
 28.52%
 28.54%
 28.56%
 28.58%
 28.60%
 28.62%
 28.64%
 28.66%
 28.68%
 28.70%
 28.73%
 28.75%
 28.77%
 28.79%
 28.81%
 28.83%
 28.85%
 28.87%
 28.89%
 28.91%
 28.93%
 28.95%
 28.97%
 28.99%
 29.01%
 29.03%
 29.05%
 29.08%
 29.10%
 29.12%
 29.14%
 29.16%
 29.18%
 29.20%
 29.22%
 29.24%
 29.26%
 29.28%
 29.30%
 29.32%
 29.34%
 29.36%
 29.38%
 29.40%
 29.43%
 29.45%
 29.47%
 29.49%
 29.51%
 29.53%
 29.55%
 29.57%
 29.59%
 29.61%
 29.63%
 29.65%
 29.67%
 29.69%
 29.71%
 29.73%
 29.75%
 29.78%
 29.80%
 29.82%
 29.84%
 29.86%
 29.88%
 29.90%
 29.92%
 29.94%
 29.96%
 29.98%
 30.00%
 30.02%
 30.04%
 30.06%
 30.08%
 30.10%
 30.13%
 30.15%
 30.17%
 30.19%
 30.21%
 30.23%
 30.25%
 30.27%
 30.29%
 30.31%
 30.33%
 30.35%
 30.37%
 30.39%
 30.41%
 30.43%
 30.45%
 30.48%
 30.50%
 30.52%
 30.54%
 30.56%
 30.58%
 30.60%
 30.62%
 30.64%
 30.66%
 30.68%
 30.70%
 30.72%
 30.74%
 30.76%
 30.78%
 30.80%
 30.83%
 30.85%
 30.87%
 30.89%
 30.91%
 30.93%
 30.95%
 30.97%
 30.99%
 31.01%
 31.03%
 31.05%
 31.07%
 31.09%
 31.11%
 31.13%
 31.15%
 31.18%
 31.20%
 31.22%
 31.24%
 31.26%
 31.28%
 31.30%
 31.32%
 31.34%
 31.36%
 31.38%
 31.40%
 31.42%
 31.44%
 31.46%
 31.48%
 31.50%
 31.53%
 31.55%
 31.57%
 31.59%
 31.61%
 31.63%
 31.65%
 31.67%
 31.69%
 31.71%
 31.73%
 31.75%
 31.77%
 31.79%
 31.81%
 31.83%
 31.86%
 31.88%
 31.90%
 31.92%
 31.94%
 31.96%
 31.98%
 32.00%
 32.02%
 32.04%
 32.06%
 32.08%
 32.10%
 32.12%
 32.14%
 32.16%
 32.18%
 32.21%
 32.23%
 32.25%
 32.27%
 32.29%
 32.31%
 32.33%
 32.35%
 32.37%
 32.39%
 32.41%
 32.43%
 32.45%
 32.47%
 32.49%
 32.51%
 32.53%
 32.56%
 32.58%
 32.60%
 32.62%
 32.64%
 32.66%
 32.68%
 32.70%
 32.72%
 32.74%
 32.76%
 32.78%
 32.80%
 32.82%
 32.84%
 32.86%
 32.88%
 32.91%
 32.93%
 32.95%
 32.97%
 32.99%
 33.01%
 33.03%
 33.05%
 33.07%
 33.09%
 33.11%
 33.13%
 33.15%
 33.17%
 33.19%
 33.21%
 33.23%
 33.26%
 33.28%
 33.30%
 33.32%
 33.34%
 33.36%
 33.38%
 33.40%
 33.42%
 33.44%
 33.46%
 33.48%
 33.50%
 33.52%
 33.54%
 33.56%
 33.58%
 33.61%
 33.63%
 33.65%
 33.67%
 33.69%
 33.71%
 33.73%
 33.75%
 33.77%
 33.79%
 33.81%
 33.83%
 33.85%
 33.87%
 33.89%
 33.91%
 33.93%
 33.96%
 33.98%
 34.00%
 34.02%
 34.04%
 34.06%
 34.08%
 34.10%
 34.12%
 34.14%
 34.16%
 34.18%
 34.20%
 34.22%
 34.24%
 34.26%
 34.28%
 34.31%
 34.33%
 34.35%
 34.37%
 34.39%
 34.41%
 34.43%
 34.45%
 34.47%
 34.49%
 34.51%
 34.53%
 34.55%
 34.57%
 34.59%
 34.61%
 34.63%
 34.66%
 34.68%
 34.70%
 34.72%
 34.74%
 34.76%
 34.78%
 34.80%
 34.82%
 34.84%
 34.86%
 34.88%
 34.90%
 34.92%
 34.94%
 34.96%
 34.98%
 35.01%
 35.03%
 35.05%
 35.07%
 35.09%
 35.11%
 35.13%
 35.15%
 35.17%
 35.19%
 35.21%
 35.23%
 35.25%
 35.27%
 35.29%
 35.31%
 35.34%
 35.36%
 35.38%
 35.40%
 35.42%
 35.44%
 35.46%
 35.48%
 35.50%
 35.52%
 35.54%
 35.56%
 35.58%
 35.60%
 35.62%
 35.64%
 35.66%
 35.69%
 35.71%
 35.73%
 35.75%
 35.77%
 35.79%
 35.81%
 35.83%
 35.85%
 35.87%
 35.89%
 35.91%
 35.93%
 35.95%
 35.97%
 35.99%
 36.01%
 36.04%
 36.06%
 36.08%
 36.10%
 36.12%
 36.14%
 36.16%
 36.18%
 36.20%
 36.22%
 36.24%
 36.26%
 36.28%
 36.30%
 36.32%
 36.34%
 36.36%
 36.39%
 36.41%
 36.43%
 36.45%
 36.47%
 36.49%
 36.51%
 36.53%
 36.55%
 36.57%
 36.59%
 36.61%
 36.63%
 36.65%
 36.67%
 36.69%
 36.71%
 36.74%
 36.76%
 36.78%
 36.80%
 36.82%
 36.84%
 36.86%
 36.88%
 36.90%
 36.92%
 36.94%
 36.96%
 36.98%
 37.00%
 37.02%
 37.04%
 37.06%
 37.09%
 37.11%
 37.13%
 37.15%
 37.17%
 37.19%
 37.21%
 37.23%
 37.25%
 37.27%
 37.29%
 37.31%
 37.33%
 37.35%
 37.37%
 37.39%
 37.41%
 37.44%
 37.46%
 37.48%
 37.50%
 37.52%
 37.54%
 37.56%
 37.58%
 37.60%
 37.62%
 37.64%
 37.66%
 37.68%
 37.70%
 37.72%
 37.74%
 37.76%
 37.79%
 37.81%
 37.83%
 37.85%
 37.87%
 37.89%
 37.91%
 37.93%
 37.95%
 37.97%
 37.99%
 38.01%
 38.03%
 38.05%
 38.07%
 38.09%
 38.11%
 38.14%
 38.16%
 38.18%
 38.20%
 38.22%
 38.24%
 38.26%
 38.28%
 38.30%
 38.32%
 38.34%
 38.36%
 38.38%
 38.40%
 38.42%
 38.44%
 38.46%
 38.49%
 38.51%
 38.53%
 38.55%
 38.57%
 38.59%
 38.61%
 38.63%
 38.65%
 38.67%
 38.69%
 38.71%
 38.73%
 38.75%
 38.77%
 38.79%
 38.81%
 38.84%
 38.86%
 38.88%
 38.90%
 38.92%
 38.94%
 38.96%
 38.98%
 39.00%
 39.02%
 39.04%
 39.06%
 39.08%
 39.10%
 39.12%
 39.14%
 39.17%
 39.19%
 39.21%
 39.23%
 39.25%
 39.27%
 39.29%
 39.31%
 39.33%
 39.35%
 39.37%
 39.39%
 39.41%
 39.43%
 39.45%
 39.47%
 39.49%
 39.52%
 39.54%
 39.56%
 39.58%
 39.60%
 39.62%
 39.64%
 39.66%
 39.68%
 39.70%
 39.72%
 39.74%
 39.76%
 39.78%
 39.80%
 39.82%
 39.84%
 39.87%
 39.89%
 39.91%
 39.93%
 39.95%
 39.97%
 39.99%
 40.01%
 40.03%
 40.05%
 40.07%
 40.09%
 40.11%
 40.13%
 40.15%
 40.17%
 40.19%
 40.22%
 40.24%
 40.26%
 40.28%
 40.30%
 40.32%
 40.34%
 40.36%
 40.38%
 40.40%
 40.42%
 40.44%
 40.46%
 40.48%
 40.50%
 40.52%
 40.54%
 40.57%
 40.59%
 40.61%
 40.63%
 40.65%
 40.67%
 40.69%
 40.71%
 40.73%
 40.75%
 40.77%
 40.79%
 40.81%
 40.83%
 40.85%
 40.87%
 40.89%
 40.92%
 40.94%
 40.96%
 40.98%
 41.00%
 41.02%
 41.04%
 41.06%
 41.08%
 41.10%
 41.12%
 41.14%
 41.16%
 41.18%
 41.20%
 41.22%
 41.24%
 41.27%
 41.29%
 41.31%
 41.33%
 41.35%
 41.37%
 41.39%
 41.41%
 41.43%
 41.45%
 41.47%
 41.49%
 41.51%
 41.53%
 41.55%
 41.57%
 41.59%
 41.62%
 41.64%
 41.66%
 41.68%
 41.70%
 41.72%
 41.74%
 41.76%
 41.78%
 41.80%
 41.82%
 41.84%
 41.86%
 41.88%
 41.90%
 41.92%
 41.94%
 41.97%
 41.99%
 42.01%
 42.03%
 42.05%
 42.07%
 42.09%
 42.11%
 42.13%
 42.15%
 42.17%
 42.19%
 42.21%
 42.23%
 42.25%
 42.27%
 42.29%
 42.32%
 42.34%
 42.36%
 42.38%
 42.40%
 42.42%
 42.44%
 42.46%
 42.48%
 42.50%
 42.52%
 42.54%
 42.56%
 42.58%
 42.60%
 42.62%
 42.64%
 42.67%
 42.69%
 42.71%
 42.73%
 42.75%
 42.77%
 42.79%
 42.81%
 42.83%
 42.85%
 42.87%
 42.89%
 42.91%
 42.93%
 42.95%
 42.97%
 43.00%
 43.02%
 43.04%
 43.06%
 43.08%
 43.10%
 43.12%
 43.14%
 43.16%
 43.18%
 43.20%
 43.22%
 43.24%
 43.26%
 43.28%
 43.30%
 43.32%
 43.35%
 43.37%
 43.39%
 43.41%
 43.43%
 43.45%
 43.47%
 43.49%
 43.51%
 43.53%
 43.55%
 43.57%
 43.59%
 43.61%
 43.63%
 43.65%
 43.67%
 43.70%
 43.72%
 43.74%
 43.76%
 43.78%
 43.80%
 43.82%
 43.84%
 43.86%
 43.88%
 43.90%
 43.92%
 43.94%
 43.96%
 43.98%
 44.00%
 44.02%
 44.05%
 44.07%
 44.09%
 44.11%
 44.13%
 44.15%
 44.17%
 44.19%
 44.21%
 44.23%
 44.25%
 44.27%
 44.29%
 44.31%
 44.33%
 44.35%
 44.37%
 44.40%
 44.42%
 44.44%
 44.46%
 44.48%
 44.50%
 44.52%
 44.54%
 44.56%
 44.58%
 44.60%
 44.62%
 44.64%
 44.66%
 44.68%
 44.70%
 44.72%
 44.75%
 44.77%
 44.79%
 44.81%
 44.83%
 44.85%
 44.87%
 44.89%
 44.91%
 44.93%
 44.95%
 44.97%
 44.99%
 45.01%
 45.03%
 45.05%
 45.07%
 45.10%
 45.12%
 45.14%
 45.16%
 45.18%
 45.20%
 45.22%
 45.24%
 45.26%
 45.28%
 45.30%
 45.32%
 45.34%
 45.36%
 45.38%
 45.40%
 45.42%
 45.45%
 45.47%
 45.49%
 45.51%
 45.53%
 45.55%
 45.57%
 45.59%
 45.61%
 45.63%
 45.65%
 45.67%
 45.69%
 45.71%
 45.73%
 45.75%
 45.77%
 45.80%
 45.82%
 45.84%
 45.86%
 45.88%
 45.90%
 45.92%
 45.94%
 45.96%
 45.98%
 46.00%
 46.02%
 46.04%
 46.06%
 46.08%
 46.10%
 46.12%
 46.15%
 46.17%
 46.19%
 46.21%
 46.23%
 46.25%
 46.27%
 46.29%
 46.31%
 46.33%
 46.35%
 46.37%
 46.39%
 46.41%
 46.43%
 46.45%
 46.48%
 46.50%
 46.52%
 46.54%
 46.56%
 46.58%
 46.60%
 46.62%
 46.64%
 46.66%
 46.68%
 46.70%
 46.72%
 46.74%
 46.76%
 46.78%
 46.80%
 46.83%
 46.85%
 46.87%
 46.89%
 46.91%
 46.93%
 46.95%
 46.97%
 46.99%
 47.01%
 47.03%
 47.05%
 47.07%
 47.09%
 47.11%
 47.13%
 47.15%
 47.18%
 47.20%
 47.22%
 47.24%
 47.26%
 47.28%
 47.30%
 47.32%
 47.34%
 47.36%
 47.38%
 47.40%
 47.42%
 47.44%
 47.46%
 47.48%
 47.50%
 47.53%
 47.55%
 47.57%
 47.59%
 47.61%
 47.63%
 47.65%
 47.67%
 47.69%
 47.71%
 47.73%
 47.75%
 47.77%
 47.79%
 47.81%
 47.83%
 47.85%
 47.88%
 47.90%
 47.92%
 47.94%
 47.96%
 47.98%
 48.00%
 48.02%
 48.04%
 48.06%
 48.08%
 48.10%
 48.12%
 48.14%
 48.16%
 48.18%
 48.20%
 48.23%
 48.25%
 48.27%
 48.29%
 48.31%
 48.33%
 48.35%
 48.37%
 48.39%
 48.41%
 48.43%
 48.45%
 48.47%
 48.49%
 48.51%
 48.53%
 48.55%
 48.58%
 48.60%
 48.62%
 48.64%
 48.66%
 48.68%
 48.70%
 48.72%
 48.74%
 48.76%
 48.78%
 48.80%
 48.82%
 48.84%
 48.86%
 48.88%
 48.90%
 48.93%
 48.95%
 48.97%
 48.99%
 49.01%
 49.03%
 49.05%
 49.07%
 49.09%
 49.11%
 49.13%
 49.15%
 49.17%
 49.19%
 49.21%
 49.23%
 49.25%
 49.28%
 49.30%
 49.32%
 49.34%
 49.36%
 49.38%
 49.40%
 49.42%
 49.44%
 49.46%
 49.48%
 49.50%
 49.52%
 49.54%
 49.56%
 49.58%
 49.60%
 49.63%
 49.65%
 49.67%
 49.69%
 49.71%
 49.73%
 49.75%
 49.77%
 49.79%
 49.81%
 49.83%
 49.85%
 49.87%
 49.89%
 49.91%
 49.93%
 49.95%
 49.98%
 50.00%
 50.02%
 50.04%
 50.06%
 50.08%
 50.10%
 50.12%
 50.14%
 50.16%
 50.18%
 50.20%
 50.22%
 50.24%
 50.26%
 50.28%
 50.31%
 50.33%
 50.35%
 50.37%
 50.39%
 50.41%
 50.43%
 50.45%
 50.47%
 50.49%
 50.51%
 50.53%
 50.55%
 50.57%
 50.59%
 50.61%
 50.63%
 50.66%
 50.68%
 50.70%
 50.72%
 50.74%
 50.76%
 50.78%
 50.80%
 50.82%
 50.84%
 50.86%
 50.88%
 50.90%
 50.92%
 50.94%
 50.96%
 50.98%
 51.01%
 51.03%
 51.05%
 51.07%
 51.09%
 51.11%
 51.13%
 51.15%
 51.17%
 51.19%
 51.21%
 51.23%
 51.25%
 51.27%
 51.29%
 51.31%
 51.33%
 51.36%
 51.38%
 51.40%
 51.42%
 51.44%
 51.46%
 51.48%
 51.50%
 51.52%
 51.54%
 51.56%
 51.58%
 51.60%
 51.62%
 51.64%
 51.66%
 51.68%
 51.71%
 51.73%
 51.75%
 51.77%
 51.79%
 51.81%
 51.83%
 51.85%
 51.87%
 51.89%
 51.91%
 51.93%
 51.95%
 51.97%
 51.99%
 52.01%
 52.03%
 52.06%
 52.08%
 52.10%
 52.12%
 52.14%
 52.16%
 52.18%
 52.20%
 52.22%
 52.24%
 52.26%
 52.28%
 52.30%
 52.32%
 52.34%
 52.36%
 52.38%
 52.41%
 52.43%
 52.45%
 52.47%
 52.49%
 52.51%
 52.53%
 52.55%
 52.57%
 52.59%
 52.61%
 52.63%
 52.65%
 52.67%
 52.69%
 52.71%
 52.73%
 52.76%
 52.78%
 52.80%
 52.82%
 52.84%
 52.86%
 52.88%
 52.90%
 52.92%
 52.94%
 52.96%
 52.98%
 53.00%
 53.02%
 53.04%
 53.06%
 53.08%
 53.11%
 53.13%
 53.15%
 53.17%
 53.19%
 53.21%
 53.23%
 53.25%
 53.27%
 53.29%
 53.31%
 53.33%
 53.35%
 53.37%
 53.39%
 53.41%
 53.43%
 53.46%
 53.48%
 53.50%
 53.52%
 53.54%
 53.56%
 53.58%
 53.60%
 53.62%
 53.64%
 53.66%
 53.68%
 53.70%
 53.72%
 53.74%
 53.76%
 53.79%
 53.81%
 53.83%
 53.85%
 53.87%
 53.89%
 53.91%
 53.93%
 53.95%
 53.97%
 53.99%
 54.01%
 54.03%
 54.05%
 54.07%
 54.09%
 54.11%
 54.14%
 54.16%
 54.18%
 54.20%
 54.22%
 54.24%
 54.26%
 54.28%
 54.30%
 54.32%
 54.34%
 54.36%
 54.38%
 54.40%
 54.42%
 54.44%
 54.46%
 54.49%
 54.51%
 54.53%
 54.55%
 54.57%
 54.59%
 54.61%
 54.63%
 54.65%
 54.67%
 54.69%
 54.71%
 54.73%
 54.75%
 54.77%
 54.79%
 54.81%
 54.84%
 54.86%
 54.88%
 54.90%
 54.92%
 54.94%
 54.96%
 54.98%
 55.00%
 55.02%
 55.04%
 55.06%
 55.08%
 55.10%
 55.12%
 55.14%
 55.16%
 55.19%
 55.21%
 55.23%
 55.25%
 55.27%
 55.29%
 55.31%
 55.33%
 55.35%
 55.37%
 55.39%
 55.41%
 55.43%
 55.45%
 55.47%
 55.49%
 55.51%
 55.54%
 55.56%
 55.58%
 55.60%
 55.62%
 55.64%
 55.66%
 55.68%
 55.70%
 55.72%
 55.74%
 55.76%
 55.78%
 55.80%
 55.82%
 55.84%
 55.86%
 55.89%
 55.91%
 55.93%
 55.95%
 55.97%
 55.99%
 56.01%
 56.03%
 56.05%
 56.07%
 56.09%
 56.11%
 56.13%
 56.15%
 56.17%
 56.19%
 56.21%
 56.24%
 56.26%
 56.28%
 56.30%
 56.32%
 56.34%
 56.36%
 56.38%
 56.40%
 56.42%
 56.44%
 56.46%
 56.48%
 56.50%
 56.52%
 56.54%
 56.56%
 56.59%
 56.61%
 56.63%
 56.65%
 56.67%
 56.69%
 56.71%
 56.73%
 56.75%
 56.77%
 56.79%
 56.81%
 56.83%
 56.85%
 56.87%
 56.89%
 56.91%
 56.94%
 56.96%
 56.98%
 57.00%
 57.02%
 57.04%
 57.06%
 57.08%
 57.10%
 57.12%
 57.14%
 57.16%
 57.18%
 57.20%
 57.22%
 57.24%
 57.26%
 57.29%
 57.31%
 57.33%
 57.35%
 57.37%
 57.39%
 57.41%
 57.43%
 57.45%
 57.47%
 57.49%
 57.51%
 57.53%
 57.55%
 57.57%
 57.59%
 57.62%
 57.64%
 57.66%
 57.68%
 57.70%
 57.72%
 57.74%
 57.76%
 57.78%
 57.80%
 57.82%
 57.84%
 57.86%
 57.88%
 57.90%
 57.92%
 57.94%
 57.97%
 57.99%
 58.01%
 58.03%
 58.05%
 58.07%
 58.09%
 58.11%
 58.13%
 58.15%
 58.17%
 58.19%
 58.21%
 58.23%
 58.25%
 58.27%
 58.29%
 58.32%
 58.34%
 58.36%
 58.38%
 58.40%
 58.42%
 58.44%
 58.46%
 58.48%
 58.50%
 58.52%
 58.54%
 58.56%
 58.58%
 58.60%
 58.62%
 58.64%
 58.67%
 58.69%
 58.71%
 58.73%
 58.75%
 58.77%
 58.79%
 58.81%
 58.83%
 58.85%
 58.87%
 58.89%
 58.91%
 58.93%
 58.95%
 58.97%
 58.99%
 59.02%
 59.04%
 59.06%
 59.08%
 59.10%
 59.12%
 59.14%
 59.16%
 59.18%
 59.20%
 59.22%
 59.24%
 59.26%
 59.28%
 59.30%
 59.32%
 59.34%
 59.37%
 59.39%
 59.41%
 59.43%
 59.45%
 59.47%
 59.49%
 59.51%
 59.53%
 59.55%
 59.57%
 59.59%
 59.61%
 59.63%
 59.65%
 59.67%
 59.69%
 59.72%
 59.74%
 59.76%
 59.78%
 59.80%
 59.82%
 59.84%
 59.86%
 59.88%
 59.90%
 59.92%
 59.94%
 59.96%
 59.98%
 60.00%
 60.02%
 60.04%
 60.07%
 60.09%
 60.11%
 60.13%
 60.15%
 60.17%
 60.19%
 60.21%
 60.23%
 60.25%
 60.27%
 60.29%
 60.31%
 60.33%
 60.35%
 60.37%
 60.39%
 60.42%
 60.44%
 60.46%
 60.48%
 60.50%
 60.52%
 60.54%
 60.56%
 60.58%
 60.60%
 60.62%
 60.64%
 60.66%
 60.68%
 60.70%
 60.72%
 60.74%
 60.77%
 60.79%
 60.81%
 60.83%
 60.85%
 60.87%
 60.89%
 60.91%
 60.93%
 60.95%
 60.97%
 60.99%
 61.01%
 61.03%
 61.05%
 61.07%
 61.09%
 61.12%
 61.14%
 61.16%
 61.18%
 61.20%
 61.22%
 61.24%
 61.26%
 61.28%
 61.30%
 61.32%
 61.34%
 61.36%
 61.38%
 61.40%
 61.42%
 61.45%
 61.47%
 61.49%
 61.51%
 61.53%
 61.55%
 61.57%
 61.59%
 61.61%
 61.63%
 61.65%
 61.67%
 61.69%
 61.71%
 61.73%
 61.75%
 61.77%
 61.80%
 61.82%
 61.84%
 61.86%
 61.88%
 61.90%
 61.92%
 61.94%
 61.96%
 61.98%
 62.00%
 62.02%
 62.04%
 62.06%
 62.08%
 62.10%
 62.12%
 62.15%
 62.17%
 62.19%
 62.21%
 62.23%
 62.25%
 62.27%
 62.29%
 62.31%
 62.33%
 62.35%
 62.37%
 62.39%
 62.41%
 62.43%
 62.45%
 62.47%
 62.50%
 62.52%
 62.54%
 62.56%
 62.58%
 62.60%
 62.62%
 62.64%
 62.66%
 62.68%
 62.70%
 62.72%
 62.74%
 62.76%
 62.78%
 62.80%
 62.82%
 62.85%
 62.87%
 62.89%
 62.91%
 62.93%
 62.95%
 62.97%
 62.99%
 63.01%
 63.03%
 63.05%
 63.07%
 63.09%
 63.11%
 63.13%
 63.15%
 63.17%
 63.20%
 63.22%
 63.24%
 63.26%
 63.28%
 63.30%
 63.32%
 63.34%
 63.36%
 63.38%
 63.40%
 63.42%
 63.44%
 63.46%
 63.48%
 63.50%
 63.52%
 63.55%
 63.57%
 63.59%
 63.61%
 63.63%
 63.65%
 63.67%
 63.69%
 63.71%
 63.73%
 63.75%
 63.77%
 63.79%
 63.81%
 63.83%
 63.85%
 63.87%
 63.90%
 63.92%
 63.94%
 63.96%
 63.98%
 64.00%
 64.02%
 64.04%
 64.06%
 64.08%
 64.10%
 64.12%
 64.14%
 64.16%
 64.18%
 64.20%
 64.22%
 64.25%
 64.27%
 64.29%
 64.31%
 64.33%
 64.35%
 64.37%
 64.39%
 64.41%
 64.43%
 64.45%
 64.47%
 64.49%
 64.51%
 64.53%
 64.55%
 64.57%
 64.60%
 64.62%
 64.64%
 64.66%
 64.68%
 64.70%
 64.72%
 64.74%
 64.76%
 64.78%
 64.80%
 64.82%
 64.84%
 64.86%
 64.88%
 64.90%
 64.93%
 64.95%
 64.97%
 64.99%
 65.01%
 65.03%
 65.05%
 65.07%
 65.09%
 65.11%
 65.13%
 65.15%
 65.17%
 65.19%
 65.21%
 65.23%
 65.25%
 65.28%
 65.30%
 65.32%
 65.34%
 65.36%
 65.38%
 65.40%
 65.42%
 65.44%
 65.46%
 65.48%
 65.50%
 65.52%
 65.54%
 65.56%
 65.58%
 65.60%
 65.63%
 65.65%
 65.67%
 65.69%
 65.71%
 65.73%
 65.75%
 65.77%
 65.79%
 65.81%
 65.83%
 65.85%
 65.87%
 65.89%
 65.91%
 65.93%
 65.95%
 65.98%
 66.00%
 66.02%
 66.04%
 66.06%
 66.08%
 66.10%
 66.12%
 66.14%
 66.16%
 66.18%
 66.20%
 66.22%
 66.24%
 66.26%
 66.28%
 66.30%
 66.33%
 66.35%
 66.37%
 66.39%
 66.41%
 66.43%
 66.45%
 66.47%
 66.49%
 66.51%
 66.53%
 66.55%
 66.57%
 66.59%
 66.61%
 66.63%
 66.65%
 66.68%
 66.70%
 66.72%
 66.74%
 66.76%
 66.78%
 66.80%
 66.82%
 66.84%
 66.86%
 66.88%
 66.90%
 66.92%
 66.94%
 66.96%
 66.98%
 67.00%
 67.03%
 67.05%
 67.07%
 67.09%
 67.11%
 67.13%
 67.15%
 67.17%
 67.19%
 67.21%
 67.23%
 67.25%
 67.27%
 67.29%
 67.31%
 67.33%
 67.35%
 67.38%
 67.40%
 67.42%
 67.44%
 67.46%
 67.48%
 67.50%
 67.52%
 67.54%
 67.56%
 67.58%
 67.60%
 67.62%
 67.64%
 67.66%
 67.68%
 67.70%
 67.73%
 67.75%
 67.77%
 67.79%
 67.81%
 67.83%
 67.85%
 67.87%
 67.89%
 67.91%
 67.93%
 67.95%
 67.97%
 67.99%
 68.01%
 68.03%
 68.05%
 68.08%
 68.10%
 68.12%
 68.14%
 68.16%
 68.18%
 68.20%
 68.22%
 68.24%
 68.26%
 68.28%
 68.30%
 68.32%
 68.34%
 68.36%
 68.38%
 68.40%
 68.43%
 68.45%
 68.47%
 68.49%
 68.51%
 68.53%
 68.55%
 68.57%
 68.59%
 68.61%
 68.63%
 68.65%
 68.67%
 68.69%
 68.71%
 68.73%
 68.76%
 68.78%
 68.80%
 68.82%
 68.84%
 68.86%
 68.88%
 68.90%
 68.92%
 68.94%
 68.96%
 68.98%
 69.00%
 69.02%
 69.04%
 69.06%
 69.08%
 69.11%
 69.13%
 69.15%
 69.17%
 69.19%
 69.21%
 69.23%
 69.25%
 69.27%
 69.29%
 69.31%
 69.33%
 69.35%
 69.37%
 69.39%
 69.41%
 69.43%
 69.46%
 69.48%
 69.50%
 69.52%
 69.54%
 69.56%
 69.58%
 69.60%
 69.62%
 69.64%
 69.66%
 69.68%
 69.70%
 69.72%
 69.74%
 69.76%
 69.78%
 69.81%
 69.83%
 69.85%
 69.87%
 69.89%
 69.91%
 69.93%
 69.95%
 69.97%
 69.99%
 70.01%
 70.03%
 70.05%
 70.07%
 70.09%
 70.11%
 70.13%
 70.16%
 70.18%
 70.20%
 70.22%
 70.24%
 70.26%
 70.28%
 70.30%
 70.32%
 70.34%
 70.36%
 70.38%
 70.40%
 70.42%
 70.44%
 70.46%
 70.48%
 70.51%
 70.53%
 70.55%
 70.57%
 70.59%
 70.61%
 70.63%
 70.65%
 70.67%
 70.69%
 70.71%
 70.73%
 70.75%
 70.77%
 70.79%
 70.81%
 70.83%
 70.86%
 70.88%
 70.90%
 70.92%
 70.94%
 70.96%
 70.98%
 71.00%
 71.02%
 71.04%
 71.06%
 71.08%
 71.10%
 71.12%
 71.14%
 71.16%
 71.18%
 71.21%
 71.23%
 71.25%
 71.27%
 71.29%
 71.31%
 71.33%
 71.35%
 71.37%
 71.39%
 71.41%
 71.43%
 71.45%
 71.47%
 71.49%
 71.51%
 71.53%
 71.56%
 71.58%
 71.60%
 71.62%
 71.64%
 71.66%
 71.68%
 71.70%
 71.72%
 71.74%
 71.76%
 71.78%
 71.80%
 71.82%
 71.84%
 71.86%
 71.88%
 71.91%
 71.93%
 71.95%
 71.97%
 71.99%
 72.01%
 72.03%
 72.05%
 72.07%
 72.09%
 72.11%
 72.13%
 72.15%
 72.17%
 72.19%
 72.21%
 72.23%
 72.26%
 72.28%
 72.30%
 72.32%
 72.34%
 72.36%
 72.38%
 72.40%
 72.42%
 72.44%
 72.46%
 72.48%
 72.50%
 72.52%
 72.54%
 72.56%
 72.59%
 72.61%
 72.63%
 72.65%
 72.67%
 72.69%
 72.71%
 72.73%
 72.75%
 72.77%
 72.79%
 72.81%
 72.83%
 72.85%
 72.87%
 72.89%
 72.91%
 72.94%
 72.96%
 72.98%
 73.00%
 73.02%
 73.04%
 73.06%
 73.08%
 73.10%
 73.12%
 73.14%
 73.16%
 73.18%
 73.20%
 73.22%
 73.24%
 73.26%
 73.29%
 73.31%
 73.33%
 73.35%
 73.37%
 73.39%
 73.41%
 73.43%
 73.45%
 73.47%
 73.49%
 73.51%
 73.53%
 73.55%
 73.57%
 73.59%
 73.61%
 73.64%
 73.66%
 73.68%
 73.70%
 73.72%
 73.74%
 73.76%
 73.78%
 73.80%
 73.82%
 73.84%
 73.86%
 73.88%
 73.90%
 73.92%
 73.94%
 73.96%
 73.99%
 74.01%
 74.03%
 74.05%
 74.07%
 74.09%
 74.11%
 74.13%
 74.15%
 74.17%
 74.19%
 74.21%
 74.23%
 74.25%
 74.27%
 74.29%
 74.31%
 74.34%
 74.36%
 74.38%
 74.40%
 74.42%
 74.44%
 74.46%
 74.48%
 74.50%
 74.52%
 74.54%
 74.56%
 74.58%
 74.60%
 74.62%
 74.64%
 74.66%
 74.69%
 74.71%
 74.73%
 74.75%
 74.77%
 74.79%
 74.81%
 74.83%
 74.85%
 74.87%
 74.89%
 74.91%
 74.93%
 74.95%
 74.97%
 74.99%
 75.01%
 75.04%
 75.06%
 75.08%
 75.10%
 75.12%
 75.14%
 75.16%
 75.18%
 75.20%
 75.22%
 75.24%
 75.26%
 75.28%
 75.30%
 75.32%
 75.34%
 75.36%
 75.39%
 75.41%
 75.43%
 75.45%
 75.47%
 75.49%
 75.51%
 75.53%
 75.55%
 75.57%
 75.59%
 75.61%
 75.63%
 75.65%
 75.67%
 75.69%
 75.71%
 75.74%
 75.76%
 75.78%
 75.80%
 75.82%
 75.84%
 75.86%
 75.88%
 75.90%
 75.92%
 75.94%
 75.96%
 75.98%
 76.00%
 76.02%
 76.04%
 76.07%
 76.09%
 76.11%
 76.13%
 76.15%
 76.17%
 76.19%
 76.21%
 76.23%
 76.25%
 76.27%
 76.29%
 76.31%
 76.33%
 76.35%
 76.37%
 76.39%
 76.42%
 76.44%
 76.46%
 76.48%
 76.50%
 76.52%
 76.54%
 76.56%
 76.58%
 76.60%
 76.62%
 76.64%
 76.66%
 76.68%
 76.70%
 76.72%
 76.74%
 76.77%
 76.79%
 76.81%
 76.83%
 76.85%
 76.87%
 76.89%
 76.91%
 76.93%
 76.95%
 76.97%
 76.99%
 77.01%
 77.03%
 77.05%
 77.07%
 77.09%
 77.12%
 77.14%
 77.16%
 77.18%
 77.20%
 77.22%
 77.24%
 77.26%
 77.28%
 77.30%
 77.32%
 77.34%
 77.36%
 77.38%
 77.40%
 77.42%
 77.44%
 77.47%
 77.49%
 77.51%
 77.53%
 77.55%
 77.57%
 77.59%
 77.61%
 77.63%
 77.65%
 77.67%
 77.69%
 77.71%
 77.73%
 77.75%
 77.77%
 77.79%
 77.82%
 77.84%
 77.86%
 77.88%
 77.90%
 77.92%
 77.94%
 77.96%
 77.98%
 78.00%
 78.02%
 78.04%
 78.06%
 78.08%
 78.10%
 78.12%
 78.14%
 78.17%
 78.19%
 78.21%
 78.23%
 78.25%
 78.27%
 78.29%
 78.31%
 78.33%
 78.35%
 78.37%
 78.39%
 78.41%
 78.43%
 78.45%
 78.47%
 78.49%
 78.52%
 78.54%
 78.56%
 78.58%
 78.60%
 78.62%
 78.64%
 78.66%
 78.68%
 78.70%
 78.72%
 78.74%
 78.76%
 78.78%
 78.80%
 78.82%
 78.84%
 78.87%
 78.89%
 78.91%
 78.93%
 78.95%
 78.97%
 78.99%
 79.01%
 79.03%
 79.05%
 79.07%
 79.09%
 79.11%
 79.13%
 79.15%
 79.17%
 79.19%
 79.22%
 79.24%
 79.26%
 79.28%
 79.30%
 79.32%
 79.34%
 79.36%
 79.38%
 79.40%
 79.42%
 79.44%
 79.46%
 79.48%
 79.50%
 79.52%
 79.54%
 79.57%
 79.59%
 79.61%
 79.63%
 79.65%
 79.67%
 79.69%
 79.71%
 79.73%
 79.75%
 79.77%
 79.79%
 79.81%
 79.83%
 79.85%
 79.87%
 79.90%
 79.92%
 79.94%
 79.96%
 79.98%
 80.00%
 80.02%
 80.04%
 80.06%
 80.08%
 80.10%
 80.12%
 80.14%
 80.16%
 80.18%
 80.20%
 80.22%
 80.25%
 80.27%
 80.29%
 80.31%
 80.33%
 80.35%
 80.37%
 80.39%
 80.41%
 80.43%
 80.45%
 80.47%
 80.49%
 80.51%
 80.53%
 80.55%
 80.57%
 80.60%
 80.62%
 80.64%
 80.66%
 80.68%
 80.70%
 80.72%
 80.74%
 80.76%
 80.78%
 80.80%
 80.82%
 80.84%
 80.86%
 80.88%
 80.90%
 80.92%
 80.95%
 80.97%
 80.99%
 81.01%
 81.03%
 81.05%
 81.07%
 81.09%
 81.11%
 81.13%
 81.15%
 81.17%
 81.19%
 81.21%
 81.23%
 81.25%
 81.27%
 81.30%
 81.32%
 81.34%
 81.36%
 81.38%
 81.40%
 81.42%
 81.44%
 81.46%
 81.48%
 81.50%
 81.52%
 81.54%
 81.56%
 81.58%
 81.60%
 81.62%
 81.65%
 81.67%
 81.69%
 81.71%
 81.73%
 81.75%
 81.77%
 81.79%
 81.81%
 81.83%
 81.85%
 81.87%
 81.89%
 81.91%
 81.93%
 81.95%
 81.97%
 82.00%
 82.02%
 82.04%
 82.06%
 82.08%
 82.10%
 82.12%
 82.14%
 82.16%
 82.18%
 82.20%
 82.22%
 82.24%
 82.26%
 82.28%
 82.30%
 82.32%
 82.35%
 82.37%
 82.39%
 82.41%
 82.43%
 82.45%
 82.47%
 82.49%
 82.51%
 82.53%
 82.55%
 82.57%
 82.59%
 82.61%
 82.63%
 82.65%
 82.67%
 82.70%
 82.72%
 82.74%
 82.76%
 82.78%
 82.80%
 82.82%
 82.84%
 82.86%
 82.88%
 82.90%
 82.92%
 82.94%
 82.96%
 82.98%
 83.00%
 83.02%
 83.05%
 83.07%
 83.09%
 83.11%
 83.13%
 83.15%
 83.17%
 83.19%
 83.21%
 83.23%
 83.25%
 83.27%
 83.29%
 83.31%
 83.33%
 83.35%
 83.37%
 83.40%
 83.42%
 83.44%
 83.46%
 83.48%
 83.50%
 83.52%
 83.54%
 83.56%
 83.58%
 83.60%
 83.62%
 83.64%
 83.66%
 83.68%
 83.70%
 83.73%
 83.75%
 83.77%
 83.79%
 83.81%
 83.83%
 83.85%
 83.87%
 83.89%
 83.91%
 83.93%
 83.95%
 83.97%
 83.99%
 84.01%
 84.03%
 84.05%
 84.08%
 84.10%
 84.12%
 84.14%
 84.16%
 84.18%
 84.20%
 84.22%
 84.24%
 84.26%
 84.28%
 84.30%
 84.32%
 84.34%
 84.36%
 84.38%
 84.40%
 84.43%
 84.45%
 84.47%
 84.49%
 84.51%
 84.53%
 84.55%
 84.57%
 84.59%
 84.61%
 84.63%
 84.65%
 84.67%
 84.69%
 84.71%
 84.73%
 84.75%
 84.78%
 84.80%
 84.82%
 84.84%
 84.86%
 84.88%
 84.90%
 84.92%
 84.94%
 84.96%
 84.98%
 85.00%
 85.02%
 85.04%
 85.06%
 85.08%
 85.10%
 85.13%
 85.15%
 85.17%
 85.19%
 85.21%
 85.23%
 85.25%
 85.27%
 85.29%
 85.31%
 85.33%
 85.35%
 85.37%
 85.39%
 85.41%
 85.43%
 85.45%
 85.48%
 85.50%
 85.52%
 85.54%
 85.56%
 85.58%
 85.60%
 85.62%
 85.64%
 85.66%
 85.68%
 85.70%
 85.72%
 85.74%
 85.76%
 85.78%
 85.80%
 85.83%
 85.85%
 85.87%
 85.89%
 85.91%
 85.93%
 85.95%
 85.97%
 85.99%
 86.01%
 86.03%
 86.05%
 86.07%
 86.09%
 86.11%
 86.13%
 86.15%
 86.18%
 86.20%
 86.22%
 86.24%
 86.26%
 86.28%
 86.30%
 86.32%
 86.34%
 86.36%
 86.38%
 86.40%
 86.42%
 86.44%
 86.46%
 86.48%
 86.50%
 86.53%
 86.55%
 86.57%
 86.59%
 86.61%
 86.63%
 86.65%
 86.67%
 86.69%
 86.71%
 86.73%
 86.75%
 86.77%
 86.79%
 86.81%
 86.83%
 86.85%
 86.88%
 86.90%
 86.92%
 86.94%
 86.96%
 86.98%
 87.00%
 87.02%
 87.04%
 87.06%
 87.08%
 87.10%
 87.12%
 87.14%
 87.16%
 87.18%
 87.21%
 87.23%
 87.25%
 87.27%
 87.29%
 87.31%
 87.33%
 87.35%
 87.37%
 87.39%
 87.41%
 87.43%
 87.45%
 87.47%
 87.49%
 87.51%
 87.53%
 87.56%
 87.58%
 87.60%
 87.62%
 87.64%
 87.66%
 87.68%
 87.70%
 87.72%
 87.74%
 87.76%
 87.78%
 87.80%
 87.82%
 87.84%
 87.86%
 87.88%
 87.91%
 87.93%
 87.95%
 87.97%
 87.99%
 88.01%
 88.03%
 88.05%
 88.07%
 88.09%
 88.11%
 88.13%
 88.15%
 88.17%
 88.19%
 88.21%
 88.23%
 88.26%
 88.28%
 88.30%
 88.32%
 88.34%
 88.36%
 88.38%
 88.40%
 88.42%
 88.44%
 88.46%
 88.48%
 88.50%
 88.52%
 88.54%
 88.56%
 88.58%
 88.61%
 88.63%
 88.65%
 88.67%
 88.69%
 88.71%
 88.73%
 88.75%
 88.77%
 88.79%
 88.81%
 88.83%
 88.85%
 88.87%
 88.89%
 88.91%
 88.93%
 88.96%
 88.98%
 89.00%
 89.02%
 89.04%
 89.06%
 89.08%
 89.10%
 89.12%
 89.14%
 89.16%
 89.18%
 89.20%
 89.22%
 89.24%
 89.26%
 89.28%
 89.31%
 89.33%
 89.35%
 89.37%
 89.39%
 89.41%
 89.43%
 89.45%
 89.47%
 89.49%
 89.51%
 89.53%
 89.55%
 89.57%
 89.59%
 89.61%
 89.63%
 89.66%
 89.68%
 89.70%
 89.72%
 89.74%
 89.76%
 89.78%
 89.80%
 89.82%
 89.84%
 89.86%
 89.88%
 89.90%
 89.92%
 89.94%
 89.96%
 89.98%
 90.01%
 90.03%
 90.05%
 90.07%
 90.09%
 90.11%
 90.13%
 90.15%
 90.17%
 90.19%
 90.21%
 90.23%
 90.25%
 90.27%
 90.29%
 90.31%
 90.33%
 90.36%
 90.38%
 90.40%
 90.42%
 90.44%
 90.46%
 90.48%
 90.50%
 90.52%
 90.54%
 90.56%
 90.58%
 90.60%
 90.62%
 90.64%
 90.66%
 90.68%
 90.71%
 90.73%
 90.75%
 90.77%
 90.79%
 90.81%
 90.83%
 90.85%
 90.87%
 90.89%
 90.91%
 90.93%
 90.95%
 90.97%
 90.99%
 91.01%
 91.04%
 91.06%
 91.08%
 91.10%
 91.12%
 91.14%
 91.16%
 91.18%
 91.20%
 91.22%
 91.24%
 91.26%
 91.28%
 91.30%
 91.32%
 91.34%
 91.36%
 91.39%
 91.41%
 91.43%
 91.45%
 91.47%
 91.49%
 91.51%
 91.53%
 91.55%
 91.57%
 91.59%
 91.61%
 91.63%
 91.65%
 91.67%
 91.69%
 91.71%
 91.74%
 91.76%
 91.78%
 91.80%
 91.82%
 91.84%
 91.86%
 91.88%
 91.90%
 91.92%
 91.94%
 91.96%
 91.98%
 92.00%
 92.02%
 92.04%
 92.06%
 92.09%
 92.11%
 92.13%
 92.15%
 92.17%
 92.19%
 92.21%
 92.23%
 92.25%
 92.27%
 92.29%
 92.31%
 92.33%
 92.35%
 92.37%
 92.39%
 92.41%
 92.44%
 92.46%
 92.48%
 92.50%
 92.52%
 92.54%
 92.56%
 92.58%
 92.60%
 92.62%
 92.64%
 92.66%
 92.68%
 92.70%
 92.72%
 92.74%
 92.76%
 92.79%
 92.81%
 92.83%
 92.85%
 92.87%
 92.89%
 92.91%
 92.93%
 92.95%
 92.97%
 92.99%
 93.01%
 93.03%
 93.05%
 93.07%
 93.09%
 93.11%
 93.14%
 93.16%
 93.18%
 93.20%
 93.22%
 93.24%
 93.26%
 93.28%
 93.30%
 93.32%
 93.34%
 93.36%
 93.38%
 93.40%
 93.42%
 93.44%
 93.46%
 93.49%
 93.51%
 93.53%
 93.55%
 93.57%
 93.59%
 93.61%
 93.63%
 93.65%
 93.67%
 93.69%
 93.71%
 93.73%
 93.75%
 93.77%
 93.79%
 93.81%
 93.84%
 93.86%
 93.88%
 93.90%
 93.92%
 93.94%
 93.96%
 93.98%
 94.00%
 94.02%
 94.04%
 94.06%
 94.08%
 94.10%
 94.12%
 94.14%
 94.16%
 94.19%
 94.21%
 94.23%
 94.25%
 94.27%
 94.29%
 94.31%
 94.33%
 94.35%
 94.37%
 94.39%
 94.41%
 94.43%
 94.45%
 94.47%
 94.49%
 94.51%
 94.54%
 94.56%
 94.58%
 94.60%
 94.62%
 94.64%
 94.66%
 94.68%
 94.70%
 94.72%
 94.74%
 94.76%
 94.78%
 94.80%
 94.82%
 94.84%
 94.87%
 94.89%
 94.91%
 94.93%
 94.95%
 94.97%
 94.99%
 95.01%
 95.03%
 95.05%
 95.07%
 95.09%
 95.11%
 95.13%
 95.15%
 95.17%
 95.19%
 95.22%
 95.24%
 95.26%
 95.28%
 95.30%
 95.32%
 95.34%
 95.36%
 95.38%
 95.40%
 95.42%
 95.44%
 95.46%
 95.48%
 95.50%
 95.52%
 95.54%
 95.57%
 95.59%
 95.61%
 95.63%
 95.65%
 95.67%
 95.69%
 95.71%
 95.73%
 95.75%
 95.77%
 95.79%
 95.81%
 95.83%
 95.85%
 95.87%
 95.89%
 95.92%
 95.94%
 95.96%
 95.98%
 96.00%
 96.02%
 96.04%
 96.06%
 96.08%
 96.10%
 96.12%
 96.14%
 96.16%
 96.18%
 96.20%
 96.22%
 96.24%
 96.27%
 96.29%
 96.31%
 96.33%
 96.35%
 96.37%
 96.39%
 96.41%
 96.43%
 96.45%
 96.47%
 96.49%
 96.51%
 96.53%
 96.55%
 96.57%
 96.59%
 96.62%
 96.64%
 96.66%
 96.68%
 96.70%
 96.72%
 96.74%
 96.76%
 96.78%
 96.80%
 96.82%
 96.84%
 96.86%
 96.88%
 96.90%
 96.92%
 96.94%
 96.97%
 96.99%
 97.01%
 97.03%
 97.05%
 97.07%
 97.09%
 97.11%
 97.13%
 97.15%
 97.17%
 97.19%
 97.21%
 97.23%
 97.25%
 97.27%
 97.29%
 97.32%
 97.34%
 97.36%
 97.38%
 97.40%
 97.42%
 97.44%
 97.46%
 97.48%
 97.50%
 97.52%
 97.54%
 97.56%
 97.58%
 97.60%
 97.62%
 97.64%
 97.67%
 97.69%
 97.71%
 97.73%
 97.75%
 97.77%
 97.79%
 97.81%
 97.83%
 97.85%
 97.87%
 97.89%
 97.91%
 97.93%
 97.95%
 97.97%
 97.99%
 98.02%
 98.04%
 98.06%
 98.08%
 98.10%
 98.12%
 98.14%
 98.16%
 98.18%
 98.20%
 98.22%
 98.24%
 98.26%
 98.28%
 98.30%
 98.32%
 98.35%
 98.37%
 98.39%
 98.41%
 98.43%
 98.45%
 98.47%
 98.49%
 98.51%
 98.53%
 98.55%
 98.57%
 98.59%
 98.61%
 98.63%
 98.65%
 98.67%
 98.70%
 98.72%
 98.74%
 98.76%
 98.78%
 98.80%
 98.82%
 98.84%
 98.86%
 98.88%
 98.90%
 98.92%
 98.94%
 98.96%
 98.98%
 99.00%
 99.02%
 99.05%
 99.07%
 99.09%
 99.11%
 99.13%
 99.15%
 99.17%
 99.19%
 99.21%
 99.23%
 99.25%
 99.27%
 99.29%
 99.31%
 99.33%
 99.35%
 99.37%
 99.40%
 99.42%
 99.44%
 99.46%
 99.48%
 99.50%
 99.52%
 99.54%
 99.56%
 99.58%
 99.60%
 99.62%
 99.64%
 99.66%
 99.68%
 99.70%
 99.72%
 99.75%
 99.77%
 99.79%
 99.81%
 99.83%
 99.85%
 99.87%
 99.89%
 99.91%
 99.93%
 99.95%
 99.97%
 99.99%
100.00%
Real time elapsed: 6936.068 seconds
