
                                                                              < M A T L A B (R) >
                                                                    Copyright 1984-2020 The MathWorks, Inc.
                                                                    R2020b (9.9.0.1467703) 64-bit (glnxa64)
                                                                                August 26, 2020

 
To get started, type doc.
For product information, visit www.mathworks.com.
 
Resolution: 256x256
Number of packets: 50
Initial wavenumber radius: 6.000000
Time step: 0.004845
Simulation time: 666.666667
Spin-up time: 400.000000
Steps per save: 50
Steps per packet save: 5
Coriolis parameter: 3.000000
Group velocity: 1.000000
Background velocity (parameter,computed): (0.500000,0.506570)
Froude Number: 0.506570
Deformation wavenumber: 3.000000
Simulation progress:  0.00%  0.04%
  0.07%
  0.11%
  0.15%
  0.19%
  0.22%
  0.26%
  0.30%
  0.33%
  0.37%
  0.41%
  0.44%
  0.48%
  0.52%
  0.56%
  0.59%
  0.63%
  0.67%
  0.70%
  0.74%
  0.78%
  0.82%
  0.85%
  0.89%
  0.93%
  0.96%
  1.00%
  1.04%
  1.07%
  1.11%
  1.15%
  1.19%
  1.22%
  1.26%
  1.30%
  1.33%
  1.37%
  1.41%
  1.45%
  1.48%
  1.52%
  1.56%
  1.59%
  1.63%
  1.67%
  1.70%
  1.74%
  1.78%
  1.82%
  1.85%
  1.89%
  1.93%
  1.96%
  2.00%
  2.04%
  2.08%
  2.11%
  2.15%
  2.19%
  2.22%
  2.26%
  2.30%
  2.34%
  2.37%
  2.41%
  2.45%
  2.48%
  2.52%
  2.56%
  2.59%
  2.63%
  2.67%
  2.71%
  2.74%
  2.78%
  2.82%
  2.85%
  2.89%
  2.93%
  2.97%
  3.00%
  3.04%
  3.08%
  3.11%
  3.15%
  3.19%
  3.22%
  3.26%
  3.30%
  3.34%
  3.37%
  3.41%
  3.45%
  3.48%
  3.52%
  3.56%
  3.60%
  3.63%
  3.67%
  3.71%
  3.74%
  3.78%
  3.82%
  3.85%
  3.89%
  3.93%
  3.97%
  4.00%
  4.04%
  4.08%
  4.11%
  4.15%
  4.19%
  4.23%
  4.26%
  4.30%
  4.34%
  4.37%
  4.41%
  4.45%
  4.48%
  4.52%
  4.56%
  4.60%
  4.63%
  4.67%
  4.71%
  4.74%
  4.78%
  4.82%
  4.86%
  4.89%
  4.93%
  4.97%
  5.00%
  5.04%
  5.08%
  5.11%
  5.15%
  5.19%
  5.23%
  5.26%
  5.30%
  5.34%
  5.37%
  5.41%
  5.45%
  5.49%
  5.52%
  5.56%
  5.60%
  5.63%
  5.67%
  5.71%
  5.75%
  5.78%
  5.82%
  5.86%
  5.89%
  5.93%
  5.97%
  6.00%
  6.04%
  6.08%
  6.12%
  6.15%
  6.19%
  6.23%
  6.26%
  6.30%
  6.34%
  6.38%
  6.41%
  6.45%
  6.49%
  6.52%
  6.56%
  6.60%
  6.63%
  6.67%
  6.71%
  6.75%
  6.78%
  6.82%
  6.86%
  6.89%
  6.93%
  6.97%
  7.01%
  7.04%
  7.08%
  7.12%
  7.15%
  7.19%
  7.23%
  7.26%
  7.30%
  7.34%
  7.38%
  7.41%
  7.45%
  7.49%
  7.52%
  7.56%
  7.60%
  7.64%
  7.67%
  7.71%
  7.75%
  7.78%
  7.82%
  7.86%
  7.89%
  7.93%
  7.97%
  8.01%
  8.04%
  8.08%
  8.12%
  8.15%
  8.19%
  8.23%
  8.27%
  8.30%
  8.34%
  8.38%
  8.41%
  8.45%
  8.49%
  8.52%
  8.56%
  8.60%
  8.64%
  8.67%
  8.71%
  8.75%
  8.78%
  8.82%
  8.86%
  8.90%
  8.93%
  8.97%
  9.01%
  9.04%
  9.08%
  9.12%
  9.15%
  9.19%
  9.23%
  9.27%
  9.30%
  9.34%
  9.38%
  9.41%
  9.45%
  9.49%
  9.53%
  9.56%
  9.60%
  9.64%
  9.67%
  9.71%
  9.75%
  9.79%
  9.82%
  9.86%
  9.90%
  9.93%
  9.97%
 10.01%
 10.04%
 10.08%
 10.12%
 10.16%
 10.19%
 10.23%
 10.27%
 10.30%
 10.34%
 10.38%
 10.42%
 10.45%
 10.49%
 10.53%
 10.56%
 10.60%
 10.64%
 10.67%
 10.71%
 10.75%
 10.79%
 10.82%
 10.86%
 10.90%
 10.93%
 10.97%
 11.01%
 11.05%
 11.08%
 11.12%
 11.16%
 11.19%
 11.23%
 11.27%
 11.30%
 11.34%
 11.38%
 11.42%
 11.45%
 11.49%
 11.53%
 11.56%
 11.60%
 11.64%
 11.68%
 11.71%
 11.75%
 11.79%
 11.82%
 11.86%
 11.90%
 11.93%
 11.97%
 12.01%
 12.05%
 12.08%
 12.12%
 12.16%
 12.19%
 12.23%
 12.27%
 12.31%
 12.34%
 12.38%
 12.42%
 12.45%
 12.49%
 12.53%
 12.56%
 12.60%
 12.64%
 12.68%
 12.71%
 12.75%
 12.79%
 12.82%
 12.86%
 12.90%
 12.94%
 12.97%
 13.01%
 13.05%
 13.08%
 13.12%
 13.16%
 13.20%
 13.23%
 13.27%
 13.31%
 13.34%
 13.38%
 13.42%
 13.45%
 13.49%
 13.53%
 13.57%
 13.60%
 13.64%
 13.68%
 13.71%
 13.75%
 13.79%
 13.83%
 13.86%
 13.90%
 13.94%
 13.97%
 14.01%
 14.05%
 14.08%
 14.12%
 14.16%
 14.20%
 14.23%
 14.27%
 14.31%
 14.34%
 14.38%
 14.42%
 14.46%
 14.49%
 14.53%
 14.57%
 14.60%
 14.64%
 14.68%
 14.71%
 14.75%
 14.79%
 14.83%
 14.86%
 14.90%
 14.94%
 14.97%
 15.01%
 15.05%
 15.09%
 15.12%
 15.16%
 15.20%
 15.23%
 15.27%
 15.31%
 15.34%
 15.38%
 15.42%
 15.46%
 15.49%
 15.53%
 15.57%
 15.60%
 15.64%
 15.68%
 15.72%
 15.75%
 15.79%
 15.83%
 15.86%
 15.90%
 15.94%
 15.97%
 16.01%
 16.05%
 16.09%
 16.12%
 16.16%
 16.20%
 16.23%
 16.27%
 16.31%
 16.35%
 16.38%
 16.42%
 16.46%
 16.49%
 16.53%
 16.57%
 16.61%
 16.64%
 16.68%
 16.72%
 16.75%
 16.79%
 16.83%
 16.86%
 16.90%
 16.94%
 16.98%
 17.01%
 17.05%
 17.09%
 17.12%
 17.16%
 17.20%
 17.24%
 17.27%
 17.31%
 17.35%
 17.38%
 17.42%
 17.46%
 17.49%
 17.53%
 17.57%
 17.61%
 17.64%
 17.68%
 17.72%
 17.75%
 17.79%
 17.83%
 17.87%
 17.90%
 17.94%
 17.98%
 18.01%
 18.05%
 18.09%
 18.12%
 18.16%
 18.20%
 18.24%
 18.27%
 18.31%
 18.35%
 18.38%
 18.42%
 18.46%
 18.50%
 18.53%
 18.57%
 18.61%
 18.64%
 18.68%
 18.72%
 18.75%
 18.79%
 18.83%
 18.87%
 18.90%
 18.94%
 18.98%
 19.01%
 19.05%
 19.09%
 19.13%
 19.16%
 19.20%
 19.24%
 19.27%
 19.31%
 19.35%
 19.38%
 19.42%
 19.46%
 19.50%
 19.53%
 19.57%
 19.61%
 19.64%
 19.68%
 19.72%
 19.76%
 19.79%
 19.83%
 19.87%
 19.90%
 19.94%
 19.98%
 20.01%
 20.05%
 20.09%
 20.13%
 20.16%
 20.20%
 20.24%
 20.27%
 20.31%
 20.35%
 20.39%
 20.42%
 20.46%
 20.50%
 20.53%
 20.57%
 20.61%
 20.65%
 20.68%
 20.72%
 20.76%
 20.79%
 20.83%
 20.87%
 20.90%
 20.94%
 20.98%
 21.02%
 21.05%
 21.09%
 21.13%
 21.16%
 21.20%
 21.24%
 21.28%
 21.31%
 21.35%
 21.39%
 21.42%
 21.46%
 21.50%
 21.53%
 21.57%
 21.61%
 21.65%
 21.68%
 21.72%
 21.76%
 21.79%
 21.83%
 21.87%
 21.91%
 21.94%
 21.98%
 22.02%
 22.05%
 22.09%
 22.13%
 22.16%
 22.20%
 22.24%
 22.28%
 22.31%
 22.35%
 22.39%
 22.42%
 22.46%
 22.50%
 22.54%
 22.57%
 22.61%
 22.65%
 22.68%
 22.72%
 22.76%
 22.79%
 22.83%
 22.87%
 22.91%
 22.94%
 22.98%
 23.02%
 23.05%
 23.09%
 23.13%
 23.17%
 23.20%
 23.24%
 23.28%
 23.31%
 23.35%
 23.39%
 23.42%
 23.46%
 23.50%
 23.54%
 23.57%
 23.61%
 23.65%
 23.68%
 23.72%
 23.76%
 23.80%
 23.83%
 23.87%
 23.91%
 23.94%
 23.98%
 24.02%
 24.06%
 24.09%
 24.13%
 24.17%
 24.20%
 24.24%
 24.28%
 24.31%
 24.35%
 24.39%
 24.43%
 24.46%
 24.50%
 24.54%
 24.57%
 24.61%
 24.65%
 24.69%
 24.72%
 24.76%
 24.80%
 24.83%
 24.87%
 24.91%
 24.94%
 24.98%
 25.02%
 25.06%
 25.09%
 25.13%
 25.17%
 25.20%
 25.24%
 25.28%
 25.32%
 25.35%
 25.39%
 25.43%
 25.46%
 25.50%
 25.54%
 25.57%
 25.61%
 25.65%
 25.69%
 25.72%
 25.76%
 25.80%
 25.83%
 25.87%
 25.91%
 25.95%
 25.98%
 26.02%
 26.06%
 26.09%
 26.13%
 26.17%
 26.20%
 26.24%
 26.28%
 26.32%
 26.35%
 26.39%
 26.43%
 26.46%
 26.50%
 26.54%
 26.58%
 26.61%
 26.65%
 26.69%
 26.72%
 26.76%
 26.80%
 26.83%
 26.87%
 26.91%
 26.95%
 26.98%
 27.02%
 27.06%
 27.09%
 27.13%
 27.17%
 27.21%
 27.24%
 27.28%
 27.32%
 27.35%
 27.39%
 27.43%
 27.46%
 27.50%
 27.54%
 27.58%
 27.61%
 27.65%
 27.69%
 27.72%
 27.76%
 27.80%
 27.84%
 27.87%
 27.91%
 27.95%
 27.98%
 28.02%
 28.06%
 28.10%
 28.13%
 28.17%
 28.21%
 28.24%
 28.28%
 28.32%
 28.35%
 28.39%
 28.43%
 28.47%
 28.50%
 28.54%
 28.58%
 28.61%
 28.65%
 28.69%
 28.73%
 28.76%
 28.80%
 28.84%
 28.87%
 28.91%
 28.95%
 28.98%
 29.02%
 29.06%
 29.10%
 29.13%
 29.17%
 29.21%
 29.24%
 29.28%
 29.32%
 29.36%
 29.39%
 29.43%
 29.47%
 29.50%
 29.54%
 29.58%
 29.61%
 29.65%
 29.69%
 29.73%
 29.76%
 29.80%
 29.84%
 29.87%
 29.91%
 29.95%
 29.99%
 30.02%
 30.06%
 30.10%
 30.13%
 30.17%
 30.21%
 30.24%
 30.28%
 30.32%
 30.36%
 30.39%
 30.43%
 30.47%
 30.50%
 30.54%
 30.58%
 30.62%
 30.65%
 30.69%
 30.73%
 30.76%
 30.80%
 30.84%
 30.87%
 30.91%
 30.95%
 30.99%
 31.02%
 31.06%
 31.10%
 31.13%
 31.17%
 31.21%
 31.25%
 31.28%
 31.32%
 31.36%
 31.39%
 31.43%
 31.47%
 31.51%
 31.54%
 31.58%
 31.62%
 31.65%
 31.69%
 31.73%
 31.76%
 31.80%
 31.84%
 31.88%
 31.91%
 31.95%
 31.99%
 32.02%
 32.06%
 32.10%
 32.14%
 32.17%
 32.21%
 32.25%
 32.28%
 32.32%
 32.36%
 32.39%
 32.43%
 32.47%
 32.51%
 32.54%
 32.58%
 32.62%
 32.65%
 32.69%
 32.73%
 32.77%
 32.80%
 32.84%
 32.88%
 32.91%
 32.95%
 32.99%
 33.02%
 33.06%
 33.10%
 33.14%
 33.17%
 33.21%
 33.25%
 33.28%
 33.32%
 33.36%
 33.40%
 33.43%
 33.47%
 33.51%
 33.54%
 33.58%
 33.62%
 33.65%
 33.69%
 33.73%
 33.77%
 33.80%
 33.84%
 33.88%
 33.91%
 33.95%
 33.99%
 34.03%
 34.06%
 34.10%
 34.14%
 34.17%
 34.21%
 34.25%
 34.28%
 34.32%
 34.36%
 34.40%
 34.43%
 34.47%
 34.51%
 34.54%
 34.58%
 34.62%
 34.66%
 34.69%
 34.73%
 34.77%
 34.80%
 34.84%
 34.88%
 34.92%
 34.95%
 34.99%
 35.03%
 35.06%
 35.10%
 35.14%
 35.17%
 35.21%
 35.25%
 35.29%
 35.32%
 35.36%
 35.40%
 35.43%
 35.47%
 35.51%
 35.55%
 35.58%
 35.62%
 35.66%
 35.69%
 35.73%
 35.77%
 35.80%
 35.84%
 35.88%
 35.92%
 35.95%
 35.99%
 36.03%
 36.06%
 36.10%
 36.14%
 36.18%
 36.21%
 36.25%
 36.29%
 36.32%
 36.36%
 36.40%
 36.43%
 36.47%
 36.51%
 36.55%
 36.58%
 36.62%
 36.66%
 36.69%
 36.73%
 36.77%
 36.81%
 36.84%
 36.88%
 36.92%
 36.95%
 36.99%
 37.03%
 37.06%
 37.10%
 37.14%
 37.18%
 37.21%
 37.25%
 37.29%
 37.32%
 37.36%
 37.40%
 37.44%
 37.47%
 37.51%
 37.55%
 37.58%
 37.62%
 37.66%
 37.69%
 37.73%
 37.77%
 37.81%
 37.84%
 37.88%
 37.92%
 37.95%
 37.99%
 38.03%
 38.07%
 38.10%
 38.14%
 38.18%
 38.21%
 38.25%
 38.29%
 38.32%
 38.36%
 38.40%
 38.44%
 38.47%
 38.51%
 38.55%
 38.58%
 38.62%
 38.66%
 38.70%
 38.73%
 38.77%
 38.81%
 38.84%
 38.88%
 38.92%
 38.96%
 38.99%
 39.03%
 39.07%
 39.10%
 39.14%
 39.18%
 39.21%
 39.25%
 39.29%
 39.33%
 39.36%
 39.40%
 39.44%
 39.47%
 39.51%
 39.55%
 39.59%
 39.62%
 39.66%
 39.70%
 39.73%
 39.77%
 39.81%
 39.84%
 39.88%
 39.92%
 39.96%
 39.99%
 40.03%
 40.07%
 40.10%
 40.14%
 40.18%
 40.22%
 40.25%
 40.29%
 40.33%
 40.36%
 40.40%
 40.44%
 40.47%
 40.51%
 40.55%
 40.59%
 40.62%
 40.66%
 40.70%
 40.73%
 40.77%
 40.81%
 40.85%
 40.88%
 40.92%
 40.96%
 40.99%
 41.03%
 41.07%
 41.10%
 41.14%
 41.18%
 41.22%
 41.25%
 41.29%
 41.33%
 41.36%
 41.40%
 41.44%
 41.48%
 41.51%
 41.55%
 41.59%
 41.62%
 41.66%
 41.70%
 41.73%
 41.77%
 41.81%
 41.85%
 41.88%
 41.92%
 41.96%
 41.99%
 42.03%
 42.07%
 42.11%
 42.14%
 42.18%
 42.22%
 42.25%
 42.29%
 42.33%
 42.37%
 42.40%
 42.44%
 42.48%
 42.51%
 42.55%
 42.59%
 42.62%
 42.66%
 42.70%
 42.74%
 42.77%
 42.81%
 42.85%
 42.88%
 42.92%
 42.96%
 43.00%
 43.03%
 43.07%
 43.11%
 43.14%
 43.18%
 43.22%
 43.25%
 43.29%
 43.33%
 43.37%
 43.40%
 43.44%
 43.48%
 43.51%
 43.55%
 43.59%
 43.63%
 43.66%
 43.70%
 43.74%
 43.77%
 43.81%
 43.85%
 43.88%
 43.92%
 43.96%
 44.00%
 44.03%
 44.07%
 44.11%
 44.14%
 44.18%
 44.22%
 44.26%
 44.29%
 44.33%
 44.37%
 44.40%
 44.44%
 44.48%
 44.51%
 44.55%
 44.59%
 44.63%
 44.66%
 44.70%
 44.74%
 44.77%
 44.81%
 44.85%
 44.89%
 44.92%
 44.96%
 45.00%
 45.03%
 45.07%
 45.11%
 45.14%
 45.18%
 45.22%
 45.26%
 45.29%
 45.33%
 45.37%
 45.40%
 45.44%
 45.48%
 45.52%
 45.55%
 45.59%
 45.63%
 45.66%
 45.70%
 45.74%
 45.77%
 45.81%
 45.85%
 45.89%
 45.92%
 45.96%
 46.00%
 46.03%
 46.07%
 46.11%
 46.15%
 46.18%
 46.22%
 46.26%
 46.29%
 46.33%
 46.37%
 46.41%
 46.44%
 46.48%
 46.52%
 46.55%
 46.59%
 46.63%
 46.66%
 46.70%
 46.74%
 46.78%
 46.81%
 46.85%
 46.89%
 46.92%
 46.96%
 47.00%
 47.04%
 47.07%
 47.11%
 47.15%
 47.18%
 47.22%
 47.26%
 47.29%
 47.33%
 47.37%
 47.41%
 47.44%
 47.48%
 47.52%
 47.55%
 47.59%
 47.63%
 47.67%
 47.70%
 47.74%
 47.78%
 47.81%
 47.85%
 47.89%
 47.92%
 47.96%
 48.00%
 48.04%
 48.07%
 48.11%
 48.15%
 48.18%
 48.22%
 48.26%
 48.30%
 48.33%
 48.37%
 48.41%
 48.44%
 48.48%
 48.52%
 48.55%
 48.59%
 48.63%
 48.67%
 48.70%
 48.74%
 48.78%
 48.81%
 48.85%
 48.89%
 48.93%
 48.96%
 49.00%
 49.04%
 49.07%
 49.11%
 49.15%
 49.18%
 49.22%
 49.26%
 49.30%
 49.33%
 49.37%
 49.41%
 49.44%
 49.48%
 49.52%
 49.56%
 49.59%
 49.63%
 49.67%
 49.70%
 49.74%
 49.78%
 49.82%
 49.85%
 49.89%
 49.93%
 49.96%
 50.00%
 50.04%
 50.07%
 50.11%
 50.15%
 50.19%
 50.22%
 50.26%
 50.30%
 50.33%
 50.37%
 50.41%
 50.45%
 50.48%
 50.52%
 50.56%
 50.59%
 50.63%
 50.67%
 50.70%
 50.74%
 50.78%
 50.82%
 50.85%
 50.89%
 50.93%
 50.96%
 51.00%
 51.04%
 51.08%
 51.11%
 51.15%
 51.19%
 51.22%
 51.26%
 51.30%
 51.33%
 51.37%
 51.41%
 51.45%
 51.48%
 51.52%
 51.56%
 51.59%
 51.63%
 51.67%
 51.71%
 51.74%
 51.78%
 51.82%
 51.85%
 51.89%
 51.93%
 51.96%
 52.00%
 52.04%
 52.08%
 52.11%
 52.15%
 52.19%
 52.22%
 52.26%
 52.30%
 52.34%
 52.37%
 52.41%
 52.45%
 52.48%
 52.52%
 52.56%
 52.59%
 52.63%
 52.67%
 52.71%
 52.74%
 52.78%
 52.82%
 52.85%
 52.89%
 52.93%
 52.97%
 53.00%
 53.04%
 53.08%
 53.11%
 53.15%
 53.19%
 53.22%
 53.26%
 53.30%
 53.34%
 53.37%
 53.41%
 53.45%
 53.48%
 53.52%
 53.56%
 53.60%
 53.63%
 53.67%
 53.71%
 53.74%
 53.78%
 53.82%
 53.86%
 53.89%
 53.93%
 53.97%
 54.00%
 54.04%
 54.08%
 54.11%
 54.15%
 54.19%
 54.23%
 54.26%
 54.30%
 54.34%
 54.37%
 54.41%
 54.45%
 54.49%
 54.52%
 54.56%
 54.60%
 54.63%
 54.67%
 54.71%
 54.74%
 54.78%
 54.82%
 54.86%
 54.89%
 54.93%
 54.97%
 55.00%
 55.04%
 55.08%
 55.12%
 55.15%
 55.19%
 55.23%
 55.26%
 55.30%
 55.34%
 55.37%
 55.41%
 55.45%
 55.49%
 55.52%
 55.56%
 55.60%
 55.63%
 55.67%
 55.71%
 55.75%
 55.78%
 55.82%
 55.86%
 55.89%
 55.93%
 55.97%
 56.00%
 56.04%
 56.08%
 56.12%
 56.15%
 56.19%
 56.23%
 56.26%
 56.30%
 56.34%
 56.38%
 56.41%
 56.45%
 56.49%
 56.52%
 56.56%
 56.60%
 56.63%
 56.67%
 56.71%
 56.75%
 56.78%
 56.82%
 56.86%
 56.89%
 56.93%
 56.97%
 57.01%
 57.04%
 57.08%
 57.12%
 57.15%
 57.19%
 57.23%
 57.27%
 57.30%
 57.34%
 57.38%
 57.41%
 57.45%
 57.49%
 57.52%
 57.56%
 57.60%
 57.64%
 57.67%
 57.71%
 57.75%
 57.78%
 57.82%
 57.86%
 57.90%
 57.93%
 57.97%
 58.01%
 58.04%
 58.08%
 58.12%
 58.15%
 58.19%
 58.23%
 58.27%
 58.30%
 58.34%
 58.38%
 58.41%
 58.45%
 58.49%
 58.53%
 58.56%
 58.60%
 58.64%
 58.67%
 58.71%
 58.75%
 58.78%
 58.82%
 58.86%
 58.90%
 58.93%
 58.97%
 59.01%
 59.04%
 59.08%
 59.12%
 59.16%
 59.19%
 59.23%
 59.27%
 59.30%
 59.34%
 59.38%
 59.41%
 59.45%
 59.49%
 59.53%
 59.56%
 59.60%
 59.64%
 59.67%
 59.71%
 59.75%
 59.79%
 59.82%
 59.86%
 59.90%
 59.93%
 59.97%
 60.01%
 60.04%
 60.08%
 60.12%
 60.16%
 60.19%
 60.23%
 60.27%
 60.30%
 60.34%
 60.38%
 60.42%
 60.45%
 60.49%
 60.53%
 60.56%
 60.60%
 60.64%
 60.68%
 60.71%
 60.75%
 60.79%
 60.82%
 60.86%
 60.90%
 60.93%
 60.97%
 61.01%
 61.05%
 61.08%
 61.12%
 61.16%
 61.19%
 61.23%
 61.27%
 61.31%
 61.34%
 61.38%
 61.42%
 61.45%
 61.49%
 61.53%
 61.56%
 61.60%
 61.64%
 61.68%
 61.71%
 61.75%
 61.79%
 61.82%
 61.86%
 61.90%
 61.94%
 61.97%
 62.01%
 62.05%
 62.08%
 62.12%
 62.16%
 62.19%
 62.23%
 62.27%
 62.31%
 62.34%
 62.38%
 62.42%
 62.45%
 62.49%
 62.53%
 62.57%
 62.60%
 62.64%
 62.68%
 62.71%
 62.75%
 62.79%
 62.82%
 62.86%
 62.90%
 62.94%
 62.97%
 63.01%
 63.05%
 63.08%
 63.12%
 63.16%
 63.20%
 63.23%
 63.27%
 63.31%
 63.34%
 63.38%
 63.42%
 63.45%
 63.49%
 63.53%
 63.57%
 63.60%
 63.64%
 63.68%
 63.71%
 63.75%
 63.79%
 63.83%
 63.86%
 63.90%
 63.94%
 63.97%
 64.01%
 64.05%
 64.08%
 64.12%
 64.16%
 64.20%
 64.23%
 64.27%
 64.31%
 64.34%
 64.38%
 64.42%
 64.46%
 64.49%
 64.53%
 64.57%
 64.60%
 64.64%
 64.68%
 64.72%
 64.75%
 64.79%
 64.83%
 64.86%
 64.90%
 64.94%
 64.97%
 65.01%
 65.05%
 65.09%
 65.12%
 65.16%
 65.20%
 65.23%
 65.27%
 65.31%
 65.35%
 65.38%
 65.42%
 65.46%
 65.49%
 65.53%
 65.57%
 65.60%
 65.64%
 65.68%
 65.72%
 65.75%
 65.79%
 65.83%
 65.86%
 65.90%
 65.94%
 65.98%
 66.01%
 66.05%
 66.09%
 66.12%
 66.16%
 66.20%
 66.23%
 66.27%
 66.31%
 66.35%
 66.38%
 66.42%
 66.46%
 66.49%
 66.53%
 66.57%
 66.61%
 66.64%
 66.68%
 66.72%
 66.75%
 66.79%
 66.83%
 66.86%
 66.90%
 66.94%
 66.98%
 67.01%
 67.05%
 67.09%
 67.12%
 67.16%
 67.20%
 67.24%
 67.27%
 67.31%
 67.35%
 67.38%
 67.42%
 67.46%
 67.49%
 67.53%
 67.57%
 67.61%
 67.64%
 67.68%
 67.72%
 67.75%
 67.79%
 67.83%
 67.87%
 67.90%
 67.94%
 67.98%
 68.01%
 68.05%
 68.09%
 68.13%
 68.16%
 68.20%
 68.24%
 68.27%
 68.31%
 68.35%
 68.38%
 68.42%
 68.46%
 68.50%
 68.53%
 68.57%
 68.61%
 68.64%
 68.68%
 68.72%
 68.76%
 68.79%
 68.83%
 68.87%
 68.90%
 68.94%
 68.98%
 69.01%
 69.05%
 69.09%
 69.13%
 69.16%
 69.20%
 69.24%
 69.27%
 69.31%
 69.35%
 69.39%
 69.42%
 69.46%
 69.50%
 69.53%
 69.57%
 69.61%
 69.64%
 69.68%
 69.72%
 69.76%
 69.79%
 69.83%
 69.87%
 69.90%
 69.94%
 69.98%
 70.02%
 70.05%
 70.09%
 70.13%
 70.16%
 70.20%
 70.24%
 70.27%
 70.31%
 70.35%
 70.39%
 70.42%
 70.46%
 70.50%
 70.53%
 70.57%
 70.61%
 70.65%
 70.68%
 70.72%
 70.76%
 70.79%
 70.83%
 70.87%
 70.90%
 70.94%
 70.98%
 71.02%
 71.05%
 71.09%
 71.13%
 71.16%
 71.20%
 71.24%
 71.28%
 71.31%
 71.35%
 71.39%
 71.42%
 71.46%
 71.50%
 71.53%
 71.57%
 71.61%
 71.65%
 71.68%
 71.72%
 71.76%
 71.79%
 71.83%
 71.87%
 71.91%
 71.94%
 71.98%
 72.02%
 72.05%
 72.09%
 72.13%
 72.17%
 72.20%
 72.24%
 72.28%
 72.31%
 72.35%
 72.39%
 72.42%
 72.46%
 72.50%
 72.54%
 72.57%
 72.61%
 72.65%
 72.68%
 72.72%
 72.76%
 72.80%
 72.83%
 72.87%
 72.91%
 72.94%
 72.98%
 73.02%
 73.05%
 73.09%
 73.13%
 73.17%
 73.20%
 73.24%
 73.28%
 73.31%
 73.35%
 73.39%
 73.43%
 73.46%
 73.50%
 73.54%
 73.57%
 73.61%
 73.65%
 73.68%
 73.72%
 73.76%
 73.80%
 73.83%
 73.87%
 73.91%
 73.94%
 73.98%
 74.02%
 74.06%
 74.09%
 74.13%
 74.17%
 74.20%
 74.24%
 74.28%
 74.31%
 74.35%
 74.39%
 74.43%
 74.46%
 74.50%
 74.54%
 74.57%
 74.61%
 74.65%
 74.69%
 74.72%
 74.76%
 74.80%
 74.83%
 74.87%
 74.91%
 74.94%
 74.98%
 75.02%
 75.06%
 75.09%
 75.13%
 75.17%
 75.20%
 75.24%
 75.28%
 75.32%
 75.35%
 75.39%
 75.43%
 75.46%
 75.50%
 75.54%
 75.58%
 75.61%
 75.65%
 75.69%
 75.72%
 75.76%
 75.80%
 75.83%
 75.87%
 75.91%
 75.95%
 75.98%
 76.02%
 76.06%
 76.09%
 76.13%
 76.17%
 76.21%
 76.24%
 76.28%
 76.32%
 76.35%
 76.39%
 76.43%
 76.46%
 76.50%
 76.54%
 76.58%
 76.61%
 76.65%
 76.69%
 76.72%
 76.76%
 76.80%
 76.84%
 76.87%
 76.91%
 76.95%
 76.98%
 77.02%
 77.06%
 77.09%
 77.13%
 77.17%
 77.21%
 77.24%
 77.28%
 77.32%
 77.35%
 77.39%
 77.43%
 77.47%
 77.50%
 77.54%
 77.58%
 77.61%
 77.65%
 77.69%
 77.72%
 77.76%
 77.80%
 77.84%
 77.87%
 77.91%
 77.95%
 77.98%
 78.02%
 78.06%
 78.10%
 78.13%
 78.17%
 78.21%
 78.24%
 78.28%
 78.32%
 78.35%
 78.39%
 78.43%
 78.47%
 78.50%
 78.54%
 78.58%
 78.61%
 78.65%
 78.69%
 78.73%
 78.76%
 78.80%
 78.84%
 78.87%
 78.91%
 78.95%
 78.99%
 79.02%
 79.06%
 79.10%
 79.13%
 79.17%
 79.21%
 79.24%
 79.28%
 79.32%
 79.36%
 79.39%
 79.43%
 79.47%
 79.50%
 79.54%
 79.58%
 79.62%
 79.65%
 79.69%
 79.73%
 79.76%
 79.80%
 79.84%
 79.87%
 79.91%
 79.95%
 79.99%
 80.02%
 80.06%
 80.10%
 80.13%
 80.17%
 80.21%
 80.25%
 80.28%
 80.32%
 80.36%
 80.39%
 80.43%
 80.47%
 80.50%
 80.54%
 80.58%
 80.62%
 80.65%
 80.69%
 80.73%
 80.76%
 80.80%
 80.84%
 80.88%
 80.91%
 80.95%
 80.99%
 81.02%
 81.06%
 81.10%
 81.13%
 81.17%
 81.21%
 81.25%
 81.28%
 81.32%
 81.36%
 81.39%
 81.43%
 81.47%
 81.51%
 81.54%
 81.58%
 81.62%
 81.65%
 81.69%
 81.73%
 81.76%
 81.80%
 81.84%
 81.88%
 81.91%
 81.95%
 81.99%
 82.02%
 82.06%
 82.10%
 82.14%
 82.17%
 82.21%
 82.25%
 82.28%
 82.32%
 82.36%
 82.39%
 82.43%
 82.47%
 82.51%
 82.54%
 82.58%
 82.62%
 82.65%
 82.69%
 82.73%
 82.77%
 82.80%
 82.84%
 82.88%
 82.91%
 82.95%
 82.99%
 83.03%
 83.06%
 83.10%
 83.14%
 83.17%
 83.21%
 83.25%
 83.28%
 83.32%
 83.36%
 83.40%
 83.43%
 83.47%
 83.51%
 83.54%
 83.58%
 83.62%
 83.66%
 83.69%
 83.73%
 83.77%
 83.80%
 83.84%
 83.88%
 83.91%
 83.95%
 83.99%
 84.03%
 84.06%
 84.10%
 84.14%
 84.17%
 84.21%
 84.25%
 84.29%
 84.32%
 84.36%
 84.40%
 84.43%
 84.47%
 84.51%
 84.54%
 84.58%
 84.62%
 84.66%
 84.69%
 84.73%
 84.77%
 84.80%
 84.84%
 84.88%
 84.92%
 84.95%
 84.99%
 85.03%
 85.06%
 85.10%
 85.14%
 85.17%
 85.21%
 85.25%
 85.29%
 85.32%
 85.36%
 85.40%
 85.43%
 85.47%
 85.51%
 85.55%
 85.58%
 85.62%
 85.66%
 85.69%
 85.73%
 85.77%
 85.80%
 85.84%
 85.88%
 85.92%
 85.95%
 85.99%
 86.03%
 86.06%
 86.10%
 86.14%
 86.18%
 86.21%
 86.25%
 86.29%
 86.32%
 86.36%
 86.40%
 86.44%
 86.47%
 86.51%
 86.55%
 86.58%
 86.62%
 86.66%
 86.69%
 86.73%
 86.77%
 86.81%
 86.84%
 86.88%
 86.92%
 86.95%
 86.99%
 87.03%
 87.07%
 87.10%
 87.14%
 87.18%
 87.21%
 87.25%
 87.29%
 87.32%
 87.36%
 87.40%
 87.44%
 87.47%
 87.51%
 87.55%
 87.58%
 87.62%
 87.66%
 87.70%
 87.73%
 87.77%
 87.81%
 87.84%
 87.88%
 87.92%
 87.95%
 87.99%
 88.03%
 88.07%
 88.10%
 88.14%
 88.18%
 88.21%
 88.25%
 88.29%
 88.33%
 88.36%
 88.40%
 88.44%
 88.47%
 88.51%
 88.55%
 88.58%
 88.62%
 88.66%
 88.70%
 88.73%
 88.77%
 88.81%
 88.84%
 88.88%
 88.92%
 88.96%
 88.99%
 89.03%
 89.07%
 89.10%
 89.14%
 89.18%
 89.21%
 89.25%
 89.29%
 89.33%
 89.36%
 89.40%
 89.44%
 89.47%
 89.51%
 89.55%
 89.59%
 89.62%
 89.66%
 89.70%
 89.73%
 89.77%
 89.81%
 89.84%
 89.88%
 89.92%
 89.96%
 89.99%
 90.03%
 90.07%
 90.10%
 90.14%
 90.18%
 90.22%
 90.25%
 90.29%
 90.33%
 90.36%
 90.40%
 90.44%
 90.48%
 90.51%
 90.55%
 90.59%
 90.62%
 90.66%
 90.70%
 90.73%
 90.77%
 90.81%
 90.85%
 90.88%
 90.92%
 90.96%
 90.99%
 91.03%
 91.07%
 91.11%
 91.14%
 91.18%
 91.22%
 91.25%
 91.29%
 91.33%
 91.36%
 91.40%
 91.44%
 91.48%
 91.51%
 91.55%
 91.59%
 91.62%
 91.66%
 91.70%
 91.74%
 91.77%
 91.81%
 91.85%
 91.88%
 91.92%
 91.96%
 91.99%
 92.03%
 92.07%
 92.11%
 92.14%
 92.18%
 92.22%
 92.25%
 92.29%
 92.33%
 92.37%
 92.40%
 92.44%
 92.48%
 92.51%
 92.55%
 92.59%
 92.62%
 92.66%
 92.70%
 92.74%
 92.77%
 92.81%
 92.85%
 92.88%
 92.92%
 92.96%
 93.00%
 93.03%
 93.07%
 93.11%
 93.14%
 93.18%
 93.22%
 93.25%
 93.29%
 93.33%
 93.37%
 93.40%
 93.44%
 93.48%
 93.51%
 93.55%
 93.59%
 93.63%
 93.66%
 93.70%
 93.74%
 93.77%
 93.81%
 93.85%
 93.89%
 93.92%
 93.96%
 94.00%
 94.03%
 94.07%
 94.11%
 94.14%
 94.18%
 94.22%
 94.26%
 94.29%
 94.33%
 94.37%
 94.40%
 94.44%
 94.48%
 94.52%
 94.55%
 94.59%
 94.63%
 94.66%
 94.70%
 94.74%
 94.77%
 94.81%
 94.85%
 94.89%
 94.92%
 94.96%
 95.00%
 95.03%
 95.07%
 95.11%
 95.15%
 95.18%
 95.22%
 95.26%
 95.29%
 95.33%
 95.37%
 95.40%
 95.44%
 95.48%
 95.52%
 95.55%
 95.59%
 95.63%
 95.66%
 95.70%
 95.74%
 95.78%
 95.81%
 95.85%
 95.89%
 95.92%
 95.96%
 96.00%
 96.03%
 96.07%
 96.11%
 96.15%
 96.18%
 96.22%
 96.26%
 96.29%
 96.33%
 96.37%
 96.41%
 96.44%
 96.48%
 96.52%
 96.55%
 96.59%
 96.63%
 96.66%
 96.70%
 96.74%
 96.78%
 96.81%
 96.85%
 96.89%
 96.92%
 96.96%
 97.00%
 97.04%
 97.07%
 97.11%
 97.15%
 97.18%
 97.22%
 97.26%
 97.29%
 97.33%
 97.37%
 97.41%
 97.44%
 97.48%
 97.52%
 97.55%
 97.59%
 97.63%
 97.67%
 97.70%
 97.74%
 97.78%
 97.81%
 97.85%
 97.89%
 97.93%
 97.96%
 98.00%
 98.04%
 98.07%
 98.11%
 98.15%
 98.18%
 98.22%
 98.26%
 98.30%
 98.33%
 98.37%
 98.41%
 98.44%
 98.48%
 98.52%
 98.56%
 98.59%
 98.63%
 98.67%
 98.70%
 98.74%
 98.78%
 98.81%
 98.85%
 98.89%
 98.93%
 98.96%
 99.00%
 99.04%
 99.07%
 99.11%
 99.15%
 99.19%
 99.22%
 99.26%
 99.30%
 99.33%
 99.37%
 99.41%
 99.44%
 99.48%
 99.52%
 99.56%
 99.59%
 99.63%
 99.67%
 99.70%
 99.74%
 99.78%
 99.82%
 99.85%
 99.89%
 99.93%
 99.96%
100.00%
Real time elapsed: 3132.769 seconds
