
                                                                              < M A T L A B (R) >
                                                                    Copyright 1984-2020 The MathWorks, Inc.
                                                                    R2020b (9.9.0.1467703) 64-bit (glnxa64)
                                                                                August 26, 2020

 
To get started, type doc.
For product information, visit www.mathworks.com.
 
Resolution: 256x256
Number of packets: 50
Initial wavenumber radius: 6.000000
Time step: 0.003028
Simulation time: 666.666667
Spin-up time: 400.000000
Steps per save: 50
Steps per packet save: 5
Coriolis parameter: 3.000000
Group velocity: 1.000000
Background velocity (parameter,computed): (0.800000,0.810512)
Froude Number: 0.810512
Deformation wavenumber: 3.000000
Simulation progress:  0.00%  0.02%
  0.05%
  0.07%
  0.09%
  0.12%
  0.14%
  0.16%
  0.19%
  0.21%
  0.23%
  0.25%
  0.28%
  0.30%
  0.32%
  0.35%
  0.37%
  0.39%
  0.42%
  0.44%
  0.46%
  0.49%
  0.51%
  0.53%
  0.56%
  0.58%
  0.60%
  0.63%
  0.65%
  0.67%
  0.69%
  0.72%
  0.74%
  0.76%
  0.79%
  0.81%
  0.83%
  0.86%
  0.88%
  0.90%
  0.93%
  0.95%
  0.97%
  1.00%
  1.02%
  1.04%
  1.07%
  1.09%
  1.11%
  1.14%
  1.16%
  1.18%
  1.20%
  1.23%
  1.25%
  1.27%
  1.30%
  1.32%
  1.34%
  1.37%
  1.39%
  1.41%
  1.44%
  1.46%
  1.48%
  1.51%
  1.53%
  1.55%
  1.58%
  1.60%
  1.62%
  1.64%
  1.67%
  1.69%
  1.71%
  1.74%
  1.76%
  1.78%
  1.81%
  1.83%
  1.85%
  1.88%
  1.90%
  1.92%
  1.95%
  1.97%
  1.99%
  2.02%
  2.04%
  2.06%
  2.08%
  2.11%
  2.13%
  2.15%
  2.18%
  2.20%
  2.22%
  2.25%
  2.27%
  2.29%
  2.32%
  2.34%
  2.36%
  2.39%
  2.41%
  2.43%
  2.46%
  2.48%
  2.50%
  2.53%
  2.55%
  2.57%
  2.59%
  2.62%
  2.64%
  2.66%
  2.69%
  2.71%
  2.73%
  2.76%
  2.78%
  2.80%
  2.83%
  2.85%
  2.87%
  2.90%
  2.92%
  2.94%
  2.97%
  2.99%
  3.01%
  3.03%
  3.06%
  3.08%
  3.10%
  3.13%
  3.15%
  3.17%
  3.20%
  3.22%
  3.24%
  3.27%
  3.29%
  3.31%
  3.34%
  3.36%
  3.38%
  3.41%
  3.43%
  3.45%
  3.47%
  3.50%
  3.52%
  3.54%
  3.57%
  3.59%
  3.61%
  3.64%
  3.66%
  3.68%
  3.71%
  3.73%
  3.75%
  3.78%
  3.80%
  3.82%
  3.85%
  3.87%
  3.89%
  3.91%
  3.94%
  3.96%
  3.98%
  4.01%
  4.03%
  4.05%
  4.08%
  4.10%
  4.12%
  4.15%
  4.17%
  4.19%
  4.22%
  4.24%
  4.26%
  4.29%
  4.31%
  4.33%
  4.36%
  4.38%
  4.40%
  4.42%
  4.45%
  4.47%
  4.49%
  4.52%
  4.54%
  4.56%
  4.59%
  4.61%
  4.63%
  4.66%
  4.68%
  4.70%
  4.73%
  4.75%
  4.77%
  4.80%
  4.82%
  4.84%
  4.86%
  4.89%
  4.91%
  4.93%
  4.96%
  4.98%
  5.00%
  5.03%
  5.05%
  5.07%
  5.10%
  5.12%
  5.14%
  5.17%
  5.19%
  5.21%
  5.24%
  5.26%
  5.28%
  5.30%
  5.33%
  5.35%
  5.37%
  5.40%
  5.42%
  5.44%
  5.47%
  5.49%
  5.51%
  5.54%
  5.56%
  5.58%
  5.61%
  5.63%
  5.65%
  5.68%
  5.70%
  5.72%
  5.75%
  5.77%
  5.79%
  5.81%
  5.84%
  5.86%
  5.88%
  5.91%
  5.93%
  5.95%
  5.98%
  6.00%
  6.02%
  6.05%
  6.07%
  6.09%
  6.12%
  6.14%
  6.16%
  6.19%
  6.21%
  6.23%
  6.25%
  6.28%
  6.30%
  6.32%
  6.35%
  6.37%
  6.39%
  6.42%
  6.44%
  6.46%
  6.49%
  6.51%
  6.53%
  6.56%
  6.58%
  6.60%
  6.63%
  6.65%
  6.67%
  6.69%
  6.72%
  6.74%
  6.76%
  6.79%
  6.81%
  6.83%
  6.86%
  6.88%
  6.90%
  6.93%
  6.95%
  6.97%
  7.00%
  7.02%
  7.04%
  7.07%
  7.09%
  7.11%
  7.13%
  7.16%
  7.18%
  7.20%
  7.23%
  7.25%
  7.27%
  7.30%
  7.32%
  7.34%
  7.37%
  7.39%
  7.41%
  7.44%
  7.46%
  7.48%
  7.51%
  7.53%
  7.55%
  7.58%
  7.60%
  7.62%
  7.64%
  7.67%
  7.69%
  7.71%
  7.74%
  7.76%
  7.78%
  7.81%
  7.83%
  7.85%
  7.88%
  7.90%
  7.92%
  7.95%
  7.97%
  7.99%
  8.02%
  8.04%
  8.06%
  8.08%
  8.11%
  8.13%
  8.15%
  8.18%
  8.20%
  8.22%
  8.25%
  8.27%
  8.29%
  8.32%
  8.34%
  8.36%
  8.39%
  8.41%
  8.43%
  8.46%
  8.48%
  8.50%
  8.52%
  8.55%
  8.57%
  8.59%
  8.62%
  8.64%
  8.66%
  8.69%
  8.71%
  8.73%
  8.76%
  8.78%
  8.80%
  8.83%
  8.85%
  8.87%
  8.90%
  8.92%
  8.94%
  8.97%
  8.99%
  9.01%
  9.03%
  9.06%
  9.08%
  9.10%
  9.13%
  9.15%
  9.17%
  9.20%
  9.22%
  9.24%
  9.27%
  9.29%
  9.31%
  9.34%
  9.36%
  9.38%
  9.41%
  9.43%
  9.45%
  9.47%
  9.50%
  9.52%
  9.54%
  9.57%
  9.59%
  9.61%
  9.64%
  9.66%
  9.68%
  9.71%
  9.73%
  9.75%
  9.78%
  9.80%
  9.82%
  9.85%
  9.87%
  9.89%
  9.91%
  9.94%
  9.96%
  9.98%
 10.01%
 10.03%
 10.05%
 10.08%
 10.10%
 10.12%
 10.15%
 10.17%
 10.19%
 10.22%
 10.24%
 10.26%
 10.29%
 10.31%
 10.33%
 10.35%
 10.38%
 10.40%
 10.42%
 10.45%
 10.47%
 10.49%
 10.52%
 10.54%
 10.56%
 10.59%
 10.61%
 10.63%
 10.66%
 10.68%
 10.70%
 10.73%
 10.75%
 10.77%
 10.80%
 10.82%
 10.84%
 10.86%
 10.89%
 10.91%
 10.93%
 10.96%
 10.98%
 11.00%
 11.03%
 11.05%
 11.07%
 11.10%
 11.12%
 11.14%
 11.17%
 11.19%
 11.21%
 11.24%
 11.26%
 11.28%
 11.30%
 11.33%
 11.35%
 11.37%
 11.40%
 11.42%
 11.44%
 11.47%
 11.49%
 11.51%
 11.54%
 11.56%
 11.58%
 11.61%
 11.63%
 11.65%
 11.68%
 11.70%
 11.72%
 11.74%
 11.77%
 11.79%
 11.81%
 11.84%
 11.86%
 11.88%
 11.91%
 11.93%
 11.95%
 11.98%
 12.00%
 12.02%
 12.05%
 12.07%
 12.09%
 12.12%
 12.14%
 12.16%
 12.19%
 12.21%
 12.23%
 12.25%
 12.28%
 12.30%
 12.32%
 12.35%
 12.37%
 12.39%
 12.42%
 12.44%
 12.46%
 12.49%
 12.51%
 12.53%
 12.56%
 12.58%
 12.60%
 12.63%
 12.65%
 12.67%
 12.69%
 12.72%
 12.74%
 12.76%
 12.79%
 12.81%
 12.83%
 12.86%
 12.88%
 12.90%
 12.93%
 12.95%
 12.97%
 13.00%
 13.02%
 13.04%
 13.07%
 13.09%
 13.11%
 13.13%
 13.16%
 13.18%
 13.20%
 13.23%
 13.25%
 13.27%
 13.30%
 13.32%
 13.34%
 13.37%
 13.39%
 13.41%
 13.44%
 13.46%
 13.48%
 13.51%
 13.53%
 13.55%
 13.57%
 13.60%
 13.62%
 13.64%
 13.67%
 13.69%
 13.71%
 13.74%
 13.76%
 13.78%
 13.81%
 13.83%
 13.85%
 13.88%
 13.90%
 13.92%
 13.95%
 13.97%
 13.99%
 14.02%
 14.04%
 14.06%
 14.08%
 14.11%
 14.13%
 14.15%
 14.18%
 14.20%
 14.22%
 14.25%
 14.27%
 14.29%
 14.32%
 14.34%
 14.36%
 14.39%
 14.41%
 14.43%
 14.46%
 14.48%
 14.50%
 14.52%
 14.55%
 14.57%
 14.59%
 14.62%
 14.64%
 14.66%
 14.69%
 14.71%
 14.73%
 14.76%
 14.78%
 14.80%
 14.83%
 14.85%
 14.87%
 14.90%
 14.92%
 14.94%
 14.96%
 14.99%
 15.01%
 15.03%
 15.06%
 15.08%
 15.10%
 15.13%
 15.15%
 15.17%
 15.20%
 15.22%
 15.24%
 15.27%
 15.29%
 15.31%
 15.34%
 15.36%
 15.38%
 15.41%
 15.43%
 15.45%
 15.47%
 15.50%
 15.52%
 15.54%
 15.57%
 15.59%
 15.61%
 15.64%
 15.66%
 15.68%
 15.71%
 15.73%
 15.75%
 15.78%
 15.80%
 15.82%
 15.85%
 15.87%
 15.89%
 15.91%
 15.94%
 15.96%
 15.98%
 16.01%
 16.03%
 16.05%
 16.08%
 16.10%
 16.12%
 16.15%
 16.17%
 16.19%
 16.22%
 16.24%
 16.26%
 16.29%
 16.31%
 16.33%
 16.35%
 16.38%
 16.40%
 16.42%
 16.45%
 16.47%
 16.49%
 16.52%
 16.54%
 16.56%
 16.59%
 16.61%
 16.63%
 16.66%
 16.68%
 16.70%
 16.73%
 16.75%
 16.77%
 16.79%
 16.82%
 16.84%
 16.86%
 16.89%
 16.91%
 16.93%
 16.96%
 16.98%
 17.00%
 17.03%
 17.05%
 17.07%
 17.10%
 17.12%
 17.14%
 17.17%
 17.19%
 17.21%
 17.24%
 17.26%
 17.28%
 17.30%
 17.33%
 17.35%
 17.37%
 17.40%
 17.42%
 17.44%
 17.47%
 17.49%
 17.51%
 17.54%
 17.56%
 17.58%
 17.61%
 17.63%
 17.65%
 17.68%
 17.70%
 17.72%
 17.74%
 17.77%
 17.79%
 17.81%
 17.84%
 17.86%
 17.88%
 17.91%
 17.93%
 17.95%
 17.98%
 18.00%
 18.02%
 18.05%
 18.07%
 18.09%
 18.12%
 18.14%
 18.16%
 18.18%
 18.21%
 18.23%
 18.25%
 18.28%
 18.30%
 18.32%
 18.35%
 18.37%
 18.39%
 18.42%
 18.44%
 18.46%
 18.49%
 18.51%
 18.53%
 18.56%
 18.58%
 18.60%
 18.63%
 18.65%
 18.67%
 18.69%
 18.72%
 18.74%
 18.76%
 18.79%
 18.81%
 18.83%
 18.86%
 18.88%
 18.90%
 18.93%
 18.95%
 18.97%
 19.00%
 19.02%
 19.04%
 19.07%
 19.09%
 19.11%
 19.13%
 19.16%
 19.18%
 19.20%
 19.23%
 19.25%
 19.27%
 19.30%
 19.32%
 19.34%
 19.37%
 19.39%
 19.41%
 19.44%
 19.46%
 19.48%
 19.51%
 19.53%
 19.55%
 19.57%
 19.60%
 19.62%
 19.64%
 19.67%
 19.69%
 19.71%
 19.74%
 19.76%
 19.78%
 19.81%
 19.83%
 19.85%
 19.88%
 19.90%
 19.92%
 19.95%
 19.97%
 19.99%
 20.01%
 20.04%
 20.06%
 20.08%
 20.11%
 20.13%
 20.15%
 20.18%
 20.20%
 20.22%
 20.25%
 20.27%
 20.29%
 20.32%
 20.34%
 20.36%
 20.39%
 20.41%
 20.43%
 20.46%
 20.48%
 20.50%
 20.52%
 20.55%
 20.57%
 20.59%
 20.62%
 20.64%
 20.66%
 20.69%
 20.71%
 20.73%
 20.76%
 20.78%
 20.80%
 20.83%
 20.85%
 20.87%
 20.90%
 20.92%
 20.94%
 20.96%
 20.99%
 21.01%
 21.03%
 21.06%
 21.08%
 21.10%
 21.13%
 21.15%
 21.17%
 21.20%
 21.22%
 21.24%
 21.27%
 21.29%
 21.31%
 21.34%
 21.36%
 21.38%
 21.40%
 21.43%
 21.45%
 21.47%
 21.50%
 21.52%
 21.54%
 21.57%
 21.59%
 21.61%
 21.64%
 21.66%
 21.68%
 21.71%
 21.73%
 21.75%
 21.78%
 21.80%
 21.82%
 21.85%
 21.87%
 21.89%
 21.91%
 21.94%
 21.96%
 21.98%
 22.01%
 22.03%
 22.05%
 22.08%
 22.10%
 22.12%
 22.15%
 22.17%
 22.19%
 22.22%
 22.24%
 22.26%
 22.29%
 22.31%
 22.33%
 22.35%
 22.38%
 22.40%
 22.42%
 22.45%
 22.47%
 22.49%
 22.52%
 22.54%
 22.56%
 22.59%
 22.61%
 22.63%
 22.66%
 22.68%
 22.70%
 22.73%
 22.75%
 22.77%
 22.79%
 22.82%
 22.84%
 22.86%
 22.89%
 22.91%
 22.93%
 22.96%
 22.98%
 23.00%
 23.03%
 23.05%
 23.07%
 23.10%
 23.12%
 23.14%
 23.17%
 23.19%
 23.21%
 23.23%
 23.26%
 23.28%
 23.30%
 23.33%
 23.35%
 23.37%
 23.40%
 23.42%
 23.44%
 23.47%
 23.49%
 23.51%
 23.54%
 23.56%
 23.58%
 23.61%
 23.63%
 23.65%
 23.68%
 23.70%
 23.72%
 23.74%
 23.77%
 23.79%
 23.81%
 23.84%
 23.86%
 23.88%
 23.91%
 23.93%
 23.95%
 23.98%
 24.00%
 24.02%
 24.05%
 24.07%
 24.09%
 24.12%
 24.14%
 24.16%
 24.18%
 24.21%
 24.23%
 24.25%
 24.28%
 24.30%
 24.32%
 24.35%
 24.37%
 24.39%
 24.42%
 24.44%
 24.46%
 24.49%
 24.51%
 24.53%
 24.56%
 24.58%
 24.60%
 24.62%
 24.65%
 24.67%
 24.69%
 24.72%
 24.74%
 24.76%
 24.79%
 24.81%
 24.83%
 24.86%
 24.88%
 24.90%
 24.93%
 24.95%
 24.97%
 25.00%
 25.02%
 25.04%
 25.07%
 25.09%
 25.11%
 25.13%
 25.16%
 25.18%
 25.20%
 25.23%
 25.25%
 25.27%
 25.30%
 25.32%
 25.34%
 25.37%
 25.39%
 25.41%
 25.44%
 25.46%
 25.48%
 25.51%
 25.53%
 25.55%
 25.57%
 25.60%
 25.62%
 25.64%
 25.67%
 25.69%
 25.71%
 25.74%
 25.76%
 25.78%
 25.81%
 25.83%
 25.85%
 25.88%
 25.90%
 25.92%
 25.95%
 25.97%
 25.99%
 26.01%
 26.04%
 26.06%
 26.08%
 26.11%
 26.13%
 26.15%
 26.18%
 26.20%
 26.22%
 26.25%
 26.27%
 26.29%
 26.32%
 26.34%
 26.36%
 26.39%
 26.41%
 26.43%
 26.45%
 26.48%
 26.50%
 26.52%
 26.55%
 26.57%
 26.59%
 26.62%
 26.64%
 26.66%
 26.69%
 26.71%
 26.73%
 26.76%
 26.78%
 26.80%
 26.83%
 26.85%
 26.87%
 26.90%
 26.92%
 26.94%
 26.96%
 26.99%
 27.01%
 27.03%
 27.06%
 27.08%
 27.10%
 27.13%
 27.15%
 27.17%
 27.20%
 27.22%
 27.24%
 27.27%
 27.29%
 27.31%
 27.34%
 27.36%
 27.38%
 27.40%
 27.43%
 27.45%
 27.47%
 27.50%
 27.52%
 27.54%
 27.57%
 27.59%
 27.61%
 27.64%
 27.66%
 27.68%
 27.71%
 27.73%
 27.75%
 27.78%
 27.80%
 27.82%
 27.84%
 27.87%
 27.89%
 27.91%
 27.94%
 27.96%
 27.98%
 28.01%
 28.03%
 28.05%
 28.08%
 28.10%
 28.12%
 28.15%
 28.17%
 28.19%
 28.22%
 28.24%
 28.26%
 28.29%
 28.31%
 28.33%
 28.35%
 28.38%
 28.40%
 28.42%
 28.45%
 28.47%
 28.49%
 28.52%
 28.54%
 28.56%
 28.59%
 28.61%
 28.63%
 28.66%
 28.68%
 28.70%
 28.73%
 28.75%
 28.77%
 28.79%
 28.82%
 28.84%
 28.86%
 28.89%
 28.91%
 28.93%
 28.96%
 28.98%
 29.00%
 29.03%
 29.05%
 29.07%
 29.10%
 29.12%
 29.14%
 29.17%
 29.19%
 29.21%
 29.23%
 29.26%
 29.28%
 29.30%
 29.33%
 29.35%
 29.37%
 29.40%
 29.42%
 29.44%
 29.47%
 29.49%
 29.51%
 29.54%
 29.56%
 29.58%
 29.61%
 29.63%
 29.65%
 29.68%
 29.70%
 29.72%
 29.74%
 29.77%
 29.79%
 29.81%
 29.84%
 29.86%
 29.88%
 29.91%
 29.93%
 29.95%
 29.98%
 30.00%
 30.02%
 30.05%
 30.07%
 30.09%
 30.12%
 30.14%
 30.16%
 30.18%
 30.21%
 30.23%
 30.25%
 30.28%
 30.30%
 30.32%
 30.35%
 30.37%
 30.39%
 30.42%
 30.44%
 30.46%
 30.49%
 30.51%
 30.53%
 30.56%
 30.58%
 30.60%
 30.62%
 30.65%
 30.67%
 30.69%
 30.72%
 30.74%
 30.76%
 30.79%
 30.81%
 30.83%
 30.86%
 30.88%
 30.90%
 30.93%
 30.95%
 30.97%
 31.00%
 31.02%
 31.04%
 31.06%
 31.09%
 31.11%
 31.13%
 31.16%
 31.18%
 31.20%
 31.23%
 31.25%
 31.27%
 31.30%
 31.32%
 31.34%
 31.37%
 31.39%
 31.41%
 31.44%
 31.46%
 31.48%
 31.51%
 31.53%
 31.55%
 31.57%
 31.60%
 31.62%
 31.64%
 31.67%
 31.69%
 31.71%
 31.74%
 31.76%
 31.78%
 31.81%
 31.83%
 31.85%
 31.88%
 31.90%
 31.92%
 31.95%
 31.97%
 31.99%
 32.01%
 32.04%
 32.06%
 32.08%
 32.11%
 32.13%
 32.15%
 32.18%
 32.20%
 32.22%
 32.25%
 32.27%
 32.29%
 32.32%
 32.34%
 32.36%
 32.39%
 32.41%
 32.43%
 32.45%
 32.48%
 32.50%
 32.52%
 32.55%
 32.57%
 32.59%
 32.62%
 32.64%
 32.66%
 32.69%
 32.71%
 32.73%
 32.76%
 32.78%
 32.80%
 32.83%
 32.85%
 32.87%
 32.90%
 32.92%
 32.94%
 32.96%
 32.99%
 33.01%
 33.03%
 33.06%
 33.08%
 33.10%
 33.13%
 33.15%
 33.17%
 33.20%
 33.22%
 33.24%
 33.27%
 33.29%
 33.31%
 33.34%
 33.36%
 33.38%
 33.40%
 33.43%
 33.45%
 33.47%
 33.50%
 33.52%
 33.54%
 33.57%
 33.59%
 33.61%
 33.64%
 33.66%
 33.68%
 33.71%
 33.73%
 33.75%
 33.78%
 33.80%
 33.82%
 33.84%
 33.87%
 33.89%
 33.91%
 33.94%
 33.96%
 33.98%
 34.01%
 34.03%
 34.05%
 34.08%
 34.10%
 34.12%
 34.15%
 34.17%
 34.19%
 34.22%
 34.24%
 34.26%
 34.28%
 34.31%
 34.33%
 34.35%
 34.38%
 34.40%
 34.42%
 34.45%
 34.47%
 34.49%
 34.52%
 34.54%
 34.56%
 34.59%
 34.61%
 34.63%
 34.66%
 34.68%
 34.70%
 34.73%
 34.75%
 34.77%
 34.79%
 34.82%
 34.84%
 34.86%
 34.89%
 34.91%
 34.93%
 34.96%
 34.98%
 35.00%
 35.03%
 35.05%
 35.07%
 35.10%
 35.12%
 35.14%
 35.17%
 35.19%
 35.21%
 35.23%
 35.26%
 35.28%
 35.30%
 35.33%
 35.35%
 35.37%
 35.40%
 35.42%
 35.44%
 35.47%
 35.49%
 35.51%
 35.54%
 35.56%
 35.58%
 35.61%
 35.63%
 35.65%
 35.67%
 35.70%
 35.72%
 35.74%
 35.77%
 35.79%
 35.81%
 35.84%
 35.86%
 35.88%
 35.91%
 35.93%
 35.95%
 35.98%
 36.00%
 36.02%
 36.05%
 36.07%
 36.09%
 36.12%
 36.14%
 36.16%
 36.18%
 36.21%
 36.23%
 36.25%
 36.28%
 36.30%
 36.32%
 36.35%
 36.37%
 36.39%
 36.42%
 36.44%
 36.46%
 36.49%
 36.51%
 36.53%
 36.56%
 36.58%
 36.60%
 36.62%
 36.65%
 36.67%
 36.69%
 36.72%
 36.74%
 36.76%
 36.79%
 36.81%
 36.83%
 36.86%
 36.88%
 36.90%
 36.93%
 36.95%
 36.97%
 37.00%
 37.02%
 37.04%
 37.06%
 37.09%
 37.11%
 37.13%
 37.16%
 37.18%
 37.20%
 37.23%
 37.25%
 37.27%
 37.30%
 37.32%
 37.34%
 37.37%
 37.39%
 37.41%
 37.44%
 37.46%
 37.48%
 37.50%
 37.53%
 37.55%
 37.57%
 37.60%
 37.62%
 37.64%
 37.67%
 37.69%
 37.71%
 37.74%
 37.76%
 37.78%
 37.81%
 37.83%
 37.85%
 37.88%
 37.90%
 37.92%
 37.95%
 37.97%
 37.99%
 38.01%
 38.04%
 38.06%
 38.08%
 38.11%
 38.13%
 38.15%
 38.18%
 38.20%
 38.22%
 38.25%
 38.27%
 38.29%
 38.32%
 38.34%
 38.36%
 38.39%
 38.41%
 38.43%
 38.45%
 38.48%
 38.50%
 38.52%
 38.55%
 38.57%
 38.59%
 38.62%
 38.64%
 38.66%
 38.69%
 38.71%
 38.73%
 38.76%
 38.78%
 38.80%
 38.83%
 38.85%
 38.87%
 38.89%
 38.92%
 38.94%
 38.96%
 38.99%
 39.01%
 39.03%
 39.06%
 39.08%
 39.10%
 39.13%
 39.15%
 39.17%
 39.20%
 39.22%
 39.24%
 39.27%
 39.29%
 39.31%
 39.34%
 39.36%
 39.38%
 39.40%
 39.43%
 39.45%
 39.47%
 39.50%
 39.52%
 39.54%
 39.57%
 39.59%
 39.61%
 39.64%
 39.66%
 39.68%
 39.71%
 39.73%
 39.75%
 39.78%
 39.80%
 39.82%
 39.84%
 39.87%
 39.89%
 39.91%
 39.94%
 39.96%
 39.98%
 40.01%
 40.03%
 40.05%
 40.08%
 40.10%
 40.12%
 40.15%
 40.17%
 40.19%
 40.22%
 40.24%
 40.26%
 40.28%
 40.31%
 40.33%
 40.35%
 40.38%
 40.40%
 40.42%
 40.45%
 40.47%
 40.49%
 40.52%
 40.54%
 40.56%
 40.59%
 40.61%
 40.63%
 40.66%
 40.68%
 40.70%
 40.72%
 40.75%
 40.77%
 40.79%
 40.82%
 40.84%
 40.86%
 40.89%
 40.91%
 40.93%
 40.96%
 40.98%
 41.00%
 41.03%
 41.05%
 41.07%
 41.10%
 41.12%
 41.14%
 41.17%
 41.19%
 41.21%
 41.23%
 41.26%
 41.28%
 41.30%
 41.33%
 41.35%
 41.37%
 41.40%
 41.42%
 41.44%
 41.47%
 41.49%
 41.51%
 41.54%
 41.56%
 41.58%
 41.61%
 41.63%
 41.65%
 41.67%
 41.70%
 41.72%
 41.74%
 41.77%
 41.79%
 41.81%
 41.84%
 41.86%
 41.88%
 41.91%
 41.93%
 41.95%
 41.98%
 42.00%
 42.02%
 42.05%
 42.07%
 42.09%
 42.11%
 42.14%
 42.16%
 42.18%
 42.21%
 42.23%
 42.25%
 42.28%
 42.30%
 42.32%
 42.35%
 42.37%
 42.39%
 42.42%
 42.44%
 42.46%
 42.49%
 42.51%
 42.53%
 42.56%
 42.58%
 42.60%
 42.62%
 42.65%
 42.67%
 42.69%
 42.72%
 42.74%
 42.76%
 42.79%
 42.81%
 42.83%
 42.86%
 42.88%
 42.90%
 42.93%
 42.95%
 42.97%
 43.00%
 43.02%
 43.04%
 43.06%
 43.09%
 43.11%
 43.13%
 43.16%
 43.18%
 43.20%
 43.23%
 43.25%
 43.27%
 43.30%
 43.32%
 43.34%
 43.37%
 43.39%
 43.41%
 43.44%
 43.46%
 43.48%
 43.50%
 43.53%
 43.55%
 43.57%
 43.60%
 43.62%
 43.64%
 43.67%
 43.69%
 43.71%
 43.74%
 43.76%
 43.78%
 43.81%
 43.83%
 43.85%
 43.88%
 43.90%
 43.92%
 43.94%
 43.97%
 43.99%
 44.01%
 44.04%
 44.06%
 44.08%
 44.11%
 44.13%
 44.15%
 44.18%
 44.20%
 44.22%
 44.25%
 44.27%
 44.29%
 44.32%
 44.34%
 44.36%
 44.39%
 44.41%
 44.43%
 44.45%
 44.48%
 44.50%
 44.52%
 44.55%
 44.57%
 44.59%
 44.62%
 44.64%
 44.66%
 44.69%
 44.71%
 44.73%
 44.76%
 44.78%
 44.80%
 44.83%
 44.85%
 44.87%
 44.89%
 44.92%
 44.94%
 44.96%
 44.99%
 45.01%
 45.03%
 45.06%
 45.08%
 45.10%
 45.13%
 45.15%
 45.17%
 45.20%
 45.22%
 45.24%
 45.27%
 45.29%
 45.31%
 45.33%
 45.36%
 45.38%
 45.40%
 45.43%
 45.45%
 45.47%
 45.50%
 45.52%
 45.54%
 45.57%
 45.59%
 45.61%
 45.64%
 45.66%
 45.68%
 45.71%
 45.73%
 45.75%
 45.78%
 45.80%
 45.82%
 45.84%
 45.87%
 45.89%
 45.91%
 45.94%
 45.96%
 45.98%
 46.01%
 46.03%
 46.05%
 46.08%
 46.10%
 46.12%
 46.15%
 46.17%
 46.19%
 46.22%
 46.24%
 46.26%
 46.28%
 46.31%
 46.33%
 46.35%
 46.38%
 46.40%
 46.42%
 46.45%
 46.47%
 46.49%
 46.52%
 46.54%
 46.56%
 46.59%
 46.61%
 46.63%
 46.66%
 46.68%
 46.70%
 46.72%
 46.75%
 46.77%
 46.79%
 46.82%
 46.84%
 46.86%
 46.89%
 46.91%
 46.93%
 46.96%
 46.98%
 47.00%
 47.03%
 47.05%
 47.07%
 47.10%
 47.12%
 47.14%
 47.16%
 47.19%
 47.21%
 47.23%
 47.26%
 47.28%
 47.30%
 47.33%
 47.35%
 47.37%
 47.40%
 47.42%
 47.44%
 47.47%
 47.49%
 47.51%
 47.54%
 47.56%
 47.58%
 47.61%
 47.63%
 47.65%
 47.67%
 47.70%
 47.72%
 47.74%
 47.77%
 47.79%
 47.81%
 47.84%
 47.86%
 47.88%
 47.91%
 47.93%
 47.95%
 47.98%
 48.00%
 48.02%
 48.05%
 48.07%
 48.09%
 48.11%
 48.14%
 48.16%
 48.18%
 48.21%
 48.23%
 48.25%
 48.28%
 48.30%
 48.32%
 48.35%
 48.37%
 48.39%
 48.42%
 48.44%
 48.46%
 48.49%
 48.51%
 48.53%
 48.55%
 48.58%
 48.60%
 48.62%
 48.65%
 48.67%
 48.69%
 48.72%
 48.74%
 48.76%
 48.79%
 48.81%
 48.83%
 48.86%
 48.88%
 48.90%
 48.93%
 48.95%
 48.97%
 49.00%
 49.02%
 49.04%
 49.06%
 49.09%
 49.11%
 49.13%
 49.16%
 49.18%
 49.20%
 49.23%
 49.25%
 49.27%
 49.30%
 49.32%
 49.34%
 49.37%
 49.39%
 49.41%
 49.44%
 49.46%
 49.48%
 49.50%
 49.53%
 49.55%
 49.57%
 49.60%
 49.62%
 49.64%
 49.67%
 49.69%
 49.71%
 49.74%
 49.76%
 49.78%
 49.81%
 49.83%
 49.85%
 49.88%
 49.90%
 49.92%
 49.94%
 49.97%
 49.99%
 50.01%
 50.04%
 50.06%
 50.08%
 50.11%
 50.13%
 50.15%
 50.18%
 50.20%
 50.22%
 50.25%
 50.27%
 50.29%
 50.32%
 50.34%
 50.36%
 50.38%
 50.41%
 50.43%
 50.45%
 50.48%
 50.50%
 50.52%
 50.55%
 50.57%
 50.59%
 50.62%
 50.64%
 50.66%
 50.69%
 50.71%
 50.73%
 50.76%
 50.78%
 50.80%
 50.83%
 50.85%
 50.87%
 50.89%
 50.92%
 50.94%
 50.96%
 50.99%
 51.01%
 51.03%
 51.06%
 51.08%
 51.10%
 51.13%
 51.15%
 51.17%
 51.20%
 51.22%
 51.24%
 51.27%
 51.29%
 51.31%
 51.33%
 51.36%
 51.38%
 51.40%
 51.43%
 51.45%
 51.47%
 51.50%
 51.52%
 51.54%
 51.57%
 51.59%
 51.61%
 51.64%
 51.66%
 51.68%
 51.71%
 51.73%
 51.75%
 51.77%
 51.80%
 51.82%
 51.84%
 51.87%
 51.89%
 51.91%
 51.94%
 51.96%
 51.98%
 52.01%
 52.03%
 52.05%
 52.08%
 52.10%
 52.12%
 52.15%
 52.17%
 52.19%
 52.22%
 52.24%
 52.26%
 52.28%
 52.31%
 52.33%
 52.35%
 52.38%
 52.40%
 52.42%
 52.45%
 52.47%
 52.49%
 52.52%
 52.54%
 52.56%
 52.59%
 52.61%
 52.63%
 52.66%
 52.68%
 52.70%
 52.72%
 52.75%
 52.77%
 52.79%
 52.82%
 52.84%
 52.86%
 52.89%
 52.91%
 52.93%
 52.96%
 52.98%
 53.00%
 53.03%
 53.05%
 53.07%
 53.10%
 53.12%
 53.14%
 53.16%
 53.19%
 53.21%
 53.23%
 53.26%
 53.28%
 53.30%
 53.33%
 53.35%
 53.37%
 53.40%
 53.42%
 53.44%
 53.47%
 53.49%
 53.51%
 53.54%
 53.56%
 53.58%
 53.60%
 53.63%
 53.65%
 53.67%
 53.70%
 53.72%
 53.74%
 53.77%
 53.79%
 53.81%
 53.84%
 53.86%
 53.88%
 53.91%
 53.93%
 53.95%
 53.98%
 54.00%
 54.02%
 54.05%
 54.07%
 54.09%
 54.11%
 54.14%
 54.16%
 54.18%
 54.21%
 54.23%
 54.25%
 54.28%
 54.30%
 54.32%
 54.35%
 54.37%
 54.39%
 54.42%
 54.44%
 54.46%
 54.49%
 54.51%
 54.53%
 54.55%
 54.58%
 54.60%
 54.62%
 54.65%
 54.67%
 54.69%
 54.72%
 54.74%
 54.76%
 54.79%
 54.81%
 54.83%
 54.86%
 54.88%
 54.90%
 54.93%
 54.95%
 54.97%
 54.99%
 55.02%
 55.04%
 55.06%
 55.09%
 55.11%
 55.13%
 55.16%
 55.18%
 55.20%
 55.23%
 55.25%
 55.27%
 55.30%
 55.32%
 55.34%
 55.37%
 55.39%
 55.41%
 55.44%
 55.46%
 55.48%
 55.50%
 55.53%
 55.55%
 55.57%
 55.60%
 55.62%
 55.64%
 55.67%
 55.69%
 55.71%
 55.74%
 55.76%
 55.78%
 55.81%
 55.83%
 55.85%
 55.88%
 55.90%
 55.92%
 55.94%
 55.97%
 55.99%
 56.01%
 56.04%
 56.06%
 56.08%
 56.11%
 56.13%
 56.15%
 56.18%
 56.20%
 56.22%
 56.25%
 56.27%
 56.29%
 56.32%
 56.34%
 56.36%
 56.38%
 56.41%
 56.43%
 56.45%
 56.48%
 56.50%
 56.52%
 56.55%
 56.57%
 56.59%
 56.62%
 56.64%
 56.66%
 56.69%
 56.71%
 56.73%
 56.76%
 56.78%
 56.80%
 56.82%
 56.85%
 56.87%
 56.89%
 56.92%
 56.94%
 56.96%
 56.99%
 57.01%
 57.03%
 57.06%
 57.08%
 57.10%
 57.13%
 57.15%
 57.17%
 57.20%
 57.22%
 57.24%
 57.27%
 57.29%
 57.31%
 57.33%
 57.36%
 57.38%
 57.40%
 57.43%
 57.45%
 57.47%
 57.50%
 57.52%
 57.54%
 57.57%
 57.59%
 57.61%
 57.64%
 57.66%
 57.68%
 57.71%
 57.73%
 57.75%
 57.77%
 57.80%
 57.82%
 57.84%
 57.87%
 57.89%
 57.91%
 57.94%
 57.96%
 57.98%
 58.01%
 58.03%
 58.05%
 58.08%
 58.10%
 58.12%
 58.15%
 58.17%
 58.19%
 58.21%
 58.24%
 58.26%
 58.28%
 58.31%
 58.33%
 58.35%
 58.38%
 58.40%
 58.42%
 58.45%
 58.47%
 58.49%
 58.52%
 58.54%
 58.56%
 58.59%
 58.61%
 58.63%
 58.66%
 58.68%
 58.70%
 58.72%
 58.75%
 58.77%
 58.79%
 58.82%
 58.84%
 58.86%
 58.89%
 58.91%
 58.93%
 58.96%
 58.98%
 59.00%
 59.03%
 59.05%
 59.07%
 59.10%
 59.12%
 59.14%
 59.16%
 59.19%
 59.21%
 59.23%
 59.26%
 59.28%
 59.30%
 59.33%
 59.35%
 59.37%
 59.40%
 59.42%
 59.44%
 59.47%
 59.49%
 59.51%
 59.54%
 59.56%
 59.58%
 59.60%
 59.63%
 59.65%
 59.67%
 59.70%
 59.72%
 59.74%
 59.77%
 59.79%
 59.81%
 59.84%
 59.86%
 59.88%
 59.91%
 59.93%
 59.95%
 59.98%
 60.00%
 60.02%
 60.04%
 60.07%
 60.09%
 60.11%
 60.14%
 60.16%
 60.18%
 60.21%
 60.23%
 60.25%
 60.28%
 60.30%
 60.32%
 60.35%
 60.37%
 60.39%
 60.42%
 60.44%
 60.46%
 60.49%
 60.51%
 60.53%
 60.55%
 60.58%
 60.60%
 60.62%
 60.65%
 60.67%
 60.69%
 60.72%
 60.74%
 60.76%
 60.79%
 60.81%
 60.83%
 60.86%
 60.88%
 60.90%
 60.93%
 60.95%
 60.97%
 60.99%
 61.02%
 61.04%
 61.06%
 61.09%
 61.11%
 61.13%
 61.16%
 61.18%
 61.20%
 61.23%
 61.25%
 61.27%
 61.30%
 61.32%
 61.34%
 61.37%
 61.39%
 61.41%
 61.43%
 61.46%
 61.48%
 61.50%
 61.53%
 61.55%
 61.57%
 61.60%
 61.62%
 61.64%
 61.67%
 61.69%
 61.71%
 61.74%
 61.76%
 61.78%
 61.81%
 61.83%
 61.85%
 61.88%
 61.90%
 61.92%
 61.94%
 61.97%
 61.99%
 62.01%
 62.04%
 62.06%
 62.08%
 62.11%
 62.13%
 62.15%
 62.18%
 62.20%
 62.22%
 62.25%
 62.27%
 62.29%
 62.32%
 62.34%
 62.36%
 62.38%
 62.41%
 62.43%
 62.45%
 62.48%
 62.50%
 62.52%
 62.55%
 62.57%
 62.59%
 62.62%
 62.64%
 62.66%
 62.69%
 62.71%
 62.73%
 62.76%
 62.78%
 62.80%
 62.82%
 62.85%
 62.87%
 62.89%
 62.92%
 62.94%
 62.96%
 62.99%
 63.01%
 63.03%
 63.06%
 63.08%
 63.10%
 63.13%
 63.15%
 63.17%
 63.20%
 63.22%
 63.24%
 63.26%
 63.29%
 63.31%
 63.33%
 63.36%
 63.38%
 63.40%
 63.43%
 63.45%
 63.47%
 63.50%
 63.52%
 63.54%
 63.57%
 63.59%
 63.61%
 63.64%
 63.66%
 63.68%
 63.71%
 63.73%
 63.75%
 63.77%
 63.80%
 63.82%
 63.84%
 63.87%
 63.89%
 63.91%
 63.94%
 63.96%
 63.98%
 64.01%
 64.03%
 64.05%
 64.08%
 64.10%
 64.12%
 64.15%
 64.17%
 64.19%
 64.21%
 64.24%
 64.26%
 64.28%
 64.31%
 64.33%
 64.35%
 64.38%
 64.40%
 64.42%
 64.45%
 64.47%
 64.49%
 64.52%
 64.54%
 64.56%
 64.59%
 64.61%
 64.63%
 64.65%
 64.68%
 64.70%
 64.72%
 64.75%
 64.77%
 64.79%
 64.82%
 64.84%
 64.86%
 64.89%
 64.91%
 64.93%
 64.96%
 64.98%
 65.00%
 65.03%
 65.05%
 65.07%
 65.10%
 65.12%
 65.14%
 65.16%
 65.19%
 65.21%
 65.23%
 65.26%
 65.28%
 65.30%
 65.33%
 65.35%
 65.37%
 65.40%
 65.42%
 65.44%
 65.47%
 65.49%
 65.51%
 65.54%
 65.56%
 65.58%
 65.60%
 65.63%
 65.65%
 65.67%
 65.70%
 65.72%
 65.74%
 65.77%
 65.79%
 65.81%
 65.84%
 65.86%
 65.88%
 65.91%
 65.93%
 65.95%
 65.98%
 66.00%
 66.02%
 66.04%
 66.07%
 66.09%
 66.11%
 66.14%
 66.16%
 66.18%
 66.21%
 66.23%
 66.25%
 66.28%
 66.30%
 66.32%
 66.35%
 66.37%
 66.39%
 66.42%
 66.44%
 66.46%
 66.48%
 66.51%
 66.53%
 66.55%
 66.58%
 66.60%
 66.62%
 66.65%
 66.67%
 66.69%
 66.72%
 66.74%
 66.76%
 66.79%
 66.81%
 66.83%
 66.86%
 66.88%
 66.90%
 66.93%
 66.95%
 66.97%
 66.99%
 67.02%
 67.04%
 67.06%
 67.09%
 67.11%
 67.13%
 67.16%
 67.18%
 67.20%
 67.23%
 67.25%
 67.27%
 67.30%
 67.32%
 67.34%
 67.37%
 67.39%
 67.41%
 67.43%
 67.46%
 67.48%
 67.50%
 67.53%
 67.55%
 67.57%
 67.60%
 67.62%
 67.64%
 67.67%
 67.69%
 67.71%
 67.74%
 67.76%
 67.78%
 67.81%
 67.83%
 67.85%
 67.87%
 67.90%
 67.92%
 67.94%
 67.97%
 67.99%
 68.01%
 68.04%
 68.06%
 68.08%
 68.11%
 68.13%
 68.15%
 68.18%
 68.20%
 68.22%
 68.25%
 68.27%
 68.29%
 68.32%
 68.34%
 68.36%
 68.38%
 68.41%
 68.43%
 68.45%
 68.48%
 68.50%
 68.52%
 68.55%
 68.57%
 68.59%
 68.62%
 68.64%
 68.66%
 68.69%
 68.71%
 68.73%
 68.76%
 68.78%
 68.80%
 68.82%
 68.85%
 68.87%
 68.89%
 68.92%
 68.94%
 68.96%
 68.99%
 69.01%
 69.03%
 69.06%
 69.08%
 69.10%
 69.13%
 69.15%
 69.17%
 69.20%
 69.22%
 69.24%
 69.26%
 69.29%
 69.31%
 69.33%
 69.36%
 69.38%
 69.40%
 69.43%
 69.45%
 69.47%
 69.50%
 69.52%
 69.54%
 69.57%
 69.59%
 69.61%
 69.64%
 69.66%
 69.68%
 69.70%
 69.73%
 69.75%
 69.77%
 69.80%
 69.82%
 69.84%
 69.87%
 69.89%
 69.91%
 69.94%
 69.96%
 69.98%
 70.01%
 70.03%
 70.05%
 70.08%
 70.10%
 70.12%
 70.15%
 70.17%
 70.19%
 70.21%
 70.24%
 70.26%
 70.28%
 70.31%
 70.33%
 70.35%
 70.38%
 70.40%
 70.42%
 70.45%
 70.47%
 70.49%
 70.52%
 70.54%
 70.56%
 70.59%
 70.61%
 70.63%
 70.65%
 70.68%
 70.70%
 70.72%
 70.75%
 70.77%
 70.79%
 70.82%
 70.84%
 70.86%
 70.89%
 70.91%
 70.93%
 70.96%
 70.98%
 71.00%
 71.03%
 71.05%
 71.07%
 71.09%
 71.12%
 71.14%
 71.16%
 71.19%
 71.21%
 71.23%
 71.26%
 71.28%
 71.30%
 71.33%
 71.35%
 71.37%
 71.40%
 71.42%
 71.44%
 71.47%
 71.49%
 71.51%
 71.54%
 71.56%
 71.58%
 71.60%
 71.63%
 71.65%
 71.67%
 71.70%
 71.72%
 71.74%
 71.77%
 71.79%
 71.81%
 71.84%
 71.86%
 71.88%
 71.91%
 71.93%
 71.95%
 71.98%
 72.00%
 72.02%
 72.04%
 72.07%
 72.09%
 72.11%
 72.14%
 72.16%
 72.18%
 72.21%
 72.23%
 72.25%
 72.28%
 72.30%
 72.32%
 72.35%
 72.37%
 72.39%
 72.42%
 72.44%
 72.46%
 72.48%
 72.51%
 72.53%
 72.55%
 72.58%
 72.60%
 72.62%
 72.65%
 72.67%
 72.69%
 72.72%
 72.74%
 72.76%
 72.79%
 72.81%
 72.83%
 72.86%
 72.88%
 72.90%
 72.92%
 72.95%
 72.97%
 72.99%
 73.02%
 73.04%
 73.06%
 73.09%
 73.11%
 73.13%
 73.16%
 73.18%
 73.20%
 73.23%
 73.25%
 73.27%
 73.30%
 73.32%
 73.34%
 73.37%
 73.39%
 73.41%
 73.43%
 73.46%
 73.48%
 73.50%
 73.53%
 73.55%
 73.57%
 73.60%
 73.62%
 73.64%
 73.67%
 73.69%
 73.71%
 73.74%
 73.76%
 73.78%
 73.81%
 73.83%
 73.85%
 73.87%
 73.90%
 73.92%
 73.94%
 73.97%
 73.99%
 74.01%
 74.04%
 74.06%
 74.08%
 74.11%
 74.13%
 74.15%
 74.18%
 74.20%
 74.22%
 74.25%
 74.27%
 74.29%
 74.31%
 74.34%
 74.36%
 74.38%
 74.41%
 74.43%
 74.45%
 74.48%
 74.50%
 74.52%
 74.55%
 74.57%
 74.59%
 74.62%
 74.64%
 74.66%
 74.69%
 74.71%
 74.73%
 74.76%
 74.78%
 74.80%
 74.82%
 74.85%
 74.87%
 74.89%
 74.92%
 74.94%
 74.96%
 74.99%
 75.01%
 75.03%
 75.06%
 75.08%
 75.10%
 75.13%
 75.15%
 75.17%
 75.20%
 75.22%
 75.24%
 75.26%
 75.29%
 75.31%
 75.33%
 75.36%
 75.38%
 75.40%
 75.43%
 75.45%
 75.47%
 75.50%
 75.52%
 75.54%
 75.57%
 75.59%
 75.61%
 75.64%
 75.66%
 75.68%
 75.70%
 75.73%
 75.75%
 75.77%
 75.80%
 75.82%
 75.84%
 75.87%
 75.89%
 75.91%
 75.94%
 75.96%
 75.98%
 76.01%
 76.03%
 76.05%
 76.08%
 76.10%
 76.12%
 76.14%
 76.17%
 76.19%
 76.21%
 76.24%
 76.26%
 76.28%
 76.31%
 76.33%
 76.35%
 76.38%
 76.40%
 76.42%
 76.45%
 76.47%
 76.49%
 76.52%
 76.54%
 76.56%
 76.59%
 76.61%
 76.63%
 76.65%
 76.68%
 76.70%
 76.72%
 76.75%
 76.77%
 76.79%
 76.82%
 76.84%
 76.86%
 76.89%
 76.91%
 76.93%
 76.96%
 76.98%
 77.00%
 77.03%
 77.05%
 77.07%
 77.09%
 77.12%
 77.14%
 77.16%
 77.19%
 77.21%
 77.23%
 77.26%
 77.28%
 77.30%
 77.33%
 77.35%
 77.37%
 77.40%
 77.42%
 77.44%
 77.47%
 77.49%
 77.51%
 77.53%
 77.56%
 77.58%
 77.60%
 77.63%
 77.65%
 77.67%
 77.70%
 77.72%
 77.74%
 77.77%
 77.79%
 77.81%
 77.84%
 77.86%
 77.88%
 77.91%
 77.93%
 77.95%
 77.98%
 78.00%
 78.02%
 78.04%
 78.07%
 78.09%
 78.11%
 78.14%
 78.16%
 78.18%
 78.21%
 78.23%
 78.25%
 78.28%
 78.30%
 78.32%
 78.35%
 78.37%
 78.39%
 78.42%
 78.44%
 78.46%
 78.48%
 78.51%
 78.53%
 78.55%
 78.58%
 78.60%
 78.62%
 78.65%
 78.67%
 78.69%
 78.72%
 78.74%
 78.76%
 78.79%
 78.81%
 78.83%
 78.86%
 78.88%
 78.90%
 78.92%
 78.95%
 78.97%
 78.99%
 79.02%
 79.04%
 79.06%
 79.09%
 79.11%
 79.13%
 79.16%
 79.18%
 79.20%
 79.23%
 79.25%
 79.27%
 79.30%
 79.32%
 79.34%
 79.36%
 79.39%
 79.41%
 79.43%
 79.46%
 79.48%
 79.50%
 79.53%
 79.55%
 79.57%
 79.60%
 79.62%
 79.64%
 79.67%
 79.69%
 79.71%
 79.74%
 79.76%
 79.78%
 79.81%
 79.83%
 79.85%
 79.87%
 79.90%
 79.92%
 79.94%
 79.97%
 79.99%
 80.01%
 80.04%
 80.06%
 80.08%
 80.11%
 80.13%
 80.15%
 80.18%
 80.20%
 80.22%
 80.25%
 80.27%
 80.29%
 80.31%
 80.34%
 80.36%
 80.38%
 80.41%
 80.43%
 80.45%
 80.48%
 80.50%
 80.52%
 80.55%
 80.57%
 80.59%
 80.62%
 80.64%
 80.66%
 80.69%
 80.71%
 80.73%
 80.75%
 80.78%
 80.80%
 80.82%
 80.85%
 80.87%
 80.89%
 80.92%
 80.94%
 80.96%
 80.99%
 81.01%
 81.03%
 81.06%
 81.08%
 81.10%
 81.13%
 81.15%
 81.17%
 81.20%
 81.22%
 81.24%
 81.26%
 81.29%
 81.31%
 81.33%
 81.36%
 81.38%
 81.40%
 81.43%
 81.45%
 81.47%
 81.50%
 81.52%
 81.54%
 81.57%
 81.59%
 81.61%
 81.64%
 81.66%
 81.68%
 81.70%
 81.73%
 81.75%
 81.77%
 81.80%
 81.82%
 81.84%
 81.87%
 81.89%
 81.91%
 81.94%
 81.96%
 81.98%
 82.01%
 82.03%
 82.05%
 82.08%
 82.10%
 82.12%
 82.14%
 82.17%
 82.19%
 82.21%
 82.24%
 82.26%
 82.28%
 82.31%
 82.33%
 82.35%
 82.38%
 82.40%
 82.42%
 82.45%
 82.47%
 82.49%
 82.52%
 82.54%
 82.56%
 82.58%
 82.61%
 82.63%
 82.65%
 82.68%
 82.70%
 82.72%
 82.75%
 82.77%
 82.79%
 82.82%
 82.84%
 82.86%
 82.89%
 82.91%
 82.93%
 82.96%
 82.98%
 83.00%
 83.03%
 83.05%
 83.07%
 83.09%
 83.12%
 83.14%
 83.16%
 83.19%
 83.21%
 83.23%
 83.26%
 83.28%
 83.30%
 83.33%
 83.35%
 83.37%
 83.40%
 83.42%
 83.44%
 83.47%
 83.49%
 83.51%
 83.53%
 83.56%
 83.58%
 83.60%
 83.63%
 83.65%
 83.67%
 83.70%
 83.72%
 83.74%
 83.77%
 83.79%
 83.81%
 83.84%
 83.86%
 83.88%
 83.91%
 83.93%
 83.95%
 83.97%
 84.00%
 84.02%
 84.04%
 84.07%
 84.09%
 84.11%
 84.14%
 84.16%
 84.18%
 84.21%
 84.23%
 84.25%
 84.28%
 84.30%
 84.32%
 84.35%
 84.37%
 84.39%
 84.42%
 84.44%
 84.46%
 84.48%
 84.51%
 84.53%
 84.55%
 84.58%
 84.60%
 84.62%
 84.65%
 84.67%
 84.69%
 84.72%
 84.74%
 84.76%
 84.79%
 84.81%
 84.83%
 84.86%
 84.88%
 84.90%
 84.92%
 84.95%
 84.97%
 84.99%
 85.02%
 85.04%
 85.06%
 85.09%
 85.11%
 85.13%
 85.16%
 85.18%
 85.20%
 85.23%
 85.25%
 85.27%
 85.30%
 85.32%
 85.34%
 85.36%
 85.39%
 85.41%
 85.43%
 85.46%
 85.48%
 85.50%
 85.53%
 85.55%
 85.57%
 85.60%
 85.62%
 85.64%
 85.67%
 85.69%
 85.71%
 85.74%
 85.76%
 85.78%
 85.81%
 85.83%
 85.85%
 85.87%
 85.90%
 85.92%
 85.94%
 85.97%
 85.99%
 86.01%
 86.04%
 86.06%
 86.08%
 86.11%
 86.13%
 86.15%
 86.18%
 86.20%
 86.22%
 86.25%
 86.27%
 86.29%
 86.31%
 86.34%
 86.36%
 86.38%
 86.41%
 86.43%
 86.45%
 86.48%
 86.50%
 86.52%
 86.55%
 86.57%
 86.59%
 86.62%
 86.64%
 86.66%
 86.69%
 86.71%
 86.73%
 86.75%
 86.78%
 86.80%
 86.82%
 86.85%
 86.87%
 86.89%
 86.92%
 86.94%
 86.96%
 86.99%
 87.01%
 87.03%
 87.06%
 87.08%
 87.10%
 87.13%
 87.15%
 87.17%
 87.19%
 87.22%
 87.24%
 87.26%
 87.29%
 87.31%
 87.33%
 87.36%
 87.38%
 87.40%
 87.43%
 87.45%
 87.47%
 87.50%
 87.52%
 87.54%
 87.57%
 87.59%
 87.61%
 87.64%
 87.66%
 87.68%
 87.70%
 87.73%
 87.75%
 87.77%
 87.80%
 87.82%
 87.84%
 87.87%
 87.89%
 87.91%
 87.94%
 87.96%
 87.98%
 88.01%
 88.03%
 88.05%
 88.08%
 88.10%
 88.12%
 88.14%
 88.17%
 88.19%
 88.21%
 88.24%
 88.26%
 88.28%
 88.31%
 88.33%
 88.35%
 88.38%
 88.40%
 88.42%
 88.45%
 88.47%
 88.49%
 88.52%
 88.54%
 88.56%
 88.58%
 88.61%
 88.63%
 88.65%
 88.68%
 88.70%
 88.72%
 88.75%
 88.77%
 88.79%
 88.82%
 88.84%
 88.86%
 88.89%
 88.91%
 88.93%
 88.96%
 88.98%
 89.00%
 89.03%
 89.05%
 89.07%
 89.09%
 89.12%
 89.14%
 89.16%
 89.19%
 89.21%
 89.23%
 89.26%
 89.28%
 89.30%
 89.33%
 89.35%
 89.37%
 89.40%
 89.42%
 89.44%
 89.47%
 89.49%
 89.51%
 89.53%
 89.56%
 89.58%
 89.60%
 89.63%
 89.65%
 89.67%
 89.70%
 89.72%
 89.74%
 89.77%
 89.79%
 89.81%
 89.84%
 89.86%
 89.88%
 89.91%
 89.93%
 89.95%
 89.97%
 90.00%
 90.02%
 90.04%
 90.07%
 90.09%
 90.11%
 90.14%
 90.16%
 90.18%
 90.21%
 90.23%
 90.25%
 90.28%
 90.30%
 90.32%
 90.35%
 90.37%
 90.39%
 90.41%
 90.44%
 90.46%
 90.48%
 90.51%
 90.53%
 90.55%
 90.58%
 90.60%
 90.62%
 90.65%
 90.67%
 90.69%
 90.72%
 90.74%
 90.76%
 90.79%
 90.81%
 90.83%
 90.86%
 90.88%
 90.90%
 90.92%
 90.95%
 90.97%
 90.99%
 91.02%
 91.04%
 91.06%
 91.09%
 91.11%
 91.13%
 91.16%
 91.18%
 91.20%
 91.23%
 91.25%
 91.27%
 91.30%
 91.32%
 91.34%
 91.36%
 91.39%
 91.41%
 91.43%
 91.46%
 91.48%
 91.50%
 91.53%
 91.55%
 91.57%
 91.60%
 91.62%
 91.64%
 91.67%
 91.69%
 91.71%
 91.74%
 91.76%
 91.78%
 91.80%
 91.83%
 91.85%
 91.87%
 91.90%
 91.92%
 91.94%
 91.97%
 91.99%
 92.01%
 92.04%
 92.06%
 92.08%
 92.11%
 92.13%
 92.15%
 92.18%
 92.20%
 92.22%
 92.25%
 92.27%
 92.29%
 92.31%
 92.34%
 92.36%
 92.38%
 92.41%
 92.43%
 92.45%
 92.48%
 92.50%
 92.52%
 92.55%
 92.57%
 92.59%
 92.62%
 92.64%
 92.66%
 92.69%
 92.71%
 92.73%
 92.75%
 92.78%
 92.80%
 92.82%
 92.85%
 92.87%
 92.89%
 92.92%
 92.94%
 92.96%
 92.99%
 93.01%
 93.03%
 93.06%
 93.08%
 93.10%
 93.13%
 93.15%
 93.17%
 93.19%
 93.22%
 93.24%
 93.26%
 93.29%
 93.31%
 93.33%
 93.36%
 93.38%
 93.40%
 93.43%
 93.45%
 93.47%
 93.50%
 93.52%
 93.54%
 93.57%
 93.59%
 93.61%
 93.63%
 93.66%
 93.68%
 93.70%
 93.73%
 93.75%
 93.77%
 93.80%
 93.82%
 93.84%
 93.87%
 93.89%
 93.91%
 93.94%
 93.96%
 93.98%
 94.01%
 94.03%
 94.05%
 94.08%
 94.10%
 94.12%
 94.14%
 94.17%
 94.19%
 94.21%
 94.24%
 94.26%
 94.28%
 94.31%
 94.33%
 94.35%
 94.38%
 94.40%
 94.42%
 94.45%
 94.47%
 94.49%
 94.52%
 94.54%
 94.56%
 94.58%
 94.61%
 94.63%
 94.65%
 94.68%
 94.70%
 94.72%
 94.75%
 94.77%
 94.79%
 94.82%
 94.84%
 94.86%
 94.89%
 94.91%
 94.93%
 94.96%
 94.98%
 95.00%
 95.02%
 95.05%
 95.07%
 95.09%
 95.12%
 95.14%
 95.16%
 95.19%
 95.21%
 95.23%
 95.26%
 95.28%
 95.30%
 95.33%
 95.35%
 95.37%
 95.40%
 95.42%
 95.44%
 95.47%
 95.49%
 95.51%
 95.53%
 95.56%
 95.58%
 95.60%
 95.63%
 95.65%
 95.67%
 95.70%
 95.72%
 95.74%
 95.77%
 95.79%
 95.81%
 95.84%
 95.86%
 95.88%
 95.91%
 95.93%
 95.95%
 95.97%
 96.00%
 96.02%
 96.04%
 96.07%
 96.09%
 96.11%
 96.14%
 96.16%
 96.18%
 96.21%
 96.23%
 96.25%
 96.28%
 96.30%
 96.32%
 96.35%
 96.37%
 96.39%
 96.41%
 96.44%
 96.46%
 96.48%
 96.51%
 96.53%
 96.55%
 96.58%
 96.60%
 96.62%
 96.65%
 96.67%
 96.69%
 96.72%
 96.74%
 96.76%
 96.79%
 96.81%
 96.83%
 96.85%
 96.88%
 96.90%
 96.92%
 96.95%
 96.97%
 96.99%
 97.02%
 97.04%
 97.06%
 97.09%
 97.11%
 97.13%
 97.16%
 97.18%
 97.20%
 97.23%
 97.25%
 97.27%
 97.30%
 97.32%
 97.34%
 97.36%
 97.39%
 97.41%
 97.43%
 97.46%
 97.48%
 97.50%
 97.53%
 97.55%
 97.57%
 97.60%
 97.62%
 97.64%
 97.67%
 97.69%
 97.71%
 97.74%
 97.76%
 97.78%
 97.80%
 97.83%
 97.85%
 97.87%
 97.90%
 97.92%
 97.94%
 97.97%
 97.99%
 98.01%
 98.04%
 98.06%
 98.08%
 98.11%
 98.13%
 98.15%
 98.18%
 98.20%
 98.22%
 98.24%
 98.27%
 98.29%
 98.31%
 98.34%
 98.36%
 98.38%
 98.41%
 98.43%
 98.45%
 98.48%
 98.50%
 98.52%
 98.55%
 98.57%
 98.59%
 98.62%
 98.64%
 98.66%
 98.69%
 98.71%
 98.73%
 98.75%
 98.78%
 98.80%
 98.82%
 98.85%
 98.87%
 98.89%
 98.92%
 98.94%
 98.96%
 98.99%
 99.01%
 99.03%
 99.06%
 99.08%
 99.10%
 99.13%
 99.15%
 99.17%
 99.19%
 99.22%
 99.24%
 99.26%
 99.29%
 99.31%
 99.33%
 99.36%
 99.38%
 99.40%
 99.43%
 99.45%
 99.47%
 99.50%
 99.52%
 99.54%
 99.57%
 99.59%
 99.61%
 99.63%
 99.66%
 99.68%
 99.70%
 99.73%
 99.75%
 99.77%
 99.80%
 99.82%
 99.84%
 99.87%
 99.89%
 99.91%
 99.94%
 99.96%
 99.98%
100.00%
Real time elapsed: 5236.474 seconds
