
                                                                              < M A T L A B (R) >
                                                                    Copyright 1984-2020 The MathWorks, Inc.
                                                                    R2020b (9.9.0.1467703) 64-bit (glnxa64)
                                                                                August 26, 2020

 
To get started, type doc.
For product information, visit www.mathworks.com.
 
Resolution: 256x256
Number of packets: 50
Initial wavenumber radius: 6.000000
Time step: 0.003461
Simulation time: 666.666667
Spin-up time: 400.000000
Steps per save: 50
Steps per packet save: 5
Coriolis parameter: 3.000000
Group velocity: 1.000000
Background velocity (parameter,computed): (0.700000,0.709198)
Froude Number: 0.709198
Deformation wavenumber: 3.000000
Simulation progress:  0.00%  0.03%
  0.05%
  0.08%
  0.11%
  0.13%
  0.16%
  0.19%
  0.21%
  0.24%
  0.26%
  0.29%
  0.32%
  0.34%
  0.37%
  0.40%
  0.42%
  0.45%
  0.48%
  0.50%
  0.53%
  0.56%
  0.58%
  0.61%
  0.64%
  0.66%
  0.69%
  0.71%
  0.74%
  0.77%
  0.79%
  0.82%
  0.85%
  0.87%
  0.90%
  0.93%
  0.95%
  0.98%
  1.01%
  1.03%
  1.06%
  1.09%
  1.11%
  1.14%
  1.16%
  1.19%
  1.22%
  1.24%
  1.27%
  1.30%
  1.32%
  1.35%
  1.38%
  1.40%
  1.43%
  1.46%
  1.48%
  1.51%
  1.54%
  1.56%
  1.59%
  1.61%
  1.64%
  1.67%
  1.69%
  1.72%
  1.75%
  1.77%
  1.80%
  1.83%
  1.85%
  1.88%
  1.91%
  1.93%
  1.96%
  1.99%
  2.01%
  2.04%
  2.07%
  2.09%
  2.12%
  2.14%
  2.17%
  2.20%
  2.22%
  2.25%
  2.28%
  2.30%
  2.33%
  2.36%
  2.38%
  2.41%
  2.44%
  2.46%
  2.49%
  2.52%
  2.54%
  2.57%
  2.59%
  2.62%
  2.65%
  2.67%
  2.70%
  2.73%
  2.75%
  2.78%
  2.81%
  2.83%
  2.86%
  2.89%
  2.91%
  2.94%
  2.97%
  2.99%
  3.02%
  3.04%
  3.07%
  3.10%
  3.12%
  3.15%
  3.18%
  3.20%
  3.23%
  3.26%
  3.28%
  3.31%
  3.34%
  3.36%
  3.39%
  3.42%
  3.44%
  3.47%
  3.49%
  3.52%
  3.55%
  3.57%
  3.60%
  3.63%
  3.65%
  3.68%
  3.71%
  3.73%
  3.76%
  3.79%
  3.81%
  3.84%
  3.87%
  3.89%
  3.92%
  3.94%
  3.97%
  4.00%
  4.02%
  4.05%
  4.08%
  4.10%
  4.13%
  4.16%
  4.18%
  4.21%
  4.24%
  4.26%
  4.29%
  4.32%
  4.34%
  4.37%
  4.39%
  4.42%
  4.45%
  4.47%
  4.50%
  4.53%
  4.55%
  4.58%
  4.61%
  4.63%
  4.66%
  4.69%
  4.71%
  4.74%
  4.77%
  4.79%
  4.82%
  4.84%
  4.87%
  4.90%
  4.92%
  4.95%
  4.98%
  5.00%
  5.03%
  5.06%
  5.08%
  5.11%
  5.14%
  5.16%
  5.19%
  5.22%
  5.24%
  5.27%
  5.29%
  5.32%
  5.35%
  5.37%
  5.40%
  5.43%
  5.45%
  5.48%
  5.51%
  5.53%
  5.56%
  5.59%
  5.61%
  5.64%
  5.67%
  5.69%
  5.72%
  5.75%
  5.77%
  5.80%
  5.82%
  5.85%
  5.88%
  5.90%
  5.93%
  5.96%
  5.98%
  6.01%
  6.04%
  6.06%
  6.09%
  6.12%
  6.14%
  6.17%
  6.20%
  6.22%
  6.25%
  6.27%
  6.30%
  6.33%
  6.35%
  6.38%
  6.41%
  6.43%
  6.46%
  6.49%
  6.51%
  6.54%
  6.57%
  6.59%
  6.62%
  6.65%
  6.67%
  6.70%
  6.72%
  6.75%
  6.78%
  6.80%
  6.83%
  6.86%
  6.88%
  6.91%
  6.94%
  6.96%
  6.99%
  7.02%
  7.04%
  7.07%
  7.10%
  7.12%
  7.15%
  7.17%
  7.20%
  7.23%
  7.25%
  7.28%
  7.31%
  7.33%
  7.36%
  7.39%
  7.41%
  7.44%
  7.47%
  7.49%
  7.52%
  7.55%
  7.57%
  7.60%
  7.62%
  7.65%
  7.68%
  7.70%
  7.73%
  7.76%
  7.78%
  7.81%
  7.84%
  7.86%
  7.89%
  7.92%
  7.94%
  7.97%
  8.00%
  8.02%
  8.05%
  8.07%
  8.10%
  8.13%
  8.15%
  8.18%
  8.21%
  8.23%
  8.26%
  8.29%
  8.31%
  8.34%
  8.37%
  8.39%
  8.42%
  8.45%
  8.47%
  8.50%
  8.52%
  8.55%
  8.58%
  8.60%
  8.63%
  8.66%
  8.68%
  8.71%
  8.74%
  8.76%
  8.79%
  8.82%
  8.84%
  8.87%
  8.90%
  8.92%
  8.95%
  8.97%
  9.00%
  9.03%
  9.05%
  9.08%
  9.11%
  9.13%
  9.16%
  9.19%
  9.21%
  9.24%
  9.27%
  9.29%
  9.32%
  9.35%
  9.37%
  9.40%
  9.43%
  9.45%
  9.48%
  9.50%
  9.53%
  9.56%
  9.58%
  9.61%
  9.64%
  9.66%
  9.69%
  9.72%
  9.74%
  9.77%
  9.80%
  9.82%
  9.85%
  9.88%
  9.90%
  9.93%
  9.95%
  9.98%
 10.01%
 10.03%
 10.06%
 10.09%
 10.11%
 10.14%
 10.17%
 10.19%
 10.22%
 10.25%
 10.27%
 10.30%
 10.33%
 10.35%
 10.38%
 10.40%
 10.43%
 10.46%
 10.48%
 10.51%
 10.54%
 10.56%
 10.59%
 10.62%
 10.64%
 10.67%
 10.70%
 10.72%
 10.75%
 10.78%
 10.80%
 10.83%
 10.85%
 10.88%
 10.91%
 10.93%
 10.96%
 10.99%
 11.01%
 11.04%
 11.07%
 11.09%
 11.12%
 11.15%
 11.17%
 11.20%
 11.23%
 11.25%
 11.28%
 11.30%
 11.33%
 11.36%
 11.38%
 11.41%
 11.44%
 11.46%
 11.49%
 11.52%
 11.54%
 11.57%
 11.60%
 11.62%
 11.65%
 11.68%
 11.70%
 11.73%
 11.75%
 11.78%
 11.81%
 11.83%
 11.86%
 11.89%
 11.91%
 11.94%
 11.97%
 11.99%
 12.02%
 12.05%
 12.07%
 12.10%
 12.13%
 12.15%
 12.18%
 12.20%
 12.23%
 12.26%
 12.28%
 12.31%
 12.34%
 12.36%
 12.39%
 12.42%
 12.44%
 12.47%
 12.50%
 12.52%
 12.55%
 12.58%
 12.60%
 12.63%
 12.65%
 12.68%
 12.71%
 12.73%
 12.76%
 12.79%
 12.81%
 12.84%
 12.87%
 12.89%
 12.92%
 12.95%
 12.97%
 13.00%
 13.03%
 13.05%
 13.08%
 13.11%
 13.13%
 13.16%
 13.18%
 13.21%
 13.24%
 13.26%
 13.29%
 13.32%
 13.34%
 13.37%
 13.40%
 13.42%
 13.45%
 13.48%
 13.50%
 13.53%
 13.56%
 13.58%
 13.61%
 13.63%
 13.66%
 13.69%
 13.71%
 13.74%
 13.77%
 13.79%
 13.82%
 13.85%
 13.87%
 13.90%
 13.93%
 13.95%
 13.98%
 14.01%
 14.03%
 14.06%
 14.08%
 14.11%
 14.14%
 14.16%
 14.19%
 14.22%
 14.24%
 14.27%
 14.30%
 14.32%
 14.35%
 14.38%
 14.40%
 14.43%
 14.46%
 14.48%
 14.51%
 14.53%
 14.56%
 14.59%
 14.61%
 14.64%
 14.67%
 14.69%
 14.72%
 14.75%
 14.77%
 14.80%
 14.83%
 14.85%
 14.88%
 14.91%
 14.93%
 14.96%
 14.98%
 15.01%
 15.04%
 15.06%
 15.09%
 15.12%
 15.14%
 15.17%
 15.20%
 15.22%
 15.25%
 15.28%
 15.30%
 15.33%
 15.36%
 15.38%
 15.41%
 15.43%
 15.46%
 15.49%
 15.51%
 15.54%
 15.57%
 15.59%
 15.62%
 15.65%
 15.67%
 15.70%
 15.73%
 15.75%
 15.78%
 15.81%
 15.83%
 15.86%
 15.88%
 15.91%
 15.94%
 15.96%
 15.99%
 16.02%
 16.04%
 16.07%
 16.10%
 16.12%
 16.15%
 16.18%
 16.20%
 16.23%
 16.26%
 16.28%
 16.31%
 16.33%
 16.36%
 16.39%
 16.41%
 16.44%
 16.47%
 16.49%
 16.52%
 16.55%
 16.57%
 16.60%
 16.63%
 16.65%
 16.68%
 16.71%
 16.73%
 16.76%
 16.79%
 16.81%
 16.84%
 16.86%
 16.89%
 16.92%
 16.94%
 16.97%
 17.00%
 17.02%
 17.05%
 17.08%
 17.10%
 17.13%
 17.16%
 17.18%
 17.21%
 17.24%
 17.26%
 17.29%
 17.31%
 17.34%
 17.37%
 17.39%
 17.42%
 17.45%
 17.47%
 17.50%
 17.53%
 17.55%
 17.58%
 17.61%
 17.63%
 17.66%
 17.69%
 17.71%
 17.74%
 17.76%
 17.79%
 17.82%
 17.84%
 17.87%
 17.90%
 17.92%
 17.95%
 17.98%
 18.00%
 18.03%
 18.06%
 18.08%
 18.11%
 18.14%
 18.16%
 18.19%
 18.21%
 18.24%
 18.27%
 18.29%
 18.32%
 18.35%
 18.37%
 18.40%
 18.43%
 18.45%
 18.48%
 18.51%
 18.53%
 18.56%
 18.59%
 18.61%
 18.64%
 18.66%
 18.69%
 18.72%
 18.74%
 18.77%
 18.80%
 18.82%
 18.85%
 18.88%
 18.90%
 18.93%
 18.96%
 18.98%
 19.01%
 19.04%
 19.06%
 19.09%
 19.11%
 19.14%
 19.17%
 19.19%
 19.22%
 19.25%
 19.27%
 19.30%
 19.33%
 19.35%
 19.38%
 19.41%
 19.43%
 19.46%
 19.49%
 19.51%
 19.54%
 19.56%
 19.59%
 19.62%
 19.64%
 19.67%
 19.70%
 19.72%
 19.75%
 19.78%
 19.80%
 19.83%
 19.86%
 19.88%
 19.91%
 19.94%
 19.96%
 19.99%
 20.01%
 20.04%
 20.07%
 20.09%
 20.12%
 20.15%
 20.17%
 20.20%
 20.23%
 20.25%
 20.28%
 20.31%
 20.33%
 20.36%
 20.39%
 20.41%
 20.44%
 20.47%
 20.49%
 20.52%
 20.54%
 20.57%
 20.60%
 20.62%
 20.65%
 20.68%
 20.70%
 20.73%
 20.76%
 20.78%
 20.81%
 20.84%
 20.86%
 20.89%
 20.92%
 20.94%
 20.97%
 20.99%
 21.02%
 21.05%
 21.07%
 21.10%
 21.13%
 21.15%
 21.18%
 21.21%
 21.23%
 21.26%
 21.29%
 21.31%
 21.34%
 21.37%
 21.39%
 21.42%
 21.44%
 21.47%
 21.50%
 21.52%
 21.55%
 21.58%
 21.60%
 21.63%
 21.66%
 21.68%
 21.71%
 21.74%
 21.76%
 21.79%
 21.82%
 21.84%
 21.87%
 21.89%
 21.92%
 21.95%
 21.97%
 22.00%
 22.03%
 22.05%
 22.08%
 22.11%
 22.13%
 22.16%
 22.19%
 22.21%
 22.24%
 22.27%
 22.29%
 22.32%
 22.34%
 22.37%
 22.40%
 22.42%
 22.45%
 22.48%
 22.50%
 22.53%
 22.56%
 22.58%
 22.61%
 22.64%
 22.66%
 22.69%
 22.72%
 22.74%
 22.77%
 22.79%
 22.82%
 22.85%
 22.87%
 22.90%
 22.93%
 22.95%
 22.98%
 23.01%
 23.03%
 23.06%
 23.09%
 23.11%
 23.14%
 23.17%
 23.19%
 23.22%
 23.24%
 23.27%
 23.30%
 23.32%
 23.35%
 23.38%
 23.40%
 23.43%
 23.46%
 23.48%
 23.51%
 23.54%
 23.56%
 23.59%
 23.62%
 23.64%
 23.67%
 23.69%
 23.72%
 23.75%
 23.77%
 23.80%
 23.83%
 23.85%
 23.88%
 23.91%
 23.93%
 23.96%
 23.99%
 24.01%
 24.04%
 24.07%
 24.09%
 24.12%
 24.15%
 24.17%
 24.20%
 24.22%
 24.25%
 24.28%
 24.30%
 24.33%
 24.36%
 24.38%
 24.41%
 24.44%
 24.46%
 24.49%
 24.52%
 24.54%
 24.57%
 24.60%
 24.62%
 24.65%
 24.67%
 24.70%
 24.73%
 24.75%
 24.78%
 24.81%
 24.83%
 24.86%
 24.89%
 24.91%
 24.94%
 24.97%
 24.99%
 25.02%
 25.05%
 25.07%
 25.10%
 25.12%
 25.15%
 25.18%
 25.20%
 25.23%
 25.26%
 25.28%
 25.31%
 25.34%
 25.36%
 25.39%
 25.42%
 25.44%
 25.47%
 25.50%
 25.52%
 25.55%
 25.57%
 25.60%
 25.63%
 25.65%
 25.68%
 25.71%
 25.73%
 25.76%
 25.79%
 25.81%
 25.84%
 25.87%
 25.89%
 25.92%
 25.95%
 25.97%
 26.00%
 26.02%
 26.05%
 26.08%
 26.10%
 26.13%
 26.16%
 26.18%
 26.21%
 26.24%
 26.26%
 26.29%
 26.32%
 26.34%
 26.37%
 26.40%
 26.42%
 26.45%
 26.47%
 26.50%
 26.53%
 26.55%
 26.58%
 26.61%
 26.63%
 26.66%
 26.69%
 26.71%
 26.74%
 26.77%
 26.79%
 26.82%
 26.85%
 26.87%
 26.90%
 26.92%
 26.95%
 26.98%
 27.00%
 27.03%
 27.06%
 27.08%
 27.11%
 27.14%
 27.16%
 27.19%
 27.22%
 27.24%
 27.27%
 27.30%
 27.32%
 27.35%
 27.37%
 27.40%
 27.43%
 27.45%
 27.48%
 27.51%
 27.53%
 27.56%
 27.59%
 27.61%
 27.64%
 27.67%
 27.69%
 27.72%
 27.75%
 27.77%
 27.80%
 27.83%
 27.85%
 27.88%
 27.90%
 27.93%
 27.96%
 27.98%
 28.01%
 28.04%
 28.06%
 28.09%
 28.12%
 28.14%
 28.17%
 28.20%
 28.22%
 28.25%
 28.28%
 28.30%
 28.33%
 28.35%
 28.38%
 28.41%
 28.43%
 28.46%
 28.49%
 28.51%
 28.54%
 28.57%
 28.59%
 28.62%
 28.65%
 28.67%
 28.70%
 28.73%
 28.75%
 28.78%
 28.80%
 28.83%
 28.86%
 28.88%
 28.91%
 28.94%
 28.96%
 28.99%
 29.02%
 29.04%
 29.07%
 29.10%
 29.12%
 29.15%
 29.18%
 29.20%
 29.23%
 29.25%
 29.28%
 29.31%
 29.33%
 29.36%
 29.39%
 29.41%
 29.44%
 29.47%
 29.49%
 29.52%
 29.55%
 29.57%
 29.60%
 29.63%
 29.65%
 29.68%
 29.70%
 29.73%
 29.76%
 29.78%
 29.81%
 29.84%
 29.86%
 29.89%
 29.92%
 29.94%
 29.97%
 30.00%
 30.02%
 30.05%
 30.08%
 30.10%
 30.13%
 30.15%
 30.18%
 30.21%
 30.23%
 30.26%
 30.29%
 30.31%
 30.34%
 30.37%
 30.39%
 30.42%
 30.45%
 30.47%
 30.50%
 30.53%
 30.55%
 30.58%
 30.60%
 30.63%
 30.66%
 30.68%
 30.71%
 30.74%
 30.76%
 30.79%
 30.82%
 30.84%
 30.87%
 30.90%
 30.92%
 30.95%
 30.98%
 31.00%
 31.03%
 31.05%
 31.08%
 31.11%
 31.13%
 31.16%
 31.19%
 31.21%
 31.24%
 31.27%
 31.29%
 31.32%
 31.35%
 31.37%
 31.40%
 31.43%
 31.45%
 31.48%
 31.51%
 31.53%
 31.56%
 31.58%
 31.61%
 31.64%
 31.66%
 31.69%
 31.72%
 31.74%
 31.77%
 31.80%
 31.82%
 31.85%
 31.88%
 31.90%
 31.93%
 31.96%
 31.98%
 32.01%
 32.03%
 32.06%
 32.09%
 32.11%
 32.14%
 32.17%
 32.19%
 32.22%
 32.25%
 32.27%
 32.30%
 32.33%
 32.35%
 32.38%
 32.41%
 32.43%
 32.46%
 32.48%
 32.51%
 32.54%
 32.56%
 32.59%
 32.62%
 32.64%
 32.67%
 32.70%
 32.72%
 32.75%
 32.78%
 32.80%
 32.83%
 32.86%
 32.88%
 32.91%
 32.93%
 32.96%
 32.99%
 33.01%
 33.04%
 33.07%
 33.09%
 33.12%
 33.15%
 33.17%
 33.20%
 33.23%
 33.25%
 33.28%
 33.31%
 33.33%
 33.36%
 33.38%
 33.41%
 33.44%
 33.46%
 33.49%
 33.52%
 33.54%
 33.57%
 33.60%
 33.62%
 33.65%
 33.68%
 33.70%
 33.73%
 33.76%
 33.78%
 33.81%
 33.83%
 33.86%
 33.89%
 33.91%
 33.94%
 33.97%
 33.99%
 34.02%
 34.05%
 34.07%
 34.10%
 34.13%
 34.15%
 34.18%
 34.21%
 34.23%
 34.26%
 34.28%
 34.31%
 34.34%
 34.36%
 34.39%
 34.42%
 34.44%
 34.47%
 34.50%
 34.52%
 34.55%
 34.58%
 34.60%
 34.63%
 34.66%
 34.68%
 34.71%
 34.73%
 34.76%
 34.79%
 34.81%
 34.84%
 34.87%
 34.89%
 34.92%
 34.95%
 34.97%
 35.00%
 35.03%
 35.05%
 35.08%
 35.11%
 35.13%
 35.16%
 35.19%
 35.21%
 35.24%
 35.26%
 35.29%
 35.32%
 35.34%
 35.37%
 35.40%
 35.42%
 35.45%
 35.48%
 35.50%
 35.53%
 35.56%
 35.58%
 35.61%
 35.64%
 35.66%
 35.69%
 35.71%
 35.74%
 35.77%
 35.79%
 35.82%
 35.85%
 35.87%
 35.90%
 35.93%
 35.95%
 35.98%
 36.01%
 36.03%
 36.06%
 36.09%
 36.11%
 36.14%
 36.16%
 36.19%
 36.22%
 36.24%
 36.27%
 36.30%
 36.32%
 36.35%
 36.38%
 36.40%
 36.43%
 36.46%
 36.48%
 36.51%
 36.54%
 36.56%
 36.59%
 36.61%
 36.64%
 36.67%
 36.69%
 36.72%
 36.75%
 36.77%
 36.80%
 36.83%
 36.85%
 36.88%
 36.91%
 36.93%
 36.96%
 36.99%
 37.01%
 37.04%
 37.06%
 37.09%
 37.12%
 37.14%
 37.17%
 37.20%
 37.22%
 37.25%
 37.28%
 37.30%
 37.33%
 37.36%
 37.38%
 37.41%
 37.44%
 37.46%
 37.49%
 37.51%
 37.54%
 37.57%
 37.59%
 37.62%
 37.65%
 37.67%
 37.70%
 37.73%
 37.75%
 37.78%
 37.81%
 37.83%
 37.86%
 37.89%
 37.91%
 37.94%
 37.96%
 37.99%
 38.02%
 38.04%
 38.07%
 38.10%
 38.12%
 38.15%
 38.18%
 38.20%
 38.23%
 38.26%
 38.28%
 38.31%
 38.34%
 38.36%
 38.39%
 38.41%
 38.44%
 38.47%
 38.49%
 38.52%
 38.55%
 38.57%
 38.60%
 38.63%
 38.65%
 38.68%
 38.71%
 38.73%
 38.76%
 38.79%
 38.81%
 38.84%
 38.87%
 38.89%
 38.92%
 38.94%
 38.97%
 39.00%
 39.02%
 39.05%
 39.08%
 39.10%
 39.13%
 39.16%
 39.18%
 39.21%
 39.24%
 39.26%
 39.29%
 39.32%
 39.34%
 39.37%
 39.39%
 39.42%
 39.45%
 39.47%
 39.50%
 39.53%
 39.55%
 39.58%
 39.61%
 39.63%
 39.66%
 39.69%
 39.71%
 39.74%
 39.77%
 39.79%
 39.82%
 39.84%
 39.87%
 39.90%
 39.92%
 39.95%
 39.98%
 40.00%
 40.03%
 40.06%
 40.08%
 40.11%
 40.14%
 40.16%
 40.19%
 40.22%
 40.24%
 40.27%
 40.29%
 40.32%
 40.35%
 40.37%
 40.40%
 40.43%
 40.45%
 40.48%
 40.51%
 40.53%
 40.56%
 40.59%
 40.61%
 40.64%
 40.67%
 40.69%
 40.72%
 40.74%
 40.77%
 40.80%
 40.82%
 40.85%
 40.88%
 40.90%
 40.93%
 40.96%
 40.98%
 41.01%
 41.04%
 41.06%
 41.09%
 41.12%
 41.14%
 41.17%
 41.19%
 41.22%
 41.25%
 41.27%
 41.30%
 41.33%
 41.35%
 41.38%
 41.41%
 41.43%
 41.46%
 41.49%
 41.51%
 41.54%
 41.57%
 41.59%
 41.62%
 41.64%
 41.67%
 41.70%
 41.72%
 41.75%
 41.78%
 41.80%
 41.83%
 41.86%
 41.88%
 41.91%
 41.94%
 41.96%
 41.99%
 42.02%
 42.04%
 42.07%
 42.09%
 42.12%
 42.15%
 42.17%
 42.20%
 42.23%
 42.25%
 42.28%
 42.31%
 42.33%
 42.36%
 42.39%
 42.41%
 42.44%
 42.47%
 42.49%
 42.52%
 42.55%
 42.57%
 42.60%
 42.62%
 42.65%
 42.68%
 42.70%
 42.73%
 42.76%
 42.78%
 42.81%
 42.84%
 42.86%
 42.89%
 42.92%
 42.94%
 42.97%
 43.00%
 43.02%
 43.05%
 43.07%
 43.10%
 43.13%
 43.15%
 43.18%
 43.21%
 43.23%
 43.26%
 43.29%
 43.31%
 43.34%
 43.37%
 43.39%
 43.42%
 43.45%
 43.47%
 43.50%
 43.52%
 43.55%
 43.58%
 43.60%
 43.63%
 43.66%
 43.68%
 43.71%
 43.74%
 43.76%
 43.79%
 43.82%
 43.84%
 43.87%
 43.90%
 43.92%
 43.95%
 43.97%
 44.00%
 44.03%
 44.05%
 44.08%
 44.11%
 44.13%
 44.16%
 44.19%
 44.21%
 44.24%
 44.27%
 44.29%
 44.32%
 44.35%
 44.37%
 44.40%
 44.42%
 44.45%
 44.48%
 44.50%
 44.53%
 44.56%
 44.58%
 44.61%
 44.64%
 44.66%
 44.69%
 44.72%
 44.74%
 44.77%
 44.80%
 44.82%
 44.85%
 44.87%
 44.90%
 44.93%
 44.95%
 44.98%
 45.01%
 45.03%
 45.06%
 45.09%
 45.11%
 45.14%
 45.17%
 45.19%
 45.22%
 45.25%
 45.27%
 45.30%
 45.32%
 45.35%
 45.38%
 45.40%
 45.43%
 45.46%
 45.48%
 45.51%
 45.54%
 45.56%
 45.59%
 45.62%
 45.64%
 45.67%
 45.70%
 45.72%
 45.75%
 45.77%
 45.80%
 45.83%
 45.85%
 45.88%
 45.91%
 45.93%
 45.96%
 45.99%
 46.01%
 46.04%
 46.07%
 46.09%
 46.12%
 46.15%
 46.17%
 46.20%
 46.23%
 46.25%
 46.28%
 46.30%
 46.33%
 46.36%
 46.38%
 46.41%
 46.44%
 46.46%
 46.49%
 46.52%
 46.54%
 46.57%
 46.60%
 46.62%
 46.65%
 46.68%
 46.70%
 46.73%
 46.75%
 46.78%
 46.81%
 46.83%
 46.86%
 46.89%
 46.91%
 46.94%
 46.97%
 46.99%
 47.02%
 47.05%
 47.07%
 47.10%
 47.13%
 47.15%
 47.18%
 47.20%
 47.23%
 47.26%
 47.28%
 47.31%
 47.34%
 47.36%
 47.39%
 47.42%
 47.44%
 47.47%
 47.50%
 47.52%
 47.55%
 47.58%
 47.60%
 47.63%
 47.65%
 47.68%
 47.71%
 47.73%
 47.76%
 47.79%
 47.81%
 47.84%
 47.87%
 47.89%
 47.92%
 47.95%
 47.97%
 48.00%
 48.03%
 48.05%
 48.08%
 48.10%
 48.13%
 48.16%
 48.18%
 48.21%
 48.24%
 48.26%
 48.29%
 48.32%
 48.34%
 48.37%
 48.40%
 48.42%
 48.45%
 48.48%
 48.50%
 48.53%
 48.55%
 48.58%
 48.61%
 48.63%
 48.66%
 48.69%
 48.71%
 48.74%
 48.77%
 48.79%
 48.82%
 48.85%
 48.87%
 48.90%
 48.93%
 48.95%
 48.98%
 49.00%
 49.03%
 49.06%
 49.08%
 49.11%
 49.14%
 49.16%
 49.19%
 49.22%
 49.24%
 49.27%
 49.30%
 49.32%
 49.35%
 49.38%
 49.40%
 49.43%
 49.45%
 49.48%
 49.51%
 49.53%
 49.56%
 49.59%
 49.61%
 49.64%
 49.67%
 49.69%
 49.72%
 49.75%
 49.77%
 49.80%
 49.83%
 49.85%
 49.88%
 49.91%
 49.93%
 49.96%
 49.98%
 50.01%
 50.04%
 50.06%
 50.09%
 50.12%
 50.14%
 50.17%
 50.20%
 50.22%
 50.25%
 50.28%
 50.30%
 50.33%
 50.36%
 50.38%
 50.41%
 50.43%
 50.46%
 50.49%
 50.51%
 50.54%
 50.57%
 50.59%
 50.62%
 50.65%
 50.67%
 50.70%
 50.73%
 50.75%
 50.78%
 50.81%
 50.83%
 50.86%
 50.88%
 50.91%
 50.94%
 50.96%
 50.99%
 51.02%
 51.04%
 51.07%
 51.10%
 51.12%
 51.15%
 51.18%
 51.20%
 51.23%
 51.26%
 51.28%
 51.31%
 51.33%
 51.36%
 51.39%
 51.41%
 51.44%
 51.47%
 51.49%
 51.52%
 51.55%
 51.57%
 51.60%
 51.63%
 51.65%
 51.68%
 51.71%
 51.73%
 51.76%
 51.78%
 51.81%
 51.84%
 51.86%
 51.89%
 51.92%
 51.94%
 51.97%
 52.00%
 52.02%
 52.05%
 52.08%
 52.10%
 52.13%
 52.16%
 52.18%
 52.21%
 52.23%
 52.26%
 52.29%
 52.31%
 52.34%
 52.37%
 52.39%
 52.42%
 52.45%
 52.47%
 52.50%
 52.53%
 52.55%
 52.58%
 52.61%
 52.63%
 52.66%
 52.68%
 52.71%
 52.74%
 52.76%
 52.79%
 52.82%
 52.84%
 52.87%
 52.90%
 52.92%
 52.95%
 52.98%
 53.00%
 53.03%
 53.06%
 53.08%
 53.11%
 53.13%
 53.16%
 53.19%
 53.21%
 53.24%
 53.27%
 53.29%
 53.32%
 53.35%
 53.37%
 53.40%
 53.43%
 53.45%
 53.48%
 53.51%
 53.53%
 53.56%
 53.58%
 53.61%
 53.64%
 53.66%
 53.69%
 53.72%
 53.74%
 53.77%
 53.80%
 53.82%
 53.85%
 53.88%
 53.90%
 53.93%
 53.96%
 53.98%
 54.01%
 54.04%
 54.06%
 54.09%
 54.11%
 54.14%
 54.17%
 54.19%
 54.22%
 54.25%
 54.27%
 54.30%
 54.33%
 54.35%
 54.38%
 54.41%
 54.43%
 54.46%
 54.49%
 54.51%
 54.54%
 54.56%
 54.59%
 54.62%
 54.64%
 54.67%
 54.70%
 54.72%
 54.75%
 54.78%
 54.80%
 54.83%
 54.86%
 54.88%
 54.91%
 54.94%
 54.96%
 54.99%
 55.01%
 55.04%
 55.07%
 55.09%
 55.12%
 55.15%
 55.17%
 55.20%
 55.23%
 55.25%
 55.28%
 55.31%
 55.33%
 55.36%
 55.39%
 55.41%
 55.44%
 55.46%
 55.49%
 55.52%
 55.54%
 55.57%
 55.60%
 55.62%
 55.65%
 55.68%
 55.70%
 55.73%
 55.76%
 55.78%
 55.81%
 55.84%
 55.86%
 55.89%
 55.91%
 55.94%
 55.97%
 55.99%
 56.02%
 56.05%
 56.07%
 56.10%
 56.13%
 56.15%
 56.18%
 56.21%
 56.23%
 56.26%
 56.29%
 56.31%
 56.34%
 56.36%
 56.39%
 56.42%
 56.44%
 56.47%
 56.50%
 56.52%
 56.55%
 56.58%
 56.60%
 56.63%
 56.66%
 56.68%
 56.71%
 56.74%
 56.76%
 56.79%
 56.81%
 56.84%
 56.87%
 56.89%
 56.92%
 56.95%
 56.97%
 57.00%
 57.03%
 57.05%
 57.08%
 57.11%
 57.13%
 57.16%
 57.19%
 57.21%
 57.24%
 57.26%
 57.29%
 57.32%
 57.34%
 57.37%
 57.40%
 57.42%
 57.45%
 57.48%
 57.50%
 57.53%
 57.56%
 57.58%
 57.61%
 57.64%
 57.66%
 57.69%
 57.72%
 57.74%
 57.77%
 57.79%
 57.82%
 57.85%
 57.87%
 57.90%
 57.93%
 57.95%
 57.98%
 58.01%
 58.03%
 58.06%
 58.09%
 58.11%
 58.14%
 58.17%
 58.19%
 58.22%
 58.24%
 58.27%
 58.30%
 58.32%
 58.35%
 58.38%
 58.40%
 58.43%
 58.46%
 58.48%
 58.51%
 58.54%
 58.56%
 58.59%
 58.62%
 58.64%
 58.67%
 58.69%
 58.72%
 58.75%
 58.77%
 58.80%
 58.83%
 58.85%
 58.88%
 58.91%
 58.93%
 58.96%
 58.99%
 59.01%
 59.04%
 59.07%
 59.09%
 59.12%
 59.14%
 59.17%
 59.20%
 59.22%
 59.25%
 59.28%
 59.30%
 59.33%
 59.36%
 59.38%
 59.41%
 59.44%
 59.46%
 59.49%
 59.52%
 59.54%
 59.57%
 59.59%
 59.62%
 59.65%
 59.67%
 59.70%
 59.73%
 59.75%
 59.78%
 59.81%
 59.83%
 59.86%
 59.89%
 59.91%
 59.94%
 59.97%
 59.99%
 60.02%
 60.04%
 60.07%
 60.10%
 60.12%
 60.15%
 60.18%
 60.20%
 60.23%
 60.26%
 60.28%
 60.31%
 60.34%
 60.36%
 60.39%
 60.42%
 60.44%
 60.47%
 60.49%
 60.52%
 60.55%
 60.57%
 60.60%
 60.63%
 60.65%
 60.68%
 60.71%
 60.73%
 60.76%
 60.79%
 60.81%
 60.84%
 60.87%
 60.89%
 60.92%
 60.94%
 60.97%
 61.00%
 61.02%
 61.05%
 61.08%
 61.10%
 61.13%
 61.16%
 61.18%
 61.21%
 61.24%
 61.26%
 61.29%
 61.32%
 61.34%
 61.37%
 61.40%
 61.42%
 61.45%
 61.47%
 61.50%
 61.53%
 61.55%
 61.58%
 61.61%
 61.63%
 61.66%
 61.69%
 61.71%
 61.74%
 61.77%
 61.79%
 61.82%
 61.85%
 61.87%
 61.90%
 61.92%
 61.95%
 61.98%
 62.00%
 62.03%
 62.06%
 62.08%
 62.11%
 62.14%
 62.16%
 62.19%
 62.22%
 62.24%
 62.27%
 62.30%
 62.32%
 62.35%
 62.37%
 62.40%
 62.43%
 62.45%
 62.48%
 62.51%
 62.53%
 62.56%
 62.59%
 62.61%
 62.64%
 62.67%
 62.69%
 62.72%
 62.75%
 62.77%
 62.80%
 62.82%
 62.85%
 62.88%
 62.90%
 62.93%
 62.96%
 62.98%
 63.01%
 63.04%
 63.06%
 63.09%
 63.12%
 63.14%
 63.17%
 63.20%
 63.22%
 63.25%
 63.27%
 63.30%
 63.33%
 63.35%
 63.38%
 63.41%
 63.43%
 63.46%
 63.49%
 63.51%
 63.54%
 63.57%
 63.59%
 63.62%
 63.65%
 63.67%
 63.70%
 63.72%
 63.75%
 63.78%
 63.80%
 63.83%
 63.86%
 63.88%
 63.91%
 63.94%
 63.96%
 63.99%
 64.02%
 64.04%
 64.07%
 64.10%
 64.12%
 64.15%
 64.17%
 64.20%
 64.23%
 64.25%
 64.28%
 64.31%
 64.33%
 64.36%
 64.39%
 64.41%
 64.44%
 64.47%
 64.49%
 64.52%
 64.55%
 64.57%
 64.60%
 64.62%
 64.65%
 64.68%
 64.70%
 64.73%
 64.76%
 64.78%
 64.81%
 64.84%
 64.86%
 64.89%
 64.92%
 64.94%
 64.97%
 65.00%
 65.02%
 65.05%
 65.08%
 65.10%
 65.13%
 65.15%
 65.18%
 65.21%
 65.23%
 65.26%
 65.29%
 65.31%
 65.34%
 65.37%
 65.39%
 65.42%
 65.45%
 65.47%
 65.50%
 65.53%
 65.55%
 65.58%
 65.60%
 65.63%
 65.66%
 65.68%
 65.71%
 65.74%
 65.76%
 65.79%
 65.82%
 65.84%
 65.87%
 65.90%
 65.92%
 65.95%
 65.98%
 66.00%
 66.03%
 66.05%
 66.08%
 66.11%
 66.13%
 66.16%
 66.19%
 66.21%
 66.24%
 66.27%
 66.29%
 66.32%
 66.35%
 66.37%
 66.40%
 66.43%
 66.45%
 66.48%
 66.50%
 66.53%
 66.56%
 66.58%
 66.61%
 66.64%
 66.66%
 66.69%
 66.72%
 66.74%
 66.77%
 66.80%
 66.82%
 66.85%
 66.88%
 66.90%
 66.93%
 66.95%
 66.98%
 67.01%
 67.03%
 67.06%
 67.09%
 67.11%
 67.14%
 67.17%
 67.19%
 67.22%
 67.25%
 67.27%
 67.30%
 67.33%
 67.35%
 67.38%
 67.40%
 67.43%
 67.46%
 67.48%
 67.51%
 67.54%
 67.56%
 67.59%
 67.62%
 67.64%
 67.67%
 67.70%
 67.72%
 67.75%
 67.78%
 67.80%
 67.83%
 67.85%
 67.88%
 67.91%
 67.93%
 67.96%
 67.99%
 68.01%
 68.04%
 68.07%
 68.09%
 68.12%
 68.15%
 68.17%
 68.20%
 68.23%
 68.25%
 68.28%
 68.30%
 68.33%
 68.36%
 68.38%
 68.41%
 68.44%
 68.46%
 68.49%
 68.52%
 68.54%
 68.57%
 68.60%
 68.62%
 68.65%
 68.68%
 68.70%
 68.73%
 68.76%
 68.78%
 68.81%
 68.83%
 68.86%
 68.89%
 68.91%
 68.94%
 68.97%
 68.99%
 69.02%
 69.05%
 69.07%
 69.10%
 69.13%
 69.15%
 69.18%
 69.21%
 69.23%
 69.26%
 69.28%
 69.31%
 69.34%
 69.36%
 69.39%
 69.42%
 69.44%
 69.47%
 69.50%
 69.52%
 69.55%
 69.58%
 69.60%
 69.63%
 69.66%
 69.68%
 69.71%
 69.73%
 69.76%
 69.79%
 69.81%
 69.84%
 69.87%
 69.89%
 69.92%
 69.95%
 69.97%
 70.00%
 70.03%
 70.05%
 70.08%
 70.11%
 70.13%
 70.16%
 70.18%
 70.21%
 70.24%
 70.26%
 70.29%
 70.32%
 70.34%
 70.37%
 70.40%
 70.42%
 70.45%
 70.48%
 70.50%
 70.53%
 70.56%
 70.58%
 70.61%
 70.63%
 70.66%
 70.69%
 70.71%
 70.74%
 70.77%
 70.79%
 70.82%
 70.85%
 70.87%
 70.90%
 70.93%
 70.95%
 70.98%
 71.01%
 71.03%
 71.06%
 71.08%
 71.11%
 71.14%
 71.16%
 71.19%
 71.22%
 71.24%
 71.27%
 71.30%
 71.32%
 71.35%
 71.38%
 71.40%
 71.43%
 71.46%
 71.48%
 71.51%
 71.53%
 71.56%
 71.59%
 71.61%
 71.64%
 71.67%
 71.69%
 71.72%
 71.75%
 71.77%
 71.80%
 71.83%
 71.85%
 71.88%
 71.91%
 71.93%
 71.96%
 71.98%
 72.01%
 72.04%
 72.06%
 72.09%
 72.12%
 72.14%
 72.17%
 72.20%
 72.22%
 72.25%
 72.28%
 72.30%
 72.33%
 72.36%
 72.38%
 72.41%
 72.44%
 72.46%
 72.49%
 72.51%
 72.54%
 72.57%
 72.59%
 72.62%
 72.65%
 72.67%
 72.70%
 72.73%
 72.75%
 72.78%
 72.81%
 72.83%
 72.86%
 72.89%
 72.91%
 72.94%
 72.96%
 72.99%
 73.02%
 73.04%
 73.07%
 73.10%
 73.12%
 73.15%
 73.18%
 73.20%
 73.23%
 73.26%
 73.28%
 73.31%
 73.34%
 73.36%
 73.39%
 73.41%
 73.44%
 73.47%
 73.49%
 73.52%
 73.55%
 73.57%
 73.60%
 73.63%
 73.65%
 73.68%
 73.71%
 73.73%
 73.76%
 73.79%
 73.81%
 73.84%
 73.86%
 73.89%
 73.92%
 73.94%
 73.97%
 74.00%
 74.02%
 74.05%
 74.08%
 74.10%
 74.13%
 74.16%
 74.18%
 74.21%
 74.24%
 74.26%
 74.29%
 74.31%
 74.34%
 74.37%
 74.39%
 74.42%
 74.45%
 74.47%
 74.50%
 74.53%
 74.55%
 74.58%
 74.61%
 74.63%
 74.66%
 74.69%
 74.71%
 74.74%
 74.76%
 74.79%
 74.82%
 74.84%
 74.87%
 74.90%
 74.92%
 74.95%
 74.98%
 75.00%
 75.03%
 75.06%
 75.08%
 75.11%
 75.14%
 75.16%
 75.19%
 75.21%
 75.24%
 75.27%
 75.29%
 75.32%
 75.35%
 75.37%
 75.40%
 75.43%
 75.45%
 75.48%
 75.51%
 75.53%
 75.56%
 75.59%
 75.61%
 75.64%
 75.66%
 75.69%
 75.72%
 75.74%
 75.77%
 75.80%
 75.82%
 75.85%
 75.88%
 75.90%
 75.93%
 75.96%
 75.98%
 76.01%
 76.04%
 76.06%
 76.09%
 76.12%
 76.14%
 76.17%
 76.19%
 76.22%
 76.25%
 76.27%
 76.30%
 76.33%
 76.35%
 76.38%
 76.41%
 76.43%
 76.46%
 76.49%
 76.51%
 76.54%
 76.57%
 76.59%
 76.62%
 76.64%
 76.67%
 76.70%
 76.72%
 76.75%
 76.78%
 76.80%
 76.83%
 76.86%
 76.88%
 76.91%
 76.94%
 76.96%
 76.99%
 77.02%
 77.04%
 77.07%
 77.09%
 77.12%
 77.15%
 77.17%
 77.20%
 77.23%
 77.25%
 77.28%
 77.31%
 77.33%
 77.36%
 77.39%
 77.41%
 77.44%
 77.47%
 77.49%
 77.52%
 77.54%
 77.57%
 77.60%
 77.62%
 77.65%
 77.68%
 77.70%
 77.73%
 77.76%
 77.78%
 77.81%
 77.84%
 77.86%
 77.89%
 77.92%
 77.94%
 77.97%
 77.99%
 78.02%
 78.05%
 78.07%
 78.10%
 78.13%
 78.15%
 78.18%
 78.21%
 78.23%
 78.26%
 78.29%
 78.31%
 78.34%
 78.37%
 78.39%
 78.42%
 78.44%
 78.47%
 78.50%
 78.52%
 78.55%
 78.58%
 78.60%
 78.63%
 78.66%
 78.68%
 78.71%
 78.74%
 78.76%
 78.79%
 78.82%
 78.84%
 78.87%
 78.89%
 78.92%
 78.95%
 78.97%
 79.00%
 79.03%
 79.05%
 79.08%
 79.11%
 79.13%
 79.16%
 79.19%
 79.21%
 79.24%
 79.27%
 79.29%
 79.32%
 79.34%
 79.37%
 79.40%
 79.42%
 79.45%
 79.48%
 79.50%
 79.53%
 79.56%
 79.58%
 79.61%
 79.64%
 79.66%
 79.69%
 79.72%
 79.74%
 79.77%
 79.80%
 79.82%
 79.85%
 79.87%
 79.90%
 79.93%
 79.95%
 79.98%
 80.01%
 80.03%
 80.06%
 80.09%
 80.11%
 80.14%
 80.17%
 80.19%
 80.22%
 80.25%
 80.27%
 80.30%
 80.32%
 80.35%
 80.38%
 80.40%
 80.43%
 80.46%
 80.48%
 80.51%
 80.54%
 80.56%
 80.59%
 80.62%
 80.64%
 80.67%
 80.70%
 80.72%
 80.75%
 80.77%
 80.80%
 80.83%
 80.85%
 80.88%
 80.91%
 80.93%
 80.96%
 80.99%
 81.01%
 81.04%
 81.07%
 81.09%
 81.12%
 81.15%
 81.17%
 81.20%
 81.22%
 81.25%
 81.28%
 81.30%
 81.33%
 81.36%
 81.38%
 81.41%
 81.44%
 81.46%
 81.49%
 81.52%
 81.54%
 81.57%
 81.60%
 81.62%
 81.65%
 81.67%
 81.70%
 81.73%
 81.75%
 81.78%
 81.81%
 81.83%
 81.86%
 81.89%
 81.91%
 81.94%
 81.97%
 81.99%
 82.02%
 82.05%
 82.07%
 82.10%
 82.12%
 82.15%
 82.18%
 82.20%
 82.23%
 82.26%
 82.28%
 82.31%
 82.34%
 82.36%
 82.39%
 82.42%
 82.44%
 82.47%
 82.50%
 82.52%
 82.55%
 82.57%
 82.60%
 82.63%
 82.65%
 82.68%
 82.71%
 82.73%
 82.76%
 82.79%
 82.81%
 82.84%
 82.87%
 82.89%
 82.92%
 82.95%
 82.97%
 83.00%
 83.02%
 83.05%
 83.08%
 83.10%
 83.13%
 83.16%
 83.18%
 83.21%
 83.24%
 83.26%
 83.29%
 83.32%
 83.34%
 83.37%
 83.40%
 83.42%
 83.45%
 83.48%
 83.50%
 83.53%
 83.55%
 83.58%
 83.61%
 83.63%
 83.66%
 83.69%
 83.71%
 83.74%
 83.77%
 83.79%
 83.82%
 83.85%
 83.87%
 83.90%
 83.93%
 83.95%
 83.98%
 84.00%
 84.03%
 84.06%
 84.08%
 84.11%
 84.14%
 84.16%
 84.19%
 84.22%
 84.24%
 84.27%
 84.30%
 84.32%
 84.35%
 84.38%
 84.40%
 84.43%
 84.45%
 84.48%
 84.51%
 84.53%
 84.56%
 84.59%
 84.61%
 84.64%
 84.67%
 84.69%
 84.72%
 84.75%
 84.77%
 84.80%
 84.83%
 84.85%
 84.88%
 84.90%
 84.93%
 84.96%
 84.98%
 85.01%
 85.04%
 85.06%
 85.09%
 85.12%
 85.14%
 85.17%
 85.20%
 85.22%
 85.25%
 85.28%
 85.30%
 85.33%
 85.35%
 85.38%
 85.41%
 85.43%
 85.46%
 85.49%
 85.51%
 85.54%
 85.57%
 85.59%
 85.62%
 85.65%
 85.67%
 85.70%
 85.73%
 85.75%
 85.78%
 85.80%
 85.83%
 85.86%
 85.88%
 85.91%
 85.94%
 85.96%
 85.99%
 86.02%
 86.04%
 86.07%
 86.10%
 86.12%
 86.15%
 86.18%
 86.20%
 86.23%
 86.25%
 86.28%
 86.31%
 86.33%
 86.36%
 86.39%
 86.41%
 86.44%
 86.47%
 86.49%
 86.52%
 86.55%
 86.57%
 86.60%
 86.63%
 86.65%
 86.68%
 86.70%
 86.73%
 86.76%
 86.78%
 86.81%
 86.84%
 86.86%
 86.89%
 86.92%
 86.94%
 86.97%
 87.00%
 87.02%
 87.05%
 87.08%
 87.10%
 87.13%
 87.16%
 87.18%
 87.21%
 87.23%
 87.26%
 87.29%
 87.31%
 87.34%
 87.37%
 87.39%
 87.42%
 87.45%
 87.47%
 87.50%
 87.53%
 87.55%
 87.58%
 87.61%
 87.63%
 87.66%
 87.68%
 87.71%
 87.74%
 87.76%
 87.79%
 87.82%
 87.84%
 87.87%
 87.90%
 87.92%
 87.95%
 87.98%
 88.00%
 88.03%
 88.06%
 88.08%
 88.11%
 88.13%
 88.16%
 88.19%
 88.21%
 88.24%
 88.27%
 88.29%
 88.32%
 88.35%
 88.37%
 88.40%
 88.43%
 88.45%
 88.48%
 88.51%
 88.53%
 88.56%
 88.58%
 88.61%
 88.64%
 88.66%
 88.69%
 88.72%
 88.74%
 88.77%
 88.80%
 88.82%
 88.85%
 88.88%
 88.90%
 88.93%
 88.96%
 88.98%
 89.01%
 89.03%
 89.06%
 89.09%
 89.11%
 89.14%
 89.17%
 89.19%
 89.22%
 89.25%
 89.27%
 89.30%
 89.33%
 89.35%
 89.38%
 89.41%
 89.43%
 89.46%
 89.48%
 89.51%
 89.54%
 89.56%
 89.59%
 89.62%
 89.64%
 89.67%
 89.70%
 89.72%
 89.75%
 89.78%
 89.80%
 89.83%
 89.86%
 89.88%
 89.91%
 89.93%
 89.96%
 89.99%
 90.01%
 90.04%
 90.07%
 90.09%
 90.12%
 90.15%
 90.17%
 90.20%
 90.23%
 90.25%
 90.28%
 90.31%
 90.33%
 90.36%
 90.38%
 90.41%
 90.44%
 90.46%
 90.49%
 90.52%
 90.54%
 90.57%
 90.60%
 90.62%
 90.65%
 90.68%
 90.70%
 90.73%
 90.76%
 90.78%
 90.81%
 90.84%
 90.86%
 90.89%
 90.91%
 90.94%
 90.97%
 90.99%
 91.02%
 91.05%
 91.07%
 91.10%
 91.13%
 91.15%
 91.18%
 91.21%
 91.23%
 91.26%
 91.29%
 91.31%
 91.34%
 91.36%
 91.39%
 91.42%
 91.44%
 91.47%
 91.50%
 91.52%
 91.55%
 91.58%
 91.60%
 91.63%
 91.66%
 91.68%
 91.71%
 91.74%
 91.76%
 91.79%
 91.81%
 91.84%
 91.87%
 91.89%
 91.92%
 91.95%
 91.97%
 92.00%
 92.03%
 92.05%
 92.08%
 92.11%
 92.13%
 92.16%
 92.19%
 92.21%
 92.24%
 92.26%
 92.29%
 92.32%
 92.34%
 92.37%
 92.40%
 92.42%
 92.45%
 92.48%
 92.50%
 92.53%
 92.56%
 92.58%
 92.61%
 92.64%
 92.66%
 92.69%
 92.71%
 92.74%
 92.77%
 92.79%
 92.82%
 92.85%
 92.87%
 92.90%
 92.93%
 92.95%
 92.98%
 93.01%
 93.03%
 93.06%
 93.09%
 93.11%
 93.14%
 93.16%
 93.19%
 93.22%
 93.24%
 93.27%
 93.30%
 93.32%
 93.35%
 93.38%
 93.40%
 93.43%
 93.46%
 93.48%
 93.51%
 93.54%
 93.56%
 93.59%
 93.61%
 93.64%
 93.67%
 93.69%
 93.72%
 93.75%
 93.77%
 93.80%
 93.83%
 93.85%
 93.88%
 93.91%
 93.93%
 93.96%
 93.99%
 94.01%
 94.04%
 94.06%
 94.09%
 94.12%
 94.14%
 94.17%
 94.20%
 94.22%
 94.25%
 94.28%
 94.30%
 94.33%
 94.36%
 94.38%
 94.41%
 94.44%
 94.46%
 94.49%
 94.52%
 94.54%
 94.57%
 94.59%
 94.62%
 94.65%
 94.67%
 94.70%
 94.73%
 94.75%
 94.78%
 94.81%
 94.83%
 94.86%
 94.89%
 94.91%
 94.94%
 94.97%
 94.99%
 95.02%
 95.04%
 95.07%
 95.10%
 95.12%
 95.15%
 95.18%
 95.20%
 95.23%
 95.26%
 95.28%
 95.31%
 95.34%
 95.36%
 95.39%
 95.42%
 95.44%
 95.47%
 95.49%
 95.52%
 95.55%
 95.57%
 95.60%
 95.63%
 95.65%
 95.68%
 95.71%
 95.73%
 95.76%
 95.79%
 95.81%
 95.84%
 95.87%
 95.89%
 95.92%
 95.94%
 95.97%
 96.00%
 96.02%
 96.05%
 96.08%
 96.10%
 96.13%
 96.16%
 96.18%
 96.21%
 96.24%
 96.26%
 96.29%
 96.32%
 96.34%
 96.37%
 96.39%
 96.42%
 96.45%
 96.47%
 96.50%
 96.53%
 96.55%
 96.58%
 96.61%
 96.63%
 96.66%
 96.69%
 96.71%
 96.74%
 96.77%
 96.79%
 96.82%
 96.84%
 96.87%
 96.90%
 96.92%
 96.95%
 96.98%
 97.00%
 97.03%
 97.06%
 97.08%
 97.11%
 97.14%
 97.16%
 97.19%
 97.22%
 97.24%
 97.27%
 97.29%
 97.32%
 97.35%
 97.37%
 97.40%
 97.43%
 97.45%
 97.48%
 97.51%
 97.53%
 97.56%
 97.59%
 97.61%
 97.64%
 97.67%
 97.69%
 97.72%
 97.74%
 97.77%
 97.80%
 97.82%
 97.85%
 97.88%
 97.90%
 97.93%
 97.96%
 97.98%
 98.01%
 98.04%
 98.06%
 98.09%
 98.12%
 98.14%
 98.17%
 98.20%
 98.22%
 98.25%
 98.27%
 98.30%
 98.33%
 98.35%
 98.38%
 98.41%
 98.43%
 98.46%
 98.49%
 98.51%
 98.54%
 98.57%
 98.59%
 98.62%
 98.65%
 98.67%
 98.70%
 98.72%
 98.75%
 98.78%
 98.80%
 98.83%
 98.86%
 98.88%
 98.91%
 98.94%
 98.96%
 98.99%
 99.02%
 99.04%
 99.07%
 99.10%
 99.12%
 99.15%
 99.17%
 99.20%
 99.23%
 99.25%
 99.28%
 99.31%
 99.33%
 99.36%
 99.39%
 99.41%
 99.44%
 99.47%
 99.49%
 99.52%
 99.55%
 99.57%
 99.60%
 99.62%
 99.65%
 99.68%
 99.70%
 99.73%
 99.76%
 99.78%
 99.81%
 99.84%
 99.86%
 99.89%
 99.92%
 99.94%
 99.97%
 100.00%
100.00%
Real time elapsed: 4607.428 seconds
