
                                                                              < M A T L A B (R) >
                                                                    Copyright 1984-2020 The MathWorks, Inc.
                                                                    R2020b (9.9.0.1467703) 64-bit (glnxa64)
                                                                                August 26, 2020

 
To get started, type doc.
For product information, visit www.mathworks.com.
 
Resolution: 256x256
Number of packets: 50
Initial wavenumber radius: 6.000000
Time step: 0.008075
Simulation time: 666.666667
Spin-up time: 400.000000
Steps per save: 50
Steps per packet save: 5
Coriolis parameter: 3.000000
Group velocity: 1.000000
Background velocity (parameter,computed): (0.300000,0.303942)
Froude Number: 0.303942
Deformation wavenumber: 3.000000
Simulation progress:  0.00%  0.06%
  0.12%
  0.19%
  0.25%
  0.31%
  0.37%
  0.43%
  0.49%
  0.56%
  0.62%
  0.68%
  0.74%
  0.80%
  0.86%
  0.93%
  0.99%
  1.05%
  1.11%
  1.17%
  1.24%
  1.30%
  1.36%
  1.42%
  1.48%
  1.54%
  1.61%
  1.67%
  1.73%
  1.79%
  1.85%
  1.91%
  1.98%
  2.04%
  2.10%
  2.16%
  2.22%
  2.29%
  2.35%
  2.41%
  2.47%
  2.53%
  2.59%
  2.66%
  2.72%
  2.78%
  2.84%
  2.90%
  2.97%
  3.03%
  3.09%
  3.15%
  3.21%
  3.27%
  3.34%
  3.40%
  3.46%
  3.52%
  3.58%
  3.64%
  3.71%
  3.77%
  3.83%
  3.89%
  3.95%
  4.02%
  4.08%
  4.14%
  4.20%
  4.26%
  4.32%
  4.39%
  4.45%
  4.51%
  4.57%
  4.63%
  4.69%
  4.76%
  4.82%
  4.88%
  4.94%
  5.00%
  5.07%
  5.13%
  5.19%
  5.25%
  5.31%
  5.37%
  5.44%
  5.50%
  5.56%
  5.62%
  5.68%
  5.74%
  5.81%
  5.87%
  5.93%
  5.99%
  6.05%
  6.12%
  6.18%
  6.24%
  6.30%
  6.36%
  6.42%
  6.49%
  6.55%
  6.61%
  6.67%
  6.73%
  6.80%
  6.86%
  6.92%
  6.98%
  7.04%
  7.10%
  7.17%
  7.23%
  7.29%
  7.35%
  7.41%
  7.47%
  7.54%
  7.60%
  7.66%
  7.72%
  7.78%
  7.85%
  7.91%
  7.97%
  8.03%
  8.09%
  8.15%
  8.22%
  8.28%
  8.34%
  8.40%
  8.46%
  8.52%
  8.59%
  8.65%
  8.71%
  8.77%
  8.83%
  8.90%
  8.96%
  9.02%
  9.08%
  9.14%
  9.20%
  9.27%
  9.33%
  9.39%
  9.45%
  9.51%
  9.57%
  9.64%
  9.70%
  9.76%
  9.82%
  9.88%
  9.95%
 10.01%
 10.07%
 10.13%
 10.19%
 10.25%
 10.32%
 10.38%
 10.44%
 10.50%
 10.56%
 10.63%
 10.69%
 10.75%
 10.81%
 10.87%
 10.93%
 11.00%
 11.06%
 11.12%
 11.18%
 11.24%
 11.30%
 11.37%
 11.43%
 11.49%
 11.55%
 11.61%
 11.68%
 11.74%
 11.80%
 11.86%
 11.92%
 11.98%
 12.05%
 12.11%
 12.17%
 12.23%
 12.29%
 12.35%
 12.42%
 12.48%
 12.54%
 12.60%
 12.66%
 12.73%
 12.79%
 12.85%
 12.91%
 12.97%
 13.03%
 13.10%
 13.16%
 13.22%
 13.28%
 13.34%
 13.40%
 13.47%
 13.53%
 13.59%
 13.65%
 13.71%
 13.78%
 13.84%
 13.90%
 13.96%
 14.02%
 14.08%
 14.15%
 14.21%
 14.27%
 14.33%
 14.39%
 14.46%
 14.52%
 14.58%
 14.64%
 14.70%
 14.76%
 14.83%
 14.89%
 14.95%
 15.01%
 15.07%
 15.13%
 15.20%
 15.26%
 15.32%
 15.38%
 15.44%
 15.51%
 15.57%
 15.63%
 15.69%
 15.75%
 15.81%
 15.88%
 15.94%
 16.00%
 16.06%
 16.12%
 16.18%
 16.25%
 16.31%
 16.37%
 16.43%
 16.49%
 16.56%
 16.62%
 16.68%
 16.74%
 16.80%
 16.86%
 16.93%
 16.99%
 17.05%
 17.11%
 17.17%
 17.23%
 17.30%
 17.36%
 17.42%
 17.48%
 17.54%
 17.61%
 17.67%
 17.73%
 17.79%
 17.85%
 17.91%
 17.98%
 18.04%
 18.10%
 18.16%
 18.22%
 18.29%
 18.35%
 18.41%
 18.47%
 18.53%
 18.59%
 18.66%
 18.72%
 18.78%
 18.84%
 18.90%
 18.96%
 19.03%
 19.09%
 19.15%
 19.21%
 19.27%
 19.34%
 19.40%
 19.46%
 19.52%
 19.58%
 19.64%
 19.71%
 19.77%
 19.83%
 19.89%
 19.95%
 20.01%
 20.08%
 20.14%
 20.20%
 20.26%
 20.32%
 20.39%
 20.45%
 20.51%
 20.57%
 20.63%
 20.69%
 20.76%
 20.82%
 20.88%
 20.94%
 21.00%
 21.06%
 21.13%
 21.19%
 21.25%
 21.31%
 21.37%
 21.44%
 21.50%
 21.56%
 21.62%
 21.68%
 21.74%
 21.81%
 21.87%
 21.93%
 21.99%
 22.05%
 22.12%
 22.18%
 22.24%
 22.30%
 22.36%
 22.42%
 22.49%
 22.55%
 22.61%
 22.67%
 22.73%
 22.79%
 22.86%
 22.92%
 22.98%
 23.04%
 23.10%
 23.17%
 23.23%
 23.29%
 23.35%
 23.41%
 23.47%
 23.54%
 23.60%
 23.66%
 23.72%
 23.78%
 23.84%
 23.91%
 23.97%
 24.03%
 24.09%
 24.15%
 24.22%
 24.28%
 24.34%
 24.40%
 24.46%
 24.52%
 24.59%
 24.65%
 24.71%
 24.77%
 24.83%
 24.89%
 24.96%
 25.02%
 25.08%
 25.14%
 25.20%
 25.27%
 25.33%
 25.39%
 25.45%
 25.51%
 25.57%
 25.64%
 25.70%
 25.76%
 25.82%
 25.88%
 25.95%
 26.01%
 26.07%
 26.13%
 26.19%
 26.25%
 26.32%
 26.38%
 26.44%
 26.50%
 26.56%
 26.62%
 26.69%
 26.75%
 26.81%
 26.87%
 26.93%
 27.00%
 27.06%
 27.12%
 27.18%
 27.24%
 27.30%
 27.37%
 27.43%
 27.49%
 27.55%
 27.61%
 27.67%
 27.74%
 27.80%
 27.86%
 27.92%
 27.98%
 28.05%
 28.11%
 28.17%
 28.23%
 28.29%
 28.35%
 28.42%
 28.48%
 28.54%
 28.60%
 28.66%
 28.72%
 28.79%
 28.85%
 28.91%
 28.97%
 29.03%
 29.10%
 29.16%
 29.22%
 29.28%
 29.34%
 29.40%
 29.47%
 29.53%
 29.59%
 29.65%
 29.71%
 29.78%
 29.84%
 29.90%
 29.96%
 30.02%
 30.08%
 30.15%
 30.21%
 30.27%
 30.33%
 30.39%
 30.45%
 30.52%
 30.58%
 30.64%
 30.70%
 30.76%
 30.83%
 30.89%
 30.95%
 31.01%
 31.07%
 31.13%
 31.20%
 31.26%
 31.32%
 31.38%
 31.44%
 31.50%
 31.57%
 31.63%
 31.69%
 31.75%
 31.81%
 31.88%
 31.94%
 32.00%
 32.06%
 32.12%
 32.18%
 32.25%
 32.31%
 32.37%
 32.43%
 32.49%
 32.55%
 32.62%
 32.68%
 32.74%
 32.80%
 32.86%
 32.93%
 32.99%
 33.05%
 33.11%
 33.17%
 33.23%
 33.30%
 33.36%
 33.42%
 33.48%
 33.54%
 33.61%
 33.67%
 33.73%
 33.79%
 33.85%
 33.91%
 33.98%
 34.04%
 34.10%
 34.16%
 34.22%
 34.28%
 34.35%
 34.41%
 34.47%
 34.53%
 34.59%
 34.66%
 34.72%
 34.78%
 34.84%
 34.90%
 34.96%
 35.03%
 35.09%
 35.15%
 35.21%
 35.27%
 35.33%
 35.40%
 35.46%
 35.52%
 35.58%
 35.64%
 35.71%
 35.77%
 35.83%
 35.89%
 35.95%
 36.01%
 36.08%
 36.14%
 36.20%
 36.26%
 36.32%
 36.38%
 36.45%
 36.51%
 36.57%
 36.63%
 36.69%
 36.76%
 36.82%
 36.88%
 36.94%
 37.00%
 37.06%
 37.13%
 37.19%
 37.25%
 37.31%
 37.37%
 37.44%
 37.50%
 37.56%
 37.62%
 37.68%
 37.74%
 37.81%
 37.87%
 37.93%
 37.99%
 38.05%
 38.11%
 38.18%
 38.24%
 38.30%
 38.36%
 38.42%
 38.49%
 38.55%
 38.61%
 38.67%
 38.73%
 38.79%
 38.86%
 38.92%
 38.98%
 39.04%
 39.10%
 39.16%
 39.23%
 39.29%
 39.35%
 39.41%
 39.47%
 39.54%
 39.60%
 39.66%
 39.72%
 39.78%
 39.84%
 39.91%
 39.97%
 40.03%
 40.09%
 40.15%
 40.21%
 40.28%
 40.34%
 40.40%
 40.46%
 40.52%
 40.59%
 40.65%
 40.71%
 40.77%
 40.83%
 40.89%
 40.96%
 41.02%
 41.08%
 41.14%
 41.20%
 41.27%
 41.33%
 41.39%
 41.45%
 41.51%
 41.57%
 41.64%
 41.70%
 41.76%
 41.82%
 41.88%
 41.94%
 42.01%
 42.07%
 42.13%
 42.19%
 42.25%
 42.32%
 42.38%
 42.44%
 42.50%
 42.56%
 42.62%
 42.69%
 42.75%
 42.81%
 42.87%
 42.93%
 42.99%
 43.06%
 43.12%
 43.18%
 43.24%
 43.30%
 43.37%
 43.43%
 43.49%
 43.55%
 43.61%
 43.67%
 43.74%
 43.80%
 43.86%
 43.92%
 43.98%
 44.04%
 44.11%
 44.17%
 44.23%
 44.29%
 44.35%
 44.42%
 44.48%
 44.54%
 44.60%
 44.66%
 44.72%
 44.79%
 44.85%
 44.91%
 44.97%
 45.03%
 45.10%
 45.16%
 45.22%
 45.28%
 45.34%
 45.40%
 45.47%
 45.53%
 45.59%
 45.65%
 45.71%
 45.77%
 45.84%
 45.90%
 45.96%
 46.02%
 46.08%
 46.15%
 46.21%
 46.27%
 46.33%
 46.39%
 46.45%
 46.52%
 46.58%
 46.64%
 46.70%
 46.76%
 46.82%
 46.89%
 46.95%
 47.01%
 47.07%
 47.13%
 47.20%
 47.26%
 47.32%
 47.38%
 47.44%
 47.50%
 47.57%
 47.63%
 47.69%
 47.75%
 47.81%
 47.87%
 47.94%
 48.00%
 48.06%
 48.12%
 48.18%
 48.25%
 48.31%
 48.37%
 48.43%
 48.49%
 48.55%
 48.62%
 48.68%
 48.74%
 48.80%
 48.86%
 48.93%
 48.99%
 49.05%
 49.11%
 49.17%
 49.23%
 49.30%
 49.36%
 49.42%
 49.48%
 49.54%
 49.60%
 49.67%
 49.73%
 49.79%
 49.85%
 49.91%
 49.98%
 50.04%
 50.10%
 50.16%
 50.22%
 50.28%
 50.35%
 50.41%
 50.47%
 50.53%
 50.59%
 50.65%
 50.72%
 50.78%
 50.84%
 50.90%
 50.96%
 51.03%
 51.09%
 51.15%
 51.21%
 51.27%
 51.33%
 51.40%
 51.46%
 51.52%
 51.58%
 51.64%
 51.70%
 51.77%
 51.83%
 51.89%
 51.95%
 52.01%
 52.08%
 52.14%
 52.20%
 52.26%
 52.32%
 52.38%
 52.45%
 52.51%
 52.57%
 52.63%
 52.69%
 52.75%
 52.82%
 52.88%
 52.94%
 53.00%
 53.06%
 53.13%
 53.19%
 53.25%
 53.31%
 53.37%
 53.43%
 53.50%
 53.56%
 53.62%
 53.68%
 53.74%
 53.81%
 53.87%
 53.93%
 53.99%
 54.05%
 54.11%
 54.18%
 54.24%
 54.30%
 54.36%
 54.42%
 54.48%
 54.55%
 54.61%
 54.67%
 54.73%
 54.79%
 54.86%
 54.92%
 54.98%
 55.04%
 55.10%
 55.16%
 55.23%
 55.29%
 55.35%
 55.41%
 55.47%
 55.53%
 55.60%
 55.66%
 55.72%
 55.78%
 55.84%
 55.91%
 55.97%
 56.03%
 56.09%
 56.15%
 56.21%
 56.28%
 56.34%
 56.40%
 56.46%
 56.52%
 56.58%
 56.65%
 56.71%
 56.77%
 56.83%
 56.89%
 56.96%
 57.02%
 57.08%
 57.14%
 57.20%
 57.26%
 57.33%
 57.39%
 57.45%
 57.51%
 57.57%
 57.64%
 57.70%
 57.76%
 57.82%
 57.88%
 57.94%
 58.01%
 58.07%
 58.13%
 58.19%
 58.25%
 58.31%
 58.38%
 58.44%
 58.50%
 58.56%
 58.62%
 58.69%
 58.75%
 58.81%
 58.87%
 58.93%
 58.99%
 59.06%
 59.12%
 59.18%
 59.24%
 59.30%
 59.36%
 59.43%
 59.49%
 59.55%
 59.61%
 59.67%
 59.74%
 59.80%
 59.86%
 59.92%
 59.98%
 60.04%
 60.11%
 60.17%
 60.23%
 60.29%
 60.35%
 60.41%
 60.48%
 60.54%
 60.60%
 60.66%
 60.72%
 60.79%
 60.85%
 60.91%
 60.97%
 61.03%
 61.09%
 61.16%
 61.22%
 61.28%
 61.34%
 61.40%
 61.47%
 61.53%
 61.59%
 61.65%
 61.71%
 61.77%
 61.84%
 61.90%
 61.96%
 62.02%
 62.08%
 62.14%
 62.21%
 62.27%
 62.33%
 62.39%
 62.45%
 62.52%
 62.58%
 62.64%
 62.70%
 62.76%
 62.82%
 62.89%
 62.95%
 63.01%
 63.07%
 63.13%
 63.19%
 63.26%
 63.32%
 63.38%
 63.44%
 63.50%
 63.57%
 63.63%
 63.69%
 63.75%
 63.81%
 63.87%
 63.94%
 64.00%
 64.06%
 64.12%
 64.18%
 64.24%
 64.31%
 64.37%
 64.43%
 64.49%
 64.55%
 64.62%
 64.68%
 64.74%
 64.80%
 64.86%
 64.92%
 64.99%
 65.05%
 65.11%
 65.17%
 65.23%
 65.30%
 65.36%
 65.42%
 65.48%
 65.54%
 65.60%
 65.67%
 65.73%
 65.79%
 65.85%
 65.91%
 65.97%
 66.04%
 66.10%
 66.16%
 66.22%
 66.28%
 66.35%
 66.41%
 66.47%
 66.53%
 66.59%
 66.65%
 66.72%
 66.78%
 66.84%
 66.90%
 66.96%
 67.02%
 67.09%
 67.15%
 67.21%
 67.27%
 67.33%
 67.40%
 67.46%
 67.52%
 67.58%
 67.64%
 67.70%
 67.77%
 67.83%
 67.89%
 67.95%
 68.01%
 68.07%
 68.14%
 68.20%
 68.26%
 68.32%
 68.38%
 68.45%
 68.51%
 68.57%
 68.63%
 68.69%
 68.75%
 68.82%
 68.88%
 68.94%
 69.00%
 69.06%
 69.13%
 69.19%
 69.25%
 69.31%
 69.37%
 69.43%
 69.50%
 69.56%
 69.62%
 69.68%
 69.74%
 69.80%
 69.87%
 69.93%
 69.99%
 70.05%
 70.11%
 70.18%
 70.24%
 70.30%
 70.36%
 70.42%
 70.48%
 70.55%
 70.61%
 70.67%
 70.73%
 70.79%
 70.85%
 70.92%
 70.98%
 71.04%
 71.10%
 71.16%
 71.23%
 71.29%
 71.35%
 71.41%
 71.47%
 71.53%
 71.60%
 71.66%
 71.72%
 71.78%
 71.84%
 71.90%
 71.97%
 72.03%
 72.09%
 72.15%
 72.21%
 72.28%
 72.34%
 72.40%
 72.46%
 72.52%
 72.58%
 72.65%
 72.71%
 72.77%
 72.83%
 72.89%
 72.96%
 73.02%
 73.08%
 73.14%
 73.20%
 73.26%
 73.33%
 73.39%
 73.45%
 73.51%
 73.57%
 73.63%
 73.70%
 73.76%
 73.82%
 73.88%
 73.94%
 74.01%
 74.07%
 74.13%
 74.19%
 74.25%
 74.31%
 74.38%
 74.44%
 74.50%
 74.56%
 74.62%
 74.68%
 74.75%
 74.81%
 74.87%
 74.93%
 74.99%
 75.06%
 75.12%
 75.18%
 75.24%
 75.30%
 75.36%
 75.43%
 75.49%
 75.55%
 75.61%
 75.67%
 75.73%
 75.80%
 75.86%
 75.92%
 75.98%
 76.04%
 76.11%
 76.17%
 76.23%
 76.29%
 76.35%
 76.41%
 76.48%
 76.54%
 76.60%
 76.66%
 76.72%
 76.79%
 76.85%
 76.91%
 76.97%
 77.03%
 77.09%
 77.16%
 77.22%
 77.28%
 77.34%
 77.40%
 77.46%
 77.53%
 77.59%
 77.65%
 77.71%
 77.77%
 77.84%
 77.90%
 77.96%
 78.02%
 78.08%
 78.14%
 78.21%
 78.27%
 78.33%
 78.39%
 78.45%
 78.51%
 78.58%
 78.64%
 78.70%
 78.76%
 78.82%
 78.89%
 78.95%
 79.01%
 79.07%
 79.13%
 79.19%
 79.26%
 79.32%
 79.38%
 79.44%
 79.50%
 79.56%
 79.63%
 79.69%
 79.75%
 79.81%
 79.87%
 79.94%
 80.00%
 80.06%
 80.12%
 80.18%
 80.24%
 80.31%
 80.37%
 80.43%
 80.49%
 80.55%
 80.62%
 80.68%
 80.74%
 80.80%
 80.86%
 80.92%
 80.99%
 81.05%
 81.11%
 81.17%
 81.23%
 81.29%
 81.36%
 81.42%
 81.48%
 81.54%
 81.60%
 81.67%
 81.73%
 81.79%
 81.85%
 81.91%
 81.97%
 82.04%
 82.10%
 82.16%
 82.22%
 82.28%
 82.34%
 82.41%
 82.47%
 82.53%
 82.59%
 82.65%
 82.72%
 82.78%
 82.84%
 82.90%
 82.96%
 83.02%
 83.09%
 83.15%
 83.21%
 83.27%
 83.33%
 83.39%
 83.46%
 83.52%
 83.58%
 83.64%
 83.70%
 83.77%
 83.83%
 83.89%
 83.95%
 84.01%
 84.07%
 84.14%
 84.20%
 84.26%
 84.32%
 84.38%
 84.45%
 84.51%
 84.57%
 84.63%
 84.69%
 84.75%
 84.82%
 84.88%
 84.94%
 85.00%
 85.06%
 85.12%
 85.19%
 85.25%
 85.31%
 85.37%
 85.43%
 85.50%
 85.56%
 85.62%
 85.68%
 85.74%
 85.80%
 85.87%
 85.93%
 85.99%
 86.05%
 86.11%
 86.17%
 86.24%
 86.30%
 86.36%
 86.42%
 86.48%
 86.55%
 86.61%
 86.67%
 86.73%
 86.79%
 86.85%
 86.92%
 86.98%
 87.04%
 87.10%
 87.16%
 87.22%
 87.29%
 87.35%
 87.41%
 87.47%
 87.53%
 87.60%
 87.66%
 87.72%
 87.78%
 87.84%
 87.90%
 87.97%
 88.03%
 88.09%
 88.15%
 88.21%
 88.28%
 88.34%
 88.40%
 88.46%
 88.52%
 88.58%
 88.65%
 88.71%
 88.77%
 88.83%
 88.89%
 88.95%
 89.02%
 89.08%
 89.14%
 89.20%
 89.26%
 89.33%
 89.39%
 89.45%
 89.51%
 89.57%
 89.63%
 89.70%
 89.76%
 89.82%
 89.88%
 89.94%
 90.00%
 90.07%
 90.13%
 90.19%
 90.25%
 90.31%
 90.38%
 90.44%
 90.50%
 90.56%
 90.62%
 90.68%
 90.75%
 90.81%
 90.87%
 90.93%
 90.99%
 91.05%
 91.12%
 91.18%
 91.24%
 91.30%
 91.36%
 91.43%
 91.49%
 91.55%
 91.61%
 91.67%
 91.73%
 91.80%
 91.86%
 91.92%
 91.98%
 92.04%
 92.11%
 92.17%
 92.23%
 92.29%
 92.35%
 92.41%
 92.48%
 92.54%
 92.60%
 92.66%
 92.72%
 92.78%
 92.85%
 92.91%
 92.97%
 93.03%
 93.09%
 93.16%
 93.22%
 93.28%
 93.34%
 93.40%
 93.46%
 93.53%
 93.59%
 93.65%
 93.71%
 93.77%
 93.83%
 93.90%
 93.96%
 94.02%
 94.08%
 94.14%
 94.21%
 94.27%
 94.33%
 94.39%
 94.45%
 94.51%
 94.58%
 94.64%
 94.70%
 94.76%
 94.82%
 94.88%
 94.95%
 95.01%
 95.07%
 95.13%
 95.19%
 95.26%
 95.32%
 95.38%
 95.44%
 95.50%
 95.56%
 95.63%
 95.69%
 95.75%
 95.81%
 95.87%
 95.94%
 96.00%
 96.06%
 96.12%
 96.18%
 96.24%
 96.31%
 96.37%
 96.43%
 96.49%
 96.55%
 96.61%
 96.68%
 96.74%
 96.80%
 96.86%
 96.92%
 96.99%
 97.05%
 97.11%
 97.17%
 97.23%
 97.29%
 97.36%
 97.42%
 97.48%
 97.54%
 97.60%
 97.66%
 97.73%
 97.79%
 97.85%
 97.91%
 97.97%
 98.04%
 98.10%
 98.16%
 98.22%
 98.28%
 98.34%
 98.41%
 98.47%
 98.53%
 98.59%
 98.65%
 98.71%
 98.78%
 98.84%
 98.90%
 98.96%
 99.02%
 99.09%
 99.15%
 99.21%
 99.27%
 99.33%
 99.39%
 99.46%
 99.52%
 99.58%
 99.64%
 99.70%
 99.77%
 99.83%
 99.89%
 99.95%
100.00%
Real time elapsed: 2255.997 seconds
