
                                                                              < M A T L A B (R) >
                                                                    Copyright 1984-2020 The MathWorks, Inc.
                                                                    R2020b (9.9.0.1467703) 64-bit (glnxa64)
                                                                                August 26, 2020

 
To get started, type doc.
For product information, visit www.mathworks.com.
 
Resolution: 256x256
Number of packets: 50
Initial wavenumber radius: 6.000000
Time step: 0.004038
Simulation time: 666.666667
Spin-up time: 400.000000
Steps per save: 50
Steps per packet save: 5
Coriolis parameter: 3.000000
Group velocity: 1.000000
Background velocity (parameter,computed): (0.600000,0.607884)
Froude Number: 0.607884
Deformation wavenumber: 3.000000
Simulation progress:  0.00%  0.03%
  0.06%
  0.09%
  0.12%
  0.15%
  0.19%
  0.22%
  0.25%
  0.28%
  0.31%
  0.34%
  0.37%
  0.40%
  0.43%
  0.46%
  0.49%
  0.53%
  0.56%
  0.59%
  0.62%
  0.65%
  0.68%
  0.71%
  0.74%
  0.77%
  0.80%
  0.83%
  0.86%
  0.90%
  0.93%
  0.96%
  0.99%
  1.02%
  1.05%
  1.08%
  1.11%
  1.14%
  1.17%
  1.20%
  1.24%
  1.27%
  1.30%
  1.33%
  1.36%
  1.39%
  1.42%
  1.45%
  1.48%
  1.51%
  1.54%
  1.58%
  1.61%
  1.64%
  1.67%
  1.70%
  1.73%
  1.76%
  1.79%
  1.82%
  1.85%
  1.88%
  1.92%
  1.95%
  1.98%
  2.01%
  2.04%
  2.07%
  2.10%
  2.13%
  2.16%
  2.19%
  2.22%
  2.25%
  2.29%
  2.32%
  2.35%
  2.38%
  2.41%
  2.44%
  2.47%
  2.50%
  2.53%
  2.56%
  2.59%
  2.63%
  2.66%
  2.69%
  2.72%
  2.75%
  2.78%
  2.81%
  2.84%
  2.87%
  2.90%
  2.93%
  2.97%
  3.00%
  3.03%
  3.06%
  3.09%
  3.12%
  3.15%
  3.18%
  3.21%
  3.24%
  3.27%
  3.30%
  3.34%
  3.37%
  3.40%
  3.43%
  3.46%
  3.49%
  3.52%
  3.55%
  3.58%
  3.61%
  3.64%
  3.68%
  3.71%
  3.74%
  3.77%
  3.80%
  3.83%
  3.86%
  3.89%
  3.92%
  3.95%
  3.98%
  4.02%
  4.05%
  4.08%
  4.11%
  4.14%
  4.17%
  4.20%
  4.23%
  4.26%
  4.29%
  4.32%
  4.36%
  4.39%
  4.42%
  4.45%
  4.48%
  4.51%
  4.54%
  4.57%
  4.60%
  4.63%
  4.66%
  4.69%
  4.73%
  4.76%
  4.79%
  4.82%
  4.85%
  4.88%
  4.91%
  4.94%
  4.97%
  5.00%
  5.03%
  5.07%
  5.10%
  5.13%
  5.16%
  5.19%
  5.22%
  5.25%
  5.28%
  5.31%
  5.34%
  5.37%
  5.41%
  5.44%
  5.47%
  5.50%
  5.53%
  5.56%
  5.59%
  5.62%
  5.65%
  5.68%
  5.71%
  5.75%
  5.78%
  5.81%
  5.84%
  5.87%
  5.90%
  5.93%
  5.96%
  5.99%
  6.02%
  6.05%
  6.08%
  6.12%
  6.15%
  6.18%
  6.21%
  6.24%
  6.27%
  6.30%
  6.33%
  6.36%
  6.39%
  6.42%
  6.46%
  6.49%
  6.52%
  6.55%
  6.58%
  6.61%
  6.64%
  6.67%
  6.70%
  6.73%
  6.76%
  6.80%
  6.83%
  6.86%
  6.89%
  6.92%
  6.95%
  6.98%
  7.01%
  7.04%
  7.07%
  7.10%
  7.13%
  7.17%
  7.20%
  7.23%
  7.26%
  7.29%
  7.32%
  7.35%
  7.38%
  7.41%
  7.44%
  7.47%
  7.51%
  7.54%
  7.57%
  7.60%
  7.63%
  7.66%
  7.69%
  7.72%
  7.75%
  7.78%
  7.81%
  7.85%
  7.88%
  7.91%
  7.94%
  7.97%
  8.00%
  8.03%
  8.06%
  8.09%
  8.12%
  8.15%
  8.19%
  8.22%
  8.25%
  8.28%
  8.31%
  8.34%
  8.37%
  8.40%
  8.43%
  8.46%
  8.49%
  8.52%
  8.56%
  8.59%
  8.62%
  8.65%
  8.68%
  8.71%
  8.74%
  8.77%
  8.80%
  8.83%
  8.86%
  8.90%
  8.93%
  8.96%
  8.99%
  9.02%
  9.05%
  9.08%
  9.11%
  9.14%
  9.17%
  9.20%
  9.24%
  9.27%
  9.30%
  9.33%
  9.36%
  9.39%
  9.42%
  9.45%
  9.48%
  9.51%
  9.54%
  9.58%
  9.61%
  9.64%
  9.67%
  9.70%
  9.73%
  9.76%
  9.79%
  9.82%
  9.85%
  9.88%
  9.91%
  9.95%
  9.98%
 10.01%
 10.04%
 10.07%
 10.10%
 10.13%
 10.16%
 10.19%
 10.22%
 10.25%
 10.29%
 10.32%
 10.35%
 10.38%
 10.41%
 10.44%
 10.47%
 10.50%
 10.53%
 10.56%
 10.59%
 10.63%
 10.66%
 10.69%
 10.72%
 10.75%
 10.78%
 10.81%
 10.84%
 10.87%
 10.90%
 10.93%
 10.96%
 11.00%
 11.03%
 11.06%
 11.09%
 11.12%
 11.15%
 11.18%
 11.21%
 11.24%
 11.27%
 11.30%
 11.34%
 11.37%
 11.40%
 11.43%
 11.46%
 11.49%
 11.52%
 11.55%
 11.58%
 11.61%
 11.64%
 11.68%
 11.71%
 11.74%
 11.77%
 11.80%
 11.83%
 11.86%
 11.89%
 11.92%
 11.95%
 11.98%
 12.02%
 12.05%
 12.08%
 12.11%
 12.14%
 12.17%
 12.20%
 12.23%
 12.26%
 12.29%
 12.32%
 12.35%
 12.39%
 12.42%
 12.45%
 12.48%
 12.51%
 12.54%
 12.57%
 12.60%
 12.63%
 12.66%
 12.69%
 12.73%
 12.76%
 12.79%
 12.82%
 12.85%
 12.88%
 12.91%
 12.94%
 12.97%
 13.00%
 13.03%
 13.07%
 13.10%
 13.13%
 13.16%
 13.19%
 13.22%
 13.25%
 13.28%
 13.31%
 13.34%
 13.37%
 13.41%
 13.44%
 13.47%
 13.50%
 13.53%
 13.56%
 13.59%
 13.62%
 13.65%
 13.68%
 13.71%
 13.74%
 13.78%
 13.81%
 13.84%
 13.87%
 13.90%
 13.93%
 13.96%
 13.99%
 14.02%
 14.05%
 14.08%
 14.12%
 14.15%
 14.18%
 14.21%
 14.24%
 14.27%
 14.30%
 14.33%
 14.36%
 14.39%
 14.42%
 14.46%
 14.49%
 14.52%
 14.55%
 14.58%
 14.61%
 14.64%
 14.67%
 14.70%
 14.73%
 14.76%
 14.79%
 14.83%
 14.86%
 14.89%
 14.92%
 14.95%
 14.98%
 15.01%
 15.04%
 15.07%
 15.10%
 15.13%
 15.17%
 15.20%
 15.23%
 15.26%
 15.29%
 15.32%
 15.35%
 15.38%
 15.41%
 15.44%
 15.47%
 15.51%
 15.54%
 15.57%
 15.60%
 15.63%
 15.66%
 15.69%
 15.72%
 15.75%
 15.78%
 15.81%
 15.85%
 15.88%
 15.91%
 15.94%
 15.97%
 16.00%
 16.03%
 16.06%
 16.09%
 16.12%
 16.15%
 16.18%
 16.22%
 16.25%
 16.28%
 16.31%
 16.34%
 16.37%
 16.40%
 16.43%
 16.46%
 16.49%
 16.52%
 16.56%
 16.59%
 16.62%
 16.65%
 16.68%
 16.71%
 16.74%
 16.77%
 16.80%
 16.83%
 16.86%
 16.90%
 16.93%
 16.96%
 16.99%
 17.02%
 17.05%
 17.08%
 17.11%
 17.14%
 17.17%
 17.20%
 17.24%
 17.27%
 17.30%
 17.33%
 17.36%
 17.39%
 17.42%
 17.45%
 17.48%
 17.51%
 17.54%
 17.57%
 17.61%
 17.64%
 17.67%
 17.70%
 17.73%
 17.76%
 17.79%
 17.82%
 17.85%
 17.88%
 17.91%
 17.95%
 17.98%
 18.01%
 18.04%
 18.07%
 18.10%
 18.13%
 18.16%
 18.19%
 18.22%
 18.25%
 18.29%
 18.32%
 18.35%
 18.38%
 18.41%
 18.44%
 18.47%
 18.50%
 18.53%
 18.56%
 18.59%
 18.62%
 18.66%
 18.69%
 18.72%
 18.75%
 18.78%
 18.81%
 18.84%
 18.87%
 18.90%
 18.93%
 18.96%
 19.00%
 19.03%
 19.06%
 19.09%
 19.12%
 19.15%
 19.18%
 19.21%
 19.24%
 19.27%
 19.30%
 19.34%
 19.37%
 19.40%
 19.43%
 19.46%
 19.49%
 19.52%
 19.55%
 19.58%
 19.61%
 19.64%
 19.68%
 19.71%
 19.74%
 19.77%
 19.80%
 19.83%
 19.86%
 19.89%
 19.92%
 19.95%
 19.98%
 20.01%
 20.05%
 20.08%
 20.11%
 20.14%
 20.17%
 20.20%
 20.23%
 20.26%
 20.29%
 20.32%
 20.35%
 20.39%
 20.42%
 20.45%
 20.48%
 20.51%
 20.54%
 20.57%
 20.60%
 20.63%
 20.66%
 20.69%
 20.73%
 20.76%
 20.79%
 20.82%
 20.85%
 20.88%
 20.91%
 20.94%
 20.97%
 21.00%
 21.03%
 21.07%
 21.10%
 21.13%
 21.16%
 21.19%
 21.22%
 21.25%
 21.28%
 21.31%
 21.34%
 21.37%
 21.40%
 21.44%
 21.47%
 21.50%
 21.53%
 21.56%
 21.59%
 21.62%
 21.65%
 21.68%
 21.71%
 21.74%
 21.78%
 21.81%
 21.84%
 21.87%
 21.90%
 21.93%
 21.96%
 21.99%
 22.02%
 22.05%
 22.08%
 22.12%
 22.15%
 22.18%
 22.21%
 22.24%
 22.27%
 22.30%
 22.33%
 22.36%
 22.39%
 22.42%
 22.45%
 22.49%
 22.52%
 22.55%
 22.58%
 22.61%
 22.64%
 22.67%
 22.70%
 22.73%
 22.76%
 22.79%
 22.83%
 22.86%
 22.89%
 22.92%
 22.95%
 22.98%
 23.01%
 23.04%
 23.07%
 23.10%
 23.13%
 23.17%
 23.20%
 23.23%
 23.26%
 23.29%
 23.32%
 23.35%
 23.38%
 23.41%
 23.44%
 23.47%
 23.51%
 23.54%
 23.57%
 23.60%
 23.63%
 23.66%
 23.69%
 23.72%
 23.75%
 23.78%
 23.81%
 23.84%
 23.88%
 23.91%
 23.94%
 23.97%
 24.00%
 24.03%
 24.06%
 24.09%
 24.12%
 24.15%
 24.18%
 24.22%
 24.25%
 24.28%
 24.31%
 24.34%
 24.37%
 24.40%
 24.43%
 24.46%
 24.49%
 24.52%
 24.56%
 24.59%
 24.62%
 24.65%
 24.68%
 24.71%
 24.74%
 24.77%
 24.80%
 24.83%
 24.86%
 24.90%
 24.93%
 24.96%
 24.99%
 25.02%
 25.05%
 25.08%
 25.11%
 25.14%
 25.17%
 25.20%
 25.23%
 25.27%
 25.30%
 25.33%
 25.36%
 25.39%
 25.42%
 25.45%
 25.48%
 25.51%
 25.54%
 25.57%
 25.61%
 25.64%
 25.67%
 25.70%
 25.73%
 25.76%
 25.79%
 25.82%
 25.85%
 25.88%
 25.91%
 25.95%
 25.98%
 26.01%
 26.04%
 26.07%
 26.10%
 26.13%
 26.16%
 26.19%
 26.22%
 26.25%
 26.28%
 26.32%
 26.35%
 26.38%
 26.41%
 26.44%
 26.47%
 26.50%
 26.53%
 26.56%
 26.59%
 26.62%
 26.66%
 26.69%
 26.72%
 26.75%
 26.78%
 26.81%
 26.84%
 26.87%
 26.90%
 26.93%
 26.96%
 27.00%
 27.03%
 27.06%
 27.09%
 27.12%
 27.15%
 27.18%
 27.21%
 27.24%
 27.27%
 27.30%
 27.34%
 27.37%
 27.40%
 27.43%
 27.46%
 27.49%
 27.52%
 27.55%
 27.58%
 27.61%
 27.64%
 27.67%
 27.71%
 27.74%
 27.77%
 27.80%
 27.83%
 27.86%
 27.89%
 27.92%
 27.95%
 27.98%
 28.01%
 28.05%
 28.08%
 28.11%
 28.14%
 28.17%
 28.20%
 28.23%
 28.26%
 28.29%
 28.32%
 28.35%
 28.39%
 28.42%
 28.45%
 28.48%
 28.51%
 28.54%
 28.57%
 28.60%
 28.63%
 28.66%
 28.69%
 28.73%
 28.76%
 28.79%
 28.82%
 28.85%
 28.88%
 28.91%
 28.94%
 28.97%
 29.00%
 29.03%
 29.06%
 29.10%
 29.13%
 29.16%
 29.19%
 29.22%
 29.25%
 29.28%
 29.31%
 29.34%
 29.37%
 29.40%
 29.44%
 29.47%
 29.50%
 29.53%
 29.56%
 29.59%
 29.62%
 29.65%
 29.68%
 29.71%
 29.74%
 29.78%
 29.81%
 29.84%
 29.87%
 29.90%
 29.93%
 29.96%
 29.99%
 30.02%
 30.05%
 30.08%
 30.12%
 30.15%
 30.18%
 30.21%
 30.24%
 30.27%
 30.30%
 30.33%
 30.36%
 30.39%
 30.42%
 30.45%
 30.49%
 30.52%
 30.55%
 30.58%
 30.61%
 30.64%
 30.67%
 30.70%
 30.73%
 30.76%
 30.79%
 30.83%
 30.86%
 30.89%
 30.92%
 30.95%
 30.98%
 31.01%
 31.04%
 31.07%
 31.10%
 31.13%
 31.17%
 31.20%
 31.23%
 31.26%
 31.29%
 31.32%
 31.35%
 31.38%
 31.41%
 31.44%
 31.47%
 31.50%
 31.54%
 31.57%
 31.60%
 31.63%
 31.66%
 31.69%
 31.72%
 31.75%
 31.78%
 31.81%
 31.84%
 31.88%
 31.91%
 31.94%
 31.97%
 32.00%
 32.03%
 32.06%
 32.09%
 32.12%
 32.15%
 32.18%
 32.22%
 32.25%
 32.28%
 32.31%
 32.34%
 32.37%
 32.40%
 32.43%
 32.46%
 32.49%
 32.52%
 32.56%
 32.59%
 32.62%
 32.65%
 32.68%
 32.71%
 32.74%
 32.77%
 32.80%
 32.83%
 32.86%
 32.89%
 32.93%
 32.96%
 32.99%
 33.02%
 33.05%
 33.08%
 33.11%
 33.14%
 33.17%
 33.20%
 33.23%
 33.27%
 33.30%
 33.33%
 33.36%
 33.39%
 33.42%
 33.45%
 33.48%
 33.51%
 33.54%
 33.57%
 33.61%
 33.64%
 33.67%
 33.70%
 33.73%
 33.76%
 33.79%
 33.82%
 33.85%
 33.88%
 33.91%
 33.95%
 33.98%
 34.01%
 34.04%
 34.07%
 34.10%
 34.13%
 34.16%
 34.19%
 34.22%
 34.25%
 34.28%
 34.32%
 34.35%
 34.38%
 34.41%
 34.44%
 34.47%
 34.50%
 34.53%
 34.56%
 34.59%
 34.62%
 34.66%
 34.69%
 34.72%
 34.75%
 34.78%
 34.81%
 34.84%
 34.87%
 34.90%
 34.93%
 34.96%
 35.00%
 35.03%
 35.06%
 35.09%
 35.12%
 35.15%
 35.18%
 35.21%
 35.24%
 35.27%
 35.30%
 35.33%
 35.37%
 35.40%
 35.43%
 35.46%
 35.49%
 35.52%
 35.55%
 35.58%
 35.61%
 35.64%
 35.67%
 35.71%
 35.74%
 35.77%
 35.80%
 35.83%
 35.86%
 35.89%
 35.92%
 35.95%
 35.98%
 36.01%
 36.05%
 36.08%
 36.11%
 36.14%
 36.17%
 36.20%
 36.23%
 36.26%
 36.29%
 36.32%
 36.35%
 36.39%
 36.42%
 36.45%
 36.48%
 36.51%
 36.54%
 36.57%
 36.60%
 36.63%
 36.66%
 36.69%
 36.72%
 36.76%
 36.79%
 36.82%
 36.85%
 36.88%
 36.91%
 36.94%
 36.97%
 37.00%
 37.03%
 37.06%
 37.10%
 37.13%
 37.16%
 37.19%
 37.22%
 37.25%
 37.28%
 37.31%
 37.34%
 37.37%
 37.40%
 37.44%
 37.47%
 37.50%
 37.53%
 37.56%
 37.59%
 37.62%
 37.65%
 37.68%
 37.71%
 37.74%
 37.78%
 37.81%
 37.84%
 37.87%
 37.90%
 37.93%
 37.96%
 37.99%
 38.02%
 38.05%
 38.08%
 38.11%
 38.15%
 38.18%
 38.21%
 38.24%
 38.27%
 38.30%
 38.33%
 38.36%
 38.39%
 38.42%
 38.45%
 38.49%
 38.52%
 38.55%
 38.58%
 38.61%
 38.64%
 38.67%
 38.70%
 38.73%
 38.76%
 38.79%
 38.83%
 38.86%
 38.89%
 38.92%
 38.95%
 38.98%
 39.01%
 39.04%
 39.07%
 39.10%
 39.13%
 39.16%
 39.20%
 39.23%
 39.26%
 39.29%
 39.32%
 39.35%
 39.38%
 39.41%
 39.44%
 39.47%
 39.50%
 39.54%
 39.57%
 39.60%
 39.63%
 39.66%
 39.69%
 39.72%
 39.75%
 39.78%
 39.81%
 39.84%
 39.88%
 39.91%
 39.94%
 39.97%
 40.00%
 40.03%
 40.06%
 40.09%
 40.12%
 40.15%
 40.18%
 40.22%
 40.25%
 40.28%
 40.31%
 40.34%
 40.37%
 40.40%
 40.43%
 40.46%
 40.49%
 40.52%
 40.55%
 40.59%
 40.62%
 40.65%
 40.68%
 40.71%
 40.74%
 40.77%
 40.80%
 40.83%
 40.86%
 40.89%
 40.93%
 40.96%
 40.99%
 41.02%
 41.05%
 41.08%
 41.11%
 41.14%
 41.17%
 41.20%
 41.23%
 41.27%
 41.30%
 41.33%
 41.36%
 41.39%
 41.42%
 41.45%
 41.48%
 41.51%
 41.54%
 41.57%
 41.61%
 41.64%
 41.67%
 41.70%
 41.73%
 41.76%
 41.79%
 41.82%
 41.85%
 41.88%
 41.91%
 41.94%
 41.98%
 42.01%
 42.04%
 42.07%
 42.10%
 42.13%
 42.16%
 42.19%
 42.22%
 42.25%
 42.28%
 42.32%
 42.35%
 42.38%
 42.41%
 42.44%
 42.47%
 42.50%
 42.53%
 42.56%
 42.59%
 42.62%
 42.66%
 42.69%
 42.72%
 42.75%
 42.78%
 42.81%
 42.84%
 42.87%
 42.90%
 42.93%
 42.96%
 42.99%
 43.03%
 43.06%
 43.09%
 43.12%
 43.15%
 43.18%
 43.21%
 43.24%
 43.27%
 43.30%
 43.33%
 43.37%
 43.40%
 43.43%
 43.46%
 43.49%
 43.52%
 43.55%
 43.58%
 43.61%
 43.64%
 43.67%
 43.71%
 43.74%
 43.77%
 43.80%
 43.83%
 43.86%
 43.89%
 43.92%
 43.95%
 43.98%
 44.01%
 44.05%
 44.08%
 44.11%
 44.14%
 44.17%
 44.20%
 44.23%
 44.26%
 44.29%
 44.32%
 44.35%
 44.38%
 44.42%
 44.45%
 44.48%
 44.51%
 44.54%
 44.57%
 44.60%
 44.63%
 44.66%
 44.69%
 44.72%
 44.76%
 44.79%
 44.82%
 44.85%
 44.88%
 44.91%
 44.94%
 44.97%
 45.00%
 45.03%
 45.06%
 45.10%
 45.13%
 45.16%
 45.19%
 45.22%
 45.25%
 45.28%
 45.31%
 45.34%
 45.37%
 45.40%
 45.44%
 45.47%
 45.50%
 45.53%
 45.56%
 45.59%
 45.62%
 45.65%
 45.68%
 45.71%
 45.74%
 45.77%
 45.81%
 45.84%
 45.87%
 45.90%
 45.93%
 45.96%
 45.99%
 46.02%
 46.05%
 46.08%
 46.11%
 46.15%
 46.18%
 46.21%
 46.24%
 46.27%
 46.30%
 46.33%
 46.36%
 46.39%
 46.42%
 46.45%
 46.49%
 46.52%
 46.55%
 46.58%
 46.61%
 46.64%
 46.67%
 46.70%
 46.73%
 46.76%
 46.79%
 46.82%
 46.86%
 46.89%
 46.92%
 46.95%
 46.98%
 47.01%
 47.04%
 47.07%
 47.10%
 47.13%
 47.16%
 47.20%
 47.23%
 47.26%
 47.29%
 47.32%
 47.35%
 47.38%
 47.41%
 47.44%
 47.47%
 47.50%
 47.54%
 47.57%
 47.60%
 47.63%
 47.66%
 47.69%
 47.72%
 47.75%
 47.78%
 47.81%
 47.84%
 47.88%
 47.91%
 47.94%
 47.97%
 48.00%
 48.03%
 48.06%
 48.09%
 48.12%
 48.15%
 48.18%
 48.21%
 48.25%
 48.28%
 48.31%
 48.34%
 48.37%
 48.40%
 48.43%
 48.46%
 48.49%
 48.52%
 48.55%
 48.59%
 48.62%
 48.65%
 48.68%
 48.71%
 48.74%
 48.77%
 48.80%
 48.83%
 48.86%
 48.89%
 48.93%
 48.96%
 48.99%
 49.02%
 49.05%
 49.08%
 49.11%
 49.14%
 49.17%
 49.20%
 49.23%
 49.27%
 49.30%
 49.33%
 49.36%
 49.39%
 49.42%
 49.45%
 49.48%
 49.51%
 49.54%
 49.57%
 49.60%
 49.64%
 49.67%
 49.70%
 49.73%
 49.76%
 49.79%
 49.82%
 49.85%
 49.88%
 49.91%
 49.94%
 49.98%
 50.01%
 50.04%
 50.07%
 50.10%
 50.13%
 50.16%
 50.19%
 50.22%
 50.25%
 50.28%
 50.32%
 50.35%
 50.38%
 50.41%
 50.44%
 50.47%
 50.50%
 50.53%
 50.56%
 50.59%
 50.62%
 50.65%
 50.69%
 50.72%
 50.75%
 50.78%
 50.81%
 50.84%
 50.87%
 50.90%
 50.93%
 50.96%
 50.99%
 51.03%
 51.06%
 51.09%
 51.12%
 51.15%
 51.18%
 51.21%
 51.24%
 51.27%
 51.30%
 51.33%
 51.37%
 51.40%
 51.43%
 51.46%
 51.49%
 51.52%
 51.55%
 51.58%
 51.61%
 51.64%
 51.67%
 51.71%
 51.74%
 51.77%
 51.80%
 51.83%
 51.86%
 51.89%
 51.92%
 51.95%
 51.98%
 52.01%
 52.04%
 52.08%
 52.11%
 52.14%
 52.17%
 52.20%
 52.23%
 52.26%
 52.29%
 52.32%
 52.35%
 52.38%
 52.42%
 52.45%
 52.48%
 52.51%
 52.54%
 52.57%
 52.60%
 52.63%
 52.66%
 52.69%
 52.72%
 52.76%
 52.79%
 52.82%
 52.85%
 52.88%
 52.91%
 52.94%
 52.97%
 53.00%
 53.03%
 53.06%
 53.10%
 53.13%
 53.16%
 53.19%
 53.22%
 53.25%
 53.28%
 53.31%
 53.34%
 53.37%
 53.40%
 53.43%
 53.47%
 53.50%
 53.53%
 53.56%
 53.59%
 53.62%
 53.65%
 53.68%
 53.71%
 53.74%
 53.77%
 53.81%
 53.84%
 53.87%
 53.90%
 53.93%
 53.96%
 53.99%
 54.02%
 54.05%
 54.08%
 54.11%
 54.15%
 54.18%
 54.21%
 54.24%
 54.27%
 54.30%
 54.33%
 54.36%
 54.39%
 54.42%
 54.45%
 54.49%
 54.52%
 54.55%
 54.58%
 54.61%
 54.64%
 54.67%
 54.70%
 54.73%
 54.76%
 54.79%
 54.82%
 54.86%
 54.89%
 54.92%
 54.95%
 54.98%
 55.01%
 55.04%
 55.07%
 55.10%
 55.13%
 55.16%
 55.20%
 55.23%
 55.26%
 55.29%
 55.32%
 55.35%
 55.38%
 55.41%
 55.44%
 55.47%
 55.50%
 55.54%
 55.57%
 55.60%
 55.63%
 55.66%
 55.69%
 55.72%
 55.75%
 55.78%
 55.81%
 55.84%
 55.87%
 55.91%
 55.94%
 55.97%
 56.00%
 56.03%
 56.06%
 56.09%
 56.12%
 56.15%
 56.18%
 56.21%
 56.25%
 56.28%
 56.31%
 56.34%
 56.37%
 56.40%
 56.43%
 56.46%
 56.49%
 56.52%
 56.55%
 56.59%
 56.62%
 56.65%
 56.68%
 56.71%
 56.74%
 56.77%
 56.80%
 56.83%
 56.86%
 56.89%
 56.93%
 56.96%
 56.99%
 57.02%
 57.05%
 57.08%
 57.11%
 57.14%
 57.17%
 57.20%
 57.23%
 57.26%
 57.30%
 57.33%
 57.36%
 57.39%
 57.42%
 57.45%
 57.48%
 57.51%
 57.54%
 57.57%
 57.60%
 57.64%
 57.67%
 57.70%
 57.73%
 57.76%
 57.79%
 57.82%
 57.85%
 57.88%
 57.91%
 57.94%
 57.98%
 58.01%
 58.04%
 58.07%
 58.10%
 58.13%
 58.16%
 58.19%
 58.22%
 58.25%
 58.28%
 58.32%
 58.35%
 58.38%
 58.41%
 58.44%
 58.47%
 58.50%
 58.53%
 58.56%
 58.59%
 58.62%
 58.65%
 58.69%
 58.72%
 58.75%
 58.78%
 58.81%
 58.84%
 58.87%
 58.90%
 58.93%
 58.96%
 58.99%
 59.03%
 59.06%
 59.09%
 59.12%
 59.15%
 59.18%
 59.21%
 59.24%
 59.27%
 59.30%
 59.33%
 59.37%
 59.40%
 59.43%
 59.46%
 59.49%
 59.52%
 59.55%
 59.58%
 59.61%
 59.64%
 59.67%
 59.70%
 59.74%
 59.77%
 59.80%
 59.83%
 59.86%
 59.89%
 59.92%
 59.95%
 59.98%
 60.01%
 60.04%
 60.08%
 60.11%
 60.14%
 60.17%
 60.20%
 60.23%
 60.26%
 60.29%
 60.32%
 60.35%
 60.38%
 60.42%
 60.45%
 60.48%
 60.51%
 60.54%
 60.57%
 60.60%
 60.63%
 60.66%
 60.69%
 60.72%
 60.76%
 60.79%
 60.82%
 60.85%
 60.88%
 60.91%
 60.94%
 60.97%
 61.00%
 61.03%
 61.06%
 61.09%
 61.13%
 61.16%
 61.19%
 61.22%
 61.25%
 61.28%
 61.31%
 61.34%
 61.37%
 61.40%
 61.43%
 61.47%
 61.50%
 61.53%
 61.56%
 61.59%
 61.62%
 61.65%
 61.68%
 61.71%
 61.74%
 61.77%
 61.81%
 61.84%
 61.87%
 61.90%
 61.93%
 61.96%
 61.99%
 62.02%
 62.05%
 62.08%
 62.11%
 62.15%
 62.18%
 62.21%
 62.24%
 62.27%
 62.30%
 62.33%
 62.36%
 62.39%
 62.42%
 62.45%
 62.48%
 62.52%
 62.55%
 62.58%
 62.61%
 62.64%
 62.67%
 62.70%
 62.73%
 62.76%
 62.79%
 62.82%
 62.86%
 62.89%
 62.92%
 62.95%
 62.98%
 63.01%
 63.04%
 63.07%
 63.10%
 63.13%
 63.16%
 63.20%
 63.23%
 63.26%
 63.29%
 63.32%
 63.35%
 63.38%
 63.41%
 63.44%
 63.47%
 63.50%
 63.53%
 63.57%
 63.60%
 63.63%
 63.66%
 63.69%
 63.72%
 63.75%
 63.78%
 63.81%
 63.84%
 63.87%
 63.91%
 63.94%
 63.97%
 64.00%
 64.03%
 64.06%
 64.09%
 64.12%
 64.15%
 64.18%
 64.21%
 64.25%
 64.28%
 64.31%
 64.34%
 64.37%
 64.40%
 64.43%
 64.46%
 64.49%
 64.52%
 64.55%
 64.59%
 64.62%
 64.65%
 64.68%
 64.71%
 64.74%
 64.77%
 64.80%
 64.83%
 64.86%
 64.89%
 64.92%
 64.96%
 64.99%
 65.02%
 65.05%
 65.08%
 65.11%
 65.14%
 65.17%
 65.20%
 65.23%
 65.26%
 65.30%
 65.33%
 65.36%
 65.39%
 65.42%
 65.45%
 65.48%
 65.51%
 65.54%
 65.57%
 65.60%
 65.64%
 65.67%
 65.70%
 65.73%
 65.76%
 65.79%
 65.82%
 65.85%
 65.88%
 65.91%
 65.94%
 65.98%
 66.01%
 66.04%
 66.07%
 66.10%
 66.13%
 66.16%
 66.19%
 66.22%
 66.25%
 66.28%
 66.31%
 66.35%
 66.38%
 66.41%
 66.44%
 66.47%
 66.50%
 66.53%
 66.56%
 66.59%
 66.62%
 66.65%
 66.69%
 66.72%
 66.75%
 66.78%
 66.81%
 66.84%
 66.87%
 66.90%
 66.93%
 66.96%
 66.99%
 67.03%
 67.06%
 67.09%
 67.12%
 67.15%
 67.18%
 67.21%
 67.24%
 67.27%
 67.30%
 67.33%
 67.36%
 67.40%
 67.43%
 67.46%
 67.49%
 67.52%
 67.55%
 67.58%
 67.61%
 67.64%
 67.67%
 67.70%
 67.74%
 67.77%
 67.80%
 67.83%
 67.86%
 67.89%
 67.92%
 67.95%
 67.98%
 68.01%
 68.04%
 68.08%
 68.11%
 68.14%
 68.17%
 68.20%
 68.23%
 68.26%
 68.29%
 68.32%
 68.35%
 68.38%
 68.42%
 68.45%
 68.48%
 68.51%
 68.54%
 68.57%
 68.60%
 68.63%
 68.66%
 68.69%
 68.72%
 68.75%
 68.79%
 68.82%
 68.85%
 68.88%
 68.91%
 68.94%
 68.97%
 69.00%
 69.03%
 69.06%
 69.09%
 69.13%
 69.16%
 69.19%
 69.22%
 69.25%
 69.28%
 69.31%
 69.34%
 69.37%
 69.40%
 69.43%
 69.47%
 69.50%
 69.53%
 69.56%
 69.59%
 69.62%
 69.65%
 69.68%
 69.71%
 69.74%
 69.77%
 69.81%
 69.84%
 69.87%
 69.90%
 69.93%
 69.96%
 69.99%
 70.02%
 70.05%
 70.08%
 70.11%
 70.14%
 70.18%
 70.21%
 70.24%
 70.27%
 70.30%
 70.33%
 70.36%
 70.39%
 70.42%
 70.45%
 70.48%
 70.52%
 70.55%
 70.58%
 70.61%
 70.64%
 70.67%
 70.70%
 70.73%
 70.76%
 70.79%
 70.82%
 70.86%
 70.89%
 70.92%
 70.95%
 70.98%
 71.01%
 71.04%
 71.07%
 71.10%
 71.13%
 71.16%
 71.19%
 71.23%
 71.26%
 71.29%
 71.32%
 71.35%
 71.38%
 71.41%
 71.44%
 71.47%
 71.50%
 71.53%
 71.57%
 71.60%
 71.63%
 71.66%
 71.69%
 71.72%
 71.75%
 71.78%
 71.81%
 71.84%
 71.87%
 71.91%
 71.94%
 71.97%
 72.00%
 72.03%
 72.06%
 72.09%
 72.12%
 72.15%
 72.18%
 72.21%
 72.25%
 72.28%
 72.31%
 72.34%
 72.37%
 72.40%
 72.43%
 72.46%
 72.49%
 72.52%
 72.55%
 72.58%
 72.62%
 72.65%
 72.68%
 72.71%
 72.74%
 72.77%
 72.80%
 72.83%
 72.86%
 72.89%
 72.92%
 72.96%
 72.99%
 73.02%
 73.05%
 73.08%
 73.11%
 73.14%
 73.17%
 73.20%
 73.23%
 73.26%
 73.30%
 73.33%
 73.36%
 73.39%
 73.42%
 73.45%
 73.48%
 73.51%
 73.54%
 73.57%
 73.60%
 73.64%
 73.67%
 73.70%
 73.73%
 73.76%
 73.79%
 73.82%
 73.85%
 73.88%
 73.91%
 73.94%
 73.97%
 74.01%
 74.04%
 74.07%
 74.10%
 74.13%
 74.16%
 74.19%
 74.22%
 74.25%
 74.28%
 74.31%
 74.35%
 74.38%
 74.41%
 74.44%
 74.47%
 74.50%
 74.53%
 74.56%
 74.59%
 74.62%
 74.65%
 74.69%
 74.72%
 74.75%
 74.78%
 74.81%
 74.84%
 74.87%
 74.90%
 74.93%
 74.96%
 74.99%
 75.02%
 75.06%
 75.09%
 75.12%
 75.15%
 75.18%
 75.21%
 75.24%
 75.27%
 75.30%
 75.33%
 75.36%
 75.40%
 75.43%
 75.46%
 75.49%
 75.52%
 75.55%
 75.58%
 75.61%
 75.64%
 75.67%
 75.70%
 75.74%
 75.77%
 75.80%
 75.83%
 75.86%
 75.89%
 75.92%
 75.95%
 75.98%
 76.01%
 76.04%
 76.08%
 76.11%
 76.14%
 76.17%
 76.20%
 76.23%
 76.26%
 76.29%
 76.32%
 76.35%
 76.38%
 76.41%
 76.45%
 76.48%
 76.51%
 76.54%
 76.57%
 76.60%
 76.63%
 76.66%
 76.69%
 76.72%
 76.75%
 76.79%
 76.82%
 76.85%
 76.88%
 76.91%
 76.94%
 76.97%
 77.00%
 77.03%
 77.06%
 77.09%
 77.13%
 77.16%
 77.19%
 77.22%
 77.25%
 77.28%
 77.31%
 77.34%
 77.37%
 77.40%
 77.43%
 77.47%
 77.50%
 77.53%
 77.56%
 77.59%
 77.62%
 77.65%
 77.68%
 77.71%
 77.74%
 77.77%
 77.80%
 77.84%
 77.87%
 77.90%
 77.93%
 77.96%
 77.99%
 78.02%
 78.05%
 78.08%
 78.11%
 78.14%
 78.18%
 78.21%
 78.24%
 78.27%
 78.30%
 78.33%
 78.36%
 78.39%
 78.42%
 78.45%
 78.48%
 78.52%
 78.55%
 78.58%
 78.61%
 78.64%
 78.67%
 78.70%
 78.73%
 78.76%
 78.79%
 78.82%
 78.85%
 78.89%
 78.92%
 78.95%
 78.98%
 79.01%
 79.04%
 79.07%
 79.10%
 79.13%
 79.16%
 79.19%
 79.23%
 79.26%
 79.29%
 79.32%
 79.35%
 79.38%
 79.41%
 79.44%
 79.47%
 79.50%
 79.53%
 79.57%
 79.60%
 79.63%
 79.66%
 79.69%
 79.72%
 79.75%
 79.78%
 79.81%
 79.84%
 79.87%
 79.91%
 79.94%
 79.97%
 80.00%
 80.03%
 80.06%
 80.09%
 80.12%
 80.15%
 80.18%
 80.21%
 80.24%
 80.28%
 80.31%
 80.34%
 80.37%
 80.40%
 80.43%
 80.46%
 80.49%
 80.52%
 80.55%
 80.58%
 80.62%
 80.65%
 80.68%
 80.71%
 80.74%
 80.77%
 80.80%
 80.83%
 80.86%
 80.89%
 80.92%
 80.96%
 80.99%
 81.02%
 81.05%
 81.08%
 81.11%
 81.14%
 81.17%
 81.20%
 81.23%
 81.26%
 81.30%
 81.33%
 81.36%
 81.39%
 81.42%
 81.45%
 81.48%
 81.51%
 81.54%
 81.57%
 81.60%
 81.63%
 81.67%
 81.70%
 81.73%
 81.76%
 81.79%
 81.82%
 81.85%
 81.88%
 81.91%
 81.94%
 81.97%
 82.01%
 82.04%
 82.07%
 82.10%
 82.13%
 82.16%
 82.19%
 82.22%
 82.25%
 82.28%
 82.31%
 82.35%
 82.38%
 82.41%
 82.44%
 82.47%
 82.50%
 82.53%
 82.56%
 82.59%
 82.62%
 82.65%
 82.69%
 82.72%
 82.75%
 82.78%
 82.81%
 82.84%
 82.87%
 82.90%
 82.93%
 82.96%
 82.99%
 83.02%
 83.06%
 83.09%
 83.12%
 83.15%
 83.18%
 83.21%
 83.24%
 83.27%
 83.30%
 83.33%
 83.36%
 83.40%
 83.43%
 83.46%
 83.49%
 83.52%
 83.55%
 83.58%
 83.61%
 83.64%
 83.67%
 83.70%
 83.74%
 83.77%
 83.80%
 83.83%
 83.86%
 83.89%
 83.92%
 83.95%
 83.98%
 84.01%
 84.04%
 84.07%
 84.11%
 84.14%
 84.17%
 84.20%
 84.23%
 84.26%
 84.29%
 84.32%
 84.35%
 84.38%
 84.41%
 84.45%
 84.48%
 84.51%
 84.54%
 84.57%
 84.60%
 84.63%
 84.66%
 84.69%
 84.72%
 84.75%
 84.79%
 84.82%
 84.85%
 84.88%
 84.91%
 84.94%
 84.97%
 85.00%
 85.03%
 85.06%
 85.09%
 85.13%
 85.16%
 85.19%
 85.22%
 85.25%
 85.28%
 85.31%
 85.34%
 85.37%
 85.40%
 85.43%
 85.46%
 85.50%
 85.53%
 85.56%
 85.59%
 85.62%
 85.65%
 85.68%
 85.71%
 85.74%
 85.77%
 85.80%
 85.84%
 85.87%
 85.90%
 85.93%
 85.96%
 85.99%
 86.02%
 86.05%
 86.08%
 86.11%
 86.14%
 86.18%
 86.21%
 86.24%
 86.27%
 86.30%
 86.33%
 86.36%
 86.39%
 86.42%
 86.45%
 86.48%
 86.52%
 86.55%
 86.58%
 86.61%
 86.64%
 86.67%
 86.70%
 86.73%
 86.76%
 86.79%
 86.82%
 86.85%
 86.89%
 86.92%
 86.95%
 86.98%
 87.01%
 87.04%
 87.07%
 87.10%
 87.13%
 87.16%
 87.19%
 87.23%
 87.26%
 87.29%
 87.32%
 87.35%
 87.38%
 87.41%
 87.44%
 87.47%
 87.50%
 87.53%
 87.57%
 87.60%
 87.63%
 87.66%
 87.69%
 87.72%
 87.75%
 87.78%
 87.81%
 87.84%
 87.87%
 87.90%
 87.94%
 87.97%
 88.00%
 88.03%
 88.06%
 88.09%
 88.12%
 88.15%
 88.18%
 88.21%
 88.24%
 88.28%
 88.31%
 88.34%
 88.37%
 88.40%
 88.43%
 88.46%
 88.49%
 88.52%
 88.55%
 88.58%
 88.62%
 88.65%
 88.68%
 88.71%
 88.74%
 88.77%
 88.80%
 88.83%
 88.86%
 88.89%
 88.92%
 88.96%
 88.99%
 89.02%
 89.05%
 89.08%
 89.11%
 89.14%
 89.17%
 89.20%
 89.23%
 89.26%
 89.29%
 89.33%
 89.36%
 89.39%
 89.42%
 89.45%
 89.48%
 89.51%
 89.54%
 89.57%
 89.60%
 89.63%
 89.67%
 89.70%
 89.73%
 89.76%
 89.79%
 89.82%
 89.85%
 89.88%
 89.91%
 89.94%
 89.97%
 90.01%
 90.04%
 90.07%
 90.10%
 90.13%
 90.16%
 90.19%
 90.22%
 90.25%
 90.28%
 90.31%
 90.35%
 90.38%
 90.41%
 90.44%
 90.47%
 90.50%
 90.53%
 90.56%
 90.59%
 90.62%
 90.65%
 90.68%
 90.72%
 90.75%
 90.78%
 90.81%
 90.84%
 90.87%
 90.90%
 90.93%
 90.96%
 90.99%
 91.02%
 91.06%
 91.09%
 91.12%
 91.15%
 91.18%
 91.21%
 91.24%
 91.27%
 91.30%
 91.33%
 91.36%
 91.40%
 91.43%
 91.46%
 91.49%
 91.52%
 91.55%
 91.58%
 91.61%
 91.64%
 91.67%
 91.70%
 91.73%
 91.77%
 91.80%
 91.83%
 91.86%
 91.89%
 91.92%
 91.95%
 91.98%
 92.01%
 92.04%
 92.07%
 92.11%
 92.14%
 92.17%
 92.20%
 92.23%
 92.26%
 92.29%
 92.32%
 92.35%
 92.38%
 92.41%
 92.45%
 92.48%
 92.51%
 92.54%
 92.57%
 92.60%
 92.63%
 92.66%
 92.69%
 92.72%
 92.75%
 92.79%
 92.82%
 92.85%
 92.88%
 92.91%
 92.94%
 92.97%
 93.00%
 93.03%
 93.06%
 93.09%
 93.12%
 93.16%
 93.19%
 93.22%
 93.25%
 93.28%
 93.31%
 93.34%
 93.37%
 93.40%
 93.43%
 93.46%
 93.50%
 93.53%
 93.56%
 93.59%
 93.62%
 93.65%
 93.68%
 93.71%
 93.74%
 93.77%
 93.80%
 93.84%
 93.87%
 93.90%
 93.93%
 93.96%
 93.99%
 94.02%
 94.05%
 94.08%
 94.11%
 94.14%
 94.18%
 94.21%
 94.24%
 94.27%
 94.30%
 94.33%
 94.36%
 94.39%
 94.42%
 94.45%
 94.48%
 94.51%
 94.55%
 94.58%
 94.61%
 94.64%
 94.67%
 94.70%
 94.73%
 94.76%
 94.79%
 94.82%
 94.85%
 94.89%
 94.92%
 94.95%
 94.98%
 95.01%
 95.04%
 95.07%
 95.10%
 95.13%
 95.16%
 95.19%
 95.23%
 95.26%
 95.29%
 95.32%
 95.35%
 95.38%
 95.41%
 95.44%
 95.47%
 95.50%
 95.53%
 95.56%
 95.60%
 95.63%
 95.66%
 95.69%
 95.72%
 95.75%
 95.78%
 95.81%
 95.84%
 95.87%
 95.90%
 95.94%
 95.97%
 96.00%
 96.03%
 96.06%
 96.09%
 96.12%
 96.15%
 96.18%
 96.21%
 96.24%
 96.28%
 96.31%
 96.34%
 96.37%
 96.40%
 96.43%
 96.46%
 96.49%
 96.52%
 96.55%
 96.58%
 96.62%
 96.65%
 96.68%
 96.71%
 96.74%
 96.77%
 96.80%
 96.83%
 96.86%
 96.89%
 96.92%
 96.95%
 96.99%
 97.02%
 97.05%
 97.08%
 97.11%
 97.14%
 97.17%
 97.20%
 97.23%
 97.26%
 97.29%
 97.33%
 97.36%
 97.39%
 97.42%
 97.45%
 97.48%
 97.51%
 97.54%
 97.57%
 97.60%
 97.63%
 97.67%
 97.70%
 97.73%
 97.76%
 97.79%
 97.82%
 97.85%
 97.88%
 97.91%
 97.94%
 97.97%
 98.01%
 98.04%
 98.07%
 98.10%
 98.13%
 98.16%
 98.19%
 98.22%
 98.25%
 98.28%
 98.31%
 98.34%
 98.38%
 98.41%
 98.44%
 98.47%
 98.50%
 98.53%
 98.56%
 98.59%
 98.62%
 98.65%
 98.68%
 98.72%
 98.75%
 98.78%
 98.81%
 98.84%
 98.87%
 98.90%
 98.93%
 98.96%
 98.99%
 99.02%
 99.06%
 99.09%
 99.12%
 99.15%
 99.18%
 99.21%
 99.24%
 99.27%
 99.30%
 99.33%
 99.36%
 99.39%
 99.43%
 99.46%
 99.49%
 99.52%
 99.55%
 99.58%
 99.61%
 99.64%
 99.67%
 99.70%
 99.73%
 99.77%
 99.80%
 99.83%
 99.86%
 99.89%
 99.92%
 99.95%
 99.98%
100.00%
Real time elapsed: 4212.759 seconds
